{"total": {"lines":{"total":4757,"covered":1484,"skipped":0,"pct":31.19},"statements":{"total":5111,"covered":1626,"skipped":0,"pct":31.81},"functions":{"total":912,"covered":186,"skipped":0,"pct":20.39},"branches":{"total":3144,"covered":983,"skipped":0,"pct":31.26},"branchesTrue":{"total":0,"covered":0,"skipped":0,"pct":100}}
,"D:\\GitHub\\LuminaMedia\\src\\app.controller.ts": {"lines":{"total":6,"covered":4,"skipped":0,"pct":66.66},"functions":{"total":2,"covered":0,"skipped":0,"pct":0},"statements":{"total":8,"covered":6,"skipped":0,"pct":75},"branches":{"total":4,"covered":3,"skipped":0,"pct":75}}
,"D:\\GitHub\\LuminaMedia\\src\\app.module.ts": {"lines":{"total":26,"covered":24,"skipped":0,"pct":92.3},"functions":{"total":2,"covered":0,"skipped":0,"pct":0},"statements":{"total":28,"covered":26,"skipped":0,"pct":92.85},"branches":{"total":0,"covered":0,"skipped":0,"pct":100}}
,"D:\\GitHub\\LuminaMedia\\src\\app.service.ts": {"lines":{"total":3,"covered":2,"skipped":0,"pct":66.66},"functions":{"total":1,"covered":0,"skipped":0,"pct":0},"statements":{"total":5,"covered":4,"skipped":0,"pct":80},"branches":{"total":0,"covered":0,"skipped":0,"pct":100}}
,"D:\\GitHub\\LuminaMedia\\src\\main.ts": {"lines":{"total":14,"covered":0,"skipped":0,"pct":0},"functions":{"total":1,"covered":0,"skipped":0,"pct":0},"statements":{"total":14,"covered":0,"skipped":0,"pct":0},"branches":{"total":4,"covered":0,"skipped":0,"pct":0}}
,"D:\\GitHub\\LuminaMedia\\src\\config\\data-source.ts": {"lines":{"total":5,"covered":0,"skipped":0,"pct":0},"functions":{"total":1,"covered":0,"skipped":0,"pct":0},"statements":{"total":5,"covered":0,"skipped":0,"pct":0},"branches":{"total":10,"covered":0,"skipped":0,"pct":0}}
,"D:\\GitHub\\LuminaMedia\\src\\entities\\content-draft.entity.ts": {"lines":{"total":23,"covered":21,"skipped":0,"pct":91.3},"functions":{"total":4,"covered":0,"skipped":0,"pct":0},"statements":{"total":27,"covered":23,"skipped":0,"pct":85.18},"branches":{"total":24,"covered":16,"skipped":0,"pct":66.66}}
,"D:\\GitHub\\LuminaMedia\\src\\entities\\customer-profile.entity.ts": {"lines":{"total":30,"covered":25,"skipped":0,"pct":83.33},"functions":{"total":9,"covered":0,"skipped":0,"pct":0},"statements":{"total":36,"covered":27,"skipped":0,"pct":75},"branches":{"total":32,"covered":21,"skipped":0,"pct":65.62}}
,"D:\\GitHub\\LuminaMedia\\src\\entities\\customer-segment.entity.ts": {"lines":{"total":16,"covered":15,"skipped":0,"pct":93.75},"functions":{"total":1,"covered":0,"skipped":0,"pct":0},"statements":{"total":18,"covered":17,"skipped":0,"pct":94.44},"branches":{"total":20,"covered":12,"skipped":0,"pct":60}}
,"D:\\GitHub\\LuminaMedia\\src\\entities\\data-import-job.entity.ts": {"lines":{"total":25,"covered":24,"skipped":0,"pct":96},"functions":{"total":1,"covered":0,"skipped":0,"pct":0},"statements":{"total":27,"covered":26,"skipped":0,"pct":96.29},"branches":{"total":24,"covered":15,"skipped":0,"pct":62.5}}
,"D:\\GitHub\\LuminaMedia\\src\\entities\\permission.entity.ts": {"lines":{"total":11,"covered":10,"skipped":0,"pct":90.9},"functions":{"total":2,"covered":0,"skipped":0,"pct":0},"statements":{"total":14,"covered":12,"skipped":0,"pct":85.71},"branches":{"total":4,"covered":3,"skipped":0,"pct":75}}
,"D:\\GitHub\\LuminaMedia\\src\\entities\\publish-task.entity.ts": {"lines":{"total":18,"covered":16,"skipped":0,"pct":88.88},"functions":{"total":4,"covered":0,"skipped":0,"pct":0},"statements":{"total":22,"covered":18,"skipped":0,"pct":81.81},"branches":{"total":20,"covered":14,"skipped":0,"pct":70}}
,"D:\\GitHub\\LuminaMedia\\src\\entities\\role.entity.ts": {"lines":{"total":13,"covered":11,"skipped":0,"pct":84.61},"functions":{"total":4,"covered":0,"skipped":0,"pct":0},"statements":{"total":17,"covered":13,"skipped":0,"pct":76.47},"branches":{"total":4,"covered":3,"skipped":0,"pct":75}}
,"D:\\GitHub\\LuminaMedia\\src\\entities\\social-account.entity.ts": {"lines":{"total":18,"covered":16,"skipped":0,"pct":88.88},"functions":{"total":4,"covered":0,"skipped":0,"pct":0},"statements":{"total":22,"covered":18,"skipped":0,"pct":81.81},"branches":{"total":20,"covered":13,"skipped":0,"pct":65}}
,"D:\\GitHub\\LuminaMedia\\src\\entities\\tenant.entity.ts": {"lines":{"total":14,"covered":13,"skipped":0,"pct":92.85},"functions":{"total":3,"covered":1,"skipped":0,"pct":33.33},"statements":{"total":17,"covered":15,"skipped":0,"pct":88.23},"branches":{"total":10,"covered":8,"skipped":0,"pct":80}}
,"D:\\GitHub\\LuminaMedia\\src\\entities\\user-role.entity.ts": {"lines":{"total":12,"covered":10,"skipped":0,"pct":83.33},"functions":{"total":4,"covered":0,"skipped":0,"pct":0},"statements":{"total":16,"covered":12,"skipped":0,"pct":75},"branches":{"total":12,"covered":10,"skipped":0,"pct":83.33}}
,"D:\\GitHub\\LuminaMedia\\src\\entities\\user.entity.ts": {"lines":{"total":17,"covered":14,"skipped":0,"pct":82.35},"functions":{"total":6,"covered":0,"skipped":0,"pct":0},"statements":{"total":22,"covered":16,"skipped":0,"pct":72.72},"branches":{"total":4,"covered":3,"skipped":0,"pct":75}}
,"D:\\GitHub\\LuminaMedia\\src\\modules\\ai-engine\\ai-engine.module.ts": {"lines":{"total":2,"covered":0,"skipped":0,"pct":0},"functions":{"total":0,"covered":0,"skipped":0,"pct":100},"statements":{"total":4,"covered":0,"skipped":0,"pct":0},"branches":{"total":0,"covered":0,"skipped":0,"pct":100}}
,"D:\\GitHub\\LuminaMedia\\src\\modules\\auth\\auth.module.ts": {"lines":{"total":26,"covered":24,"skipped":0,"pct":92.3},"functions":{"total":2,"covered":0,"skipped":0,"pct":0},"statements":{"total":28,"covered":26,"skipped":0,"pct":92.85},"branches":{"total":0,"covered":0,"skipped":0,"pct":100}}
,"D:\\GitHub\\LuminaMedia\\src\\modules\\auth\\controllers\\auth.controller.ts": {"lines":{"total":17,"covered":17,"skipped":0,"pct":100},"functions":{"total":5,"covered":5,"skipped":0,"pct":100},"statements":{"total":19,"covered":19,"skipped":0,"pct":100},"branches":{"total":16,"covered":12,"skipped":0,"pct":75}}
,"D:\\GitHub\\LuminaMedia\\src\\modules\\auth\\controllers\\permission.controller.ts": {"lines":{"total":23,"covered":16,"skipped":0,"pct":69.56},"functions":{"total":7,"covered":0,"skipped":0,"pct":0},"statements":{"total":25,"covered":18,"skipped":0,"pct":72},"branches":{"total":36,"covered":27,"skipped":0,"pct":75}}
,"D:\\GitHub\\LuminaMedia\\src\\modules\\auth\\controllers\\role.controller.ts": {"lines":{"total":27,"covered":19,"skipped":0,"pct":70.37},"functions":{"total":8,"covered":0,"skipped":0,"pct":0},"statements":{"total":29,"covered":21,"skipped":0,"pct":72.41},"branches":{"total":44,"covered":33,"skipped":0,"pct":75}}
,"D:\\GitHub\\LuminaMedia\\src\\modules\\auth\\decorators\\permissions.decorator.ts": {"lines":{"total":4,"covered":0,"skipped":0,"pct":0},"functions":{"total":1,"covered":0,"skipped":0,"pct":0},"statements":{"total":5,"covered":0,"skipped":0,"pct":0},"branches":{"total":0,"covered":0,"skipped":0,"pct":100}}
,"D:\\GitHub\\LuminaMedia\\src\\modules\\auth\\decorators\\roles.decorator.ts": {"lines":{"total":3,"covered":3,"skipped":0,"pct":100},"functions":{"total":1,"covered":1,"skipped":0,"pct":100},"statements":{"total":5,"covered":5,"skipped":0,"pct":100},"branches":{"total":0,"covered":0,"skipped":0,"pct":100}}
,"D:\\GitHub\\LuminaMedia\\src\\modules\\auth\\dto\\assign-permissions.dto.ts": {"lines":{"total":4,"covered":4,"skipped":0,"pct":100},"functions":{"total":0,"covered":0,"skipped":0,"pct":100},"statements":{"total":4,"covered":4,"skipped":0,"pct":100},"branches":{"total":0,"covered":0,"skipped":0,"pct":100}}
,"D:\\GitHub\\LuminaMedia\\src\\modules\\auth\\dto\\create-permission.dto.ts": {"lines":{"total":6,"covered":6,"skipped":0,"pct":100},"functions":{"total":0,"covered":0,"skipped":0,"pct":100},"statements":{"total":6,"covered":6,"skipped":0,"pct":100},"branches":{"total":0,"covered":0,"skipped":0,"pct":100}}
,"D:\\GitHub\\LuminaMedia\\src\\modules\\auth\\dto\\create-role.dto.ts": {"lines":{"total":5,"covered":5,"skipped":0,"pct":100},"functions":{"total":0,"covered":0,"skipped":0,"pct":100},"statements":{"total":5,"covered":5,"skipped":0,"pct":100},"branches":{"total":0,"covered":0,"skipped":0,"pct":100}}
,"D:\\GitHub\\LuminaMedia\\src\\modules\\auth\\dto\\login.dto.ts": {"lines":{"total":4,"covered":4,"skipped":0,"pct":100},"functions":{"total":0,"covered":0,"skipped":0,"pct":100},"statements":{"total":4,"covered":4,"skipped":0,"pct":100},"branches":{"total":0,"covered":0,"skipped":0,"pct":100}}
,"D:\\GitHub\\LuminaMedia\\src\\modules\\auth\\dto\\refresh-token.dto.ts": {"lines":{"total":3,"covered":3,"skipped":0,"pct":100},"functions":{"total":0,"covered":0,"skipped":0,"pct":100},"statements":{"total":3,"covered":3,"skipped":0,"pct":100},"branches":{"total":0,"covered":0,"skipped":0,"pct":100}}
,"D:\\GitHub\\LuminaMedia\\src\\modules\\auth\\dto\\register.dto.ts": {"lines":{"total":6,"covered":6,"skipped":0,"pct":100},"functions":{"total":0,"covered":0,"skipped":0,"pct":100},"statements":{"total":6,"covered":6,"skipped":0,"pct":100},"branches":{"total":0,"covered":0,"skipped":0,"pct":100}}
,"D:\\GitHub\\LuminaMedia\\src\\modules\\auth\\dto\\update-permission.dto.ts": {"lines":{"total":3,"covered":3,"skipped":0,"pct":100},"functions":{"total":0,"covered":0,"skipped":0,"pct":100},"statements":{"total":3,"covered":3,"skipped":0,"pct":100},"branches":{"total":0,"covered":0,"skipped":0,"pct":100}}
,"D:\\GitHub\\LuminaMedia\\src\\modules\\auth\\dto\\update-role.dto.ts": {"lines":{"total":3,"covered":3,"skipped":0,"pct":100},"functions":{"total":0,"covered":0,"skipped":0,"pct":100},"statements":{"total":3,"covered":3,"skipped":0,"pct":100},"branches":{"total":0,"covered":0,"skipped":0,"pct":100}}
,"D:\\GitHub\\LuminaMedia\\src\\modules\\auth\\guards\\jwt-auth.guard.ts": {"lines":{"total":3,"covered":3,"skipped":0,"pct":100},"functions":{"total":0,"covered":0,"skipped":0,"pct":100},"statements":{"total":5,"covered":5,"skipped":0,"pct":100},"branches":{"total":0,"covered":0,"skipped":0,"pct":100}}
,"D:\\GitHub\\LuminaMedia\\src\\modules\\auth\\guards\\permissions.guard.ts": {"lines":{"total":16,"covered":16,"skipped":0,"pct":100},"functions":{"total":5,"covered":5,"skipped":0,"pct":100},"statements":{"total":19,"covered":19,"skipped":0,"pct":100},"branches":{"total":15,"covered":14,"skipped":0,"pct":93.33}}
,"D:\\GitHub\\LuminaMedia\\src\\modules\\auth\\guards\\roles.guard.ts": {"lines":{"total":14,"covered":14,"skipped":0,"pct":100},"functions":{"total":4,"covered":4,"skipped":0,"pct":100},"statements":{"total":18,"covered":18,"skipped":0,"pct":100},"branches":{"total":13,"covered":12,"skipped":0,"pct":92.3}}
,"D:\\GitHub\\LuminaMedia\\src\\modules\\auth\\middlewares\\tenant.middleware.ts": {"lines":{"total":18,"covered":18,"skipped":0,"pct":100},"functions":{"total":3,"covered":3,"skipped":0,"pct":100},"statements":{"total":20,"covered":20,"skipped":0,"pct":100},"branches":{"total":16,"covered":15,"skipped":0,"pct":93.75}}
,"D:\\GitHub\\LuminaMedia\\src\\modules\\auth\\services\\auth.service.ts": {"lines":{"total":47,"covered":46,"skipped":0,"pct":97.87},"functions":{"total":6,"covered":6,"skipped":0,"pct":100},"statements":{"total":49,"covered":48,"skipped":0,"pct":97.95},"branches":{"total":28,"covered":24,"skipped":0,"pct":85.71}}
,"D:\\GitHub\\LuminaMedia\\src\\modules\\auth\\services\\permission.service.ts": {"lines":{"total":19,"covered":5,"skipped":0,"pct":26.31},"functions":{"total":7,"covered":0,"skipped":0,"pct":0},"statements":{"total":21,"covered":7,"skipped":0,"pct":33.33},"branches":{"total":6,"covered":3,"skipped":0,"pct":50}}
,"D:\\GitHub\\LuminaMedia\\src\\modules\\auth\\services\\role.service.ts": {"lines":{"total":30,"covered":6,"skipped":0,"pct":20},"functions":{"total":8,"covered":0,"skipped":0,"pct":0},"statements":{"total":32,"covered":8,"skipped":0,"pct":25},"branches":{"total":14,"covered":6,"skipped":0,"pct":42.85}}
,"D:\\GitHub\\LuminaMedia\\src\\modules\\auth\\services\\tenant.service.ts": {"lines":{"total":31,"covered":5,"skipped":0,"pct":16.12},"functions":{"total":8,"covered":0,"skipped":0,"pct":0},"statements":{"total":33,"covered":7,"skipped":0,"pct":21.21},"branches":{"total":16,"covered":3,"skipped":0,"pct":18.75}}
,"D:\\GitHub\\LuminaMedia\\src\\modules\\auth\\strategies\\jwt.strategy.ts": {"lines":{"total":30,"covered":30,"skipped":0,"pct":100},"functions":{"total":7,"covered":7,"skipped":0,"pct":100},"statements":{"total":33,"covered":33,"skipped":0,"pct":100},"branches":{"total":20,"covered":15,"skipped":0,"pct":75}}
,"D:\\GitHub\\LuminaMedia\\src\\modules\\customer-data\\customer-data.module.ts": {"lines":{"total":15,"covered":15,"skipped":0,"pct":100},"functions":{"total":0,"covered":0,"skipped":0,"pct":100},"statements":{"total":17,"covered":17,"skipped":0,"pct":100},"branches":{"total":0,"covered":0,"skipped":0,"pct":100}}
,"D:\\GitHub\\LuminaMedia\\src\\modules\\customer-data\\controllers\\customer-analytics.controller.ts": {"lines":{"total":38,"covered":21,"skipped":0,"pct":55.26},"functions":{"total":16,"covered":0,"skipped":0,"pct":0},"statements":{"total":40,"covered":23,"skipped":0,"pct":57.5},"branches":{"total":72,"covered":53,"skipped":0,"pct":73.61}}
,"D:\\GitHub\\LuminaMedia\\src\\modules\\customer-data\\controllers\\customer-profile.controller.ts": {"lines":{"total":34,"covered":18,"skipped":0,"pct":52.94},"functions":{"total":14,"covered":0,"skipped":0,"pct":0},"statements":{"total":38,"covered":20,"skipped":0,"pct":52.63},"branches":{"total":44,"covered":30,"skipped":0,"pct":68.18}}
,"D:\\GitHub\\LuminaMedia\\src\\modules\\customer-data\\controllers\\data-import.controller.ts": {"lines":{"total":36,"covered":20,"skipped":0,"pct":55.55},"functions":{"total":16,"covered":0,"skipped":0,"pct":0},"statements":{"total":40,"covered":22,"skipped":0,"pct":55},"branches":{"total":60,"covered":41,"skipped":0,"pct":68.33}}
,"D:\\GitHub\\LuminaMedia\\src\\modules\\customer-data\\dto\\create-customer-profile.dto.ts": {"lines":{"total":11,"covered":11,"skipped":0,"pct":100},"functions":{"total":0,"covered":0,"skipped":0,"pct":100},"statements":{"total":11,"covered":11,"skipped":0,"pct":100},"branches":{"total":20,"covered":12,"skipped":0,"pct":60}}
,"D:\\GitHub\\LuminaMedia\\src\\modules\\customer-data\\dto\\create-import-job.dto.ts": {"lines":{"total":9,"covered":9,"skipped":0,"pct":100},"functions":{"total":0,"covered":0,"skipped":0,"pct":100},"statements":{"total":9,"covered":9,"skipped":0,"pct":100},"branches":{"total":4,"covered":3,"skipped":0,"pct":75}}
,"D:\\GitHub\\LuminaMedia\\src\\modules\\customer-data\\dto\\process-import.dto.ts": {"lines":{"total":5,"covered":5,"skipped":0,"pct":100},"functions":{"total":0,"covered":0,"skipped":0,"pct":100},"statements":{"total":5,"covered":5,"skipped":0,"pct":100},"branches":{"total":4,"covered":2,"skipped":0,"pct":50}}
,"D:\\GitHub\\LuminaMedia\\src\\modules\\customer-data\\dto\\segmentation-request.dto.ts": {"lines":{"total":4,"covered":4,"skipped":0,"pct":100},"functions":{"total":0,"covered":0,"skipped":0,"pct":100},"statements":{"total":4,"covered":4,"skipped":0,"pct":100},"branches":{"total":4,"covered":2,"skipped":0,"pct":50}}
,"D:\\GitHub\\LuminaMedia\\src\\modules\\customer-data\\dto\\update-customer-profile.dto.ts": {"lines":{"total":10,"covered":10,"skipped":0,"pct":100},"functions":{"total":0,"covered":0,"skipped":0,"pct":100},"statements":{"total":10,"covered":10,"skipped":0,"pct":100},"branches":{"total":20,"covered":12,"skipped":0,"pct":60}}
,"D:\\GitHub\\LuminaMedia\\src\\modules\\customer-data\\services\\customer-analytics.service.ts": {"lines":{"total":206,"covered":8,"skipped":0,"pct":3.88},"functions":{"total":69,"covered":0,"skipped":0,"pct":0},"statements":{"total":230,"covered":10,"skipped":0,"pct":4.34},"branches":{"total":171,"covered":9,"skipped":0,"pct":5.26}}
,"D:\\GitHub\\LuminaMedia\\src\\modules\\customer-data\\services\\customer-profile.service.ts": {"lines":{"total":63,"covered":10,"skipped":0,"pct":15.87},"functions":{"total":15,"covered":0,"skipped":0,"pct":0},"statements":{"total":65,"covered":12,"skipped":0,"pct":18.46},"branches":{"total":22,"covered":9,"skipped":0,"pct":40.9}}
,"D:\\GitHub\\LuminaMedia\\src\\modules\\customer-data\\services\\data-import.service.ts": {"lines":{"total":114,"covered":7,"skipped":0,"pct":6.14},"functions":{"total":19,"covered":0,"skipped":0,"pct":0},"statements":{"total":118,"covered":9,"skipped":0,"pct":7.62},"branches":{"total":47,"covered":6,"skipped":0,"pct":12.76}}
,"D:\\GitHub\\LuminaMedia\\src\\modules\\dashboard\\dashboard.module.ts": {"lines":{"total":12,"covered":12,"skipped":0,"pct":100},"functions":{"total":0,"covered":0,"skipped":0,"pct":100},"statements":{"total":14,"covered":14,"skipped":0,"pct":100},"branches":{"total":0,"covered":0,"skipped":0,"pct":100}}
,"D:\\GitHub\\LuminaMedia\\src\\modules\\dashboard\\controllers\\dashboard.controller.ts": {"lines":{"total":36,"covered":20,"skipped":0,"pct":55.55},"functions":{"total":16,"covered":0,"skipped":0,"pct":0},"statements":{"total":38,"covered":22,"skipped":0,"pct":57.89},"branches":{"total":116,"covered":87,"skipped":0,"pct":75}}
,"D:\\GitHub\\LuminaMedia\\src\\modules\\dashboard\\dto\\dashboard.dto.ts": {"lines":{"total":23,"covered":23,"skipped":0,"pct":100},"functions":{"total":0,"covered":0,"skipped":0,"pct":100},"statements":{"total":26,"covered":23,"skipped":0,"pct":88.46},"branches":{"total":0,"covered":0,"skipped":0,"pct":100}}
,"D:\\GitHub\\LuminaMedia\\src\\modules\\dashboard\\services\\dashboard.service.ts": {"lines":{"total":164,"covered":13,"skipped":0,"pct":7.92},"functions":{"total":27,"covered":0,"skipped":0,"pct":0},"statements":{"total":180,"covered":15,"skipped":0,"pct":8.33},"branches":{"total":96,"covered":21,"skipped":0,"pct":21.87}}
,"D:\\GitHub\\LuminaMedia\\src\\modules\\data-analytics\\data-analytics.module.ts": {"lines":{"total":33,"covered":33,"skipped":0,"pct":100},"functions":{"total":0,"covered":0,"skipped":0,"pct":100},"statements":{"total":35,"covered":35,"skipped":0,"pct":100},"branches":{"total":0,"covered":0,"skipped":0,"pct":100}}
,"D:\\GitHub\\LuminaMedia\\src\\modules\\data-analytics\\controllers\\content-generation.controller.ts": {"lines":{"total":36,"covered":12,"skipped":0,"pct":33.33},"functions":{"total":6,"covered":0,"skipped":0,"pct":0},"statements":{"total":38,"covered":14,"skipped":0,"pct":36.84},"branches":{"total":32,"covered":15,"skipped":0,"pct":46.87}}
,"D:\\GitHub\\LuminaMedia\\src\\modules\\data-analytics\\controllers\\demo.controller.ts": {"lines":{"total":53,"covered":12,"skipped":0,"pct":22.64},"functions":{"total":13,"covered":0,"skipped":0,"pct":0},"statements":{"total":55,"covered":14,"skipped":0,"pct":25.45},"branches":{"total":40,"covered":3,"skipped":0,"pct":7.5}}
,"D:\\GitHub\\LuminaMedia\\src\\modules\\data-analytics\\controllers\\marketing-campaign.controller.ts": {"lines":{"total":52,"covered":12,"skipped":0,"pct":23.07},"functions":{"total":7,"covered":0,"skipped":0,"pct":0},"statements":{"total":54,"covered":14,"skipped":0,"pct":25.92},"branches":{"total":42,"covered":14,"skipped":0,"pct":33.33}}
,"D:\\GitHub\\LuminaMedia\\src\\modules\\data-analytics\\controllers\\marketing-strategy.controller.ts": {"lines":{"total":70,"covered":13,"skipped":0,"pct":18.57},"functions":{"total":13,"covered":0,"skipped":0,"pct":0},"statements":{"total":72,"covered":15,"skipped":0,"pct":20.83},"branches":{"total":51,"covered":12,"skipped":0,"pct":23.52}}
,"D:\\GitHub\\LuminaMedia\\src\\modules\\data-analytics\\controllers\\mock-data.controller.ts": {"lines":{"total":22,"covered":6,"skipped":0,"pct":27.27},"functions":{"total":5,"covered":0,"skipped":0,"pct":0},"statements":{"total":24,"covered":8,"skipped":0,"pct":33.33},"branches":{"total":14,"covered":3,"skipped":0,"pct":21.42}}
,"D:\\GitHub\\LuminaMedia\\src\\modules\\data-analytics\\controllers\\report.controller.ts": {"lines":{"total":38,"covered":8,"skipped":0,"pct":21.05},"functions":{"total":12,"covered":0,"skipped":0,"pct":0},"statements":{"total":41,"covered":10,"skipped":0,"pct":24.39},"branches":{"total":12,"covered":3,"skipped":0,"pct":25}}
,"D:\\GitHub\\LuminaMedia\\src\\modules\\data-analytics\\controllers\\user-behavior.controller.ts": {"lines":{"total":24,"covered":7,"skipped":0,"pct":29.16},"functions":{"total":5,"covered":0,"skipped":0,"pct":0},"statements":{"total":26,"covered":9,"skipped":0,"pct":34.61},"branches":{"total":18,"covered":6,"skipped":0,"pct":33.33}}
,"D:\\GitHub\\LuminaMedia\\src\\modules\\data-analytics\\dto\\create-campaign.dto.ts": {"lines":{"total":10,"covered":10,"skipped":0,"pct":100},"functions":{"total":0,"covered":0,"skipped":0,"pct":100},"statements":{"total":10,"covered":10,"skipped":0,"pct":100},"branches":{"total":16,"covered":11,"skipped":0,"pct":68.75}}
,"D:\\GitHub\\LuminaMedia\\src\\modules\\data-analytics\\dto\\generate-marketing-content.dto.ts": {"lines":{"total":16,"covered":16,"skipped":0,"pct":100},"functions":{"total":0,"covered":0,"skipped":0,"pct":100},"statements":{"total":18,"covered":16,"skipped":0,"pct":88.88},"branches":{"total":8,"covered":5,"skipped":0,"pct":62.5}}
,"D:\\GitHub\\LuminaMedia\\src\\modules\\data-analytics\\dto\\generate-simple-strategy.dto.ts": {"lines":{"total":11,"covered":0,"skipped":0,"pct":0},"functions":{"total":0,"covered":0,"skipped":0,"pct":100},"statements":{"total":17,"covered":0,"skipped":0,"pct":0},"branches":{"total":4,"covered":0,"skipped":0,"pct":0}}
,"D:\\GitHub\\LuminaMedia\\src\\modules\\data-analytics\\dto\\generate-strategy-content.dto.ts": {"lines":{"total":7,"covered":7,"skipped":0,"pct":100},"functions":{"total":0,"covered":0,"skipped":0,"pct":100},"statements":{"total":9,"covered":7,"skipped":0,"pct":77.77},"branches":{"total":0,"covered":0,"skipped":0,"pct":100}}
,"D:\\GitHub\\LuminaMedia\\src\\modules\\data-analytics\\dto\\generate-strategy.dto.ts": {"lines":{"total":8,"covered":8,"skipped":0,"pct":100},"functions":{"total":0,"covered":0,"skipped":0,"pct":100},"statements":{"total":9,"covered":8,"skipped":0,"pct":88.88},"branches":{"total":8,"covered":6,"skipped":0,"pct":75}}
,"D:\\GitHub\\LuminaMedia\\src\\modules\\data-analytics\\dto\\generate-text.dto.ts": {"lines":{"total":11,"covered":11,"skipped":0,"pct":100},"functions":{"total":0,"covered":0,"skipped":0,"pct":100},"statements":{"total":13,"covered":11,"skipped":0,"pct":84.61},"branches":{"total":4,"covered":3,"skipped":0,"pct":75}}
,"D:\\GitHub\\LuminaMedia\\src\\modules\\data-analytics\\dto\\track-behavior.dto.ts": {"lines":{"total":7,"covered":7,"skipped":0,"pct":100},"functions":{"total":0,"covered":0,"skipped":0,"pct":100},"statements":{"total":7,"covered":7,"skipped":0,"pct":100},"branches":{"total":8,"covered":5,"skipped":0,"pct":62.5}}
,"D:\\GitHub\\LuminaMedia\\src\\modules\\data-analytics\\entities\\marketing-campaign.entity.ts": {"lines":{"total":25,"covered":22,"skipped":0,"pct":88},"functions":{"total":4,"covered":0,"skipped":0,"pct":0},"statements":{"total":28,"covered":24,"skipped":0,"pct":85.71},"branches":{"total":32,"covered":22,"skipped":0,"pct":68.75}}
,"D:\\GitHub\\LuminaMedia\\src\\modules\\data-analytics\\entities\\marketing-strategy.entity.ts": {"lines":{"total":36,"covered":34,"skipped":0,"pct":94.44},"functions":{"total":2,"covered":0,"skipped":0,"pct":0},"statements":{"total":38,"covered":36,"skipped":0,"pct":94.73},"branches":{"total":56,"covered":32,"skipped":0,"pct":57.14}}
,"D:\\GitHub\\LuminaMedia\\src\\modules\\data-analytics\\entities\\user-behavior.entity.ts": {"lines":{"total":14,"covered":12,"skipped":0,"pct":85.71},"functions":{"total":2,"covered":0,"skipped":0,"pct":0},"statements":{"total":16,"covered":14,"skipped":0,"pct":87.5},"branches":{"total":16,"covered":11,"skipped":0,"pct":68.75}}
,"D:\\GitHub\\LuminaMedia\\src\\modules\\data-analytics\\interfaces\\gemini.interface.ts": {"lines":{"total":4,"covered":4,"skipped":0,"pct":100},"functions":{"total":1,"covered":1,"skipped":0,"pct":100},"statements":{"total":4,"covered":4,"skipped":0,"pct":100},"branches":{"total":2,"covered":2,"skipped":0,"pct":100}}
,"D:\\GitHub\\LuminaMedia\\src\\modules\\data-analytics\\services\\analytics.service.ts": {"lines":{"total":75,"covered":9,"skipped":0,"pct":12},"functions":{"total":21,"covered":0,"skipped":0,"pct":0},"statements":{"total":79,"covered":11,"skipped":0,"pct":13.92},"branches":{"total":42,"covered":9,"skipped":0,"pct":21.42}}
,"D:\\GitHub\\LuminaMedia\\src\\modules\\data-analytics\\services\\content-generation.service.ts": {"lines":{"total":280,"covered":4,"skipped":0,"pct":1.42},"functions":{"total":46,"covered":0,"skipped":0,"pct":0},"statements":{"total":298,"covered":6,"skipped":0,"pct":2.01},"branches":{"total":190,"covered":3,"skipped":0,"pct":1.57}}
,"D:\\GitHub\\LuminaMedia\\src\\modules\\data-analytics\\services\\demo.service.ts": {"lines":{"total":278,"covered":20,"skipped":0,"pct":7.19},"functions":{"total":30,"covered":0,"skipped":0,"pct":0},"statements":{"total":287,"covered":22,"skipped":0,"pct":7.66},"branches":{"total":180,"covered":27,"skipped":0,"pct":15}}
,"D:\\GitHub\\LuminaMedia\\src\\modules\\data-analytics\\services\\gemini.service.ts": {"lines":{"total":578,"covered":5,"skipped":0,"pct":0.86},"functions":{"total":59,"covered":0,"skipped":0,"pct":0},"statements":{"total":610,"covered":7,"skipped":0,"pct":1.14},"branches":{"total":405,"covered":3,"skipped":0,"pct":0.74}}
,"D:\\GitHub\\LuminaMedia\\src\\modules\\data-analytics\\services\\marketing-strategy.service.ts": {"lines":{"total":152,"covered":11,"skipped":0,"pct":7.23},"functions":{"total":24,"covered":0,"skipped":0,"pct":0},"statements":{"total":163,"covered":13,"skipped":0,"pct":7.97},"branches":{"total":141,"covered":15,"skipped":0,"pct":10.63}}
,"D:\\GitHub\\LuminaMedia\\src\\modules\\data-analytics\\services\\mock-data.service.ts": {"lines":{"total":82,"covered":12,"skipped":0,"pct":14.63},"functions":{"total":7,"covered":0,"skipped":0,"pct":0},"statements":{"total":88,"covered":14,"skipped":0,"pct":15.9},"branches":{"total":28,"covered":9,"skipped":0,"pct":32.14}}
,"D:\\GitHub\\LuminaMedia\\src\\modules\\data-analytics\\services\\qwen.service.ts": {"lines":{"total":237,"covered":5,"skipped":0,"pct":2.1},"functions":{"total":19,"covered":0,"skipped":0,"pct":0},"statements":{"total":240,"covered":7,"skipped":0,"pct":2.91},"branches":{"total":128,"covered":3,"skipped":0,"pct":2.34}}
,"D:\\GitHub\\LuminaMedia\\src\\modules\\data-analytics\\services\\report.service.ts": {"lines":{"total":103,"covered":8,"skipped":0,"pct":7.76},"functions":{"total":29,"covered":0,"skipped":0,"pct":0},"statements":{"total":115,"covered":10,"skipped":0,"pct":8.69},"branches":{"total":59,"covered":9,"skipped":0,"pct":15.25}}
,"D:\\GitHub\\LuminaMedia\\src\\modules\\data-engine\\data-engine.module.ts": {"lines":{"total":3,"covered":0,"skipped":0,"pct":0},"functions":{"total":0,"covered":0,"skipped":0,"pct":100},"statements":{"total":5,"covered":0,"skipped":0,"pct":0},"branches":{"total":0,"covered":0,"skipped":0,"pct":100}}
,"D:\\GitHub\\LuminaMedia\\src\\modules\\data-engine\\import\\api-data-receiver.service.ts": {"lines":{"total":79,"covered":0,"skipped":0,"pct":0},"functions":{"total":9,"covered":0,"skipped":0,"pct":0},"statements":{"total":85,"covered":0,"skipped":0,"pct":0},"branches":{"total":57,"covered":0,"skipped":0,"pct":0}}
,"D:\\GitHub\\LuminaMedia\\src\\modules\\data-engine\\import\\data-import.module.ts": {"lines":{"total":4,"covered":0,"skipped":0,"pct":0},"functions":{"total":0,"covered":0,"skipped":0,"pct":100},"statements":{"total":6,"covered":0,"skipped":0,"pct":0},"branches":{"total":0,"covered":0,"skipped":0,"pct":100}}
,"D:\\GitHub\\LuminaMedia\\src\\modules\\data-engine\\import\\excel-parser.service.ts": {"lines":{"total":59,"covered":0,"skipped":0,"pct":0},"functions":{"total":12,"covered":0,"skipped":0,"pct":0},"statements":{"total":63,"covered":0,"skipped":0,"pct":0},"branches":{"total":40,"covered":0,"skipped":0,"pct":0}}
,"D:\\GitHub\\LuminaMedia\\src\\modules\\data-engine\\import\\index.ts": {"lines":{"total":3,"covered":0,"skipped":0,"pct":0},"functions":{"total":0,"covered":0,"skipped":0,"pct":100},"statements":{"total":3,"covered":0,"skipped":0,"pct":0},"branches":{"total":0,"covered":0,"skipped":0,"pct":100}}
,"D:\\GitHub\\LuminaMedia\\src\\modules\\knowledge\\knowledge.module.ts": {"lines":{"total":2,"covered":0,"skipped":0,"pct":0},"functions":{"total":0,"covered":0,"skipped":0,"pct":100},"statements":{"total":4,"covered":0,"skipped":0,"pct":0},"branches":{"total":0,"covered":0,"skipped":0,"pct":100}}
,"D:\\GitHub\\LuminaMedia\\src\\modules\\monitor\\monitor.module.ts": {"lines":{"total":2,"covered":0,"skipped":0,"pct":0},"functions":{"total":0,"covered":0,"skipped":0,"pct":100},"statements":{"total":4,"covered":0,"skipped":0,"pct":0},"branches":{"total":0,"covered":0,"skipped":0,"pct":100}}
,"D:\\GitHub\\LuminaMedia\\src\\modules\\publish\\publish.module.ts": {"lines":{"total":2,"covered":0,"skipped":0,"pct":0},"functions":{"total":0,"covered":0,"skipped":0,"pct":100},"statements":{"total":4,"covered":0,"skipped":0,"pct":0},"branches":{"total":0,"covered":0,"skipped":0,"pct":100}}
,"D:\\GitHub\\LuminaMedia\\src\\modules\\user\\user.module.ts": {"lines":{"total":7,"covered":0,"skipped":0,"pct":0},"functions":{"total":0,"covered":0,"skipped":0,"pct":100},"statements":{"total":9,"covered":0,"skipped":0,"pct":0},"branches":{"total":0,"covered":0,"skipped":0,"pct":100}}
,"D:\\GitHub\\LuminaMedia\\src\\modules\\user\\controllers\\user.controller.ts": {"lines":{"total":18,"covered":0,"skipped":0,"pct":0},"functions":{"total":6,"covered":0,"skipped":0,"pct":0},"statements":{"total":20,"covered":0,"skipped":0,"pct":0},"branches":{"total":4,"covered":0,"skipped":0,"pct":0}}
,"D:\\GitHub\\LuminaMedia\\src\\modules\\user\\services\\user.service.ts": {"lines":{"total":50,"covered":0,"skipped":0,"pct":0},"functions":{"total":8,"covered":0,"skipped":0,"pct":0},"statements":{"total":52,"covered":0,"skipped":0,"pct":0},"branches":{"total":34,"covered":0,"skipped":0,"pct":0}}
,"D:\\GitHub\\LuminaMedia\\src\\modules\\workflow\\workflow.module.ts": {"lines":{"total":2,"covered":0,"skipped":0,"pct":0},"functions":{"total":0,"covered":0,"skipped":0,"pct":100},"statements":{"total":4,"covered":0,"skipped":0,"pct":0},"branches":{"total":0,"covered":0,"skipped":0,"pct":100}}
,"D:\\GitHub\\LuminaMedia\\src\\shared\\cloud\\cloud-provider.factory.ts": {"lines":{"total":31,"covered":31,"skipped":0,"pct":100},"functions":{"total":8,"covered":8,"skipped":0,"pct":100},"statements":{"total":31,"covered":31,"skipped":0,"pct":100},"branches":{"total":10,"covered":10,"skipped":0,"pct":100}}
,"D:\\GitHub\\LuminaMedia\\src\\shared\\cloud\\index.ts": {"lines":{"total":5,"covered":0,"skipped":0,"pct":0},"functions":{"total":3,"covered":0,"skipped":0,"pct":0},"statements":{"total":8,"covered":0,"skipped":0,"pct":0},"branches":{"total":0,"covered":0,"skipped":0,"pct":100}}
,"D:\\GitHub\\LuminaMedia\\src\\shared\\cloud\\adapters\\alicloud.adapter.ts": {"lines":{"total":129,"covered":101,"skipped":0,"pct":78.29},"functions":{"total":47,"covered":37,"skipped":0,"pct":78.72},"statements":{"total":137,"covered":105,"skipped":0,"pct":76.64},"branches":{"total":72,"covered":36,"skipped":0,"pct":50}}
,"D:\\GitHub\\LuminaMedia\\src\\shared\\cloud\\adapters\\mock.adapter.ts": {"lines":{"total":107,"covered":107,"skipped":0,"pct":100},"functions":{"total":38,"covered":38,"skipped":0,"pct":100},"statements":{"total":116,"covered":116,"skipped":0,"pct":100},"branches":{"total":41,"covered":37,"skipped":0,"pct":90.24}}
,"D:\\GitHub\\LuminaMedia\\src\\shared\\cloud\\adapters\\private-deploy.adapter.ts": {"lines":{"total":76,"covered":60,"skipped":0,"pct":78.94},"functions":{"total":39,"covered":29,"skipped":0,"pct":74.35},"statements":{"total":86,"covered":66,"skipped":0,"pct":76.74},"branches":{"total":26,"covered":18,"skipped":0,"pct":69.23}}
,"D:\\GitHub\\LuminaMedia\\src\\shared\\cloud\\utils\\retry.ts": {"lines":{"total":43,"covered":39,"skipped":0,"pct":90.69},"functions":{"total":9,"covered":8,"skipped":0,"pct":88.88},"statements":{"total":45,"covered":41,"skipped":0,"pct":91.11},"branches":{"total":24,"covered":20,"skipped":0,"pct":83.33}}
,"D:\\GitHub\\LuminaMedia\\src\\shared\\enums\\account-status.enum.ts": {"lines":{"total":4,"covered":4,"skipped":0,"pct":100},"functions":{"total":1,"covered":1,"skipped":0,"pct":100},"statements":{"total":4,"covered":4,"skipped":0,"pct":100},"branches":{"total":2,"covered":2,"skipped":0,"pct":100}}
,"D:\\GitHub\\LuminaMedia\\src\\shared\\enums\\campaign-status.enum.ts": {"lines":{"total":5,"covered":5,"skipped":0,"pct":100},"functions":{"total":1,"covered":1,"skipped":0,"pct":100},"statements":{"total":5,"covered":5,"skipped":0,"pct":100},"branches":{"total":2,"covered":2,"skipped":0,"pct":100}}
,"D:\\GitHub\\LuminaMedia\\src\\shared\\enums\\campaign-type.enum.ts": {"lines":{"total":4,"covered":4,"skipped":0,"pct":100},"functions":{"total":1,"covered":1,"skipped":0,"pct":100},"statements":{"total":4,"covered":4,"skipped":0,"pct":100},"branches":{"total":2,"covered":2,"skipped":0,"pct":100}}
,"D:\\GitHub\\LuminaMedia\\src\\shared\\enums\\customer-type.enum.ts": {"lines":{"total":7,"covered":7,"skipped":0,"pct":100},"functions":{"total":1,"covered":1,"skipped":0,"pct":100},"statements":{"total":7,"covered":7,"skipped":0,"pct":100},"branches":{"total":2,"covered":2,"skipped":0,"pct":100}}
,"D:\\GitHub\\LuminaMedia\\src\\shared\\enums\\data-import-status.enum.ts": {"lines":{"total":7,"covered":7,"skipped":0,"pct":100},"functions":{"total":1,"covered":1,"skipped":0,"pct":100},"statements":{"total":7,"covered":7,"skipped":0,"pct":100},"branches":{"total":2,"covered":2,"skipped":0,"pct":100}}
,"D:\\GitHub\\LuminaMedia\\src\\shared\\enums\\generation-method.enum.ts": {"lines":{"total":4,"covered":4,"skipped":0,"pct":100},"functions":{"total":1,"covered":1,"skipped":0,"pct":100},"statements":{"total":4,"covered":4,"skipped":0,"pct":100},"branches":{"total":2,"covered":2,"skipped":0,"pct":100}}
,"D:\\GitHub\\LuminaMedia\\src\\shared\\enums\\industry.enum.ts": {"lines":{"total":16,"covered":16,"skipped":0,"pct":100},"functions":{"total":1,"covered":1,"skipped":0,"pct":100},"statements":{"total":16,"covered":16,"skipped":0,"pct":100},"branches":{"total":2,"covered":2,"skipped":0,"pct":100}}
,"D:\\GitHub\\LuminaMedia\\src\\shared\\enums\\platform.enum.ts": {"lines":{"total":4,"covered":4,"skipped":0,"pct":100},"functions":{"total":1,"covered":1,"skipped":0,"pct":100},"statements":{"total":4,"covered":4,"skipped":0,"pct":100},"branches":{"total":2,"covered":2,"skipped":0,"pct":100}}
,"D:\\GitHub\\LuminaMedia\\src\\shared\\enums\\source-type.enum.ts": {"lines":{"total":8,"covered":8,"skipped":0,"pct":100},"functions":{"total":1,"covered":1,"skipped":0,"pct":100},"statements":{"total":8,"covered":8,"skipped":0,"pct":100},"branches":{"total":2,"covered":2,"skipped":0,"pct":100}}
,"D:\\GitHub\\LuminaMedia\\src\\shared\\enums\\strategy-type.enum.ts": {"lines":{"total":5,"covered":5,"skipped":0,"pct":100},"functions":{"total":1,"covered":1,"skipped":0,"pct":100},"statements":{"total":5,"covered":5,"skipped":0,"pct":100},"branches":{"total":2,"covered":2,"skipped":0,"pct":100}}
,"D:\\GitHub\\LuminaMedia\\src\\shared\\enums\\task-status.enum.ts": {"lines":{"total":5,"covered":5,"skipped":0,"pct":100},"functions":{"total":1,"covered":1,"skipped":0,"pct":100},"statements":{"total":5,"covered":5,"skipped":0,"pct":100},"branches":{"total":2,"covered":2,"skipped":0,"pct":100}}
,"D:\\GitHub\\LuminaMedia\\src\\shared\\enums\\user-behavior-event.enum.ts": {"lines":{"total":9,"covered":9,"skipped":0,"pct":100},"functions":{"total":1,"covered":1,"skipped":0,"pct":100},"statements":{"total":9,"covered":9,"skipped":0,"pct":100},"branches":{"total":2,"covered":2,"skipped":0,"pct":100}}
,"D:\\GitHub\\LuminaMedia\\src\\shared\\repositories\\base.repository.ts": {"lines":{"total":92,"covered":7,"skipped":0,"pct":7.6},"functions":{"total":11,"covered":1,"skipped":0,"pct":9.09},"statements":{"total":92,"covered":7,"skipped":0,"pct":7.6},"branches":{"total":18,"covered":0,"skipped":0,"pct":0}}
,"D:\\GitHub\\LuminaMedia\\src\\shared\\repositories\\customer-profile.repository.ts": {"lines":{"total":3,"covered":2,"skipped":0,"pct":66.66},"functions":{"total":1,"covered":0,"skipped":0,"pct":0},"statements":{"total":3,"covered":2,"skipped":0,"pct":66.66},"branches":{"total":0,"covered":0,"skipped":0,"pct":100}}
,"D:\\GitHub\\LuminaMedia\\src\\shared\\repositories\\customer-segment.repository.ts": {"lines":{"total":19,"covered":2,"skipped":0,"pct":10.52},"functions":{"total":6,"covered":0,"skipped":0,"pct":0},"statements":{"total":19,"covered":2,"skipped":0,"pct":10.52},"branches":{"total":9,"covered":0,"skipped":0,"pct":0}}
,"D:\\GitHub\\LuminaMedia\\src\\shared\\repositories\\data-import-job.repository.ts": {"lines":{"total":18,"covered":3,"skipped":0,"pct":16.66},"functions":{"total":7,"covered":0,"skipped":0,"pct":0},"statements":{"total":19,"covered":3,"skipped":0,"pct":15.78},"branches":{"total":4,"covered":0,"skipped":0,"pct":0}}
,"D:\\GitHub\\LuminaMedia\\src\\shared\\repositories\\marketing-campaign.repository.ts": {"lines":{"total":10,"covered":3,"skipped":0,"pct":30},"functions":{"total":3,"covered":0,"skipped":0,"pct":0},"statements":{"total":10,"covered":3,"skipped":0,"pct":30},"branches":{"total":2,"covered":0,"skipped":0,"pct":0}}
,"D:\\GitHub\\LuminaMedia\\src\\shared\\repositories\\marketing-strategy.repository.ts": {"lines":{"total":6,"covered":2,"skipped":0,"pct":33.33},"functions":{"total":4,"covered":0,"skipped":0,"pct":0},"statements":{"total":6,"covered":2,"skipped":0,"pct":33.33},"branches":{"total":1,"covered":0,"skipped":0,"pct":0}}
,"D:\\GitHub\\LuminaMedia\\src\\shared\\repositories\\sharding.repository.ts": {"lines":{"total":60,"covered":0,"skipped":0,"pct":0},"functions":{"total":16,"covered":0,"skipped":0,"pct":0},"statements":{"total":63,"covered":0,"skipped":0,"pct":0},"branches":{"total":19,"covered":0,"skipped":0,"pct":0}}
,"D:\\GitHub\\LuminaMedia\\src\\shared\\repositories\\tenant.repository.ts": {"lines":{"total":44,"covered":39,"skipped":0,"pct":88.63},"functions":{"total":10,"covered":10,"skipped":0,"pct":100},"statements":{"total":44,"covered":39,"skipped":0,"pct":88.63},"branches":{"total":14,"covered":9,"skipped":0,"pct":64.28}}
,"D:\\GitHub\\LuminaMedia\\src\\shared\\repositories\\user-behavior.repository.ts": {"lines":{"total":7,"covered":2,"skipped":0,"pct":28.57},"functions":{"total":3,"covered":0,"skipped":0,"pct":0},"statements":{"total":8,"covered":2,"skipped":0,"pct":25},"branches":{"total":1,"covered":0,"skipped":0,"pct":0}}
,"D:\\GitHub\\LuminaMedia\\src\\shared\\repositories\\user.repository.ts": {"lines":{"total":4,"covered":2,"skipped":0,"pct":50},"functions":{"total":2,"covered":0,"skipped":0,"pct":0},"statements":{"total":4,"covered":2,"skipped":0,"pct":50},"branches":{"total":0,"covered":0,"skipped":0,"pct":100}}
,"D:\\GitHub\\LuminaMedia\\src\\shared\\services\\sharding.service.ts": {"lines":{"total":86,"covered":0,"skipped":0,"pct":0},"functions":{"total":21,"covered":0,"skipped":0,"pct":0},"statements":{"total":92,"covered":0,"skipped":0,"pct":0},"branches":{"total":57,"covered":0,"skipped":0,"pct":0}}
,"D:\\GitHub\\LuminaMedia\\src\\shared\\services\\tenant-context.service.ts": {"lines":{"total":12,"covered":9,"skipped":0,"pct":75},"functions":{"total":4,"covered":2,"skipped":0,"pct":50},"statements":{"total":13,"covered":10,"skipped":0,"pct":76.92},"branches":{"total":2,"covered":1,"skipped":0,"pct":50}}
,"D:\\GitHub\\LuminaMedia\\src\\shared\\subscribers\\tenant-filter.subscriber.ts": {"lines":{"total":36,"covered":22,"skipped":0,"pct":61.11},"functions":{"total":9,"covered":8,"skipped":0,"pct":88.88},"statements":{"total":38,"covered":24,"skipped":0,"pct":63.15},"branches":{"total":35,"covered":25,"skipped":0,"pct":71.42}}
,"D:\\GitHub\\LuminaMedia\\src\\test\\factories\\user.factory.ts": {"lines":{"total":23,"covered":0,"skipped":0,"pct":0},"functions":{"total":6,"covered":0,"skipped":0,"pct":0},"statements":{"total":24,"covered":0,"skipped":0,"pct":0},"branches":{"total":18,"covered":0,"skipped":0,"pct":0}}
}
