TN:
SF:src\app.controller.ts
FN:6,(anonymous_2)
FN:9,(anonymous_3)
FNF:2
FNH:2
FNDA:1,(anonymous_2)
FNDA:1,(anonymous_3)
DA:1,1
DA:2,1
DA:5,1
DA:6,1
DA:9,1
DA:10,1
LF:6
LH:6
BRDA:6,0,0,1
BRDA:6,0,1,0
BRDA:6,1,0,1
BRDA:6,1,1,1
BRF:4
BRH:3
end_of_record
TN:
SF:src\app.module.ts
FN:42,(anonymous_1)
FN:75,(anonymous_2)
FNF:2
FNH:0
FNDA:0,(anonymous_1)
FNDA:0,(anonymous_2)
DA:1,0
DA:2,0
DA:3,0
DA:4,0
DA:5,0
DA:6,0
DA:7,0
DA:8,0
DA:9,0
DA:10,0
DA:11,0
DA:12,0
DA:13,0
DA:14,0
DA:15,0
DA:16,0
DA:17,0
DA:18,0
DA:19,0
DA:20,0
DA:21,0
DA:22,0
DA:23,0
DA:24,0
DA:25,0
DA:26,0
DA:27,0
DA:28,0
DA:29,0
DA:30,0
DA:31,0
DA:42,0
DA:76,0
DA:93,0
LF:34
LH:0
BRF:0
BRH:0
end_of_record
TN:
SF:src\app.service.ts
FN:5,(anonymous_1)
FNF:1
FNH:1
FNDA:2,(anonymous_1)
DA:1,2
DA:4,2
DA:6,2
LF:3
LH:3
BRF:0
BRH:0
end_of_record
TN:
SF:src\main.ts
FN:21,bootstrap
FNF:1
FNH:0
FNDA:0,bootstrap
DA:2,0
DA:4,0
DA:5,0
DA:6,0
DA:7,0
DA:8,0
DA:11,0
DA:12,0
DA:18,0
DA:19,0
DA:22,0
DA:25,0
DA:39,0
DA:41,0
LF:14
LH:0
BRDA:5,0,0,0
BRDA:5,0,1,0
BRDA:39,1,0,0
BRDA:39,1,1,0
BRF:4
BRH:0
end_of_record
TN:
SF:src\config\data-source.ts
FN:21,(anonymous_9)
FNF:1
FNH:0
FNDA:0,(anonymous_9)
DA:1,0
DA:2,0
DA:4,0
DA:6,0
DA:22,0
LF:5
LH:0
BRDA:8,0,0,0
BRDA:8,0,1,0
BRDA:9,1,0,0
BRDA:9,1,1,0
BRDA:10,2,0,0
BRDA:10,2,1,0
BRDA:11,3,0,0
BRDA:11,3,1,0
BRDA:12,4,0,0
BRDA:12,4,1,0
BRF:10
BRH:0
end_of_record
TN:
SF:src\entities\content-draft.entity.ts
FN:34,(anonymous_2)
FN:34,(anonymous_3)
FN:87,(anonymous_4)
FN:87,(anonymous_5)
FNF:4
FNH:0
FNDA:0,(anonymous_2)
FNDA:0,(anonymous_3)
FNDA:0,(anonymous_4)
FNDA:0,(anonymous_5)
DA:1,5
DA:12,5
DA:13,5
DA:14,5
DA:15,5
DA:19,5
DA:21,5
DA:29,5
DA:32,5
DA:34,0
DA:36,5
DA:43,5
DA:46,5
DA:49,5
DA:52,5
DA:55,5
DA:63,5
DA:72,5
DA:79,5
DA:82,5
DA:85,5
DA:87,0
DA:88,5
LF:23
LH:21
BRDA:36,0,0,0
BRDA:36,0,1,5
BRDA:36,1,0,5
BRDA:36,1,1,0
BRDA:43,2,0,0
BRDA:43,2,1,5
BRDA:43,3,0,5
BRDA:43,3,1,5
BRDA:63,4,0,0
BRDA:63,4,1,5
BRDA:63,5,0,5
BRDA:63,5,1,5
BRDA:79,6,0,0
BRDA:79,6,1,5
BRDA:79,7,0,5
BRDA:79,7,1,0
BRDA:82,8,0,5
BRDA:82,8,1,0
BRDA:82,9,0,5
BRDA:82,9,1,5
BRDA:85,10,0,5
BRDA:85,10,1,0
BRDA:85,11,0,5
BRDA:85,11,1,5
BRF:24
BRH:16
end_of_record
TN:
SF:src\entities\customer-profile.entity.ts
FN:39,(anonymous_2)
FN:77,(anonymous_3)
FN:77,(anonymous_4)
FN:80,(anonymous_5)
FN:80,(anonymous_6)
FN:83,(anonymous_7)
FN:83,(anonymous_8)
FN:86,(anonymous_9)
FN:86,(anonymous_10)
FNF:9
FNH:0
FNDA:0,(anonymous_2)
FNDA:0,(anonymous_3)
FNDA:0,(anonymous_4)
FNDA:0,(anonymous_5)
FNDA:0,(anonymous_6)
FNDA:0,(anonymous_7)
FNDA:0,(anonymous_8)
FNDA:0,(anonymous_9)
FNDA:0,(anonymous_10)
DA:1,3
DA:11,3
DA:12,3
DA:13,3
DA:14,3
DA:15,3
DA:16,3
DA:17,3
DA:24,3
DA:26,3
DA:34,3
DA:37,3
DA:39,0
DA:41,3
DA:44,3
DA:52,3
DA:60,3
DA:63,3
DA:66,3
DA:69,3
DA:72,3
DA:75,3
DA:77,0
DA:78,3
DA:80,0
DA:81,3
DA:83,0
DA:84,3
DA:86,0
DA:87,3
LF:30
LH:25
BRDA:41,0,0,3
BRDA:41,0,1,0
BRDA:41,1,0,3
BRDA:41,1,1,3
BRDA:52,2,0,0
BRDA:52,2,1,3
BRDA:52,3,0,3
BRDA:52,3,1,3
BRDA:60,4,0,0
BRDA:60,4,1,3
BRDA:60,5,0,3
BRDA:60,5,1,3
BRDA:63,6,0,0
BRDA:63,6,1,3
BRDA:63,7,0,3
BRDA:63,7,1,0
BRDA:66,8,0,0
BRDA:66,8,1,3
BRDA:66,9,0,3
BRDA:66,9,1,0
BRDA:69,10,0,0
BRDA:69,10,1,3
BRDA:69,11,0,3
BRDA:69,11,1,0
BRDA:72,12,0,3
BRDA:72,12,1,0
BRDA:72,13,0,3
BRDA:72,13,1,3
BRDA:75,14,0,3
BRDA:75,14,1,0
BRDA:75,15,0,3
BRDA:75,15,1,3
BRF:32
BRH:21
end_of_record
TN:
SF:src\entities\customer-segment.entity.ts
FN:31,(anonymous_2)
FNF:1
FNH:0
FNDA:0,(anonymous_2)
DA:1,3
DA:10,3
DA:16,3
DA:18,3
DA:26,3
DA:29,3
DA:31,0
DA:33,3
DA:36,3
DA:39,3
DA:42,3
DA:45,3
DA:48,3
DA:51,3
DA:54,3
DA:57,3
LF:16
LH:15
BRDA:33,0,0,0
BRDA:33,0,1,3
BRDA:33,1,0,3
BRDA:33,1,1,0
BRDA:42,2,0,0
BRDA:42,2,1,3
BRDA:42,3,0,3
BRDA:42,3,1,0
BRDA:51,4,0,0
BRDA:51,4,1,3
BRDA:51,5,0,3
BRDA:51,5,1,0
BRDA:54,6,0,3
BRDA:54,6,1,0
BRDA:54,7,0,3
BRDA:54,7,1,3
BRDA:57,8,0,3
BRDA:57,8,1,0
BRDA:57,9,0,3
BRDA:57,9,1,3
BRF:20
BRH:12
end_of_record
TN:
SF:src\entities\data-import-job.entity.ts
FN:34,(anonymous_2)
FNF:1
FNH:0
FNDA:0,(anonymous_2)
DA:1,3
DA:10,3
DA:11,3
DA:12,3
DA:19,3
DA:21,3
DA:29,3
DA:32,3
DA:34,0
DA:36,3
DA:44,3
DA:47,3
DA:55,3
DA:58,3
DA:61,3
DA:64,3
DA:72,3
DA:75,3
DA:78,3
DA:81,3
DA:84,3
DA:87,3
DA:90,3
DA:93,3
DA:96,3
LF:25
LH:24
BRDA:36,0,0,0
BRDA:36,0,1,3
BRDA:36,1,0,3
BRDA:36,1,1,0
BRDA:44,2,0,0
BRDA:44,2,1,3
BRDA:44,3,0,3
BRDA:44,3,1,3
BRDA:72,4,0,0
BRDA:72,4,1,3
BRDA:72,5,0,3
BRDA:72,5,1,3
BRDA:81,6,0,0
BRDA:81,6,1,3
BRDA:81,7,0,3
BRDA:81,7,1,0
BRDA:87,8,0,0
BRDA:87,8,1,3
BRDA:87,9,0,3
BRDA:87,9,1,0
BRDA:90,10,0,3
BRDA:90,10,1,0
BRDA:90,11,0,3
BRDA:90,11,1,3
BRF:24
BRH:15
end_of_record
TN:
SF:src\entities\permission.entity.ts
FN:30,(anonymous_2)
FN:30,(anonymous_3)
FNF:2
FNH:0
FNDA:0,(anonymous_2)
FNDA:0,(anonymous_3)
DA:1,5
DA:8,5
DA:11,5
DA:13,5
DA:16,5
DA:19,5
DA:22,5
DA:25,5
DA:28,5
DA:30,0
DA:31,5
LF:11
LH:10
BRDA:28,0,0,5
BRDA:28,0,1,0
BRDA:28,1,0,5
BRDA:28,1,1,5
BRF:4
BRH:3
end_of_record
TN:
SF:src\entities\publish-task.entity.ts
FN:30,(anonymous_2)
FN:30,(anonymous_3)
FN:39,(anonymous_4)
FN:39,(anonymous_5)
FNF:4
FNH:0
FNDA:0,(anonymous_2)
FNDA:0,(anonymous_3)
FNDA:0,(anonymous_4)
FNDA:0,(anonymous_5)
DA:1,5
DA:9,5
DA:10,5
DA:11,5
DA:15,5
DA:17,5
DA:25,5
DA:28,5
DA:30,0
DA:34,5
DA:37,5
DA:39,0
DA:43,5
DA:50,5
DA:53,5
DA:56,5
DA:59,5
DA:62,5
LF:18
LH:16
BRDA:34,0,0,5
BRDA:34,0,1,0
BRDA:34,1,0,5
BRDA:34,1,1,5
BRDA:43,2,0,0
BRDA:43,2,1,5
BRDA:43,3,0,5
BRDA:43,3,1,0
BRDA:50,4,0,0
BRDA:50,4,1,5
BRDA:50,5,0,5
BRDA:50,5,1,5
BRDA:53,6,0,5
BRDA:53,6,1,0
BRDA:53,7,0,5
BRDA:53,7,1,5
BRDA:56,8,0,5
BRDA:56,8,1,0
BRDA:56,9,0,5
BRDA:56,9,1,5
BRF:20
BRH:14
end_of_record
TN:
SF:src\entities\role.entity.ts
FN:30,(anonymous_2)
FN:30,(anonymous_3)
FN:33,(anonymous_4)
FN:33,(anonymous_5)
FNF:4
FNH:0
FNDA:0,(anonymous_2)
FNDA:0,(anonymous_3)
FNDA:0,(anonymous_4)
FNDA:0,(anonymous_5)
DA:1,5
DA:10,5
DA:11,5
DA:14,5
DA:16,5
DA:19,5
DA:22,5
DA:25,5
DA:28,5
DA:30,0
DA:31,5
DA:33,0
DA:41,5
LF:13
LH:11
BRDA:28,0,0,5
BRDA:28,0,1,0
BRDA:28,1,0,5
BRDA:28,1,1,5
BRF:4
BRH:3
end_of_record
TN:
SF:src\entities\social-account.entity.ts
FN:32,(anonymous_2)
FN:32,(anonymous_3)
FN:58,(anonymous_4)
FN:58,(anonymous_5)
FNF:4
FNH:0
FNDA:0,(anonymous_2)
FNDA:0,(anonymous_3)
FNDA:0,(anonymous_4)
FNDA:0,(anonymous_5)
DA:1,5
DA:10,5
DA:11,5
DA:12,5
DA:13,5
DA:17,5
DA:19,5
DA:27,5
DA:30,5
DA:32,0
DA:34,5
DA:40,5
DA:43,5
DA:46,5
DA:53,5
DA:56,5
DA:58,0
DA:59,5
LF:18
LH:16
BRDA:34,0,0,0
BRDA:34,0,1,5
BRDA:34,1,0,5
BRDA:34,1,1,0
BRDA:40,2,0,0
BRDA:40,2,1,5
BRDA:40,3,0,5
BRDA:40,3,1,5
BRDA:46,4,0,0
BRDA:46,4,1,5
BRDA:46,5,0,5
BRDA:46,5,1,0
BRDA:53,6,0,0
BRDA:53,6,1,5
BRDA:53,7,0,5
BRDA:53,7,1,5
BRDA:56,8,0,5
BRDA:56,8,1,0
BRDA:56,9,0,5
BRDA:56,9,1,5
BRF:20
BRH:13
end_of_record
TN:
SF:src\entities\tenant.entity.ts
FN:11,(anonymous_2)
FN:38,(anonymous_3)
FN:38,(anonymous_4)
FNF:3
FNH:0
FNDA:0,(anonymous_2)
FNDA:0,(anonymous_3)
FNDA:0,(anonymous_4)
DA:1,0
DA:9,0
DA:11,0
DA:12,0
DA:13,0
DA:14,0
DA:18,0
DA:20,0
DA:23,0
DA:30,0
DA:33,0
DA:36,0
DA:38,0
DA:39,0
LF:14
LH:0
BRDA:11,0,0,0
BRDA:11,0,1,0
BRDA:33,1,0,0
BRDA:33,1,1,0
BRDA:33,2,0,0
BRDA:33,2,1,0
BRDA:36,3,0,0
BRDA:36,3,1,0
BRDA:36,4,0,0
BRDA:36,4,1,0
BRF:10
BRH:0
end_of_record
TN:
SF:src\entities\user-role.entity.ts
FN:26,(anonymous_2)
FN:26,(anonymous_3)
FN:30,(anonymous_4)
FN:30,(anonymous_5)
FNF:4
FNH:0
FNDA:0,(anonymous_2)
FNDA:0,(anonymous_3)
FNDA:0,(anonymous_4)
FNDA:0,(anonymous_5)
DA:1,5
DA:9,5
DA:10,5
DA:13,5
DA:15,5
DA:18,5
DA:21,5
DA:24,5
DA:26,0
DA:28,5
DA:30,0
DA:32,5
LF:12
LH:10
BRDA:21,0,0,5
BRDA:21,0,1,0
BRDA:21,1,0,5
BRDA:21,1,1,5
BRDA:28,2,0,1
BRDA:28,2,1,4
BRDA:28,3,0,5
BRDA:28,3,1,1
BRDA:32,4,0,5
BRDA:32,4,1,0
BRDA:32,5,0,5
BRDA:32,5,1,5
BRF:12
BRH:10
end_of_record
TN:
SF:src\entities\user.entity.ts
FN:35,(anonymous_2)
FN:35,(anonymous_3)
FN:38,(anonymous_4)
FN:38,(anonymous_5)
FN:41,(anonymous_6)
FN:41,(anonymous_7)
FNF:6
FNH:0
FNDA:0,(anonymous_2)
FNDA:0,(anonymous_3)
FNDA:0,(anonymous_4)
FNDA:0,(anonymous_5)
FNDA:0,(anonymous_6)
FNDA:0,(anonymous_7)
DA:1,5
DA:9,5
DA:10,5
DA:11,5
DA:16,5
DA:18,5
DA:21,5
DA:24,5
DA:27,5
DA:30,5
DA:33,5
DA:35,0
DA:36,5
DA:38,0
DA:39,5
DA:41,0
DA:42,5
LF:17
LH:14
BRDA:30,0,0,5
BRDA:30,0,1,0
BRDA:30,1,0,5
BRDA:30,1,1,5
BRF:4
BRH:3
end_of_record
TN:
SF:src\modules\ai-engine\ai-engine.module.ts
FNF:0
FNH:0
DA:1,0
DA:2,0
DA:3,0
DA:4,0
DA:5,0
DA:6,0
DA:7,0
DA:8,0
DA:28,0
LF:9
LH:0
BRF:0
BRH:0
end_of_record
TN:
SF:src\modules\ai-engine\agents\analysis\prompt-templates\analysis-prompt-templates.ts
FN:40,(anonymous_0)
FN:94,(anonymous_1)
FN:156,(anonymous_2)
FN:185,(anonymous_3)
FN:241,(anonymous_4)
FN:292,selectTemplate
FN:300,(anonymous_6)
FN:308,(anonymous_7)
FN:316,(anonymous_8)
FNF:9
FNH:0
FNDA:0,(anonymous_0)
FNDA:0,(anonymous_1)
FNDA:0,(anonymous_2)
FNDA:0,(anonymous_3)
FNDA:0,(anonymous_4)
FNDA:0,selectTemplate
FNDA:0,(anonymous_6)
FNDA:0,(anonymous_7)
FNDA:0,(anonymous_8)
DA:35,0
DA:42,0
DA:45,0
DA:49,0
DA:89,0
DA:96,0
DA:99,0
DA:103,0
DA:151,0
DA:157,0
DA:159,0
DA:180,0
DA:187,0
DA:190,0
DA:194,0
DA:236,0
DA:243,0
DA:246,0
DA:250,0
DA:292,0
DA:296,0
DA:299,0
DA:301,0
DA:304,0
DA:307,0
DA:309,0
DA:312,0
DA:315,0
DA:316,0
DA:318,0
DA:322,0
DA:323,0
DA:324,0
DA:325,0
DA:329,0
DA:335,0
LF:36
LH:0
BRDA:45,0,0,0
BRDA:45,0,1,0
BRDA:99,1,0,0
BRDA:99,1,1,0
BRDA:190,2,0,0
BRDA:190,2,1,0
BRDA:246,3,0,0
BRDA:246,3,1,0
BRDA:294,4,0,0
BRDA:299,5,0,0
BRDA:299,5,1,0
BRDA:307,6,0,0
BRDA:307,6,1,0
BRDA:315,7,0,0
BRDA:315,7,1,0
BRDA:322,8,0,0
BRDA:322,8,1,0
BRDA:324,9,0,0
BRDA:324,9,1,0
BRF:19
BRH:0
end_of_record
TN:
SF:src\modules\ai-engine\agents\analysis\services\analysis-agent.service.ts
FN:21,(anonymous_4)
FN:37,(anonymous_5)
FN:72,(anonymous_6)
FN:181,(anonymous_7)
FN:187,(anonymous_8)
FN:189,(anonymous_9)
FN:192,(anonymous_10)
FN:195,(anonymous_11)
FN:200,(anonymous_12)
FN:217,(anonymous_13)
FN:219,(anonymous_14)
FN:230,(anonymous_15)
FN:231,(anonymous_16)
FN:233,(anonymous_17)
FN:240,(anonymous_18)
FN:285,(anonymous_19)
FN:341,(anonymous_20)
FN:356,(anonymous_21)
FN:371,(anonymous_22)
FN:388,(anonymous_23)
FNF:20
FNH:16
FNDA:7,(anonymous_4)
FNDA:6,(anonymous_5)
FNDA:6,(anonymous_6)
FNDA:6,(anonymous_7)
FNDA:2,(anonymous_8)
FNDA:2,(anonymous_9)
FNDA:2,(anonymous_10)
FNDA:2,(anonymous_11)
FNDA:2,(anonymous_12)
FNDA:6,(anonymous_13)
FNDA:6,(anonymous_14)
FNDA:6,(anonymous_15)
FNDA:6,(anonymous_16)
FNDA:6,(anonymous_17)
FNDA:6,(anonymous_18)
FNDA:0,(anonymous_19)
FNDA:0,(anonymous_20)
FNDA:0,(anonymous_21)
FNDA:0,(anonymous_22)
FNDA:6,(anonymous_23)
DA:1,2
DA:2,2
DA:3,2
DA:4,2
DA:5,2
DA:17,2
DA:18,7
DA:19,7
DA:22,7
DA:24,7
DA:26,7
DA:28,7
DA:38,6
DA:39,6
DA:41,6
DA:43,6
DA:46,6
DA:49,0
DA:52,0
DA:57,0
DA:58,0
DA:60,6
DA:65,6
DA:78,6
DA:81,6
DA:85,6
DA:89,6
DA:182,6
DA:183,4
DA:187,2
DA:188,2
DA:189,2
DA:191,2
DA:192,2
DA:194,2
DA:195,2
DA:200,2
DA:203,2
DA:204,2
DA:205,2
DA:207,2
DA:218,6
DA:220,6
DA:221,6
DA:231,6
DA:232,6
DA:233,6
DA:241,6
DA:243,6
DA:244,6
DA:248,0
DA:257,0
DA:258,0
DA:260,0
DA:264,6
DA:267,0
DA:268,0
DA:269,0
DA:271,0
DA:274,6
DA:277,6
DA:278,6
DA:286,0
DA:288,0
DA:289,0
DA:295,0
DA:298,0
DA:305,0
DA:306,0
DA:307,0
DA:312,0
DA:316,0
DA:319,0
DA:320,0
DA:323,0
DA:327,0
DA:330,0
DA:332,0
DA:333,0
DA:334,0
DA:345,0
DA:346,0
DA:350,0
DA:351,0
DA:355,0
DA:357,0
DA:361,0
DA:363,0
DA:364,0
DA:371,0
DA:374,0
DA:375,0
DA:378,0
DA:379,0
DA:382,0
DA:391,6
DA:393,6
DA:395,6
LF:98
LH:53
BRDA:85,0,0,2
BRDA:85,0,1,4
BRDA:182,1,0,4
BRDA:182,1,1,2
BRDA:220,2,0,6
BRDA:220,2,1,6
BRDA:244,3,0,0
BRDA:244,3,1,6
BRDA:245,4,0,6
BRDA:245,4,1,0
BRDA:257,5,0,0
BRDA:257,5,1,0
BRDA:257,6,0,0
BRDA:257,6,1,0
BRDA:261,7,0,0
BRDA:261,7,1,0
BRDA:264,8,0,0
BRDA:264,8,1,6
BRDA:268,9,0,0
BRDA:268,9,1,0
BRDA:306,10,0,0
BRDA:306,10,1,0
BRDA:312,11,0,0
BRDA:312,11,1,0
BRDA:313,12,0,0
BRDA:313,12,1,0
BRDA:319,13,0,0
BRDA:319,13,1,0
BRDA:323,14,0,0
BRDA:323,14,1,0
BRDA:324,15,0,0
BRDA:324,15,1,0
BRDA:345,16,0,0
BRDA:345,16,1,0
BRDA:357,17,0,0
BRDA:357,17,1,0
BRDA:361,18,0,0
BRDA:361,18,1,0
BRDA:374,19,0,0
BRDA:374,19,1,0
BRDA:378,20,0,0
BRDA:378,20,1,0
BRDA:22,21,0,2
BRDA:22,21,1,0
BRDA:22,22,0,2
BRDA:22,22,1,2
BRDA:22,23,0,2
BRDA:22,23,1,0
BRDA:22,24,0,2
BRDA:22,24,1,2
BRDA:24,25,0,2
BRDA:24,25,1,0
BRDA:24,26,0,2
BRDA:24,26,1,2
BRF:54
BRH:18
end_of_record
TN:
SF:src\modules\ai-engine\agents\analysis\services\knowledge-retrieval.service.ts
FN:20,(anonymous_2)
FN:27,(anonymous_3)
FN:113,(anonymous_4)
FN:133,(anonymous_5)
FN:209,(anonymous_6)
FN:212,(anonymous_7)
FN:229,(anonymous_8)
FN:244,(anonymous_9)
FN:273,(anonymous_10)
FN:281,(anonymous_11)
FN:310,(anonymous_12)
FN:325,(anonymous_13)
FN:326,(anonymous_14)
FN:346,(anonymous_15)
FN:389,(anonymous_16)
FN:398,(anonymous_17)
FN:417,(anonymous_18)
FN:425,(anonymous_19)
FN:436,(anonymous_20)
FN:449,(anonymous_21)
FN:452,(anonymous_22)
FN:466,(anonymous_23)
FN:475,(anonymous_24)
FN:504,(anonymous_25)
FN:534,(anonymous_26)
FN:546,(anonymous_27)
FN:556,(anonymous_28)
FNF:27
FNH:0
FNDA:0,(anonymous_2)
FNDA:0,(anonymous_3)
FNDA:0,(anonymous_4)
FNDA:0,(anonymous_5)
FNDA:0,(anonymous_6)
FNDA:0,(anonymous_7)
FNDA:0,(anonymous_8)
FNDA:0,(anonymous_9)
FNDA:0,(anonymous_10)
FNDA:0,(anonymous_11)
FNDA:0,(anonymous_12)
FNDA:0,(anonymous_13)
FNDA:0,(anonymous_14)
FNDA:0,(anonymous_15)
FNDA:0,(anonymous_16)
FNDA:0,(anonymous_17)
FNDA:0,(anonymous_18)
FNDA:0,(anonymous_19)
FNDA:0,(anonymous_20)
FNDA:0,(anonymous_21)
FNDA:0,(anonymous_22)
FNDA:0,(anonymous_23)
FNDA:0,(anonymous_24)
FNDA:0,(anonymous_25)
FNDA:0,(anonymous_26)
FNDA:0,(anonymous_27)
FNDA:0,(anonymous_28)
DA:1,1
DA:2,1
DA:9,1
DA:10,0
DA:11,0
DA:18,0
DA:20,0
DA:21,0
DA:28,0
DA:31,0
DA:87,0
DA:88,0
DA:89,0
DA:90,0
DA:103,0
DA:118,0
DA:120,0
DA:122,0
DA:124,0
DA:126,0
DA:138,0
DA:139,0
DA:196,0
DA:197,0
DA:198,0
DA:199,0
DA:200,0
DA:205,0
DA:208,0
DA:209,0
DA:210,0
DA:211,0
DA:212,0
DA:218,0
DA:222,0
DA:223,0
DA:230,0
DA:232,0
DA:249,0
DA:251,0
DA:253,0
DA:256,0
DA:263,0
DA:265,0
DA:266,0
DA:280,0
DA:281,0
DA:284,0
DA:318,0
DA:319,0
DA:320,0
DA:322,0
DA:325,0
DA:326,0
DA:327,0
DA:329,0
DA:332,0
DA:333,0
DA:337,0
DA:338,0
DA:340,0
DA:347,0
DA:348,0
DA:349,0
DA:352,0
DA:353,0
DA:354,0
DA:355,0
DA:359,0
DA:373,0
DA:374,0
DA:375,0
DA:378,0
DA:379,0
DA:380,0
DA:381,0
DA:384,0
DA:385,0
DA:387,0
DA:389,0
DA:390,0
DA:391,0
DA:399,0
DA:400,0
DA:402,0
DA:403,0
DA:404,0
DA:405,0
DA:406,0
DA:407,0
DA:408,0
DA:410,0
DA:411,0
DA:418,0
DA:420,0
DA:422,0
DA:425,0
DA:426,0
DA:429,0
DA:430,0
DA:431,0
DA:435,0
DA:437,0
DA:438,0
DA:440,0
DA:441,0
DA:443,0
DA:444,0
DA:449,0
DA:452,0
DA:454,0
DA:455,0
DA:456,0
DA:458,0
DA:459,0
DA:470,0
DA:471,0
DA:475,0
DA:477,0
DA:478,0
DA:480,0
DA:481,0
DA:482,0
DA:484,0
DA:486,0
DA:487,0
DA:490,0
DA:492,0
DA:493,0
DA:494,0
DA:497,0
DA:498,0
DA:513,0
DA:514,0
DA:517,0
DA:524,0
DA:527,0
DA:528,0
DA:529,0
DA:533,0
DA:534,0
DA:535,0
DA:539,0
DA:548,0
DA:550,0
DA:561,0
DA:563,0
DA:564,0
DA:571,0
LF:149
LH:3
BRDA:116,0,0,0
BRDA:198,1,0,0
BRDA:198,1,1,0
BRDA:205,2,0,0
BRDA:205,2,1,0
BRDA:212,3,0,0
BRDA:212,3,1,0
BRDA:218,4,0,0
BRDA:218,4,1,0
BRDA:280,5,0,0
BRDA:280,5,1,0
BRDA:332,6,0,0
BRDA:332,6,1,0
BRDA:332,7,0,0
BRDA:332,7,1,0
BRDA:348,8,0,0
BRDA:348,8,1,0
BRDA:354,9,0,0
BRDA:354,9,1,0
BRDA:373,10,0,0
BRDA:373,10,1,0
BRDA:380,11,0,0
BRDA:380,11,1,0
BRDA:380,12,0,0
BRDA:380,12,1,0
BRDA:399,13,0,0
BRDA:399,13,1,0
BRDA:410,14,0,0
BRDA:410,14,1,0
BRDA:410,15,0,0
BRDA:410,15,1,0
BRDA:417,16,0,0
BRDA:426,17,0,0
BRDA:426,17,1,0
BRDA:429,18,0,0
BRDA:429,18,1,0
BRDA:438,19,0,0
BRDA:438,19,1,0
BRDA:468,20,0,0
BRDA:470,21,0,0
BRDA:470,21,1,0
BRDA:482,22,0,0
BRDA:482,22,1,0
BRDA:490,23,0,0
BRDA:490,23,1,0
BRDA:490,24,0,0
BRDA:490,24,1,0
BRDA:514,25,0,0
BRDA:514,25,1,0
BRDA:527,26,0,0
BRDA:527,26,1,0
BRDA:527,27,0,0
BRDA:527,27,1,0
BRDA:533,28,0,0
BRDA:533,28,1,0
BRDA:559,29,0,0
BRDA:20,30,0,1
BRDA:20,30,1,0
BRDA:20,31,0,1
BRDA:20,31,1,1
BRF:60
BRH:3
end_of_record
TN:
SF:src\modules\ai-engine\agents\copywriting\prompt-templates\copywriting-prompt-templates.ts
FN:55,(anonymous_0)
FN:67,(anonymous_1)
FN:172,(anonymous_2)
FN:241,(anonymous_3)
FN:307,(anonymous_4)
FN:382,(anonymous_5)
FN:438,generateStrategySummary
FN:453,(anonymous_7)
FN:460,(anonymous_8)
FN:470,(anonymous_9)
FN:477,selectCopywritingTemplate
FNF:11
FNH:7
FNDA:5,(anonymous_0)
FNDA:6,(anonymous_1)
FNDA:0,(anonymous_2)
FNDA:0,(anonymous_3)
FNDA:0,(anonymous_4)
FNDA:0,(anonymous_5)
FNDA:5,generateStrategySummary
FNDA:1,(anonymous_7)
FNDA:1,(anonymous_8)
FNDA:1,(anonymous_9)
FNDA:5,selectCopywritingTemplate
DA:49,2
DA:63,5
DA:66,5
DA:68,6
DA:73,5
DA:80,5
DA:82,5
DA:166,2
DA:179,0
DA:182,0
DA:192,0
DA:235,2
DA:248,0
DA:250,0
DA:301,2
DA:315,0
DA:317,0
DA:318,0
DA:320,0
DA:376,2
DA:383,0
DA:385,0
DA:387,0
DA:389,0
DA:440,5
DA:442,5
DA:453,1
DA:461,1
DA:470,1
DA:477,2
DA:482,5
DA:483,5
DA:486,5
DA:490,0
DA:493,5
DA:497,0
DA:500,5
DA:501,0
DA:504,5
DA:505,0
DA:509,5
DA:510,0
DA:514,5
DA:520,2
LF:44
LH:26
BRDA:68,0,0,2
BRDA:68,0,1,4
BRDA:100,1,0,2
BRDA:100,1,1,3
BRDA:317,2,0,0
BRDA:317,2,1,0
BRDA:318,3,0,0
BRDA:318,3,1,0
BRDA:325,4,0,0
BRDA:325,4,1,0
BRDA:385,5,0,0
BRDA:385,5,1,0
BRDA:387,6,0,0
BRDA:387,6,1,0
BRDA:446,7,0,5
BRDA:446,7,1,0
BRDA:483,8,0,5
BRDA:483,8,1,0
BRDA:486,9,0,0
BRDA:486,9,1,5
BRDA:487,10,0,5
BRDA:487,10,1,5
BRDA:493,11,0,0
BRDA:493,11,1,5
BRDA:494,12,0,5
BRDA:494,12,1,5
BRDA:500,13,0,0
BRDA:500,13,1,5
BRDA:500,14,0,5
BRDA:500,14,1,5
BRDA:504,15,0,0
BRDA:504,15,1,5
BRDA:504,16,0,5
BRDA:504,16,1,5
BRDA:509,17,0,0
BRDA:509,17,1,5
BRF:36
BRH:19
end_of_record
TN:
SF:src\modules\ai-engine\agents\copywriting\services\copywriting-agent.service.ts
FN:26,(anonymous_4)
FN:42,(anonymous_5)
FN:85,(anonymous_6)
FN:89,(anonymous_7)
FN:106,(anonymous_8)
FN:107,(anonymous_9)
FN:123,(anonymous_10)
FN:149,(anonymous_11)
FN:160,(anonymous_12)
FN:174,(anonymous_13)
FN:175,(anonymous_14)
FN:183,(anonymous_15)
FN:228,(anonymous_16)
FN:303,(anonymous_17)
FN:326,(anonymous_18)
FN:357,(anonymous_19)
FN:368,(anonymous_20)
FN:390,(anonymous_21)
FN:402,(anonymous_22)
FN:417,(anonymous_23)
FN:442,(anonymous_24)
FN:460,(anonymous_25)
FN:491,(anonymous_26)
FN:513,(anonymous_27)
FNF:24
FNH:22
FNDA:6,(anonymous_4)
FNDA:5,(anonymous_5)
FNDA:5,(anonymous_6)
FNDA:6,(anonymous_7)
FNDA:5,(anonymous_8)
FNDA:6,(anonymous_9)
FNDA:5,(anonymous_10)
FNDA:5,(anonymous_11)
FNDA:5,(anonymous_12)
FNDA:0,(anonymous_13)
FNDA:0,(anonymous_14)
FNDA:5,(anonymous_15)
FNDA:3,(anonymous_16)
FNDA:3,(anonymous_17)
FNDA:3,(anonymous_18)
FNDA:2,(anonymous_19)
FNDA:1,(anonymous_20)
FNDA:3,(anonymous_21)
FNDA:3,(anonymous_22)
FNDA:3,(anonymous_23)
FNDA:3,(anonymous_24)
FNDA:6,(anonymous_25)
FNDA:3,(anonymous_26)
FNDA:2,(anonymous_27)
DA:1,2
DA:2,2
DA:3,2
DA:4,2
DA:5,2
DA:12,2
DA:22,2
DA:23,6
DA:24,6
DA:27,6
DA:29,6
DA:31,6
DA:33,6
DA:43,5
DA:44,5
DA:46,5
DA:48,5
DA:49,5
DA:52,5
DA:55,5
DA:58,3
DA:61,3
DA:68,3
DA:70,3
DA:71,3
DA:73,2
DA:78,2
DA:88,5
DA:89,6
DA:97,5
DA:98,5
DA:100,5
DA:107,6
DA:109,5
DA:110,0
DA:111,5
DA:112,5
DA:113,0
DA:114,0
DA:116,0
DA:128,5
DA:131,5
DA:132,5
DA:134,5
DA:143,5
DA:154,5
DA:163,5
DA:165,5
DA:169,5
DA:173,0
DA:174,0
DA:175,0
DA:177,0
DA:184,5
DA:186,5
DA:187,5
DA:191,4
DA:200,3
DA:201,3
DA:203,0
DA:207,1
DA:210,0
DA:211,0
DA:212,0
DA:214,0
DA:217,1
DA:220,2
DA:221,2
DA:229,3
DA:231,3
DA:232,3
DA:238,3
DA:241,3
DA:248,3
DA:249,12
DA:250,0
DA:255,3
DA:256,3
DA:257,12
DA:258,0
DA:263,3
DA:267,0
DA:269,3
DA:273,0
DA:277,3
DA:281,0
DA:285,3
DA:289,0
DA:292,3
DA:294,0
DA:295,0
DA:296,0
DA:309,3
DA:312,3
DA:315,3
DA:318,3
DA:320,3
DA:330,3
DA:332,2
DA:333,2
DA:335,2
DA:336,3
DA:337,1
DA:341,2
DA:342,1
DA:349,1
DA:350,1
DA:358,2
DA:361,2
DA:362,2
DA:368,2
DA:369,1
DA:373,2
DA:374,2
DA:377,2
DA:378,2
DA:381,2
DA:382,2
DA:384,2
DA:396,3
DA:407,3
DA:408,3
DA:422,3
DA:430,3
DA:446,3
DA:447,3
DA:454,3
DA:461,6
DA:464,6
DA:465,6
DA:466,6
DA:468,6
DA:469,6
DA:471,6
DA:472,6
DA:475,6
DA:476,6
DA:479,6
DA:480,2
DA:481,6
DA:482,0
DA:485,6
DA:498,3
DA:499,3
DA:500,3
DA:502,3
DA:516,2
DA:518,2
DA:519,2
DA:521,2
DA:522,2
DA:523,2
DA:525,2
LF:153
LH:130
BRDA:109,0,0,0
BRDA:109,0,1,5
BRDA:111,1,0,5
BRDA:111,1,1,0
BRDA:113,2,0,0
BRDA:113,2,1,0
BRDA:165,3,0,5
BRDA:165,3,1,0
BRDA:166,4,0,5
BRDA:166,4,1,5
BRDA:177,5,0,0
BRDA:177,5,1,0
BRDA:187,6,0,4
BRDA:187,6,1,1
BRDA:188,7,0,5
BRDA:188,7,1,5
BRDA:200,8,0,3
BRDA:200,8,1,0
BRDA:200,9,0,3
BRDA:200,9,1,3
BRDA:204,10,0,0
BRDA:204,10,1,0
BRDA:207,11,0,0
BRDA:207,11,1,1
BRDA:211,12,0,0
BRDA:211,12,1,0
BRDA:249,13,0,0
BRDA:249,13,1,12
BRDA:257,14,0,0
BRDA:257,14,1,12
BRDA:263,15,0,0
BRDA:263,15,1,3
BRDA:264,16,0,3
BRDA:264,16,1,3
BRDA:269,17,0,0
BRDA:269,17,1,3
BRDA:270,18,0,3
BRDA:270,18,1,3
BRDA:277,19,0,0
BRDA:277,19,1,3
BRDA:278,20,0,3
BRDA:278,20,1,3
BRDA:285,21,0,0
BRDA:285,21,1,3
BRDA:286,22,0,3
BRDA:286,22,1,3
BRDA:330,23,0,1
BRDA:330,23,1,2
BRDA:336,24,0,1
BRDA:336,24,1,2
BRDA:341,25,0,1
BRDA:341,25,1,1
BRDA:364,26,0,2
BRDA:364,26,1,1
BRDA:407,27,0,3
BRDA:407,27,1,0
BRDA:465,28,0,0
BRDA:465,28,1,6
BRDA:466,29,0,0
BRDA:466,29,1,6
BRDA:469,30,0,0
BRDA:469,30,1,6
BRDA:472,31,0,0
BRDA:472,31,1,6
BRDA:475,32,0,0
BRDA:475,32,1,6
BRDA:476,33,0,0
BRDA:476,33,1,6
BRDA:479,34,0,2
BRDA:479,34,1,4
BRDA:481,35,0,0
BRDA:481,35,1,6
BRDA:532,36,0,2
BRDA:532,36,1,0
BRDA:533,37,0,2
BRDA:533,37,1,0
BRDA:533,38,0,2
BRDA:533,38,1,2
BRDA:533,39,0,2
BRDA:533,39,1,2
BRDA:557,40,0,2
BRDA:557,40,1,0
BRDA:557,41,0,2
BRDA:557,41,1,2
BRDA:557,42,0,2
BRDA:557,42,1,2
BRDA:570,43,0,2
BRDA:570,43,1,0
BRDA:27,44,0,2
BRDA:27,44,1,0
BRDA:27,45,0,2
BRDA:27,45,1,2
BRDA:27,46,0,2
BRDA:27,46,1,0
BRDA:27,47,0,2
BRDA:27,47,1,2
BRDA:29,48,0,2
BRDA:29,48,1,0
BRDA:29,49,0,2
BRDA:29,49,1,2
BRF:100
BRH:66
end_of_record
TN:
SF:src\modules\ai-engine\agents\strategy\prompt-templates\strategy-prompt-templates.ts
FN:55,(anonymous_0)
FN:70,(anonymous_1)
FN:79,(anonymous_2)
FN:84,(anonymous_3)
FN:155,(anonymous_4)
FN:170,(anonymous_5)
FN:231,(anonymous_6)
FN:295,(anonymous_7)
FN:308,(anonymous_8)
FN:310,(anonymous_9)
FN:365,generateAnalysisSummary
FN:381,(anonymous_11)
FN:389,(anonymous_12)
FN:397,(anonymous_13)
FN:404,selectStrategyTemplate
FN:414,(anonymous_15)
FN:422,(anonymous_16)
FN:430,(anonymous_17)
FNF:18
FNH:12
FNDA:6,(anonymous_0)
FNDA:1,(anonymous_1)
FNDA:1,(anonymous_2)
FNDA:8,(anonymous_3)
FNDA:0,(anonymous_4)
FNDA:0,(anonymous_5)
FNDA:0,(anonymous_6)
FNDA:0,(anonymous_7)
FNDA:0,(anonymous_8)
FNDA:0,(anonymous_9)
FNDA:6,generateAnalysisSummary
FNDA:2,(anonymous_11)
FNDA:2,(anonymous_12)
FNDA:6,(anonymous_13)
FNDA:6,selectStrategyTemplate
FNDA:24,(anonymous_15)
FNDA:24,(anonymous_16)
FNDA:24,(anonymous_17)
DA:49,2
DA:63,6
DA:67,6
DA:70,1
DA:76,6
DA:79,1
DA:84,8
DA:86,6
DA:149,2
DA:163,0
DA:167,0
DA:170,0
DA:174,0
DA:225,2
DA:239,0
DA:241,0
DA:289,2
DA:303,0
DA:307,0
DA:308,0
DA:310,0
DA:313,0
DA:371,6
DA:373,6
DA:381,2
DA:389,2
DA:397,6
DA:404,2
DA:409,6
DA:410,6
DA:413,6
DA:415,24
DA:418,0
DA:421,6
DA:423,24
DA:426,0
DA:429,6
DA:431,24
DA:434,0
DA:438,6
DA:444,2
LF:41
LH:27
BRDA:67,0,0,1
BRDA:67,0,1,5
BRDA:76,1,0,1
BRDA:76,1,1,5
BRDA:167,2,0,0
BRDA:167,2,1,0
BRDA:307,3,0,0
BRDA:307,3,1,0
BRDA:407,4,0,0
BRDA:413,5,0,0
BRDA:413,5,1,6
BRDA:421,6,0,0
BRDA:421,6,1,6
BRDA:429,7,0,0
BRDA:429,7,1,6
BRF:15
BRH:7
end_of_record
TN:
SF:src\modules\ai-engine\agents\strategy\services\strategy-agent.service.ts
FN:25,(anonymous_4)
FN:41,(anonymous_5)
FN:76,(anonymous_6)
FN:110,(anonymous_7)
FN:138,(anonymous_8)
FN:144,(anonymous_9)
FN:154,(anonymous_10)
FN:166,(anonymous_11)
FN:180,(anonymous_12)
FN:193,(anonymous_13)
FN:198,(anonymous_14)
FN:203,(anonymous_15)
FN:214,(anonymous_16)
FN:259,(anonymous_17)
FN:388,(anonymous_18)
FN:405,(anonymous_19)
FN:437,(anonymous_20)
FN:446,(anonymous_21)
FN:471,(anonymous_22)
FN:557,(anonymous_23)
FNF:20
FNH:15
FNDA:7,(anonymous_4)
FNDA:6,(anonymous_5)
FNDA:6,(anonymous_6)
FNDA:12,(anonymous_7)
FNDA:6,(anonymous_8)
FNDA:5,(anonymous_9)
FNDA:5,(anonymous_10)
FNDA:5,(anonymous_11)
FNDA:6,(anonymous_12)
FNDA:3,(anonymous_13)
FNDA:1,(anonymous_14)
FNDA:1,(anonymous_15)
FNDA:6,(anonymous_16)
FNDA:0,(anonymous_17)
FNDA:0,(anonymous_18)
FNDA:0,(anonymous_19)
FNDA:0,(anonymous_20)
FNDA:0,(anonymous_21)
FNDA:6,(anonymous_22)
FNDA:2,(anonymous_23)
DA:1,2
DA:2,2
DA:3,2
DA:4,2
DA:5,2
DA:11,2
DA:21,2
DA:22,7
DA:23,7
DA:26,7
DA:28,7
DA:30,7
DA:32,7
DA:42,6
DA:43,6
DA:45,6
DA:47,6
DA:50,6
DA:53,0
DA:56,0
DA:61,0
DA:62,0
DA:64,6
DA:69,6
DA:83,6
DA:86,6
DA:89,6
DA:90,6
DA:91,6
DA:94,6
DA:104,6
DA:113,12
DA:114,6
DA:116,6
DA:126,6
DA:127,48
DA:128,0
DA:132,12
DA:140,6
DA:143,6
DA:145,5
DA:148,6
DA:149,0
DA:153,6
DA:155,5
DA:160,6
DA:161,0
DA:165,6
DA:167,5
DA:170,6
DA:171,0
DA:174,6
DA:182,6
DA:184,6
DA:185,4
DA:189,2
DA:190,2
DA:192,2
DA:193,3
DA:195,1
DA:198,1
DA:199,0
DA:202,1
DA:203,1
DA:205,0
DA:208,1
DA:215,6
DA:217,6
DA:218,6
DA:222,0
DA:231,0
DA:232,0
DA:234,0
DA:238,6
DA:241,0
DA:242,0
DA:243,0
DA:245,0
DA:248,6
DA:251,6
DA:252,6
DA:260,0
DA:262,0
DA:263,0
DA:269,0
DA:272,0
DA:279,0
DA:280,0
DA:281,0
DA:286,0
DA:287,0
DA:290,0
DA:294,0
DA:297,0
DA:301,0
DA:304,0
DA:309,0
DA:313,0
DA:377,0
DA:379,0
DA:380,0
DA:381,0
DA:392,0
DA:395,0
DA:396,0
DA:399,0
DA:403,0
DA:404,0
DA:405,0
DA:412,0
DA:413,0
DA:420,0
DA:422,0
DA:428,0
DA:430,0
DA:435,0
DA:436,0
DA:437,0
DA:445,0
DA:446,0
DA:448,0
DA:449,0
DA:451,0
DA:452,0
DA:453,0
DA:455,0
DA:458,0
DA:465,0
DA:474,6
DA:476,6
DA:477,6
DA:479,6
DA:557,2
LF:133
LH:68
BRDA:113,0,0,6
BRDA:113,0,1,6
BRDA:127,1,0,0
BRDA:127,1,1,48
BRDA:145,2,0,5
BRDA:145,2,1,5
BRDA:145,2,2,5
BRDA:148,3,0,0
BRDA:148,3,1,6
BRDA:155,4,0,5
BRDA:155,4,1,5
BRDA:155,4,2,5
BRDA:160,5,0,0
BRDA:160,5,1,6
BRDA:167,6,0,5
BRDA:167,6,1,5
BRDA:167,6,2,5
BRDA:170,7,0,0
BRDA:170,7,1,6
BRDA:184,8,0,4
BRDA:184,8,1,2
BRDA:190,9,0,2
BRDA:190,9,1,0
BRDA:192,10,0,1
BRDA:192,10,1,1
BRDA:193,11,0,3
BRDA:193,11,1,3
BRDA:198,12,0,0
BRDA:198,12,1,1
BRDA:198,13,0,1
BRDA:198,13,1,1
BRDA:202,14,0,0
BRDA:202,14,1,1
BRDA:203,15,0,1
BRDA:203,15,1,1
BRDA:218,16,0,0
BRDA:218,16,1,6
BRDA:219,17,0,6
BRDA:219,17,1,0
BRDA:231,18,0,0
BRDA:231,18,1,0
BRDA:231,19,0,0
BRDA:231,19,1,0
BRDA:235,20,0,0
BRDA:235,20,1,0
BRDA:238,21,0,0
BRDA:238,21,1,6
BRDA:242,22,0,0
BRDA:242,22,1,0
BRDA:280,23,0,0
BRDA:280,23,1,0
BRDA:286,24,0,0
BRDA:286,24,1,0
BRDA:286,25,0,0
BRDA:286,25,1,0
BRDA:290,26,0,0
BRDA:290,26,1,0
BRDA:291,27,0,0
BRDA:291,27,1,0
BRDA:297,28,0,0
BRDA:297,28,1,0
BRDA:298,29,0,0
BRDA:298,29,1,0
BRDA:304,30,0,0
BRDA:304,30,1,0
BRDA:305,31,0,0
BRDA:305,31,1,0
BRDA:305,31,2,0
BRDA:318,32,0,0
BRDA:318,32,1,0
BRDA:352,33,0,0
BRDA:352,33,1,0
BRDA:395,34,0,0
BRDA:395,34,1,0
BRDA:403,35,0,0
BRDA:403,35,1,0
BRDA:412,36,0,0
BRDA:412,36,1,0
BRDA:422,37,0,0
BRDA:422,37,1,0
BRDA:428,38,0,0
BRDA:428,38,1,0
BRDA:445,39,0,0
BRDA:445,39,1,0
BRDA:445,40,0,0
BRDA:445,40,1,0
BRDA:451,41,0,0
BRDA:451,41,1,0
BRDA:451,42,0,0
BRDA:451,42,1,0
BRDA:453,43,0,0
BRDA:453,43,1,0
BRDA:453,44,0,0
BRDA:453,44,1,0
BRDA:26,45,0,2
BRDA:26,45,1,0
BRDA:26,46,0,2
BRDA:26,46,1,2
BRDA:26,47,0,2
BRDA:26,47,1,0
BRDA:26,48,0,2
BRDA:26,48,1,2
BRDA:28,49,0,2
BRDA:28,49,1,0
BRDA:28,50,0,2
BRDA:28,50,1,2
BRF:106
BRH:40
end_of_record
TN:
SF:src\modules\ai-engine\agents\workflow\interfaces\workflow-agent.interface.ts
FN:67,(anonymous_0)
FNF:1
FNH:1
FNDA:1,(anonymous_0)
DA:67,1
DA:68,1
DA:69,1
DA:70,1
DA:71,1
DA:72,1
DA:73,1
LF:7
LH:7
BRDA:67,0,0,1
BRDA:67,0,1,1
BRF:2
BRH:2
end_of_record
TN:
SF:src\modules\ai-engine\agents\workflow\services\agent-workflow.service.ts
FN:52,(anonymous_4)
FN:70,(anonymous_5)
FN:97,(anonymous_6)
FN:129,(anonymous_7)
FN:179,(anonymous_8)
FN:279,(anonymous_9)
FN:294,(anonymous_10)
FN:312,(anonymous_11)
FN:330,(anonymous_12)
FN:355,(anonymous_13)
FN:363,(anonymous_14)
FN:371,(anonymous_15)
FN:374,(anonymous_16)
FN:384,(anonymous_17)
FN:425,(anonymous_18)
FN:434,(anonymous_19)
FN:455,(anonymous_20)
FN:495,(anonymous_21)
FN:506,(anonymous_22)
FN:517,(anonymous_23)
FN:531,(anonymous_24)
FN:574,(anonymous_25)
FN:581,(anonymous_26)
FN:582,(anonymous_27)
FN:590,(anonymous_28)
FN:603,(anonymous_29)
FN:609,(anonymous_30)
FN:612,(anonymous_31)
FN:615,(anonymous_32)
FN:624,(anonymous_33)
FN:627,(anonymous_34)
FN:630,(anonymous_35)
FN:645,(anonymous_36)
FN:703,(anonymous_37)
FN:755,(anonymous_38)
FN:860,(anonymous_39)
FN:881,(anonymous_40)
FN:905,(anonymous_41)
FN:949,(anonymous_42)
FNF:39
FNH:30
FNDA:14,(anonymous_4)
FNDA:8,(anonymous_5)
FNDA:8,(anonymous_6)
FNDA:5,(anonymous_7)
FNDA:5,(anonymous_8)
FNDA:3,(anonymous_9)
FNDA:0,(anonymous_10)
FNDA:0,(anonymous_11)
FNDA:0,(anonymous_12)
FNDA:1,(anonymous_13)
FNDA:1,(anonymous_14)
FNDA:254,(anonymous_15)
FNDA:51,(anonymous_16)
FNDA:14,(anonymous_17)
FNDA:8,(anonymous_18)
FNDA:8,(anonymous_19)
FNDA:8,(anonymous_20)
FNDA:18,(anonymous_21)
FNDA:33,(anonymous_22)
FNDA:45,(anonymous_23)
FNDA:24,(anonymous_24)
FNDA:18,(anonymous_25)
FNDA:18,(anonymous_26)
FNDA:2,(anonymous_27)
FNDA:1,(anonymous_28)
FNDA:1,(anonymous_29)
FNDA:0,(anonymous_30)
FNDA:0,(anonymous_31)
FNDA:0,(anonymous_32)
FNDA:0,(anonymous_33)
FNDA:0,(anonymous_34)
FNDA:0,(anonymous_35)
FNDA:1,(anonymous_36)
FNDA:1,(anonymous_37)
FNDA:1,(anonymous_38)
FNDA:5,(anonymous_39)
FNDA:5,(anonymous_40)
FNDA:5,(anonymous_41)
FNDA:5,(anonymous_42)
DA:1,1
DA:2,1
DA:3,1
DA:4,1
DA:5,1
DA:6,1
DA:7,1
DA:21,1
DA:22,14
DA:23,14
DA:39,14
DA:53,14
DA:55,14
DA:57,14
DA:59,14
DA:61,14
DA:64,14
DA:73,8
DA:74,8
DA:76,8
DA:77,8
DA:80,8
DA:82,8
DA:84,8
DA:85,8
DA:86,8
DA:89,8
DA:90,8
DA:96,8
DA:98,8
DA:108,5
DA:109,5
DA:110,5
DA:112,5
DA:113,5
DA:115,5
DA:120,5
DA:121,5
DA:122,5
DA:125,5
DA:126,5
DA:128,5
DA:130,5
DA:155,5
DA:156,5
DA:157,5
DA:159,5
DA:160,5
DA:162,5
DA:167,5
DA:168,5
DA:169,5
DA:173,5
DA:175,5
DA:176,5
DA:178,5
DA:180,5
DA:190,5
DA:191,5
DA:192,5
DA:194,5
DA:195,5
DA:197,5
DA:202,5
DA:203,5
DA:205,5
DA:223,5
DA:229,5
DA:234,5
DA:240,5
DA:242,3
DA:248,3
DA:256,3
DA:263,3
DA:265,1
DA:269,1
DA:271,2
DA:288,3
DA:295,0
DA:296,0
DA:297,0
DA:300,0
DA:301,0
DA:303,0
DA:304,0
DA:306,0
DA:313,0
DA:314,0
DA:315,0
DA:318,0
DA:319,0
DA:321,0
DA:322,0
DA:324,0
DA:331,0
DA:332,0
DA:337,0
DA:340,0
DA:341,0
DA:342,0
DA:344,0
DA:347,0
DA:349,0
DA:356,1
DA:357,1
DA:364,1
DA:365,1
DA:366,0
DA:370,1
DA:371,254
DA:373,1
DA:374,51
DA:376,1
DA:385,14
DA:389,14
DA:393,14
DA:397,14
DA:401,14
DA:405,14
DA:409,14
DA:413,14
DA:414,14
DA:415,14
DA:416,14
DA:417,14
DA:418,14
DA:419,14
DA:426,8
DA:427,8
DA:428,8
DA:438,8
DA:446,8
DA:461,8
DA:462,8
DA:463,0
DA:466,8
DA:467,8
DA:469,8
DA:474,8
DA:477,8
DA:478,5
DA:481,8
DA:484,8
DA:496,18
DA:510,33
DA:511,33
DA:512,0
DA:516,33
DA:517,45
DA:519,33
DA:520,15
DA:522,18
DA:525,33
DA:538,24
DA:539,24
DA:540,0
DA:543,24
DA:552,24
DA:553,24
DA:556,24
DA:565,12
DA:579,18
DA:582,18
DA:594,1
DA:596,1
DA:597,1
DA:598,0
DA:602,1
DA:603,1
DA:607,1
DA:609,0
DA:612,0
DA:615,0
DA:624,0
DA:627,0
DA:630,0
DA:639,1
DA:646,1
DA:704,1
DA:756,1
DA:862,5
DA:883,5
DA:884,5
DA:886,5
DA:906,5
DA:950,5
LF:186
LH:150
BRDA:134,0,0,5
BRDA:134,0,1,4
BRDA:145,1,0,5
BRDA:145,1,1,4
BRDA:173,2,0,5
BRDA:173,2,1,5
BRDA:175,3,0,5
BRDA:175,3,1,5
BRDA:176,4,0,5
BRDA:176,4,1,5
BRDA:213,5,0,5
BRDA:213,5,1,5
BRDA:214,6,0,5
BRDA:214,6,1,3
BRDA:215,7,0,5
BRDA:215,7,1,4
BRDA:263,8,0,1
BRDA:263,8,1,2
BRDA:288,9,0,3
BRDA:288,9,1,1
BRDA:296,10,0,0
BRDA:296,10,1,0
BRDA:296,11,0,0
BRDA:296,11,1,0
BRDA:314,12,0,0
BRDA:314,12,1,0
BRDA:314,13,0,0
BRDA:314,13,1,0
BRDA:332,14,0,0
BRDA:332,14,1,0
BRDA:333,15,0,0
BRDA:333,15,1,0
BRDA:333,15,2,0
BRDA:357,16,0,1
BRDA:357,16,1,0
BRDA:365,17,0,0
BRDA:365,17,1,1
BRDA:462,18,0,0
BRDA:462,18,1,8
BRDA:469,19,0,8
BRDA:469,19,1,0
BRDA:470,20,0,8
BRDA:470,20,1,3
BRDA:470,20,2,0
BRDA:477,21,0,5
BRDA:477,21,1,3
BRDA:511,22,0,0
BRDA:511,22,1,33
BRDA:519,23,0,15
BRDA:519,23,1,18
BRDA:539,24,0,0
BRDA:539,24,1,24
BRDA:556,25,0,12
BRDA:556,25,1,12
BRDA:557,26,0,24
BRDA:557,26,1,24
BRDA:557,26,2,18
BRDA:557,26,3,12
BRDA:557,26,4,0
BRDA:597,27,0,0
BRDA:597,27,1,1
BRDA:609,28,0,1
BRDA:609,28,1,1
BRDA:612,29,0,1
BRDA:612,29,1,1
BRDA:615,30,0,1
BRDA:615,30,1,1
BRDA:619,31,0,1
BRDA:619,31,1,0
BRDA:624,32,0,1
BRDA:624,32,1,1
BRDA:627,33,0,1
BRDA:627,33,1,1
BRDA:630,34,0,1
BRDA:630,34,1,1
BRDA:53,35,0,1
BRDA:53,35,1,0
BRDA:53,36,0,1
BRDA:53,36,1,1
BRDA:53,37,0,1
BRDA:53,37,1,0
BRDA:53,38,0,1
BRDA:53,38,1,1
BRDA:55,39,0,1
BRDA:55,39,1,0
BRDA:55,40,0,1
BRDA:55,40,1,1
BRDA:57,41,0,1
BRDA:57,41,1,0
BRDA:57,42,0,1
BRDA:57,42,1,1
BRDA:59,43,0,1
BRDA:59,43,1,0
BRDA:59,44,0,1
BRDA:59,44,1,1
BRF:95
BRH:67
end_of_record
TN:
SF:src\modules\auth\auth.module.ts
FN:68,(anonymous_1)
FN:38,(anonymous_2)
FNF:2
FNH:0
FNDA:0,(anonymous_1)
FNDA:0,(anonymous_2)
DA:1,0
DA:2,0
DA:3,0
DA:4,0
DA:5,0
DA:6,0
DA:7,0
DA:8,0
DA:9,0
DA:10,0
DA:11,0
DA:12,0
DA:13,0
DA:14,0
DA:15,0
DA:16,0
DA:17,0
DA:18,0
DA:19,0
DA:20,0
DA:21,0
DA:22,0
DA:23,0
DA:38,0
DA:67,0
DA:69,0
LF:26
LH:0
BRF:0
BRH:0
end_of_record
TN:
SF:src\modules\auth\controllers\auth.controller.ts
FN:25,(anonymous_4)
FN:31,(anonymous_5)
FN:39,(anonymous_6)
FN:47,(anonymous_7)
FN:57,(anonymous_8)
FNF:5
FNH:5
FNDA:10,(anonymous_4)
FNDA:2,(anonymous_5)
FNDA:3,(anonymous_6)
FNDA:2,(anonymous_7)
FNDA:3,(anonymous_8)
DA:1,1
DA:10,1
DA:11,1
DA:12,1
DA:13,1
DA:14,1
DA:15,1
DA:24,1
DA:25,10
DA:31,1
DA:32,2
DA:39,1
DA:40,3
DA:47,1
DA:48,2
DA:57,1
DA:58,3
LF:17
LH:17
BRDA:31,0,0,1
BRDA:31,0,1,0
BRDA:31,1,0,1
BRDA:31,1,1,1
BRDA:39,2,0,1
BRDA:39,2,1,0
BRDA:39,3,0,1
BRDA:39,3,1,1
BRDA:47,4,0,1
BRDA:47,4,1,0
BRDA:47,5,0,1
BRDA:47,5,1,1
BRDA:25,6,0,1
BRDA:25,6,1,0
BRDA:25,7,0,1
BRDA:25,7,1,1
BRF:16
BRH:12
end_of_record
TN:
SF:src\modules\auth\controllers\permission.controller.ts
FN:31,(anonymous_4)
FN:41,(anonymous_5)
FN:55,(anonymous_6)
FN:67,(anonymous_7)
FN:79,(anonymous_8)
FN:94,(anonymous_9)
FN:111,(anonymous_10)
FNF:7
FNH:0
FNDA:0,(anonymous_4)
FNDA:0,(anonymous_5)
FNDA:0,(anonymous_6)
FNDA:0,(anonymous_7)
FNDA:0,(anonymous_8)
FNDA:0,(anonymous_9)
FNDA:0,(anonymous_10)
DA:1,0
DA:12,0
DA:18,0
DA:19,0
DA:20,0
DA:21,0
DA:22,0
DA:23,0
DA:24,0
DA:30,0
DA:31,0
DA:41,0
DA:44,0
DA:55,0
DA:59,0
DA:67,0
DA:71,0
DA:79,0
DA:83,0
DA:94,0
DA:99,0
DA:111,0
DA:115,0
LF:23
LH:0
BRDA:43,0,0,0
BRDA:43,0,1,0
BRDA:43,1,0,0
BRDA:43,1,1,0
BRDA:58,2,0,0
BRDA:58,2,1,0
BRDA:58,3,0,0
BRDA:58,3,1,0
BRDA:70,4,0,0
BRDA:70,4,1,0
BRDA:70,5,0,0
BRDA:70,5,1,0
BRDA:80,6,0,0
BRDA:80,6,1,0
BRDA:80,7,0,0
BRDA:80,7,1,0
BRDA:82,8,0,0
BRDA:82,8,1,0
BRDA:82,9,0,0
BRDA:82,9,1,0
BRDA:96,10,0,0
BRDA:96,10,1,0
BRDA:96,11,0,0
BRDA:96,11,1,0
BRDA:98,12,0,0
BRDA:98,12,1,0
BRDA:98,13,0,0
BRDA:98,13,1,0
BRDA:114,14,0,0
BRDA:114,14,1,0
BRDA:114,15,0,0
BRDA:114,15,1,0
BRDA:31,16,0,0
BRDA:31,16,1,0
BRDA:31,17,0,0
BRDA:31,17,1,0
BRF:36
BRH:0
end_of_record
TN:
SF:src\modules\auth\controllers\role.controller.ts
FN:33,(anonymous_4)
FN:39,(anonymous_5)
FN:50,(anonymous_6)
FN:62,(anonymous_7)
FN:74,(anonymous_8)
FN:87,(anonymous_9)
FN:99,(anonymous_10)
FN:120,(anonymous_11)
FNF:8
FNH:0
FNDA:0,(anonymous_4)
FNDA:0,(anonymous_5)
FNDA:0,(anonymous_6)
FNDA:0,(anonymous_7)
FNDA:0,(anonymous_8)
FNDA:0,(anonymous_9)
FNDA:0,(anonymous_10)
FNDA:0,(anonymous_11)
DA:1,0
DA:12,0
DA:18,0
DA:19,0
DA:20,0
DA:21,0
DA:22,0
DA:23,0
DA:24,0
DA:25,0
DA:26,0
DA:32,0
DA:33,0
DA:39,0
DA:42,0
DA:50,0
DA:54,0
DA:62,0
DA:66,0
DA:74,0
DA:79,0
DA:87,0
DA:91,0
DA:99,0
DA:104,0
DA:120,0
DA:124,0
LF:27
LH:0
BRDA:41,0,0,0
BRDA:41,0,1,0
BRDA:41,1,0,0
BRDA:41,1,1,0
BRDA:53,2,0,0
BRDA:53,2,1,0
BRDA:53,3,0,0
BRDA:53,3,1,0
BRDA:63,4,0,0
BRDA:63,4,1,0
BRDA:63,5,0,0
BRDA:63,5,1,0
BRDA:65,6,0,0
BRDA:65,6,1,0
BRDA:65,7,0,0
BRDA:65,7,1,0
BRDA:76,8,0,0
BRDA:76,8,1,0
BRDA:76,9,0,0
BRDA:76,9,1,0
BRDA:78,10,0,0
BRDA:78,10,1,0
BRDA:78,11,0,0
BRDA:78,11,1,0
BRDA:90,12,0,0
BRDA:90,12,1,0
BRDA:90,13,0,0
BRDA:90,13,1,0
BRDA:101,14,0,0
BRDA:101,14,1,0
BRDA:101,15,0,0
BRDA:101,15,1,0
BRDA:103,16,0,0
BRDA:103,16,1,0
BRDA:103,17,0,0
BRDA:103,17,1,0
BRDA:123,18,0,0
BRDA:123,18,1,0
BRDA:123,19,0,0
BRDA:123,19,1,0
BRDA:33,20,0,0
BRDA:33,20,1,0
BRDA:33,21,0,0
BRDA:33,21,1,0
BRF:44
BRH:0
end_of_record
TN:
SF:src\modules\auth\decorators\permissions.decorator.ts
FN:7,(anonymous_0)
FNF:1
FNH:0
FNDA:0,(anonymous_0)
DA:1,0
DA:2,0
DA:7,0
DA:8,0
LF:4
LH:0
BRF:0
BRH:0
end_of_record
TN:
SF:src\modules\auth\decorators\roles.decorator.ts
FN:4,(anonymous_0)
FNF:1
FNH:1
FNDA:5,(anonymous_0)
DA:1,1
DA:2,1
DA:4,5
LF:3
LH:3
BRF:0
BRH:0
end_of_record
TN:
SF:src\modules\auth\dto\assign-permissions.dto.ts
FNF:0
FNH:0
DA:1,0
DA:2,0
DA:4,0
DA:13,0
LF:4
LH:0
BRF:0
BRH:0
end_of_record
TN:
SF:src\modules\auth\dto\create-permission.dto.ts
FNF:0
FNH:0
DA:1,0
DA:2,0
DA:4,0
DA:13,0
DA:19,0
DA:28,0
LF:6
LH:0
BRF:0
BRH:0
end_of_record
TN:
SF:src\modules\auth\dto\create-role.dto.ts
FNF:0
FNH:0
DA:1,0
DA:2,0
DA:4,0
DA:9,0
DA:18,0
LF:5
LH:0
BRF:0
BRH:0
end_of_record
TN:
SF:src\modules\auth\dto\login.dto.ts
FNF:0
FNH:0
DA:1,1
DA:3,1
DA:6,1
DA:10,1
LF:4
LH:4
BRF:0
BRH:0
end_of_record
TN:
SF:src\modules\auth\dto\refresh-token.dto.ts
FNF:0
FNH:0
DA:1,1
DA:3,1
DA:6,1
LF:3
LH:3
BRF:0
BRH:0
end_of_record
TN:
SF:src\modules\auth\dto\register.dto.ts
FNF:0
FNH:0
DA:1,1
DA:3,1
DA:6,1
DA:10,1
DA:14,1
DA:18,1
LF:6
LH:6
BRF:0
BRH:0
end_of_record
TN:
SF:src\modules\auth\dto\update-permission.dto.ts
FNF:0
FNH:0
DA:1,0
DA:2,0
DA:4,0
LF:3
LH:0
BRF:0
BRH:0
end_of_record
TN:
SF:src\modules\auth\dto\update-role.dto.ts
FNF:0
FNH:0
DA:1,0
DA:2,0
DA:4,0
LF:3
LH:0
BRF:0
BRH:0
end_of_record
TN:
SF:src\modules\auth\guards\jwt-auth.guard.ts
FNF:0
FNH:0
DA:1,2
DA:2,2
DA:5,2
LF:3
LH:3
BRF:0
BRH:0
end_of_record
TN:
SF:src\modules\auth\guards\permissions.guard.ts
FN:33,(anonymous_2)
FN:35,(anonymous_3)
FN:53,(anonymous_4)
FN:58,(anonymous_5)
FN:60,(anonymous_6)
FNF:5
FNH:5
FNDA:14,(anonymous_2)
FNDA:16,(anonymous_3)
FNDA:23,(anonymous_4)
FNDA:18,(anonymous_5)
FNDA:34,(anonymous_6)
DA:1,1
DA:2,1
DA:6,1
DA:32,1
DA:33,14
DA:38,16
DA:42,16
DA:43,3
DA:46,13
DA:47,13
DA:49,13
DA:50,4
DA:53,23
DA:58,9
DA:59,18
DA:61,34
LF:16
LH:16
BRDA:42,0,0,3
BRDA:42,0,1,13
BRDA:42,1,0,16
BRDA:42,1,1,15
BRDA:49,2,0,4
BRDA:49,2,1,9
BRDA:49,3,0,13
BRDA:49,3,1,12
BRDA:49,3,2,10
BRDA:61,4,0,34
BRDA:61,4,1,20
BRDA:33,5,0,1
BRDA:33,5,1,0
BRDA:33,6,0,1
BRDA:33,6,1,1
BRF:15
BRH:14
end_of_record
TN:
SF:src\modules\auth\guards\roles.guard.ts
FN:28,(anonymous_2)
FN:30,(anonymous_3)
FN:49,(anonymous_4)
FN:50,(anonymous_5)
FNF:4
FNH:4
FNDA:23,(anonymous_2)
FNDA:13,(anonymous_3)
FNDA:13,(anonymous_4)
FNDA:8,(anonymous_5)
DA:1,2
DA:2,2
DA:6,2
DA:27,2
DA:28,23
DA:33,13
DA:38,13
DA:39,2
DA:42,11
DA:43,11
DA:45,11
DA:46,4
DA:49,13
DA:50,8
LF:14
LH:14
BRDA:38,0,0,2
BRDA:38,0,1,11
BRDA:38,1,0,13
BRDA:38,1,1,12
BRDA:45,2,0,4
BRDA:45,2,1,7
BRDA:45,3,0,11
BRDA:45,3,1,10
BRDA:45,3,2,8
BRDA:28,4,0,2
BRDA:28,4,1,0
BRDA:28,5,0,2
BRDA:28,5,1,2
BRF:13
BRH:12
end_of_record
TN:
SF:src\modules\auth\middlewares\tenant.middleware.ts
FN:19,(anonymous_2)
FN:21,(anonymous_3)
FN:47,(anonymous_4)
FNF:3
FNH:3
FNDA:7,(anonymous_2)
FNDA:19,(anonymous_3)
FNDA:19,(anonymous_4)
DA:1,2
DA:3,2
DA:4,2
DA:18,2
DA:19,7
DA:23,19
DA:24,19
DA:25,11
DA:26,11
DA:27,11
DA:28,6
DA:29,4
DA:37,19
DA:38,6
DA:42,19
DA:43,9
DA:47,19
DA:48,19
LF:18
LH:18
BRDA:24,0,0,11
BRDA:24,0,1,8
BRDA:24,1,0,19
BRDA:24,1,1,12
BRDA:28,2,0,4
BRDA:28,2,1,2
BRDA:37,3,0,6
BRDA:37,3,1,13
BRDA:37,4,0,19
BRDA:37,4,1,15
BRDA:42,5,0,9
BRDA:42,5,1,10
BRDA:19,6,0,2
BRDA:19,6,1,0
BRDA:19,7,0,2
BRDA:19,7,1,2
BRF:16
BRH:15
end_of_record
TN:
SF:src\modules\auth\services\auth.service.ts
FN:25,(anonymous_13)
FN:32,(anonymous_14)
FN:56,(anonymous_15)
FN:81,(anonymous_16)
FN:139,(anonymous_17)
FN:172,(anonymous_18)
FNF:6
FNH:6
FNDA:13,(anonymous_13)
FNDA:3,(anonymous_14)
FNDA:2,(anonymous_15)
FNDA:3,(anonymous_16)
FNDA:3,(anonymous_17)
FNDA:2,(anonymous_18)
DA:1,2
DA:6,2
DA:7,2
DA:8,2
DA:13,2
DA:14,2
DA:24,2
DA:27,13
DA:28,13
DA:29,13
DA:36,3
DA:37,3
DA:42,3
DA:50,1
DA:51,1
DA:53,2
DA:57,2
DA:58,2
DA:59,1
DA:62,1
DA:69,1
DA:83,3
DA:86,3
DA:90,3
DA:91,1
DA:95,2
DA:99,2
DA:100,0
DA:105,2
DA:107,2
DA:110,2
DA:117,2
DA:120,2
DA:127,2
DA:140,3
DA:141,3
DA:146,2
DA:151,2
DA:152,1
DA:155,1
DA:162,1
DA:168,2
DA:173,2
DA:174,2
DA:179,2
DA:180,1
DA:183,1
LF:47
LH:46
BRDA:42,0,0,1
BRDA:42,0,1,2
BRDA:43,1,0,3
BRDA:43,1,1,2
BRDA:58,2,0,1
BRDA:58,2,1,1
BRDA:83,3,0,3
BRDA:83,3,1,2
BRDA:90,4,0,1
BRDA:90,4,1,2
BRDA:99,5,0,0
BRDA:99,5,1,2
BRDA:151,6,0,1
BRDA:151,6,1,1
BRDA:179,7,0,1
BRDA:179,7,1,1
BRDA:27,8,0,2
BRDA:27,8,1,0
BRDA:27,9,0,2
BRDA:27,9,1,2
BRDA:27,10,0,2
BRDA:27,10,1,0
BRDA:27,11,0,2
BRDA:27,11,1,2
BRDA:28,12,0,2
BRDA:28,12,1,0
BRDA:28,13,0,2
BRDA:28,13,1,2
BRF:28
BRH:24
end_of_record
TN:
SF:src\modules\auth\services\permission.service.ts
FN:10,(anonymous_4)
FN:15,(anonymous_5)
FN:22,(anonymous_6)
FN:34,(anonymous_7)
FN:46,(anonymous_8)
FN:57,(anonymous_9)
FN:62,(anonymous_10)
FNF:7
FNH:0
FNDA:0,(anonymous_4)
FNDA:0,(anonymous_5)
FNDA:0,(anonymous_6)
FNDA:0,(anonymous_7)
FNDA:0,(anonymous_8)
FNDA:0,(anonymous_9)
FNDA:0,(anonymous_10)
DA:1,0
DA:2,0
DA:3,0
DA:4,0
DA:9,0
DA:12,0
DA:16,0
DA:23,0
DA:27,0
DA:28,0
DA:31,0
DA:38,0
DA:43,0
DA:51,0
DA:53,0
DA:54,0
DA:58,0
DA:59,0
DA:63,0
LF:19
LH:0
BRDA:27,0,0,0
BRDA:27,0,1,0
BRDA:12,1,0,0
BRDA:12,1,1,0
BRDA:12,2,0,0
BRDA:12,2,1,0
BRF:6
BRH:0
end_of_record
TN:
SF:src\modules\auth\services\role.service.ts
FN:12,(anonymous_4)
FN:19,(anonymous_5)
FN:27,(anonymous_6)
FN:40,(anonymous_7)
FN:49,(anonymous_8)
FN:60,(anonymous_9)
FN:65,(anonymous_10)
FN:86,(anonymous_11)
FNF:8
FNH:0
FNDA:0,(anonymous_4)
FNDA:0,(anonymous_5)
FNDA:0,(anonymous_6)
FNDA:0,(anonymous_7)
FNDA:0,(anonymous_8)
FNDA:0,(anonymous_9)
FNDA:0,(anonymous_10)
FNDA:0,(anonymous_11)
DA:1,0
DA:2,0
DA:3,0
DA:4,0
DA:5,0
DA:11,0
DA:14,0
DA:16,0
DA:20,0
DA:28,0
DA:33,0
DA:34,0
DA:37,0
DA:41,0
DA:46,0
DA:54,0
DA:56,0
DA:57,0
DA:61,0
DA:62,0
DA:70,0
DA:71,0
DA:78,0
DA:79,0
DA:82,0
DA:83,0
DA:87,0
DA:92,0
DA:93,0
DA:96,0
LF:30
LH:0
BRDA:33,0,0,0
BRDA:33,0,1,0
BRDA:78,1,0,0
BRDA:78,1,1,0
BRDA:92,2,0,0
BRDA:92,2,1,0
BRDA:14,3,0,0
BRDA:14,3,1,0
BRDA:14,4,0,0
BRDA:14,4,1,0
BRDA:14,5,0,0
BRDA:14,5,1,0
BRDA:14,6,0,0
BRDA:14,6,1,0
BRF:14
BRH:0
end_of_record
TN:
SF:src\modules\auth\services\tenant.service.ts
FN:22,(anonymous_4)
FN:27,(anonymous_5)
FN:41,(anonymous_6)
FN:47,(anonymous_7)
FN:55,(anonymous_8)
FN:72,(anonymous_9)
FN:78,(anonymous_10)
FN:84,(anonymous_11)
FNF:8
FNH:0
FNDA:0,(anonymous_4)
FNDA:0,(anonymous_5)
FNDA:0,(anonymous_6)
FNDA:0,(anonymous_7)
FNDA:0,(anonymous_8)
FNDA:0,(anonymous_9)
FNDA:0,(anonymous_10)
FNDA:0,(anonymous_11)
DA:1,0
DA:6,0
DA:7,0
DA:8,0
DA:21,0
DA:24,0
DA:29,0
DA:33,0
DA:34,0
DA:37,0
DA:38,0
DA:42,0
DA:48,0
DA:49,0
DA:50,0
DA:52,0
DA:56,0
DA:59,0
DA:60,0
DA:63,0
DA:64,0
DA:68,0
DA:69,0
DA:73,0
DA:75,0
DA:79,0
DA:80,0
DA:81,0
DA:85,0
DA:86,0
DA:87,0
LF:31
LH:0
BRDA:33,0,0,0
BRDA:33,0,1,0
BRDA:49,1,0,0
BRDA:49,1,1,0
BRDA:59,2,0,0
BRDA:59,2,1,0
BRDA:59,3,0,0
BRDA:59,3,1,0
BRDA:63,4,0,0
BRDA:63,4,1,0
BRDA:63,5,0,0
BRDA:63,5,1,0
BRDA:24,6,0,0
BRDA:24,6,1,0
BRDA:24,7,0,0
BRDA:24,7,1,0
BRF:16
BRH:0
end_of_record
TN:
SF:src\modules\auth\strategies\jwt.strategy.ts
FN:13,(anonymous_4)
FN:29,(anonymous_5)
FN:45,(anonymous_6)
FN:54,(anonymous_7)
FN:56,(anonymous_8)
FN:68,(anonymous_9)
FN:76,(anonymous_10)
FNF:7
FNH:7
FNDA:5,(anonymous_4)
FNDA:4,(anonymous_5)
FNDA:4,(anonymous_6)
FNDA:4,(anonymous_7)
FNDA:8,(anonymous_8)
FNDA:8,(anonymous_9)
FNDA:4,(anonymous_10)
DA:1,1
DA:2,1
DA:3,1
DA:4,1
DA:5,1
DA:6,1
DA:7,1
DA:8,1
DA:9,1
DA:12,1
DA:14,5
DA:16,5
DA:18,5
DA:20,5
DA:22,5
DA:30,4
DA:35,4
DA:36,1
DA:40,3
DA:45,4
DA:46,3
DA:53,3
DA:54,3
DA:55,4
DA:56,4
DA:57,8
DA:67,3
DA:68,8
DA:71,3
DA:76,4
LF:30
LH:30
BRDA:35,0,0,1
BRDA:35,0,1,3
BRDA:55,1,0,4
BRDA:55,1,1,0
BRDA:14,2,0,1
BRDA:14,2,1,0
BRDA:14,3,0,1
BRDA:14,3,1,1
BRDA:14,4,0,1
BRDA:14,4,1,0
BRDA:14,5,0,1
BRDA:14,5,1,1
BRDA:16,6,0,1
BRDA:16,6,1,0
BRDA:16,7,0,1
BRDA:16,7,1,1
BRDA:18,8,0,1
BRDA:18,8,1,0
BRDA:18,9,0,1
BRDA:18,9,1,1
BRF:20
BRH:15
end_of_record
TN:
SF:src\modules\customer-data\customer-data.module.ts
FNF:0
FNH:0
DA:1,0
DA:2,0
DA:3,0
DA:4,0
DA:5,0
DA:7,0
DA:8,0
DA:9,0
DA:11,0
DA:12,0
DA:13,0
DA:15,0
DA:16,0
DA:17,0
DA:54,0
LF:15
LH:0
BRF:0
BRH:0
end_of_record
TN:
SF:src\modules\customer-data\controllers\customer-analytics.controller.ts
FN:24,(anonymous_4)
FN:81,(anonymous_5)
FN:105,(anonymous_6)
FN:127,(anonymous_7)
FN:184,(anonymous_8)
FN:221,(anonymous_9)
FN:247,(anonymous_10)
FN:284,(anonymous_11)
FN:309,(anonymous_12)
FN:338,(anonymous_13)
FN:393,(anonymous_14)
FN:433,(anonymous_15)
FN:475,(anonymous_16)
FN:524,(anonymous_17)
FN:572,(anonymous_18)
FN:603,(anonymous_19)
FNF:16
FNH:0
FNDA:0,(anonymous_4)
FNDA:0,(anonymous_5)
FNDA:0,(anonymous_6)
FNDA:0,(anonymous_7)
FNDA:0,(anonymous_8)
FNDA:0,(anonymous_9)
FNDA:0,(anonymous_10)
FNDA:0,(anonymous_11)
FNDA:0,(anonymous_12)
FNDA:0,(anonymous_13)
FNDA:0,(anonymous_14)
FNDA:0,(anonymous_15)
FNDA:0,(anonymous_16)
FNDA:0,(anonymous_17)
FNDA:0,(anonymous_18)
FNDA:0,(anonymous_19)
DA:1,0
DA:10,0
DA:17,0
DA:18,0
DA:19,0
DA:23,0
DA:25,0
DA:81,0
DA:84,0
DA:105,0
DA:108,0
DA:127,0
DA:131,0
DA:184,0
DA:187,0
DA:221,0
DA:226,0
DA:247,0
DA:251,0
DA:284,0
DA:289,0
DA:309,0
DA:313,0
DA:338,0
DA:342,0
DA:346,0
DA:393,0
DA:396,0
DA:433,0
DA:436,0
DA:475,0
DA:478,0
DA:524,0
DA:527,0
DA:572,0
DA:575,0
DA:603,0
DA:606,0
LF:38
LH:0
BRDA:83,0,0,0
BRDA:83,0,1,0
BRDA:83,1,0,0
BRDA:83,1,1,0
BRDA:107,2,0,0
BRDA:107,2,1,0
BRDA:107,3,0,0
BRDA:107,3,1,0
BRDA:129,4,0,0
BRDA:129,4,1,0
BRDA:129,5,0,0
BRDA:129,5,1,0
BRDA:130,6,0,0
BRDA:130,6,1,0
BRDA:130,7,0,0
BRDA:130,7,1,0
BRDA:186,8,0,0
BRDA:186,8,1,0
BRDA:186,9,0,0
BRDA:186,9,1,0
BRDA:223,10,0,0
BRDA:223,10,1,0
BRDA:223,11,0,0
BRDA:223,11,1,0
BRDA:250,12,0,0
BRDA:250,12,1,0
BRDA:250,13,0,0
BRDA:250,13,1,0
BRDA:287,14,0,0
BRDA:287,14,1,0
BRDA:287,15,0,0
BRDA:287,15,1,0
BRDA:288,16,0,0
BRDA:288,16,1,0
BRDA:288,17,0,0
BRDA:288,17,1,0
BRDA:312,18,0,0
BRDA:312,18,1,0
BRDA:312,19,0,0
BRDA:312,19,1,0
BRDA:340,20,0,0
BRDA:340,20,1,0
BRDA:340,21,0,0
BRDA:340,21,1,0
BRDA:395,22,0,0
BRDA:395,22,1,0
BRDA:395,23,0,0
BRDA:395,23,1,0
BRDA:435,24,0,0
BRDA:435,24,1,0
BRDA:435,25,0,0
BRDA:435,25,1,0
BRDA:477,26,0,0
BRDA:477,26,1,0
BRDA:477,27,0,0
BRDA:477,27,1,0
BRDA:526,28,0,0
BRDA:526,28,1,0
BRDA:526,29,0,0
BRDA:526,29,1,0
BRDA:574,30,0,0
BRDA:574,30,1,0
BRDA:574,31,0,0
BRDA:574,31,1,0
BRDA:605,32,0,0
BRDA:605,32,1,0
BRDA:605,33,0,0
BRDA:605,33,1,0
BRDA:25,34,0,0
BRDA:25,34,1,0
BRDA:25,35,0,0
BRDA:25,35,1,0
BRF:72
BRH:0
end_of_record
TN:
SF:src\modules\customer-data\controllers\customer-profile.controller.ts
FN:31,(anonymous_4)
FN:50,(anonymous_5)
FN:80,(anonymous_6)
FN:98,(anonymous_7)
FN:120,(anonymous_8)
FN:139,(anonymous_9)
FN:172,(anonymous_10)
FN:214,(anonymous_11)
FN:245,(anonymous_12)
FN:246,(anonymous_13)
FN:279,(anonymous_14)
FN:280,(anonymous_15)
FN:289,(anonymous_16)
FN:313,(anonymous_17)
FNF:14
FNH:0
FNDA:0,(anonymous_4)
FNDA:0,(anonymous_5)
FNDA:0,(anonymous_6)
FNDA:0,(anonymous_7)
FNDA:0,(anonymous_8)
FNDA:0,(anonymous_9)
FNDA:0,(anonymous_10)
FNDA:0,(anonymous_11)
FNDA:0,(anonymous_12)
FNDA:0,(anonymous_13)
FNDA:0,(anonymous_14)
FNDA:0,(anonymous_15)
FNDA:0,(anonymous_16)
FNDA:0,(anonymous_17)
DA:1,0
DA:13,0
DA:21,0
DA:22,0
DA:23,0
DA:24,0
DA:25,0
DA:26,0
DA:30,0
DA:32,0
DA:50,0
DA:54,0
DA:56,0
DA:80,0
DA:81,0
DA:98,0
DA:101,0
DA:120,0
DA:124,0
DA:139,0
DA:140,0
DA:172,0
DA:178,0
DA:180,0
DA:214,0
DA:215,0
DA:245,0
DA:246,0
DA:279,0
DA:280,0
DA:290,0
DA:307,0
DA:314,0
DA:322,0
LF:34
LH:0
BRDA:307,0,0,0
BRDA:307,0,1,0
BRDA:322,1,0,0
BRDA:322,1,1,0
BRDA:51,2,0,0
BRDA:51,2,1,0
BRDA:51,3,0,0
BRDA:51,3,1,0
BRDA:52,4,0,0
BRDA:52,4,1,0
BRDA:52,5,0,0
BRDA:52,5,1,0
BRDA:80,6,0,0
BRDA:80,6,1,0
BRDA:80,7,0,0
BRDA:80,7,1,0
BRDA:100,8,0,0
BRDA:100,8,1,0
BRDA:100,9,0,0
BRDA:100,9,1,0
BRDA:122,10,0,0
BRDA:122,10,1,0
BRDA:122,11,0,0
BRDA:122,11,1,0
BRDA:123,12,0,0
BRDA:123,12,1,0
BRDA:123,13,0,0
BRDA:123,13,1,0
BRDA:139,14,0,0
BRDA:139,14,1,0
BRDA:139,15,0,0
BRDA:139,15,1,0
BRDA:172,16,0,0
BRDA:172,16,1,0
BRDA:172,17,0,0
BRDA:172,17,1,0
BRDA:214,18,0,0
BRDA:214,18,1,0
BRDA:214,19,0,0
BRDA:214,19,1,0
BRDA:32,20,0,0
BRDA:32,20,1,0
BRDA:32,21,0,0
BRDA:32,21,1,0
BRF:44
BRH:0
end_of_record
TN:
SF:src\modules\customer-data\controllers\data-import.controller.ts
FN:30,(anonymous_4)
FN:51,(anonymous_5)
FN:81,(anonymous_6)
FN:109,(anonymous_7)
FN:127,(anonymous_8)
FN:150,(anonymous_9)
FN:176,(anonymous_10)
FN:196,(anonymous_11)
FN:228,(anonymous_12)
FN:277,(anonymous_13)
FN:320,(anonymous_14)
FN:321,(anonymous_15)
FN:354,(anonymous_16)
FN:355,(anonymous_17)
FN:364,(anonymous_18)
FN:380,(anonymous_19)
FNF:16
FNH:0
FNDA:0,(anonymous_4)
FNDA:0,(anonymous_5)
FNDA:0,(anonymous_6)
FNDA:0,(anonymous_7)
FNDA:0,(anonymous_8)
FNDA:0,(anonymous_9)
FNDA:0,(anonymous_10)
FNDA:0,(anonymous_11)
FNDA:0,(anonymous_12)
FNDA:0,(anonymous_13)
FNDA:0,(anonymous_14)
FNDA:0,(anonymous_15)
FNDA:0,(anonymous_16)
FNDA:0,(anonymous_17)
FNDA:0,(anonymous_18)
FNDA:0,(anonymous_19)
DA:1,0
DA:12,0
DA:20,0
DA:21,0
DA:22,0
DA:23,0
DA:24,0
DA:25,0
DA:29,0
DA:30,0
DA:51,0
DA:56,0
DA:81,0
DA:84,0
DA:109,0
DA:110,0
DA:127,0
DA:130,0
DA:150,0
DA:154,0
DA:176,0
DA:177,0
DA:196,0
DA:197,0
DA:228,0
DA:231,0
DA:277,0
DA:290,0
DA:320,0
DA:321,0
DA:354,0
DA:355,0
DA:365,0
DA:374,0
DA:381,0
DA:389,0
LF:36
LH:0
BRDA:374,0,0,0
BRDA:374,0,1,0
BRDA:389,1,0,0
BRDA:389,1,1,0
BRDA:53,2,0,0
BRDA:53,2,1,0
BRDA:53,3,0,0
BRDA:53,3,1,0
BRDA:54,4,0,0
BRDA:54,4,1,0
BRDA:54,5,0,0
BRDA:54,5,1,0
BRDA:82,6,0,0
BRDA:82,6,1,0
BRDA:82,7,0,0
BRDA:82,7,1,0
BRDA:83,8,0,0
BRDA:83,8,1,0
BRDA:83,9,0,0
BRDA:83,9,1,0
BRDA:109,10,0,0
BRDA:109,10,1,0
BRDA:109,11,0,0
BRDA:109,11,1,0
BRDA:129,12,0,0
BRDA:129,12,1,0
BRDA:129,13,0,0
BRDA:129,13,1,0
BRDA:152,14,0,0
BRDA:152,14,1,0
BRDA:152,15,0,0
BRDA:152,15,1,0
BRDA:153,16,0,0
BRDA:153,16,1,0
BRDA:153,17,0,0
BRDA:153,17,1,0
BRDA:176,18,0,0
BRDA:176,18,1,0
BRDA:176,19,0,0
BRDA:176,19,1,0
BRDA:196,20,0,0
BRDA:196,20,1,0
BRDA:196,21,0,0
BRDA:196,21,1,0
BRDA:230,22,0,0
BRDA:230,22,1,0
BRDA:230,23,0,0
BRDA:230,23,1,0
BRDA:279,24,0,0
BRDA:279,24,1,0
BRDA:279,25,0,0
BRDA:279,25,1,0
BRDA:280,26,0,0
BRDA:280,26,1,0
BRDA:280,27,0,0
BRDA:280,27,1,0
BRDA:30,28,0,0
BRDA:30,28,1,0
BRDA:30,29,0,0
BRDA:30,29,1,0
BRF:60
BRH:0
end_of_record
TN:
SF:src\modules\customer-data\dto\create-customer-profile.dto.ts
FNF:0
FNH:0
DA:1,0
DA:2,0
DA:3,0
DA:5,0
DA:7,0
DA:10,0
DA:13,0
DA:16,0
DA:20,0
DA:24,0
DA:28,0
LF:11
LH:0
BRDA:13,0,0,0
BRDA:13,0,1,0
BRDA:13,1,0,0
BRDA:13,1,1,0
BRDA:16,2,0,0
BRDA:16,2,1,0
BRDA:16,3,0,0
BRDA:16,3,1,0
BRDA:20,4,0,0
BRDA:20,4,1,0
BRDA:20,5,0,0
BRDA:20,5,1,0
BRDA:24,6,0,0
BRDA:24,6,1,0
BRDA:24,7,0,0
BRDA:24,7,1,0
BRDA:28,8,0,0
BRDA:28,8,1,0
BRDA:28,9,0,0
BRDA:28,9,1,0
BRF:20
BRH:0
end_of_record
TN:
SF:src\modules\customer-data\dto\create-import-job.dto.ts
FNF:0
FNH:0
DA:1,0
DA:2,0
DA:4,0
DA:6,0
DA:9,0
DA:13,0
DA:17,0
DA:22,0
DA:26,0
LF:9
LH:0
BRDA:9,0,0,0
BRDA:9,0,1,0
BRDA:9,1,0,0
BRDA:9,1,1,0
BRF:4
BRH:0
end_of_record
TN:
SF:src\modules\customer-data\dto\process-import.dto.ts
FNF:0
FNH:0
DA:1,0
DA:3,0
DA:5,0
DA:9,0
DA:13,0
LF:5
LH:0
BRDA:13,0,0,0
BRDA:13,0,1,0
BRDA:13,1,0,0
BRDA:13,1,1,0
BRF:4
BRH:0
end_of_record
TN:
SF:src\modules\customer-data\dto\segmentation-request.dto.ts
FNF:0
FNH:0
DA:1,0
DA:3,0
DA:5,0
DA:9,0
LF:4
LH:0
BRDA:9,0,0,0
BRDA:9,0,1,0
BRDA:9,1,0,0
BRDA:9,1,1,0
BRF:4
BRH:0
end_of_record
TN:
SF:src\modules\customer-data\dto\update-customer-profile.dto.ts
FNF:0
FNH:0
DA:1,0
DA:2,0
DA:3,0
DA:5,0
DA:8,0
DA:12,0
DA:16,0
DA:20,0
DA:24,0
DA:28,0
LF:10
LH:0
BRDA:12,0,0,0
BRDA:12,0,1,0
BRDA:12,1,0,0
BRDA:12,1,1,0
BRDA:16,2,0,0
BRDA:16,2,1,0
BRDA:16,3,0,0
BRDA:16,3,1,0
BRDA:20,4,0,0
BRDA:20,4,1,0
BRDA:20,5,0,0
BRDA:20,5,1,0
BRDA:24,6,0,0
BRDA:24,6,1,0
BRDA:24,7,0,0
BRDA:24,7,1,0
BRDA:28,8,0,0
BRDA:28,8,1,0
BRDA:28,9,0,0
BRDA:28,9,1,0
BRF:20
BRH:0
end_of_record
TN:
SF:src\modules\customer-data\services\customer-analytics.service.ts
FN:11,(anonymous_4)
FN:23,(anonymous_5)
FN:41,(anonymous_6)
FN:45,(anonymous_7)
FN:73,(anonymous_8)
FN:77,(anonymous_9)
FN:82,(anonymous_10)
FN:105,(anonymous_11)
FN:109,(anonymous_12)
FN:113,(anonymous_13)
FN:124,(anonymous_14)
FN:160,(anonymous_15)
FN:203,(anonymous_16)
FN:249,(anonymous_17)
FN:264,(anonymous_18)
FN:271,(anonymous_19)
FN:282,(anonymous_20)
FN:283,(anonymous_21)
FN:284,(anonymous_22)
FN:292,(anonymous_23)
FN:331,(anonymous_24)
FN:393,(anonymous_25)
FN:435,(anonymous_26)
FN:477,(anonymous_27)
FN:539,(anonymous_28)
FN:557,(anonymous_29)
FN:562,(anonymous_30)
FN:605,(anonymous_31)
FN:615,(anonymous_32)
FN:635,(anonymous_33)
FN:651,(anonymous_34)
FN:667,(anonymous_35)
FN:709,(anonymous_36)
FN:758,(anonymous_37)
FN:759,(anonymous_38)
FN:789,(anonymous_39)
FN:804,(anonymous_40)
FN:852,(anonymous_41)
FN:859,(anonymous_42)
FN:879,(anonymous_43)
FN:882,(anonymous_44)
FN:883,(anonymous_45)
FN:885,(anonymous_46)
FN:886,(anonymous_47)
FN:899,(anonymous_48)
FN:922,(anonymous_49)
FN:931,(anonymous_50)
FN:939,(anonymous_51)
FN:947,(anonymous_52)
FN:953,(anonymous_53)
FN:959,(anonymous_54)
FN:965,(anonymous_55)
FN:1004,(anonymous_56)
FN:1016,(anonymous_57)
FN:1019,(anonymous_58)
FN:1020,(anonymous_59)
FN:1022,(anonymous_60)
FN:1026,(anonymous_61)
FN:1030,(anonymous_62)
FN:1044,(anonymous_63)
FN:1050,(anonymous_64)
FN:1056,(anonymous_65)
FN:1059,(anonymous_66)
FN:1063,(anonymous_67)
FN:1074,(anonymous_68)
FN:1078,(anonymous_69)
FN:1079,(anonymous_70)
FN:1081,(anonymous_71)
FN:1082,(anonymous_72)
FNF:69
FNH:0
FNDA:0,(anonymous_4)
FNDA:0,(anonymous_5)
FNDA:0,(anonymous_6)
FNDA:0,(anonymous_7)
FNDA:0,(anonymous_8)
FNDA:0,(anonymous_9)
FNDA:0,(anonymous_10)
FNDA:0,(anonymous_11)
FNDA:0,(anonymous_12)
FNDA:0,(anonymous_13)
FNDA:0,(anonymous_14)
FNDA:0,(anonymous_15)
FNDA:0,(anonymous_16)
FNDA:0,(anonymous_17)
FNDA:0,(anonymous_18)
FNDA:0,(anonymous_19)
FNDA:0,(anonymous_20)
FNDA:0,(anonymous_21)
FNDA:0,(anonymous_22)
FNDA:0,(anonymous_23)
FNDA:0,(anonymous_24)
FNDA:0,(anonymous_25)
FNDA:0,(anonymous_26)
FNDA:0,(anonymous_27)
FNDA:0,(anonymous_28)
FNDA:0,(anonymous_29)
FNDA:0,(anonymous_30)
FNDA:0,(anonymous_31)
FNDA:0,(anonymous_32)
FNDA:0,(anonymous_33)
FNDA:0,(anonymous_34)
FNDA:0,(anonymous_35)
FNDA:0,(anonymous_36)
FNDA:0,(anonymous_37)
FNDA:0,(anonymous_38)
FNDA:0,(anonymous_39)
FNDA:0,(anonymous_40)
FNDA:0,(anonymous_41)
FNDA:0,(anonymous_42)
FNDA:0,(anonymous_43)
FNDA:0,(anonymous_44)
FNDA:0,(anonymous_45)
FNDA:0,(anonymous_46)
FNDA:0,(anonymous_47)
FNDA:0,(anonymous_48)
FNDA:0,(anonymous_49)
FNDA:0,(anonymous_50)
FNDA:0,(anonymous_51)
FNDA:0,(anonymous_52)
FNDA:0,(anonymous_53)
FNDA:0,(anonymous_54)
FNDA:0,(anonymous_55)
FNDA:0,(anonymous_56)
FNDA:0,(anonymous_57)
FNDA:0,(anonymous_58)
FNDA:0,(anonymous_59)
FNDA:0,(anonymous_60)
FNDA:0,(anonymous_61)
FNDA:0,(anonymous_62)
FNDA:0,(anonymous_63)
FNDA:0,(anonymous_64)
FNDA:0,(anonymous_65)
FNDA:0,(anonymous_66)
FNDA:0,(anonymous_67)
FNDA:0,(anonymous_68)
FNDA:0,(anonymous_69)
FNDA:0,(anonymous_70)
FNDA:0,(anonymous_71)
FNDA:0,(anonymous_72)
DA:1,0
DA:2,0
DA:3,0
DA:4,0
DA:5,0
DA:6,0
DA:7,0
DA:10,0
DA:13,0
DA:15,0
DA:17,0
DA:26,0
DA:31,0
DA:32,0
DA:36,0
DA:40,0
DA:41,0
DA:44,0
DA:45,0
DA:49,0
DA:74,0
DA:76,0
DA:77,0
DA:79,0
DA:81,0
DA:83,0
DA:89,0
DA:91,0
DA:95,0
DA:96,0
DA:97,0
DA:98,0
DA:99,0
DA:106,0
DA:108,0
DA:109,0
DA:112,0
DA:113,0
DA:117,0
DA:118,0
DA:128,0
DA:130,0
DA:163,0
DA:165,0
DA:206,0
DA:208,0
DA:252,0
DA:256,0
DA:257,0
DA:263,0
DA:264,0
DA:268,0
DA:271,0
DA:282,0
DA:283,0
DA:284,0
DA:296,0
DA:299,0
DA:300,0
DA:301,0
DA:305,0
DA:309,0
DA:310,0
DA:311,0
DA:315,0
DA:316,0
DA:317,0
DA:321,0
DA:322,0
DA:323,0
DA:325,0
DA:338,0
DA:377,0
DA:378,0
DA:387,0
DA:397,0
DA:401,0
DA:402,0
DA:406,0
DA:410,0
DA:413,0
DA:417,0
DA:418,0
DA:419,0
DA:423,0
DA:426,0
DA:429,0
DA:436,0
DA:483,0
DA:540,0
DA:544,0
DA:545,0
DA:548,0
DA:552,0
DA:556,0
DA:557,0
DA:560,0
DA:561,0
DA:562,0
DA:566,0
DA:606,0
DA:619,0
DA:623,0
DA:624,0
DA:629,0
DA:640,0
DA:642,0
DA:643,0
DA:645,0
DA:652,0
DA:657,0
DA:658,0
DA:669,0
DA:673,0
DA:674,0
DA:677,0
DA:680,0
DA:717,0
DA:718,0
DA:720,0
DA:722,0
DA:723,0
DA:724,0
DA:726,0
DA:738,0
DA:759,0
DA:760,0
DA:763,0
DA:764,0
DA:765,0
DA:767,0
DA:770,0
DA:771,0
DA:775,0
DA:776,0
DA:780,0
DA:781,0
DA:784,0
DA:788,0
DA:789,0
DA:806,0
DA:821,0
DA:822,0
DA:823,0
DA:824,0
DA:831,0
DA:854,0
DA:859,0
DA:860,0
DA:863,0
DA:878,0
DA:879,0
DA:882,0
DA:883,0
DA:885,0
DA:886,0
DA:901,0
DA:909,0
DA:925,0
DA:927,0
DA:928,0
DA:935,0
DA:936,0
DA:943,0
DA:944,0
DA:948,0
DA:950,0
DA:954,0
DA:956,0
DA:960,0
DA:961,0
DA:962,0
DA:966,0
DA:1001,0
DA:1008,0
DA:1010,0
DA:1011,0
DA:1012,0
DA:1013,0
DA:1018,0
DA:1019,0
DA:1020,0
DA:1021,0
DA:1022,0
DA:1025,0
DA:1026,0
DA:1029,0
DA:1030,0
DA:1034,0
DA:1035,0
DA:1039,0
DA:1050,0
DA:1056,0
DA:1062,0
DA:1063,0
DA:1065,0
DA:1066,0
DA:1067,0
DA:1071,0
DA:1077,0
DA:1078,0
DA:1079,0
DA:1080,0
DA:1081,0
DA:1082,0
DA:1084,0
LF:206
LH:0
BRDA:31,0,0,0
BRDA:31,0,1,0
BRDA:74,1,0,0
BRDA:74,1,1,0
BRDA:79,2,0,0
BRDA:79,2,1,0
BRDA:83,3,0,0
BRDA:83,3,1,0
BRDA:83,4,0,0
BRDA:83,4,1,0
BRDA:83,4,2,0
BRDA:89,5,0,0
BRDA:89,5,1,0
BRDA:95,6,0,0
BRDA:95,6,1,0
BRDA:96,7,0,0
BRDA:96,7,1,0
BRDA:97,8,0,0
BRDA:97,8,1,0
BRDA:98,9,0,0
BRDA:98,9,1,0
BRDA:106,10,0,0
BRDA:106,10,1,0
BRDA:117,11,0,0
BRDA:117,11,1,0
BRDA:128,12,0,0
BRDA:128,12,1,0
BRDA:131,13,0,0
BRDA:131,13,1,0
BRDA:132,14,0,0
BRDA:132,14,1,0
BRDA:136,15,0,0
BRDA:136,15,1,0
BRDA:143,16,0,0
BRDA:143,16,1,0
BRDA:163,17,0,0
BRDA:163,17,1,0
BRDA:167,18,0,0
BRDA:167,18,1,0
BRDA:168,19,0,0
BRDA:168,19,1,0
BRDA:169,20,0,0
BRDA:169,20,1,0
BRDA:173,21,0,0
BRDA:173,21,1,0
BRDA:176,22,0,0
BRDA:176,22,1,0
BRDA:177,23,0,0
BRDA:177,23,1,0
BRDA:178,24,0,0
BRDA:178,24,1,0
BRDA:206,25,0,0
BRDA:206,25,1,0
BRDA:211,26,0,0
BRDA:211,26,1,0
BRDA:213,27,0,0
BRDA:213,27,1,0
BRDA:221,28,0,0
BRDA:221,28,1,0
BRDA:256,29,0,0
BRDA:256,29,1,0
BRDA:275,30,0,0
BRDA:275,30,1,0
BRDA:282,31,0,0
BRDA:282,31,1,0
BRDA:283,32,0,0
BRDA:283,32,1,0
BRDA:284,33,0,0
BRDA:284,33,1,0
BRDA:300,34,0,0
BRDA:300,34,1,0
BRDA:309,35,0,0
BRDA:309,35,1,0
BRDA:315,36,0,0
BRDA:315,36,1,0
BRDA:377,37,0,0
BRDA:377,37,1,0
BRDA:401,38,0,0
BRDA:401,38,1,0
BRDA:406,39,0,0
BRDA:406,39,1,0
BRDA:544,40,0,0
BRDA:544,40,1,0
BRDA:571,41,0,0
BRDA:571,41,1,0
BRDA:579,42,0,0
BRDA:579,42,1,0
BRDA:584,43,0,0
BRDA:584,43,1,0
BRDA:586,44,0,0
BRDA:586,44,1,0
BRDA:589,45,0,0
BRDA:589,45,1,0
BRDA:592,46,0,0
BRDA:592,46,1,0
BRDA:595,47,0,0
BRDA:595,47,1,0
BRDA:623,48,0,0
BRDA:623,48,1,0
BRDA:657,49,0,0
BRDA:657,49,1,0
BRDA:673,50,0,0
BRDA:673,50,1,0
BRDA:677,51,0,0
BRDA:677,51,1,0
BRDA:770,52,0,0
BRDA:770,52,1,0
BRDA:770,53,0,0
BRDA:770,53,1,0
BRDA:770,53,2,0
BRDA:775,54,0,0
BRDA:775,54,1,0
BRDA:775,55,0,0
BRDA:775,55,1,0
BRDA:775,55,2,0
BRDA:780,56,0,0
BRDA:780,56,1,0
BRDA:780,57,0,0
BRDA:780,57,1,0
BRDA:925,58,0,0
BRDA:925,58,1,0
BRDA:927,59,0,0
BRDA:927,59,1,0
BRDA:927,60,0,0
BRDA:927,60,1,0
BRDA:935,61,0,0
BRDA:935,61,1,0
BRDA:936,62,0,0
BRDA:936,62,1,0
BRDA:943,63,0,0
BRDA:943,63,1,0
BRDA:944,64,0,0
BRDA:944,64,1,0
BRDA:948,65,0,0
BRDA:948,65,1,0
BRDA:954,66,0,0
BRDA:954,66,1,0
BRDA:960,67,0,0
BRDA:960,67,1,0
BRDA:961,68,0,0
BRDA:961,68,1,0
BRDA:1001,69,0,0
BRDA:1001,69,1,0
BRDA:1010,70,0,0
BRDA:1010,70,1,0
BRDA:1010,71,0,0
BRDA:1010,71,1,0
BRDA:1011,72,0,0
BRDA:1011,72,1,0
BRDA:1011,73,0,0
BRDA:1011,73,1,0
BRDA:1012,74,0,0
BRDA:1012,74,1,0
BRDA:1012,75,0,0
BRDA:1012,75,1,0
BRDA:1039,76,0,0
BRDA:1039,76,1,0
BRDA:1066,77,0,0
BRDA:1066,77,1,0
BRDA:13,78,0,0
BRDA:13,78,1,0
BRDA:13,79,0,0
BRDA:13,79,1,0
BRDA:13,80,0,0
BRDA:13,80,1,0
BRDA:13,81,0,0
BRDA:13,81,1,0
BRDA:15,82,0,0
BRDA:15,82,1,0
BRDA:15,83,0,0
BRDA:15,83,1,0
BRF:171
BRH:0
end_of_record
TN:
SF:src\modules\customer-data\services\customer-profile.service.ts
FN:20,(anonymous_4)
FN:32,(anonymous_5)
FN:55,(anonymous_6)
FN:71,(anonymous_7)
FN:81,(anonymous_8)
FN:103,(anonymous_9)
FN:114,(anonymous_10)
FN:158,(anonymous_11)
FN:208,(anonymous_12)
FN:279,(anonymous_13)
FN:338,(anonymous_14)
FN:382,(anonymous_15)
FN:394,(anonymous_16)
FN:398,(anonymous_17)
FN:402,(anonymous_18)
FNF:15
FNH:0
FNDA:0,(anonymous_4)
FNDA:0,(anonymous_5)
FNDA:0,(anonymous_6)
FNDA:0,(anonymous_7)
FNDA:0,(anonymous_8)
FNDA:0,(anonymous_9)
FNDA:0,(anonymous_10)
FNDA:0,(anonymous_11)
FNDA:0,(anonymous_12)
FNDA:0,(anonymous_13)
FNDA:0,(anonymous_14)
FNDA:0,(anonymous_15)
FNDA:0,(anonymous_16)
FNDA:0,(anonymous_17)
FNDA:0,(anonymous_18)
DA:1,0
DA:6,0
DA:10,0
DA:11,0
DA:12,0
DA:13,0
DA:14,0
DA:15,0
DA:16,0
DA:19,0
DA:22,0
DA:24,0
DA:26,0
DA:39,0
DA:49,0
DA:56,0
DA:61,0
DA:62,0
DA:65,0
DA:72,0
DA:92,0
DA:94,0
DA:95,0
DA:97,0
DA:104,0
DA:105,0
DA:106,0
DA:120,0
DA:133,0
DA:136,0
DA:139,0
DA:140,0
DA:143,0
DA:144,0
DA:146,0
DA:148,0
DA:161,0
DA:192,0
DA:193,0
DA:194,0
DA:198,0
DA:199,0
DA:202,0
DA:211,0
DA:263,0
DA:264,0
DA:265,0
DA:269,0
DA:270,0
DA:273,0
DA:280,0
DA:339,0
DA:383,0
DA:385,0
DA:389,0
DA:393,0
DA:394,0
DA:397,0
DA:398,0
DA:400,0
DA:401,0
DA:402,0
DA:406,0
LF:63
LH:0
BRDA:44,0,0,0
BRDA:44,0,1,0
BRDA:61,1,0,0
BRDA:61,1,1,0
BRDA:105,2,0,0
BRDA:105,2,1,0
BRDA:414,3,0,0
BRDA:414,3,1,0
BRDA:415,4,0,0
BRDA:415,4,1,0
BRDA:22,5,0,0
BRDA:22,5,1,0
BRDA:22,6,0,0
BRDA:22,6,1,0
BRDA:22,7,0,0
BRDA:22,7,1,0
BRDA:22,8,0,0
BRDA:22,8,1,0
BRDA:24,9,0,0
BRDA:24,9,1,0
BRDA:24,10,0,0
BRDA:24,10,1,0
BRF:22
BRH:0
end_of_record
TN:
SF:src\modules\customer-data\services\data-import.service.ts
FN:16,(anonymous_4)
FN:26,(anonymous_5)
FN:61,(anonymous_6)
FN:77,(anonymous_7)
FN:90,(anonymous_8)
FN:129,(anonymous_9)
FN:140,(anonymous_10)
FN:294,(anonymous_11)
FN:319,(anonymous_12)
FN:343,(anonymous_13)
FN:350,(anonymous_14)
FN:353,(anonymous_15)
FN:356,(anonymous_16)
FN:359,(anonymous_17)
FN:363,(anonymous_18)
FN:367,(anonymous_19)
FN:371,(anonymous_20)
FN:397,(anonymous_21)
FN:442,(anonymous_22)
FNF:19
FNH:0
FNDA:0,(anonymous_4)
FNDA:0,(anonymous_5)
FNDA:0,(anonymous_6)
FNDA:0,(anonymous_7)
FNDA:0,(anonymous_8)
FNDA:0,(anonymous_9)
FNDA:0,(anonymous_10)
FNDA:0,(anonymous_11)
FNDA:0,(anonymous_12)
FNDA:0,(anonymous_13)
FNDA:0,(anonymous_14)
FNDA:0,(anonymous_15)
FNDA:0,(anonymous_16)
FNDA:0,(anonymous_17)
FNDA:0,(anonymous_18)
FNDA:0,(anonymous_19)
FNDA:0,(anonymous_20)
FNDA:0,(anonymous_21)
FNDA:0,(anonymous_22)
DA:1,0
DA:6,0
DA:9,0
DA:10,0
DA:11,0
DA:12,0
DA:15,0
DA:18,0
DA:20,0
DA:35,0
DA:39,0
DA:40,0
DA:45,0
DA:55,0
DA:62,0
DA:67,0
DA:68,0
DA:71,0
DA:80,0
DA:94,0
DA:96,0
DA:97,0
DA:103,0
DA:104,0
DA:105,0
DA:109,0
DA:115,0
DA:116,0
DA:117,0
DA:118,0
DA:119,0
DA:120,0
DA:121,0
DA:123,0
DA:140,0
DA:143,0
DA:144,0
DA:145,0
DA:146,0
DA:147,0
DA:149,0
DA:151,0
DA:152,0
DA:153,0
DA:154,0
DA:174,0
DA:191,0
DA:194,0
DA:195,0
DA:196,0
DA:197,0
DA:211,0
DA:228,0
DA:231,0
DA:232,0
DA:233,0
DA:234,0
DA:247,0
DA:250,0
DA:251,0
DA:252,0
DA:253,0
DA:263,0
DA:266,0
DA:267,0
DA:268,0
DA:269,0
DA:277,0
DA:278,0
DA:279,0
DA:282,0
DA:295,0
DA:297,0
DA:298,0
DA:303,0
DA:304,0
DA:309,0
DA:310,0
DA:311,0
DA:313,0
DA:320,0
DA:322,0
DA:323,0
DA:329,0
DA:330,0
DA:331,0
DA:332,0
DA:333,0
DA:334,0
DA:335,0
DA:337,0
DA:346,0
DA:348,0
DA:349,0
DA:350,0
DA:352,0
DA:353,0
DA:355,0
DA:356,0
DA:358,0
DA:359,0
DA:362,0
DA:363,0
DA:366,0
DA:367,0
DA:370,0
DA:371,0
DA:376,0
DA:380,0
DA:410,0
DA:413,0
DA:433,0
DA:442,0
DA:444,0
LF:114
LH:0
BRDA:39,0,0,0
BRDA:39,0,1,0
BRDA:48,1,0,0
BRDA:48,1,1,0
BRDA:49,2,0,0
BRDA:49,2,1,0
BRDA:50,3,0,0
BRDA:50,3,1,0
BRDA:52,4,0,0
BRDA:52,4,1,0
BRDA:67,5,0,0
BRDA:67,5,1,0
BRDA:96,6,0,0
BRDA:96,6,1,0
BRDA:149,7,0,0
BRDA:149,7,1,0
BRDA:149,7,2,0
BRDA:149,7,3,0
BRDA:149,7,4,0
BRDA:277,8,0,0
BRDA:277,8,1,0
BRDA:297,9,0,0
BRDA:297,9,1,0
BRDA:303,10,0,0
BRDA:303,10,1,0
BRDA:322,11,0,0
BRDA:322,11,1,0
BRDA:367,12,0,0
BRDA:367,12,1,0
BRDA:371,13,0,0
BRDA:371,13,1,0
BRDA:376,14,0,0
BRDA:376,14,1,0
BRDA:390,15,0,0
BRDA:390,15,1,0
BRDA:434,16,0,0
BRDA:434,16,1,0
BRDA:435,17,0,0
BRDA:435,17,1,0
BRDA:18,18,0,0
BRDA:18,18,1,0
BRDA:18,19,0,0
BRDA:18,19,1,0
BRDA:18,20,0,0
BRDA:18,20,1,0
BRDA:18,21,0,0
BRDA:18,21,1,0
BRF:47
BRH:0
end_of_record
TN:
SF:src\modules\dashboard\dashboard.module.ts
FNF:0
FNH:0
DA:1,0
DA:2,0
DA:3,0
DA:4,0
DA:5,0
DA:6,0
DA:7,0
DA:8,0
DA:9,0
DA:10,0
DA:11,0
DA:29,0
LF:12
LH:0
BRF:0
BRH:0
end_of_record
TN:
SF:src\modules\dashboard\controllers\dashboard.controller.ts
FN:34,(anonymous_4)
FN:39,(anonymous_5)
FN:48,(anonymous_6)
FN:57,(anonymous_7)
FN:70,(anonymous_8)
FN:79,(anonymous_9)
FN:91,(anonymous_10)
FN:102,(anonymous_11)
FN:113,(anonymous_12)
FN:122,(anonymous_13)
FN:131,(anonymous_14)
FN:140,(anonymous_15)
FN:148,(anonymous_16)
FN:157,(anonymous_17)
FN:166,(anonymous_18)
FN:175,(anonymous_19)
FNF:16
FNH:16
FNDA:17,(anonymous_4)
FNDA:1,(anonymous_5)
FNDA:1,(anonymous_6)
FNDA:1,(anonymous_7)
FNDA:2,(anonymous_8)
FNDA:1,(anonymous_9)
FNDA:1,(anonymous_10)
FNDA:1,(anonymous_11)
FNDA:1,(anonymous_12)
FNDA:1,(anonymous_13)
FNDA:1,(anonymous_14)
FNDA:1,(anonymous_15)
FNDA:1,(anonymous_16)
FNDA:2,(anonymous_17)
FNDA:1,(anonymous_18)
FNDA:1,(anonymous_19)
DA:1,1
DA:11,1
DA:12,1
DA:13,1
DA:33,1
DA:34,17
DA:39,1
DA:42,1
DA:48,1
DA:51,1
DA:57,1
DA:61,1
DA:70,1
DA:73,2
DA:79,1
DA:82,1
DA:91,1
DA:94,1
DA:102,1
DA:105,1
DA:113,1
DA:116,1
DA:122,1
DA:125,1
DA:131,1
DA:134,1
DA:140,1
DA:141,1
DA:148,1
DA:151,1
DA:157,1
DA:160,2
DA:166,1
DA:169,1
DA:175,1
DA:179,1
LF:36
LH:36
BRDA:40,0,0,1
BRDA:40,0,1,0
BRDA:40,1,0,1
BRDA:40,1,1,1
BRDA:41,2,0,1
BRDA:41,2,1,0
BRDA:41,3,0,1
BRDA:41,3,1,1
BRDA:49,4,0,1
BRDA:49,4,1,0
BRDA:49,5,0,1
BRDA:49,5,1,1
BRDA:50,6,0,1
BRDA:50,6,1,0
BRDA:50,7,0,1
BRDA:50,7,1,1
BRDA:58,8,0,1
BRDA:58,8,1,0
BRDA:58,9,0,1
BRDA:58,9,1,1
BRDA:60,10,0,1
BRDA:60,10,1,0
BRDA:60,11,0,1
BRDA:60,11,1,1
BRDA:71,12,0,1
BRDA:71,12,1,0
BRDA:71,13,0,1
BRDA:71,13,1,1
BRDA:72,14,0,1
BRDA:72,14,1,0
BRDA:72,15,0,1
BRDA:72,15,1,1
BRDA:80,16,0,1
BRDA:80,16,1,0
BRDA:80,17,0,1
BRDA:80,17,1,1
BRDA:81,18,0,1
BRDA:81,18,1,0
BRDA:81,19,0,1
BRDA:81,19,1,1
BRDA:92,20,0,1
BRDA:92,20,1,0
BRDA:92,21,0,1
BRDA:92,21,1,1
BRDA:93,22,0,1
BRDA:93,22,1,0
BRDA:93,23,0,1
BRDA:93,23,1,1
BRDA:103,24,0,1
BRDA:103,24,1,0
BRDA:103,25,0,1
BRDA:103,25,1,1
BRDA:104,26,0,1
BRDA:104,26,1,0
BRDA:104,27,0,1
BRDA:104,27,1,1
BRDA:114,28,0,1
BRDA:114,28,1,0
BRDA:114,29,0,1
BRDA:114,29,1,1
BRDA:115,30,0,1
BRDA:115,30,1,0
BRDA:115,31,0,1
BRDA:115,31,1,1
BRDA:123,32,0,1
BRDA:123,32,1,0
BRDA:123,33,0,1
BRDA:123,33,1,1
BRDA:124,34,0,1
BRDA:124,34,1,0
BRDA:124,35,0,1
BRDA:124,35,1,1
BRDA:132,36,0,1
BRDA:132,36,1,0
BRDA:132,37,0,1
BRDA:132,37,1,1
BRDA:133,38,0,1
BRDA:133,38,1,0
BRDA:133,39,0,1
BRDA:133,39,1,1
BRDA:140,40,0,1
BRDA:140,40,1,0
BRDA:140,41,0,1
BRDA:140,41,1,1
BRDA:140,42,0,1
BRDA:140,42,1,0
BRDA:140,43,0,1
BRDA:140,43,1,1
BRDA:149,44,0,1
BRDA:149,44,1,0
BRDA:149,45,0,1
BRDA:149,45,1,1
BRDA:150,46,0,1
BRDA:150,46,1,0
BRDA:150,47,0,1
BRDA:150,47,1,1
BRDA:158,48,0,1
BRDA:158,48,1,0
BRDA:158,49,0,1
BRDA:158,49,1,1
BRDA:159,50,0,1
BRDA:159,50,1,0
BRDA:159,51,0,1
BRDA:159,51,1,1
BRDA:168,52,0,1
BRDA:168,52,1,0
BRDA:168,53,0,1
BRDA:168,53,1,1
BRDA:178,54,0,1
BRDA:178,54,1,0
BRDA:178,55,0,1
BRDA:178,55,1,1
BRDA:34,56,0,1
BRDA:34,56,1,0
BRDA:34,57,0,1
BRDA:34,57,1,1
BRF:116
BRH:87
end_of_record
TN:
SF:src\modules\dashboard\dto\dashboard.dto.ts
FNF:0
FNH:0
DA:1,1
DA:10,1
DA:12,1
DA:16,1
DA:21,1
DA:24,1
DA:27,1
DA:30,1
DA:33,1
DA:41,1
DA:44,1
DA:50,1
DA:53,1
DA:59,1
DA:64,1
DA:69,1
DA:72,1
DA:76,1
DA:81,1
DA:86,1
DA:91,1
DA:94,1
DA:97,1
LF:23
LH:23
BRF:0
BRH:0
end_of_record
TN:
SF:src\modules\dashboard\services\dashboard.service.ts
FN:25,(anonymous_4)
FN:42,(anonymous_5)
FN:61,(anonymous_6)
FN:86,(anonymous_7)
FN:131,(anonymous_8)
FN:177,(anonymous_9)
FN:231,(anonymous_10)
FN:279,(anonymous_11)
FN:289,(anonymous_12)
FN:294,(anonymous_13)
FN:299,(anonymous_14)
FN:302,(anonymous_15)
FN:318,(anonymous_16)
FN:348,(anonymous_17)
FN:365,(anonymous_18)
FN:441,(anonymous_19)
FN:495,(anonymous_20)
FN:520,(anonymous_21)
FN:542,(anonymous_22)
FN:550,(anonymous_23)
FN:589,(anonymous_24)
FN:594,(anonymous_25)
FN:636,(anonymous_26)
FN:646,(anonymous_27)
FN:656,(anonymous_28)
FN:659,(anonymous_29)
FN:667,(anonymous_30)
FNF:27
FNH:12
FNDA:9,(anonymous_4)
FNDA:2,(anonymous_5)
FNDA:2,(anonymous_6)
FNDA:3,(anonymous_7)
FNDA:2,(anonymous_8)
FNDA:2,(anonymous_9)
FNDA:2,(anonymous_10)
FNDA:2,(anonymous_11)
FNDA:5,(anonymous_12)
FNDA:5,(anonymous_13)
FNDA:5,(anonymous_14)
FNDA:5,(anonymous_15)
FNDA:0,(anonymous_16)
FNDA:0,(anonymous_17)
FNDA:0,(anonymous_18)
FNDA:0,(anonymous_19)
FNDA:0,(anonymous_20)
FNDA:0,(anonymous_21)
FNDA:0,(anonymous_22)
FNDA:0,(anonymous_23)
FNDA:0,(anonymous_24)
FNDA:0,(anonymous_25)
FNDA:0,(anonymous_26)
FNDA:0,(anonymous_27)
FNDA:0,(anonymous_28)
FNDA:0,(anonymous_29)
FNDA:0,(anonymous_30)
DA:1,2
DA:2,2
DA:3,2
DA:4,2
DA:5,2
DA:6,2
DA:7,2
DA:8,2
DA:9,2
DA:10,2
DA:11,2
DA:12,2
DA:24,2
DA:27,9
DA:29,9
DA:31,9
DA:33,9
DA:35,9
DA:37,9
DA:39,9
DA:51,2
DA:61,2
DA:71,2
DA:72,2
DA:74,2
DA:88,3
DA:93,3
DA:94,1
DA:122,2
DA:123,2
DA:126,2
DA:131,2
DA:140,2
DA:141,1
DA:149,2
DA:182,2
DA:187,2
DA:188,1
DA:189,1
DA:191,1
DA:192,7
DA:193,7
DA:194,7
DA:206,1
DA:222,1
DA:227,1
DA:229,1
DA:231,2
DA:237,1
DA:238,1
DA:240,1
DA:241,7
DA:242,7
DA:243,7
DA:256,1
DA:257,1
DA:258,1
DA:259,1
DA:260,1
DA:261,1
DA:262,1
DA:264,1
DA:281,2
DA:284,2
DA:289,5
DA:290,2
DA:293,2
DA:295,5
DA:298,2
DA:299,5
DA:301,2
DA:303,5
DA:306,2
DA:308,2
DA:323,0
DA:326,0
DA:336,0
DA:337,0
DA:340,0
DA:341,0
DA:342,0
DA:343,0
DA:344,0
DA:345,0
DA:348,0
DA:349,0
DA:352,0
DA:369,0
DA:370,0
DA:374,0
DA:376,0
DA:377,0
DA:378,0
DA:380,0
DA:407,0
DA:414,0
DA:416,0
DA:443,0
DA:444,0
DA:448,0
DA:449,0
DA:450,0
DA:451,0
DA:453,0
DA:468,0
DA:480,0
DA:482,0
DA:497,0
DA:498,0
DA:500,0
DA:501,0
DA:502,0
DA:503,0
DA:504,0
DA:507,0
DA:522,0
DA:523,0
DA:526,0
DA:527,0
DA:528,0
DA:537,0
DA:542,0
DA:552,0
DA:560,0
DA:561,0
DA:562,0
DA:564,0
DA:594,0
DA:595,0
DA:597,0
DA:598,0
DA:599,0
DA:600,0
DA:604,0
DA:605,0
DA:606,0
DA:607,0
DA:610,0
DA:611,0
DA:612,0
DA:613,0
DA:615,0
DA:617,0
DA:619,0
DA:623,0
DA:641,0
DA:651,0
DA:658,0
DA:659,0
DA:664,0
DA:671,0
DA:672,0
DA:673,0
DA:675,0
DA:676,0
DA:677,0
DA:678,0
DA:681,0
DA:682,0
DA:683,0
DA:684,0
DA:687,0
DA:688,0
DA:691,0
LF:164
LH:74
BRDA:61,0,0,2
BRDA:61,0,1,0
BRDA:93,1,0,1
BRDA:93,1,1,2
BRDA:122,2,0,2
BRDA:122,2,1,0
BRDA:123,3,0,2
BRDA:123,3,1,0
BRDA:133,4,0,2
BRDA:133,4,1,0
BRDA:134,5,0,2
BRDA:134,5,1,0
BRDA:140,6,0,1
BRDA:140,6,1,1
BRDA:151,7,0,2
BRDA:151,7,1,1
BRDA:158,8,0,2
BRDA:158,8,1,1
BRDA:159,9,0,2
BRDA:159,9,1,1
BRDA:168,10,0,2
BRDA:168,10,1,1
BRDA:169,11,0,2
BRDA:169,11,1,1
BRDA:170,12,0,2
BRDA:170,12,1,1
BRDA:171,13,0,2
BRDA:171,13,1,1
BRDA:187,14,0,1
BRDA:187,14,1,1
BRDA:229,15,0,1
BRDA:229,15,1,0
BRDA:231,16,0,2
BRDA:231,16,1,0
BRDA:256,17,0,1
BRDA:256,17,1,0
BRDA:279,18,0,0
BRDA:295,19,0,5
BRDA:295,19,1,4
BRDA:303,20,0,5
BRDA:303,20,1,4
BRDA:319,21,0,0
BRDA:349,22,0,0
BRDA:349,22,1,0
BRDA:369,23,0,0
BRDA:369,23,1,0
BRDA:374,24,0,0
BRDA:374,24,1,0
BRDA:443,25,0,0
BRDA:443,25,1,0
BRDA:448,26,0,0
BRDA:448,26,1,0
BRDA:590,27,0,0
BRDA:610,28,0,0
BRDA:610,28,1,0
BRDA:610,29,0,0
BRDA:610,29,1,0
BRDA:612,30,0,0
BRDA:612,30,1,0
BRDA:612,31,0,0
BRDA:612,31,1,0
BRDA:647,32,0,0
BRDA:671,33,0,0
BRDA:671,33,1,0
BRDA:683,34,0,0
BRDA:683,34,1,0
BRDA:683,35,0,0
BRDA:683,35,1,0
BRDA:27,36,0,2
BRDA:27,36,1,0
BRDA:27,37,0,2
BRDA:27,37,1,2
BRDA:27,38,0,2
BRDA:27,38,1,0
BRDA:27,39,0,2
BRDA:27,39,1,2
BRDA:29,40,0,2
BRDA:29,40,1,0
BRDA:29,41,0,2
BRDA:29,41,1,2
BRDA:31,42,0,2
BRDA:31,42,1,0
BRDA:31,43,0,2
BRDA:31,43,1,2
BRDA:33,44,0,2
BRDA:33,44,1,0
BRDA:33,45,0,2
BRDA:33,45,1,2
BRDA:35,46,0,2
BRDA:35,46,1,0
BRDA:35,47,0,2
BRDA:35,47,1,2
BRDA:37,48,0,2
BRDA:37,48,1,0
BRDA:37,49,0,2
BRDA:37,49,1,2
BRF:96
BRH:53
end_of_record
TN:
SF:src\modules\data-analytics\data-analytics.module.ts
FNF:0
FNH:0
DA:1,0
DA:2,0
DA:3,0
DA:4,0
DA:5,0
DA:6,0
DA:7,0
DA:8,0
DA:9,0
DA:10,0
DA:11,0
DA:12,0
DA:13,0
DA:14,0
DA:15,0
DA:16,0
DA:17,0
DA:18,0
DA:19,0
DA:20,0
DA:21,0
DA:22,0
DA:23,0
DA:24,0
DA:25,0
DA:26,0
DA:27,0
DA:28,0
DA:29,0
DA:30,0
DA:31,0
DA:32,0
DA:83,0
LF:33
LH:0
BRF:0
BRH:0
end_of_record
TN:
SF:src\modules\data-analytics\controllers\content-generation.controller.ts
FN:20,(anonymous_4)
FN:31,(anonymous_5)
FN:69,(anonymous_6)
FN:132,(anonymous_7)
FN:162,(anonymous_8)
FN:178,(anonymous_9)
FNF:6
FNH:0
FNDA:0,(anonymous_4)
FNDA:0,(anonymous_5)
FNDA:0,(anonymous_6)
FNDA:0,(anonymous_7)
FNDA:0,(anonymous_8)
FNDA:0,(anonymous_9)
DA:1,0
DA:12,0
DA:13,0
DA:14,0
DA:15,0
DA:16,0
DA:19,0
DA:21,0
DA:22,0
DA:31,0
DA:32,0
DA:33,0
DA:44,0
DA:53,0
DA:69,0
DA:72,0
DA:73,0
DA:76,0
DA:92,0
DA:96,0
DA:102,0
DA:110,0
DA:118,0
DA:132,0
DA:133,0
DA:135,0
DA:136,0
DA:139,0
DA:142,0
DA:148,0
DA:162,0
DA:163,0
DA:164,0
DA:178,0
DA:179,0
DA:180,0
LF:36
LH:0
BRDA:57,0,0,0
BRDA:57,0,1,0
BRDA:83,1,0,0
BRDA:83,1,1,0
BRDA:86,2,0,0
BRDA:86,2,1,0
BRDA:122,3,0,0
BRDA:122,3,1,0
BRDA:135,4,0,0
BRDA:135,4,1,0
BRDA:152,5,0,0
BRDA:152,5,1,0
BRDA:31,6,0,0
BRDA:31,6,1,0
BRDA:31,7,0,0
BRDA:31,7,1,0
BRDA:70,8,0,0
BRDA:70,8,1,0
BRDA:70,9,0,0
BRDA:70,9,1,0
BRDA:132,10,0,0
BRDA:132,10,1,0
BRDA:132,11,0,0
BRDA:132,11,1,0
BRDA:21,12,0,0
BRDA:21,12,1,0
BRDA:21,13,0,0
BRDA:21,13,1,0
BRDA:21,14,0,0
BRDA:21,14,1,0
BRDA:21,15,0,0
BRDA:21,15,1,0
BRF:32
BRH:0
end_of_record
TN:
SF:src\modules\data-analytics\controllers\demo.controller.ts
FN:15,(anonymous_4)
FN:22,(anonymous_5)
FN:40,(anonymous_6)
FN:52,(anonymous_7)
FN:61,(anonymous_8)
FN:82,(anonymous_9)
FN:158,(anonymous_10)
FN:184,(anonymous_11)
FN:207,(anonymous_12)
FN:249,(anonymous_13)
FN:274,(anonymous_14)
FN:299,(anonymous_15)
FN:324,(anonymous_16)
FNF:13
FNH:0
FNDA:0,(anonymous_4)
FNDA:0,(anonymous_5)
FNDA:0,(anonymous_6)
FNDA:0,(anonymous_7)
FNDA:0,(anonymous_8)
FNDA:0,(anonymous_9)
FNDA:0,(anonymous_10)
FNDA:0,(anonymous_11)
FNDA:0,(anonymous_12)
FNDA:0,(anonymous_13)
FNDA:0,(anonymous_14)
FNDA:0,(anonymous_15)
FNDA:0,(anonymous_16)
DA:1,0
DA:11,0
DA:14,0
DA:15,0
DA:22,0
DA:23,0
DA:24,0
DA:28,0
DA:40,0
DA:52,0
DA:61,0
DA:67,0
DA:82,0
DA:83,0
DA:85,0
DA:139,0
DA:144,0
DA:158,0
DA:159,0
DA:160,0
DA:164,0
DA:170,0
DA:184,0
DA:185,0
DA:186,0
DA:188,0
DA:193,0
DA:207,0
DA:211,0
DA:213,0
DA:214,0
DA:224,0
DA:233,0
DA:249,0
DA:250,0
DA:251,0
DA:255,0
DA:260,0
DA:274,0
DA:275,0
DA:276,0
DA:280,0
DA:285,0
DA:299,0
DA:300,0
DA:301,0
DA:305,0
DA:310,0
DA:324,0
DA:325,0
DA:326,0
DA:330,0
DA:335,0
LF:53
LH:0
BRDA:25,0,0,0
BRDA:25,0,1,0
BRDA:37,1,0,0
BRDA:37,1,1,0
BRDA:60,2,0,0
BRDA:60,2,1,0
BRDA:71,3,0,0
BRDA:71,3,1,0
BRDA:148,4,0,0
BRDA:148,4,1,0
BRDA:161,5,0,0
BRDA:161,5,1,0
BRDA:174,6,0,0
BRDA:174,6,1,0
BRDA:197,7,0,0
BRDA:197,7,1,0
BRDA:213,8,0,0
BRDA:213,8,1,0
BRDA:213,9,0,0
BRDA:213,9,1,0
BRDA:252,10,0,0
BRDA:252,10,1,0
BRDA:264,11,0,0
BRDA:264,11,1,0
BRDA:277,12,0,0
BRDA:277,12,1,0
BRDA:289,13,0,0
BRDA:289,13,1,0
BRDA:302,14,0,0
BRDA:302,14,1,0
BRDA:314,15,0,0
BRDA:314,15,1,0
BRDA:327,16,0,0
BRDA:327,16,1,0
BRDA:339,17,0,0
BRDA:339,17,1,0
BRDA:15,18,0,0
BRDA:15,18,1,0
BRDA:15,19,0,0
BRDA:15,19,1,0
BRF:40
BRH:0
end_of_record
TN:
SF:src\modules\data-analytics\controllers\marketing-campaign.controller.ts
FN:23,(anonymous_4)
FN:32,(anonymous_5)
FN:49,(anonymous_6)
FN:88,(anonymous_7)
FN:109,(anonymous_8)
FN:138,(anonymous_9)
FN:156,(anonymous_10)
FNF:7
FNH:0
FNDA:0,(anonymous_4)
FNDA:0,(anonymous_5)
FNDA:0,(anonymous_6)
FNDA:0,(anonymous_7)
FNDA:0,(anonymous_8)
FNDA:0,(anonymous_9)
FNDA:0,(anonymous_10)
DA:1,0
DA:13,0
DA:16,0
DA:17,0
DA:18,0
DA:19,0
DA:22,0
DA:25,0
DA:26,0
DA:32,0
DA:33,0
DA:39,0
DA:41,0
DA:49,0
DA:55,0
DA:56,0
DA:58,0
DA:59,0
DA:62,0
DA:63,0
DA:66,0
DA:73,0
DA:88,0
DA:89,0
DA:94,0
DA:95,0
DA:101,0
DA:109,0
DA:113,0
DA:117,0
DA:118,0
DA:125,0
DA:127,0
DA:128,0
DA:130,0
DA:138,0
DA:139,0
DA:140,0
DA:142,0
DA:149,0
DA:157,0
DA:159,0
DA:160,0
DA:163,0
DA:164,0
DA:167,0
DA:168,0
DA:171,0
DA:172,0
DA:175,0
DA:176,0
DA:179,0
LF:52
LH:0
BRDA:52,0,0,0
BRDA:53,1,0,0
BRDA:58,2,0,0
BRDA:58,2,1,0
BRDA:62,3,0,0
BRDA:62,3,1,0
BRDA:94,4,0,0
BRDA:94,4,1,0
BRDA:117,5,0,0
BRDA:117,5,1,0
BRDA:151,6,0,0
BRDA:151,6,1,0
BRDA:159,7,0,0
BRDA:159,7,1,0
BRDA:163,8,0,0
BRDA:163,8,1,0
BRDA:167,9,0,0
BRDA:167,9,1,0
BRDA:171,10,0,0
BRDA:171,10,1,0
BRDA:175,11,0,0
BRDA:175,11,1,0
BRDA:32,12,0,0
BRDA:32,12,1,0
BRDA:32,13,0,0
BRDA:32,13,1,0
BRDA:51,14,0,0
BRDA:51,14,1,0
BRDA:51,15,0,0
BRDA:51,15,1,0
BRDA:111,16,0,0
BRDA:111,16,1,0
BRDA:111,17,0,0
BRDA:111,17,1,0
BRDA:25,18,0,0
BRDA:25,18,1,0
BRDA:25,19,0,0
BRDA:25,19,1,0
BRDA:25,20,0,0
BRDA:25,20,1,0
BRDA:25,21,0,0
BRDA:25,21,1,0
BRF:42
BRH:0
end_of_record
TN:
SF:src\modules\data-analytics\controllers\marketing-strategy.controller.ts
FN:20,(anonymous_4)
FN:28,(anonymous_5)
FN:47,(anonymous_6)
FN:54,(anonymous_7)
FN:69,(anonymous_8)
FN:88,(anonymous_9)
FN:102,(anonymous_10)
FN:132,(anonymous_11)
FN:138,(anonymous_12)
FN:143,(anonymous_13)
FN:148,(anonymous_14)
FN:155,(anonymous_15)
FN:170,(anonymous_16)
FNF:13
FNH:0
FNDA:0,(anonymous_4)
FNDA:0,(anonymous_5)
FNDA:0,(anonymous_6)
FNDA:0,(anonymous_7)
FNDA:0,(anonymous_8)
FNDA:0,(anonymous_9)
FNDA:0,(anonymous_10)
FNDA:0,(anonymous_11)
FNDA:0,(anonymous_12)
FNDA:0,(anonymous_13)
FNDA:0,(anonymous_14)
FNDA:0,(anonymous_15)
FNDA:0,(anonymous_16)
DA:1,0
DA:12,0
DA:13,0
DA:14,0
DA:15,0
DA:16,0
DA:19,0
DA:21,0
DA:22,0
DA:28,0
DA:29,0
DA:36,0
DA:47,0
DA:49,0
DA:50,0
DA:54,0
DA:56,0
DA:58,0
DA:69,0
DA:70,0
DA:72,0
DA:74,0
DA:80,0
DA:88,0
DA:90,0
DA:92,0
DA:103,0
DA:109,0
DA:110,0
DA:111,0
DA:112,0
DA:113,0
DA:114,0
DA:116,0
DA:117,0
DA:121,0
DA:122,0
DA:123,0
DA:124,0
DA:126,0
DA:129,0
DA:133,0
DA:134,0
DA:137,0
DA:138,0
DA:142,0
DA:143,0
DA:144,0
DA:147,0
DA:148,0
DA:152,0
DA:156,0
DA:157,0
DA:160,0
DA:161,0
DA:170,0
DA:174,0
DA:176,0
DA:177,0
DA:178,0
DA:188,0
DA:189,0
DA:190,0
DA:200,0
DA:217,0
DA:222,0
DA:230,0
DA:231,0
DA:244,0
DA:256,0
LF:70
LH:0
BRDA:33,0,0,0
BRDA:33,0,1,0
BRDA:82,1,0,0
BRDA:82,1,1,0
BRDA:109,2,0,0
BRDA:109,2,1,0
BRDA:112,3,0,0
BRDA:112,3,1,0
BRDA:121,4,0,0
BRDA:121,4,1,0
BRDA:123,5,0,0
BRDA:123,5,1,0
BRDA:133,6,0,0
BRDA:133,6,1,0
BRDA:144,7,0,0
BRDA:144,7,1,0
BRDA:148,8,0,0
BRDA:148,8,1,0
BRDA:156,9,0,0
BRDA:156,9,1,0
BRDA:177,10,0,0
BRDA:177,10,1,0
BRDA:189,11,0,0
BRDA:189,11,1,0
BRDA:204,12,0,0
BRDA:204,12,1,0
BRDA:217,13,0,0
BRDA:217,13,1,0
BRDA:217,13,2,0
BRDA:230,14,0,0
BRDA:230,14,1,0
BRDA:233,15,0,0
BRDA:233,15,1,0
BRDA:260,16,0,0
BRDA:260,16,1,0
BRDA:28,17,0,0
BRDA:28,17,1,0
BRDA:28,18,0,0
BRDA:28,18,1,0
BRDA:172,19,0,0
BRDA:172,19,1,0
BRDA:172,20,0,0
BRDA:172,20,1,0
BRDA:21,21,0,0
BRDA:21,21,1,0
BRDA:21,22,0,0
BRDA:21,22,1,0
BRDA:21,23,0,0
BRDA:21,23,1,0
BRDA:21,24,0,0
BRDA:21,24,1,0
BRF:51
BRH:0
end_of_record
TN:
SF:src\modules\data-analytics\controllers\mock-data.controller.ts
FN:14,(anonymous_4)
FN:18,(anonymous_5)
FN:43,(anonymous_6)
FN:63,(anonymous_7)
FN:80,(anonymous_8)
FNF:5
FNH:0
FNDA:0,(anonymous_4)
FNDA:0,(anonymous_5)
FNDA:0,(anonymous_6)
FNDA:0,(anonymous_7)
FNDA:0,(anonymous_8)
DA:1,0
DA:10,0
DA:13,0
DA:14,0
DA:18,0
DA:19,0
DA:20,0
DA:26,0
DA:27,0
DA:29,0
DA:35,0
DA:43,0
DA:44,0
DA:45,0
DA:47,0
DA:55,0
DA:63,0
DA:64,0
DA:65,0
DA:67,0
DA:73,0
DA:81,0
LF:22
LH:0
BRDA:19,0,0,0
BRDA:19,0,1,0
BRDA:37,1,0,0
BRDA:37,1,1,0
BRDA:49,2,0,0
BRDA:49,2,1,0
BRDA:57,3,0,0
BRDA:57,3,1,0
BRDA:75,4,0,0
BRDA:75,4,1,0
BRDA:14,5,0,0
BRDA:14,5,1,0
BRDA:14,6,0,0
BRDA:14,6,1,0
BRF:14
BRH:0
end_of_record
TN:
SF:src\modules\data-analytics\controllers\report.controller.ts
FN:6,(anonymous_4)
FN:9,(anonymous_5)
FN:31,(anonymous_6)
FN:55,(anonymous_7)
FN:82,(anonymous_8)
FN:107,(anonymous_9)
FN:111,(anonymous_10)
FN:116,(anonymous_11)
FN:125,(anonymous_12)
FN:140,(anonymous_13)
FN:143,(anonymous_14)
FN:144,(anonymous_15)
FNF:12
FNH:0
FNDA:0,(anonymous_4)
FNDA:0,(anonymous_5)
FNDA:0,(anonymous_6)
FNDA:0,(anonymous_7)
FNDA:0,(anonymous_8)
FNDA:0,(anonymous_9)
FNDA:0,(anonymous_10)
FNDA:0,(anonymous_11)
FNDA:0,(anonymous_12)
FNDA:0,(anonymous_13)
FNDA:0,(anonymous_14)
FNDA:0,(anonymous_15)
DA:1,0
DA:2,0
DA:5,0
DA:6,0
DA:9,0
DA:10,0
DA:11,0
DA:13,0
DA:23,0
DA:31,0
DA:32,0
DA:34,0
DA:36,0
DA:46,0
DA:55,0
DA:60,0
DA:62,0
DA:63,0
DA:68,0
DA:74,0
DA:82,0
DA:87,0
DA:88,0
DA:90,0
DA:91,0
DA:92,0
DA:93,0
DA:95,0
DA:102,0
DA:107,0
DA:111,0
DA:116,0
DA:125,0
DA:126,0
DA:135,0
DA:140,0
DA:143,0
DA:144,0
LF:38
LH:0
BRDA:25,0,0,0
BRDA:25,0,1,0
BRDA:48,1,0,0
BRDA:48,1,1,0
BRDA:58,2,0,0
BRDA:76,3,0,0
BRDA:76,3,1,0
BRDA:84,4,0,0
BRDA:6,5,0,0
BRDA:6,5,1,0
BRDA:6,6,0,0
BRDA:6,6,1,0
BRF:12
BRH:0
end_of_record
TN:
SF:src\modules\data-analytics\controllers\user-behavior.controller.ts
FN:18,(anonymous_4)
FN:23,(anonymous_5)
FN:39,(anonymous_6)
FN:63,(anonymous_7)
FN:77,(anonymous_8)
FNF:5
FNH:0
FNDA:0,(anonymous_4)
FNDA:0,(anonymous_5)
FNDA:0,(anonymous_6)
FNDA:0,(anonymous_7)
FNDA:0,(anonymous_8)
DA:1,0
DA:12,0
DA:13,0
DA:17,0
DA:18,0
DA:23,0
DA:26,0
DA:39,0
DA:44,0
DA:51,0
DA:56,0
DA:63,0
DA:65,0
DA:67,0
DA:78,0
DA:79,0
DA:81,0
DA:82,0
DA:83,0
DA:84,0
DA:85,0
DA:86,0
DA:88,0
DA:91,0
LF:24
LH:0
BRDA:45,0,0,0
BRDA:45,0,1,0
BRDA:48,1,0,0
BRDA:48,1,1,0
BRDA:81,2,0,0
BRDA:81,2,1,0
BRDA:83,3,0,0
BRDA:83,3,1,0
BRDA:85,4,0,0
BRDA:85,4,1,0
BRDA:23,5,0,0
BRDA:23,5,1,0
BRDA:23,6,0,0
BRDA:23,6,1,0
BRDA:18,7,0,0
BRDA:18,7,1,0
BRDA:18,8,0,0
BRDA:18,8,1,0
BRF:18
BRH:0
end_of_record
TN:
SF:src\modules\data-analytics\dto\create-campaign.dto.ts
[...]
FN:429,(anonymous_37)
FN:437,(anonymous_38)
FNF:39
FNH:29
FNDA:20,(anonymous_0)
FNDA:3,(anonymous_1)
FNDA:6,(anonymous_2)
FNDA:4,(anonymous_3)
FNDA:15,(anonymous_4)
FNDA:1,(anonymous_5)
FNDA:2,(anonymous_6)
FNDA:1,(anonymous_7)
FNDA:1,(anonymous_8)
FNDA:1,(anonymous_9)
FNDA:1,(anonymous_10)
FNDA:1,(anonymous_11)
FNDA:1,(anonymous_12)
FNDA:1,(anonymous_13)
FNDA:2,(anonymous_14)
FNDA:1,(anonymous_15)
FNDA:3,(anonymous_16)
FNDA:1,(anonymous_17)
FNDA:1,(anonymous_18)
FNDA:1,(anonymous_19)
FNDA:1,(anonymous_20)
FNDA:1,(anonymous_21)
FNDA:0,(anonymous_22)
FNDA:0,(anonymous_23)
FNDA:0,(anonymous_24)
FNDA:0,(anonymous_25)
FNDA:1,(anonymous_26)
FNDA:1,(anonymous_27)
FNDA:0,(anonymous_28)
FNDA:0,(anonymous_29)
FNDA:0,(anonymous_30)
FNDA:1,(anonymous_31)
FNDA:1,(anonymous_32)
FNDA:0,(anonymous_33)
FNDA:1,(anonymous_34)
FNDA:0,(anonymous_35)
FNDA:1,(anonymous_36)
FNDA:1,(anonymous_37)
FNDA:0,(anonymous_38)
DA:31,1
DA:38,20
DA:39,20
DA:40,20
DA:41,20
DA:45,3
DA:49,6
DA:53,6
DA:54,6
DA:62,4
DA:64,4
DA:74,0
DA:86,15
DA:95,20
DA:104,1
DA:109,1
DA:112,1
DA:123,2
DA:126,2
DA:134,1
DA:144,1
DA:145,1
DA:150,1
DA:155,1
DA:182,1
DA:187,1
DA:189,1
DA:206,1
DA:211,1
DA:213,1
DA:226,2
DA:253,1
DA:254,3
DA:256,1
DA:268,20
DA:272,1
DA:277,1
DA:280,1
DA:285,1
DA:289,1
DA:291,1
DA:295,1
DA:297,1
DA:299,0
DA:300,0
DA:303,0
DA:304,0
DA:311,1
DA:326,1
DA:327,1
DA:328,1
DA:336,0
DA:340,0
DA:342,0
DA:351,0
DA:353,0
DA:354,0
DA:362,0
DA:371,1
DA:372,1
DA:373,8
DA:374,8
DA:376,1
DA:390,1
DA:392,1
DA:394,1
DA:395,0
DA:396,0
DA:400,1
DA:408,1
DA:411,1
DA:416,0
DA:423,1
DA:434,1
DA:436,1
DA:438,0
LF:76
LH:60
BRDA:53,0,0,6
BRDA:53,0,1,6
BRDA:69,1,0,4
BRDA:69,1,1,4
BRDA:78,2,0,0
BRDA:78,2,1,0
BRDA:95,3,0,20
BRDA:95,3,1,20
BRDA:144,4,0,1
BRDA:144,4,1,1
BRDA:157,5,0,0
BRDA:157,5,1,1
BRDA:163,6,0,0
BRDA:163,6,1,1
BRDA:207,7,0,1
BRDA:207,7,1,1
BRDA:273,8,0,1
BRDA:273,8,1,1
BRDA:286,9,0,1
BRDA:286,9,1,1
BRDA:291,10,0,0
BRDA:291,10,1,1
BRDA:394,11,0,0
BRDA:394,11,1,1
BRDA:396,12,0,0
BRDA:396,12,1,0
BRF:26
BRH:18
end_of_record
TN:
SF:src\shared\cloud\utils\retry.ts
FN:16,(anonymous_0)
FN:26,(anonymous_1)
FN:38,withRetry
FN:94,isErrorRetryable
FN:127,sleep
FN:128,(anonymous_5)
FN:134,createRetryWrapper
FN:135,retryWrapper
FN:160,(anonymous_8)
FNF:9
FNH:9
FNDA:2,(anonymous_0)
FNDA:2,(anonymous_1)
FNDA:10,withRetry
FNDA:7,isErrorRetryable
FNDA:7,sleep
FNDA:7,(anonymous_5)
FNDA:1,createRetryWrapper
FNDA:1,retryWrapper
FNDA:1,(anonymous_8)
DA:15,2
DA:18,2
DA:20,2
DA:21,2
DA:25,2
DA:28,2
DA:30,2
DA:31,2
DA:38,2
DA:49,10
DA:52,10
DA:54,10
DA:55,16
DA:56,16
DA:58,7
DA:61,7
DA:63,7
DA:64,1
DA:71,6
DA:72,3
DA:75,6
DA:80,6
DA:83,6
DA:88,0
DA:98,7
DA:101,7
DA:102,1
DA:106,6
DA:107,0
DA:111,6
DA:112,9
DA:113,1
DA:114,1
DA:116,8
DA:117,4
DA:121,1
DA:127,2
DA:128,7
DA:134,2
DA:135,1
DA:136,1
DA:143,2
DA:161,1
LF:43
LH:41
BRDA:40,0,0,1
BRDA:43,1,0,1
BRDA:44,2,0,1
BRDA:45,3,0,6
BRDA:46,4,0,6
BRDA:47,5,0,5
BRDA:58,6,0,7
BRDA:58,6,1,0
BRDA:63,7,0,1
BRDA:63,7,1,6
BRDA:63,8,0,7
BRDA:63,8,1,6
BRDA:71,9,0,3
BRDA:71,9,1,3
BRDA:101,10,0,1
BRDA:101,10,1,6
BRDA:106,11,0,0
BRDA:106,11,1,6
BRDA:112,12,0,1
BRDA:112,12,1,8
BRDA:113,13,0,1
BRDA:113,13,1,0
BRDA:116,14,0,4
BRDA:116,14,1,4
BRF:24
BRH:21
end_of_record
TN:
SF:src\shared\enums\account-status.enum.ts
FN:1,(anonymous_0)
FNF:1
FNH:1
FNDA:5,(anonymous_0)
DA:1,5
DA:2,5
DA:3,5
DA:4,5
LF:4
LH:4
BRDA:1,0,0,5
BRDA:1,0,1,5
BRF:2
BRH:2
end_of_record
TN:
SF:src\shared\enums\campaign-status.enum.ts
FN:1,(anonymous_0)
FNF:1
FNH:1
FNDA:4,(anonymous_0)
DA:1,4
DA:2,4
DA:3,4
DA:4,4
DA:5,4
LF:5
LH:5
BRDA:1,0,0,4
BRDA:1,0,1,4
BRF:2
BRH:2
end_of_record
TN:
SF:src\shared\enums\campaign-type.enum.ts
FN:1,(anonymous_0)
FNF:1
FNH:1
FNDA:3,(anonymous_0)
DA:1,3
DA:2,3
DA:3,3
DA:4,3
LF:4
LH:4
BRDA:1,0,0,3
BRDA:1,0,1,3
BRF:2
BRH:2
end_of_record
TN:
SF:src\shared\enums\customer-type.enum.ts
FN:1,(anonymous_0)
FNF:1
FNH:1
FNDA:3,(anonymous_0)
DA:1,3
DA:3,3
DA:6,3
DA:9,3
DA:12,3
DA:15,3
DA:18,3
LF:7
LH:7
BRDA:1,0,0,3
BRDA:1,0,1,3
BRF:2
BRH:2
end_of_record
TN:
SF:src\shared\enums\data-import-status.enum.ts
FN:1,(anonymous_0)
FNF:1
FNH:1
FNDA:3,(anonymous_0)
DA:1,3
DA:3,3
DA:6,3
DA:9,3
DA:12,3
DA:15,3
DA:18,3
LF:7
LH:7
BRDA:1,0,0,3
BRDA:1,0,1,3
BRF:2
BRH:2
end_of_record
TN:
SF:src\shared\enums\generation-method.enum.ts
FN:1,(anonymous_0)
FNF:1
FNH:1
FNDA:5,(anonymous_0)
DA:1,5
DA:2,5
DA:3,5
DA:4,5
LF:4
LH:4
BRDA:1,0,0,5
BRDA:1,0,1,5
BRF:2
BRH:2
end_of_record
TN:
SF:src\shared\enums\industry.enum.ts
FN:1,(anonymous_0)
FNF:1
FNH:1
FNDA:3,(anonymous_0)
DA:1,3
DA:3,3
DA:6,3
DA:9,3
DA:12,3
DA:15,3
DA:18,3
DA:21,3
DA:24,3
DA:27,3
DA:30,3
DA:33,3
DA:36,3
DA:39,3
DA:42,3
DA:45,3
LF:16
LH:16
BRDA:1,0,0,3
BRDA:1,0,1,3
BRF:2
BRH:2
end_of_record
TN:
SF:src\shared\enums\platform.enum.ts
FN:1,(anonymous_0)
FNF:1
FNH:1
FNDA:9,(anonymous_0)
DA:1,9
DA:2,9
DA:3,9
DA:4,9
DA:5,9
DA:6,9
DA:7,9
LF:7
LH:7
BRDA:1,0,0,9
BRDA:1,0,1,9
BRF:2
BRH:2
end_of_record
TN:
SF:src\shared\enums\source-type.enum.ts
FN:1,(anonymous_0)
FNF:1
FNH:1
FNDA:3,(anonymous_0)
DA:1,3
DA:3,3
DA:6,3
DA:9,3
DA:12,3
DA:15,3
DA:18,3
DA:21,3
LF:8
LH:8
BRDA:1,0,0,3
BRDA:1,0,1,3
BRF:2
BRH:2
end_of_record
TN:
SF:src\shared\enums\strategy-type.enum.ts
FN:1,(anonymous_0)
FNF:1
FNH:1
FNDA:3,(anonymous_0)
DA:1,3
DA:2,3
DA:3,3
DA:4,3
DA:5,3
LF:5
LH:5
BRDA:1,0,0,3
BRDA:1,0,1,3
BRF:2
BRH:2
end_of_record
TN:
SF:src\shared\enums\task-status.enum.ts
FN:1,(anonymous_0)
FNF:1
FNH:1
FNDA:5,(anonymous_0)
DA:1,5
DA:2,5
DA:3,5
DA:4,5
DA:5,5
LF:5
LH:5
BRDA:1,0,0,5
BRDA:1,0,1,5
BRF:2
BRH:2
end_of_record
TN:
SF:src\shared\enums\user-behavior-event.enum.ts
FN:1,(anonymous_0)
FNF:1
FNH:1
FNDA:3,(anonymous_0)
DA:1,3
DA:2,3
DA:3,3
DA:4,3
DA:5,3
DA:6,3
DA:7,3
DA:8,3
DA:9,3
LF:9
LH:9
BRDA:1,0,0,3
BRDA:1,0,1,3
BRF:2
BRH:2
end_of_record
TN:
SF:src\shared\enums\workflow-status.enum.ts
FN:4,(anonymous_0)
FN:42,(anonymous_1)
FN:65,(anonymous_2)
FN:85,(anonymous_3)
FNF:4
FNH:4
FNDA:1,(anonymous_0)
FNDA:1,(anonymous_1)
FNDA:1,(anonymous_2)
FNDA:1,(anonymous_3)
DA:4,1
DA:6,1
DA:9,1
DA:12,1
DA:15,1
DA:18,1
DA:21,1
DA:24,1
DA:27,1
DA:30,1
DA:33,1
DA:36,1
DA:42,1
DA:44,1
DA:47,1
DA:50,1
DA:53,1
DA:56,1
DA:59,1
DA:65,1
DA:67,1
DA:70,1
DA:73,1
DA:76,1
DA:79,1
DA:85,1
DA:87,1
DA:90,1
DA:93,1
DA:96,1
DA:99,1
DA:102,1
LF:32
LH:32
BRDA:4,0,0,1
BRDA:4,0,1,1
BRDA:42,1,0,1
BRDA:42,1,1,1
BRDA:65,2,0,1
BRDA:65,2,1,1
BRDA:85,3,0,1
BRDA:85,3,1,1
BRF:8
BRH:8
end_of_record
TN:
SF:src\shared\repositories\base.repository.ts
FN:23,(anonymous_0)
FN:44,(anonymous_1)
FN:64,(anonymous_2)
FN:86,(anonymous_3)
FN:110,(anonymous_4)
FN:127,(anonymous_5)
FN:146,(anonymous_6)
FN:166,(anonymous_7)
FN:187,(anonymous_8)
FN:203,(anonymous_9)
FN:229,(anonymous_10)
FNF:11
FNH:11
FNDA:2,(anonymous_0)
FNDA:1,(anonymous_1)
FNDA:2,(anonymous_2)
FNDA:1,(anonymous_3)
FNDA:1,(anonymous_4)
FNDA:1,(anonymous_5)
FNDA:1,(anonymous_6)
FNDA:2,(anonymous_7)
FNDA:18,(anonymous_8)
FNDA:6,(anonymous_9)
FNDA:2,(anonymous_10)
DA:1,10
DA:9,10
DA:15,10
DA:18,48
DA:27,2
DA:28,2
DA:29,2
DA:30,1
DA:31,1
DA:33,1
DA:37,1
DA:45,1
DA:46,1
DA:49,1
DA:50,1
DA:51,1
DA:53,0
DA:57,0
DA:65,2
DA:66,2
DA:67,2
DA:68,2
DA:69,1
DA:71,1
DA:73,2
DA:75,0
DA:79,0
DA:87,1
DA:88,1
DA:91,1
DA:92,1
DA:93,1
DA:95,0
DA:97,1
DA:99,0
DA:103,0
DA:111,1
DA:112,1
DA:113,1
DA:114,1
DA:116,0
DA:120,0
DA:128,1
DA:129,1
DA:132,1
DA:133,1
DA:135,0
DA:139,0
DA:147,1
DA:148,1
DA:151,1
DA:152,1
DA:153,1
DA:155,0
DA:159,0
DA:167,2
DA:168,2
DA:171,2
DA:172,2
DA:173,2
DA:174,2
DA:176,0
DA:180,0
DA:188,18
DA:189,18
DA:190,18
DA:192,0
DA:196,0
DA:205,6
DA:208,6
DA:209,1
DA:210,5
DA:211,1
DA:212,4
DA:213,0
DA:214,4
DA:215,0
DA:216,4
DA:217,0
DA:221,4
DA:232,2
DA:233,2
DA:234,2
DA:236,2
DA:238,2
DA:241,2
DA:242,1
DA:243,1
DA:245,1
DA:246,1
DA:247,1
DA:249,2
LF:92
LH:72
BRDA:50,0,0,1
BRDA:50,0,1,0
BRDA:68,1,0,1
BRDA:68,1,1,1
BRDA:92,2,0,1
BRDA:92,2,1,0
BRDA:208,3,0,1
BRDA:208,3,1,5
BRDA:210,4,0,1
BRDA:210,4,1,4
BRDA:212,5,0,0
BRDA:212,5,1,4
BRDA:214,6,0,0
BRDA:214,6,1,4
BRDA:216,7,0,0
BRDA:216,7,1,4
BRDA:221,8,0,3
BRDA:221,8,1,1
BRF:18
BRH:13
end_of_record
TN:
SF:src\shared\repositories\customer-profile.repository.ts
FN:9,(anonymous_0)
FNF:1
FNH:0
FNDA:0,(anonymous_0)
DA:1,0
DA:7,0
DA:10,0
LF:3
LH:0
BRF:0
BRH:0
end_of_record
TN:
SF:src\shared\repositories\customer-segment.repository.ts
FN:9,(anonymous_0)
FN:20,(anonymous_1)
FN:29,(anonymous_2)
FN:50,(anonymous_3)
FN:68,(anonymous_4)
FN:73,(anonymous_5)
FNF:6
FNH:0
FNDA:0,(anonymous_0)
FNDA:0,(anonymous_1)
FNDA:0,(anonymous_2)
FNDA:0,(anonymous_3)
FNDA:0,(anonymous_4)
FNDA:0,(anonymous_5)
DA:1,0
DA:7,0
DA:12,0
DA:23,0
DA:32,0
DA:35,0
DA:36,0
DA:41,0
DA:42,0
DA:47,0
DA:56,0
DA:58,0
DA:59,0
DA:67,0
DA:68,0
DA:71,0
DA:72,0
DA:74,0
DA:78,0
LF:19
LH:0
BRDA:21,0,0,0
BRDA:35,1,0,0
BRDA:35,1,1,0
BRDA:41,2,0,0
BRDA:41,2,1,0
BRDA:58,3,0,0
BRDA:58,3,1,0
BRDA:74,4,0,0
BRDA:74,4,1,0
BRF:9
BRH:0
end_of_record
TN:
SF:src\shared\repositories\data-import-job.repository.ts
FN:10,(anonymous_0)
FN:21,(anonymous_1)
FN:28,(anonymous_2)
FN:40,(anonymous_3)
FN:51,(anonymous_4)
FN:54,(anonymous_5)
FN:56,(anonymous_6)
FNF:7
FNH:0
FNDA:0,(anonymous_0)
FNDA:0,(anonymous_1)
FNDA:0,(anonymous_2)
FNDA:0,(anonymous_3)
FNDA:0,(anonymous_4)
FNDA:0,(anonymous_5)
FNDA:0,(anonymous_6)
DA:1,0
DA:3,0
DA:8,0
DA:13,0
DA:22,0
DA:29,0
DA:33,0
DA:34,0
DA:37,0
DA:47,0
DA:49,0
DA:50,0
DA:51,0
DA:53,0
DA:54,0
DA:56,0
DA:57,0
DA:59,0
LF:18
LH:0
BRDA:33,0,0,0
BRDA:33,0,1,0
BRDA:57,1,0,0
BRDA:57,1,1,0
BRF:4
BRH:0
end_of_record
TN:
SF:src\shared\repositories\marketing-campaign.repository.ts
FN:10,(anonymous_0)
FN:17,(anonymous_1)
FN:28,(anonymous_2)
FNF:3
FNH:0
FNDA:0,(anonymous_0)
FNDA:0,(anonymous_1)
FNDA:0,(anonymous_2)
DA:1,1
DA:3,1
DA:8,1
DA:11,0
DA:18,0
DA:19,0
DA:32,0
DA:37,0
DA:38,0
DA:43,0
LF:10
LH:3
BRDA:37,0,0,0
BRDA:37,0,1,0
BRF:2
BRH:0
end_of_record
TN:
SF:src\shared\repositories\marketing-strategy.repository.ts
FN:10,(anonymous_0)
FN:17,(anonymous_1)
FN:24,(anonymous_2)
FN:35,(anonymous_3)
FNF:4
FNH:0
FNDA:0,(anonymous_0)
FNDA:0,(anonymous_1)
FNDA:0,(anonymous_2)
FNDA:0,(anonymous_3)
DA:1,1
DA:8,1
DA:11,0
DA:18,0
DA:27,0
DA:38,0
LF:6
LH:2
BRDA:25,0,0,0
BRF:1
BRH:0
end_of_record
TN:
SF:src\shared\repositories\sharding.repository.ts
FN:23,(anonymous_0)
FN:33,(anonymous_1)
FN:45,(anonymous_2)
FN:60,(anonymous_3)
FN:84,(anonymous_4)
FN:102,(anonymous_5)
FN:123,(anonymous_6)
FN:139,(anonymous_7)
FN:150,(anonymous_8)
FN:171,(anonymous_9)
FN:184,(anonymous_10)
FN:197,(anonymous_11)
FN:203,(anonymous_12)
FN:231,(anonymous_13)
FN:259,(anonymous_14)
FN:271,(anonymous_15)
FNF:16
FNH:3
FNDA:0,(anonymous_0)
FNDA:0,(anonymous_1)
FNDA:0,(anonymous_2)
FNDA:0,(anonymous_3)
FNDA:0,(anonymous_4)
FNDA:0,(anonymous_5)
FNDA:0,(anonymous_6)
FNDA:0,(anonymous_7)
FNDA:0,(anonymous_8)
FNDA:0,(anonymous_9)
FNDA:0,(anonymous_10)
FNDA:0,(anonymous_11)
FNDA:0,(anonymous_12)
FNDA:2,(anonymous_13)
FNDA:2,(anonymous_14)
FNDA:1,(anonymous_15)
DA:3,1
DA:10,1
DA:16,0
DA:25,0
DA:26,0
DA:34,0
DA:35,0
DA:36,0
DA:37,0
DA:39,0
DA:45,0
DA:46,0
DA:47,0
DA:48,0
DA:49,0
DA:50,0
DA:52,0
DA:54,0
DA:64,0
DA:78,0
DA:88,0
DA:95,0
DA:96,0
DA:106,0
DA:116,0
DA:128,0
DA:129,0
DA:133,0
DA:143,0
DA:144,0
DA:151,0
DA:165,0
DA:175,0
DA:179,0
DA:180,0
DA:181,0
DA:182,0
DA:184,0
DA:185,0
DA:186,0
DA:187,0
DA:188,0
DA:189,0
DA:190,0
DA:191,0
DA:195,0
DA:196,0
DA:197,0
DA:203,0
DA:205,0
DA:227,1
DA:235,2
DA:238,2
DA:239,0
DA:243,2
DA:244,0
DA:249,2
DA:263,2
DA:275,1
DA:298,1
LF:60
LH:10
BRDA:50,0,0,0
BRDA:50,0,1,0
BRDA:128,1,0,0
BRDA:128,1,1,0
BRDA:187,2,0,0
BRDA:187,2,1,0
BRDA:189,3,0,0
BRDA:189,3,1,0
BRDA:201,4,0,0
BRDA:201,4,1,0
BRDA:212,5,0,0
BRDA:212,5,1,0
BRDA:233,6,0,0
BRDA:238,7,0,0
BRDA:238,7,1,2
BRDA:243,8,0,0
BRDA:243,8,1,2
BRDA:261,9,0,0
BRDA:273,10,0,1
BRF:19
BRH:3
end_of_record
TN:
SF:src\shared\repositories\tenant.repository.ts
FN:16,(anonymous_0)
FN:23,(anonymous_1)
FN:35,(anonymous_2)
FN:58,(anonymous_3)
FN:72,(anonymous_4)
FN:83,(anonymous_5)
FN:91,(anonymous_6)
FN:105,(anonymous_7)
FN:114,(anonymous_8)
FN:129,(anonymous_9)
FNF:10
FNH:10
FNDA:34,(anonymous_0)
FNDA:33,(anonymous_1)
FNDA:6,(anonymous_2)
FNDA:3,(anonymous_3)
FNDA:2,(anonymous_4)
FNDA:17,(anonymous_5)
FNDA:3,(anonymous_6)
FNDA:2,(anonymous_7)
FNDA:6,(anonymous_8)
FNDA:4,(anonymous_9)
DA:3,9
DA:4,9
DA:10,9
DA:17,34
DA:26,33
DA:27,33
DA:28,33
DA:29,33
DA:36,6
DA:37,6
DA:39,6
DA:40,2
DA:42,6
DA:43,1
DA:45,6
DA:46,1
DA:48,6
DA:49,1
DA:52,6
DA:59,3
DA:60,3
DA:62,3
DA:63,1
DA:66,3
DA:73,2
DA:74,2
DA:75,2
DA:77,2
DA:84,17
DA:85,17
DA:92,3
DA:93,3
DA:95,3
DA:96,1
DA:99,3
DA:108,2
DA:115,6
DA:116,6
DA:117,4
DA:119,2
DA:122,2
DA:134,4
DA:135,4
DA:139,4
LF:44
LH:44
BRDA:39,0,0,2
BRDA:39,0,1,4
BRDA:42,1,0,1
BRDA:42,1,1,5
BRDA:45,2,0,1
BRDA:45,2,1,5
BRDA:48,3,0,1
BRDA:48,3,1,5
BRDA:62,4,0,1
BRDA:62,4,1,2
BRDA:95,5,0,1
BRDA:95,5,1,2
BRDA:141,6,0,4
BRDA:141,6,1,2
BRF:14
BRH:14
end_of_record
TN:
SF:src\shared\repositories\user-behavior.repository.ts
FN:9,(anonymous_0)
FN:24,(anonymous_1)
FN:34,(anonymous_2)
FNF:3
FNH:0
FNDA:0,(anonymous_0)
FNDA:0,(anonymous_1)
FNDA:0,(anonymous_2)
DA:1,1
DA:7,1
DA:14,0
DA:25,0
DA:26,0
DA:28,0
DA:34,0
LF:7
LH:2
BRDA:24,0,0,0
BRF:1
BRH:0
end_of_record
TN:
SF:src\shared\repositories\user.repository.ts
FN:9,(anonymous_0)
FN:15,(anonymous_1)
FNF:2
FNH:0
FNDA:0,(anonymous_0)
FNDA:0,(anonymous_1)
DA:1,4
DA:7,4
DA:10,0
DA:16,0
LF:4
LH:2
BRF:0
BRH:0
end_of_record
TN:
SF:src\shared\services\sharding.service.ts
FN:13,(anonymous_2)
FN:19,(anonymous_3)
FN:49,(anonymous_4)
FN:107,(anonymous_5)
FN:129,(anonymous_6)
FN:144,(anonymous_7)
FN:159,(anonymous_8)
FN:177,(anonymous_9)
FN:201,(anonymous_10)
FN:208,(anonymous_11)
FN:212,(anonymous_12)
FN:223,(anonymous_13)
FN:243,(anonymous_14)
FN:264,(anonymous_15)
FN:294,(anonymous_16)
FN:303,(anonymous_17)
FN:318,(anonymous_18)
FN:361,(anonymous_19)
FN:365,(anonymous_20)
FN:369,(anonymous_21)
FN:370,(anonymous_22)
FNF:21
FNH:16
FNDA:10,(anonymous_2)
FNDA:1,(anonymous_3)
FNDA:5,(anonymous_4)
FNDA:4,(anonymous_5)
FNDA:5,(anonymous_6)
FNDA:7,(anonymous_7)
FNDA:1,(anonymous_8)
FNDA:1,(anonymous_9)
FNDA:2,(anonymous_10)
FNDA:8,(anonymous_11)
FNDA:8,(anonymous_12)
FNDA:1,(anonymous_13)
FNDA:1,(anonymous_14)
FNDA:2,(anonymous_15)
FNDA:2,(anonymous_16)
FNDA:2,(anonymous_17)
FNDA:0,(anonymous_18)
FNDA:0,(anonymous_19)
FNDA:0,(anonymous_20)
FNDA:0,(anonymous_21)
FNDA:0,(anonymous_22)
DA:1,1
DA:2,1
DA:3,1
DA:10,1
DA:11,10
DA:13,10
DA:20,1
DA:28,1
DA:29,1
DA:30,5
DA:31,5
DA:32,5
DA:34,0
DA:35,0
DA:43,1
DA:54,5
DA:55,5
DA:56,4
DA:64,1
DA:65,1
DA:66,0
DA:75,1
DA:76,1
DA:77,0
DA:85,1
DA:86,1
DA:87,1
DA:89,1
DA:90,1
DA:98,0
DA:108,4
DA:123,4
DA:130,5
DA:137,5
DA:138,5
DA:145,7
DA:151,7
DA:152,7
DA:153,3
DA:163,1
DA:170,1
DA:171,1
DA:178,1
DA:195,1
DA:202,2
DA:203,2
DA:204,0
DA:207,2
DA:208,8
DA:211,2
DA:212,2
DA:213,8
DA:214,8
DA:217,2
DA:223,1
DA:247,1
DA:258,1
DA:265,2
DA:266,2
DA:267,0
DA:274,2
DA:275,2
DA:276,2
DA:278,2
DA:295,2
DA:296,2
DA:297,2
DA:305,2
DA:306,2
DA:307,2
DA:308,0
DA:309,0
DA:311,0
DA:319,0
DA:333,0
DA:335,0
DA:349,0
DA:351,0
DA:362,0
DA:364,0
DA:365,0
DA:368,0
DA:369,0
DA:370,0
DA:372,0
DA:374,0
LF:86
LH:63
BRDA:20,0,0,1
BRDA:20,0,1,1
BRDA:51,1,0,5
BRDA:55,2,0,4
BRDA:55,2,1,1
BRDA:65,3,0,0
BRDA:65,3,1,1
BRDA:76,4,0,0
BRDA:76,4,1,1
BRDA:152,5,0,4
BRDA:152,5,1,3
BRDA:152,6,0,7
BRDA:152,6,1,3
BRDA:152,6,2,3
BRDA:203,7,0,0
BRDA:203,7,1,2
BRDA:208,8,0,8
BRDA:208,8,1,0
BRDA:213,9,0,8
BRDA:213,9,1,0
BRDA:226,10,0,1
BRDA:226,10,1,0
BRDA:228,11,0,1
BRDA:228,11,1,0
BRDA:229,12,0,1
BRDA:229,12,1,0
BRDA:234,13,0,1
BRDA:234,13,1,1
BRDA:245,14,0,0
BRDA:266,15,0,0
BRDA:266,15,1,2
BRDA:284,16,0,1
BRDA:284,16,1,1
BRDA:297,17,0,2
BRDA:297,17,1,0
BRDA:306,18,0,2
BRDA:306,18,1,0
BRDA:308,19,0,0
BRDA:308,19,1,0
BRDA:352,20,0,0
BRDA:352,20,1,0
BRDA:362,21,0,0
BRDA:362,21,1,0
BRDA:365,22,0,0
BRDA:365,22,1,0
BRDA:369,23,0,0
BRDA:369,23,1,0
BRDA:370,24,0,0
BRDA:370,24,1,0
BRDA:372,25,0,0
BRDA:372,25,1,0
BRDA:382,26,0,0
BRDA:382,26,1,0
BRDA:13,27,0,1
BRDA:13,27,1,0
BRDA:13,28,0,1
BRDA:13,28,1,1
BRF:57
BRH:28
end_of_record
TN:
SF:src\shared\services\tenant-context.service.ts
FN:16,(anonymous_1)
FN:23,(anonymous_2)
FN:30,(anonymous_3)
FN:42,(anonymous_4)
FNF:4
FNH:4
FNDA:25,(anonymous_1)
FNDA:1,(anonymous_2)
FNDA:21,(anonymous_3)
FNDA:1,(anonymous_4)
DA:1,14
DA:2,14
DA:9,14
DA:11,14
DA:17,25
DA:24,1
DA:31,21
DA:32,21
DA:34,1
DA:36,20
DA:43,1
DA:47,14
LF:12
LH:12
BRDA:32,0,0,1
BRDA:32,0,1,20
BRF:2
BRH:2
end_of_record
TN:
SF:src\shared\subscribers\tenant-filter.subscriber.ts
FN:20,(anonymous_2)
FN:28,(anonymous_3)
FN:35,(anonymous_4)
FN:43,(anonymous_5)
FN:50,(anonymous_6)
FN:62,(anonymous_7)
FN:75,(anonymous_8)
FN:88,(anonymous_9)
FN:112,(anonymous_10)
FNF:9
FNH:8
FNDA:31,(anonymous_2)
FNDA:29,(anonymous_3)
FNDA:8,(anonymous_4)
FNDA:2,(anonymous_5)
FNDA:11,(anonymous_6)
FNDA:5,(anonymous_7)
FNDA:5,(anonymous_8)
FNDA:10,(anonymous_9)
FNDA:0,(anonymous_10)
DA:1,2
DA:12,2
DA:19,2
DA:20,31
DA:22,31
DA:29,29
DA:36,8
DA:51,11
DA:52,7
DA:53,7
DA:54,5
DA:63,5
DA:69,5
DA:76,5
DA:82,5
DA:92,10
DA:96,10
DA:97,10
DA:99,6
DA:103,4
DA:104,4
DA:105,4
DA:109,0
DA:110,0
DA:111,0
DA:112,0
DA:114,0
DA:116,0
DA:120,0
DA:121,0
DA:123,0
DA:127,0
DA:132,0
DA:134,0
DA:138,0
DA:139,0
LF:36
LH:22
BRDA:29,0,0,19
BRDA:29,0,1,10
BRDA:51,1,0,7
BRDA:51,1,1,4
BRDA:53,2,0,5
BRDA:53,2,1,2
BRDA:63,3,0,2
BRDA:63,3,1,3
BRDA:63,4,0,5
BRDA:63,4,1,2
BRDA:76,5,0,2
BRDA:76,5,1,3
BRDA:76,6,0,5
BRDA:76,6,1,2
BRDA:96,7,0,10
BRDA:96,7,1,10
BRDA:96,7,2,6
BRDA:97,8,0,6
BRDA:97,8,1,4
BRDA:103,9,0,4
BRDA:103,9,1,4
BRDA:104,10,0,4
BRDA:104,10,1,0
BRDA:114,11,0,0
BRDA:114,11,1,0
BRDA:121,12,0,0
BRDA:121,12,1,0
BRDA:132,13,0,0
BRDA:132,13,1,0
BRDA:138,14,0,0
BRDA:138,14,1,0
BRDA:20,15,0,2
BRDA:20,15,1,0
BRDA:20,16,0,2
BRDA:20,16,1,2
BRF:35
BRH:25
end_of_record
TN:
SF:src\test\factories\user.factory.ts
FN:13,(anonymous_0)
FN:22,(anonymous_1)
FN:46,(anonymous_2)
FN:60,(anonymous_3)
FN:72,(anonymous_4)
FN:86,(anonymous_5)
FNF:6
FNH:0
FNDA:0,(anonymous_0)
FNDA:0,(anonymous_1)
FNDA:0,(anonymous_2)
FNDA:0,(anonymous_3)
FNDA:0,(anonymous_4)
FNDA:0,(anonymous_5)
DA:1,0
DA:7,0
DA:8,0
DA:14,0
DA:23,0
DA:24,0
DA:25,0
DA:26,0
DA:27,0
DA:28,0
DA:29,0
DA:30,0
DA:33,0
DA:34,0
DA:35,0
DA:37,0
DA:47,0
DA:48,0
DA:49,0
DA:51,0
DA:64,0
DA:73,0
DA:87,0
LF:23
LH:0
BRDA:13,0,0,0
BRDA:22,1,0,0
BRDA:25,2,0,0
BRDA:25,2,1,0
BRDA:26,3,0,0
BRDA:26,3,1,0
BRDA:27,4,0,0
BRDA:27,4,1,0
BRDA:28,5,0,0
BRDA:28,5,1,0
BRDA:29,6,0,0
BRDA:29,6,1,0
BRDA:30,7,0,0
BRDA:30,7,1,0
BRDA:46,8,0,0
BRDA:62,9,0,0
BRDA:72,10,0,0
BRDA:86,11,0,0
BRF:18
BRH:0
end_of_record
TN:
SF:src\types\express.d.ts
FNF:0
FNH:0
LF:0
LH:0
BRF:0
BRH:0
end_of_record
TN:
SF:test\app.e2e-spec.ts
FN:7,(anonymous_1)
FN:10,(anonymous_2)
FN:19,(anonymous_3)
FNF:3
FNH:0
FNDA:0,(anonymous_1)
FNDA:0,(anonymous_2)
FNDA:0,(anonymous_3)
DA:1,0
DA:3,0
DA:5,0
DA:7,0
DA:10,0
DA:11,0
DA:15,0
DA:16,0
DA:19,0
DA:20,0
LF:10
LH:0
BRF:0
BRH:0
end_of_record
TN:
SF:test\integration\phase2-integration.e2e-spec.ts
FN:9,(anonymous_0)
FN:12,(anonymous_1)
FN:21,(anonymous_2)
FN:25,(anonymous_3)
FN:26,(anonymous_4)
FN:31,(anonymous_5)
FN:36,(anonymous_6)
FN:41,(anonymous_7)
FN:47,(anonymous_8)
FN:50,(anonymous_9)
FN:57,(anonymous_10)
FN:58,(anonymous_11)
FN:65,(anonymous_12)
FN:66,(anonymous_13)
FN:73,(anonymous_14)
FN:74,(anonymous_15)
FN:81,(anonymous_16)
FN:82,(anonymous_17)
FN:90,(anonymous_18)
FN:91,(anonymous_19)
FNF:20
FNH:0
FNDA:0,(anonymous_0)
FNDA:0,(anonymous_1)
FNDA:0,(anonymous_2)
FNDA:0,(anonymous_3)
FNDA:0,(anonymous_4)
FNDA:0,(anonymous_5)
FNDA:0,(anonymous_6)
FNDA:0,(anonymous_7)
FNDA:0,(anonymous_8)
FNDA:0,(anonymous_9)
FNDA:0,(anonymous_10)
FNDA:0,(anonymous_11)
FNDA:0,(anonymous_12)
FNDA:0,(anonymous_13)
FNDA:0,(anonymous_14)
FNDA:0,(anonymous_15)
FNDA:0,(anonymous_16)
FNDA:0,(anonymous_17)
FNDA:0,(anonymous_18)
FNDA:0,(anonymous_19)
DA:1,0
DA:3,0
DA:4,0
DA:5,0
DA:6,0
DA:7,0
DA:9,0
DA:12,0
DA:13,0
DA:17,0
DA:18,0
DA:21,0
DA:22,0
DA:25,0
DA:26,0
DA:27,0
DA:28,0
DA:31,0
DA:32,0
DA:33,0
DA:36,0
DA:37,0
DA:38,0
DA:41,0
DA:42,0
DA:43,0
DA:47,0
DA:50,0
DA:53,0
DA:57,0
DA:58,0
DA:60,0
DA:65,0
DA:66,0
DA:68,0
DA:73,0
DA:74,0
DA:76,0
DA:81,0
DA:82,0
DA:84,0
DA:90,0
DA:91,0
DA:93,0
DA:94,0
LF:45
LH:0
BRF:0
BRH:0
end_of_record
