{"D:\\GitHub\\LuminaMedia\\src\\app.controller.ts": {"path":"D:\\GitHub\\LuminaMedia\\src\\app.controller.ts","statementMap":{"0":{"start":{"line":1,"column":0},"end":{"line":1,"column":49}},"1":{"start":{"line":2,"column":0},"end":{"line":2,"column":43}},"2":{"start":{"line":5,"column":7},"end":{"line":12,"column":null}},"3":{"start":{"line":6,"column":31},"end":{"line":6,"column":43}},"4":{"start":{"line":10,"column":4},"end":{"line":10,"column":38}},"5":{"start":{"line":5,"column":13},"end":{"line":5,"column":26}},"6":{"start":{"line":9,"column":2},"end":{"line":11,"column":null}},"7":{"start":{"line":5,"column":13},"end":{"line":12,"column":null}}},"fnMap":{"0":{"name":"(anonymous_2)","decl":{"start":{"line":6,"column":2},"end":{"line":6,"column":31}},"loc":{"start":{"line":6,"column":53},"end":{"line":6,"column":57}}},"1":{"name":"(anonymous_3)","decl":{"start":{"line":9,"column":2},"end":{"line":9,"column":10}},"loc":{"start":{"line":9,"column":10},"end":{"line":11,"column":3}}}},"branchMap":{"0":{"loc":{"start":{"line":6,"column":43},"end":{"line":6,"column":56}},"type":"cond-expr","locations":[{"start":{"line":6,"column":53},"end":{"line":6,"column":56}},{"start":{"line":6,"column":53},"end":{"line":6,"column":56}}]},"1":{"loc":{"start":{"line":6,"column":43},"end":{"line":6,"column":53}},"type":"binary-expr","locations":[{"start":{"line":6,"column":43},"end":{"line":6,"column":56}},{"start":{"line":6,"column":43},"end":{"line":6,"column":53}}]}},"s":{"0":2,"1":2,"2":2,"3":1,"4":1,"5":2,"6":2,"7":2},"f":{"0":1,"1":1},"b":{"0":[2,0],"1":[2,2]}}
,"D:\\GitHub\\LuminaMedia\\src\\app.module.ts": {"path":"D:\\GitHub\\LuminaMedia\\src\\app.module.ts","statementMap":{"0":{"start":{"line":1,"column":0},"end":{"line":1,"column":40}},"1":{"start":{"line":2,"column":0},"end":{"line":2,"column":61}},"2":{"start":{"line":3,"column":0},"end":{"line":3,"column":48}},"3":{"start":{"line":4,"column":0},"end":{"line":4,"column":49}},"4":{"start":{"line":5,"column":0},"end":{"line":5,"column":43}},"5":{"start":{"line":6,"column":0},"end":{"line":6,"column":46}},"6":{"start":{"line":7,"column":0},"end":{"line":7,"column":65}},"7":{"start":{"line":8,"column":0},"end":{"line":8,"column":63}},"8":{"start":{"line":9,"column":0},"end":{"line":9,"column":61}},"9":{"start":{"line":10,"column":0},"end":{"line":10,"column":69}},"10":{"start":{"line":11,"column":0},"end":{"line":11,"column":66}},"11":{"start":{"line":12,"column":0},"end":{"line":12,"column":69}},"12":{"start":{"line":13,"column":0},"end":{"line":13,"column":50}},"13":{"start":{"line":14,"column":0},"end":{"line":14,"column":46}},"14":{"start":{"line":15,"column":0},"end":{"line":15,"column":58}},"15":{"start":{"line":16,"column":0},"end":{"line":16,"column":55}},"16":{"start":{"line":17,"column":0},"end":{"line":17,"column":86}},"17":{"start":{"line":18,"column":0},"end":{"line":18,"column":96}},"18":{"start":{"line":19,"column":0},"end":{"line":19,"column":96}},"19":{"start":{"line":20,"column":0},"end":{"line":20,"column":85}},"20":{"start":{"line":21,"column":0},"end":{"line":21,"column":82}},"21":{"start":{"line":22,"column":0},"end":{"line":22,"column":71}},"22":{"start":{"line":23,"column":0},"end":{"line":23,"column":56}},"23":{"start":{"line":77,"column":7},"end":{"line":77,"column":null}},"24":{"start":{"line":77,"column":13},"end":{"line":77,"column":22}},"25":{"start":{"line":77,"column":13},"end":{"line":77,"column":null}},"26":{"start":{"line":34,"column":53},"end":{"line":67,"column":8}},"27":{"start":{"line":64,"column":12},"end":{"line":64,"column":50}}},"fnMap":{"0":{"name":"(anonymous_1)","decl":{"start":{"line":34,"column":18},"end":{"line":34,"column":19}},"loc":{"start":{"line":34,"column":53},"end":{"line":67,"column":8}}},"1":{"name":"(anonymous_2)","decl":{"start":{"line":63,"column":16},"end":{"line":63,"column":17}},"loc":{"start":{"line":63,"column":31},"end":{"line":65,"column":11}}}},"branchMap":{},"s":{"0":1,"1":1,"2":1,"3":1,"4":1,"5":1,"6":1,"7":1,"8":1,"9":1,"10":1,"11":1,"12":1,"13":1,"14":1,"15":1,"16":1,"17":1,"18":1,"19":1,"20":1,"21":1,"22":1,"23":1,"24":1,"25":1,"26":0,"27":0},"f":{"0":0,"1":0},"b":{}}
,"D:\\GitHub\\LuminaMedia\\src\\app.service.ts": {"path":"D:\\GitHub\\LuminaMedia\\src\\app.service.ts","statementMap":{"0":{"start":{"line":1,"column":0},"end":{"line":1,"column":44}},"1":{"start":{"line":4,"column":7},"end":{"line":8,"column":null}},"2":{"start":{"line":6,"column":4},"end":{"line":6,"column":26}},"3":{"start":{"line":4,"column":13},"end":{"line":4,"column":23}},"4":{"start":{"line":4,"column":13},"end":{"line":8,"column":null}}},"fnMap":{"0":{"name":"(anonymous_1)","decl":{"start":{"line":5,"column":2},"end":{"line":5,"column":10}},"loc":{"start":{"line":5,"column":10},"end":{"line":7,"column":3}}}},"branchMap":{},"s":{"0":3,"1":3,"2":2,"3":3,"4":3},"f":{"0":2},"b":{}}
,"D:\\GitHub\\LuminaMedia\\src\\main.ts": {"path":"D:\\GitHub\\LuminaMedia\\src\\main.ts","statementMap":{"0":{"start":{"line":3,"column":0},"end":{"line":14,"column":1}},"1":{"start":{"line":4,"column":17},"end":{"line":4,"column":34}},"2":{"start":{"line":5,"column":2},"end":{"line":5,"column":51}},"3":{"start":{"line":6,"column":2},"end":{"line":6,"column":33}},"4":{"start":{"line":7,"column":2},"end":{"line":11,"column":3}},"5":{"start":{"line":8,"column":18},"end":{"line":8,"column":57}},"6":{"start":{"line":9,"column":4},"end":{"line":9,"column":31}},"7":{"start":{"line":10,"column":4},"end":{"line":10,"column":74}},"8":{"start":{"line":13,"column":2},"end":{"line":13,"column":79}},"9":{"start":{"line":16,"column":0},"end":{"line":16,"column":43}},"10":{"start":{"line":17,"column":0},"end":{"line":17,"column":41}},"11":{"start":{"line":20,"column":14},"end":{"line":20,"column":49}},"12":{"start":{"line":23,"column":2},"end":{"line":35,"column":5}},"13":{"start":{"line":37,"column":2},"end":{"line":37,"column":60}},"14":{"start":{"line":39,"column":0},"end":{"line":39,"column":12}}},"fnMap":{"0":{"name":"bootstrap","decl":{"start":{"line":19,"column":15},"end":{"line":19,"column":24}},"loc":{"start":{"line":19,"column":24},"end":{"line":38,"column":1}}}},"branchMap":{"0":{"loc":{"start":{"line":7,"column":2},"end":{"line":11,"column":3}},"type":"if","locations":[{"start":{"line":7,"column":2},"end":{"line":11,"column":3}},{"start":{},"end":{}}]},"1":{"loc":{"start":{"line":37,"column":19},"end":{"line":37,"column":47}},"type":"binary-expr","locations":[{"start":{"line":37,"column":19},"end":{"line":37,"column":39}},{"start":{"line":37,"column":43},"end":{"line":37,"column":47}}]}},"s":{"0":0,"1":0,"2":0,"3":0,"4":0,"5":0,"6":0,"7":0,"8":0,"9":0,"10":0,"11":0,"12":0,"13":0,"14":0},"f":{"0":0},"b":{"0":[0,0],"1":[0,0]}}
,"D:\\GitHub\\LuminaMedia\\src\\config\\data-source.ts": {"path":"D:\\GitHub\\LuminaMedia\\src\\config\\data-source.ts","statementMap":{"0":{"start":{"line":1,"column":0},"end":{"line":1,"column":37}},"1":{"start":{"line":2,"column":0},"end":{"line":2,"column":33}},"2":{"start":{"line":4,"column":0},"end":{"line":4,"column":16}},"3":{"start":{"line":6,"column":13},"end":{"line":25,"column":3}},"4":{"start":{"line":22,"column":6},"end":{"line":22,"column":44}}},"fnMap":{"0":{"name":"(anonymous_9)","decl":{"start":{"line":21,"column":10},"end":{"line":21,"column":11}},"loc":{"start":{"line":21,"column":25},"end":{"line":23,"column":5}}}},"branchMap":{"0":{"loc":{"start":{"line":8,"column":8},"end":{"line":8,"column":42}},"type":"binary-expr","locations":[{"start":{"line":8,"column":8},"end":{"line":8,"column":27}},{"start":{"line":8,"column":31},"end":{"line":8,"column":42}}]},"1":{"loc":{"start":{"line":9,"column":17},"end":{"line":9,"column":46}},"type":"binary-expr","locations":[{"start":{"line":9,"column":17},"end":{"line":9,"column":36}},{"start":{"line":9,"column":40},"end":{"line":9,"column":46}}]},"2":{"loc":{"start":{"line":10,"column":12},"end":{"line":10,"column":45}},"type":"binary-expr","locations":[{"start":{"line":10,"column":12},"end":{"line":10,"column":35}},{"start":{"line":10,"column":39},"end":{"line":10,"column":45}}]},"3":{"loc":{"start":{"line":11,"column":12},"end":{"line":11,"column":41}},"type":"binary-expr","locations":[{"start":{"line":11,"column":12},"end":{"line":11,"column":35}},{"start":{"line":11,"column":39},"end":{"line":11,"column":41}}]},"4":{"loc":{"start":{"line":12,"column":12},"end":{"line":12,"column":53}},"type":"binary-expr","locations":[{"start":{"line":12,"column":12},"end":{"line":12,"column":35}},{"start":{"line":12,"column":39},"end":{"line":12,"column":53}}]}},"s":{"0":0,"1":0,"2":0,"3":0,"4":0},"f":{"0":0},"b":{"0":[0,0],"1":[0,0],"2":[0,0],"3":[0,0],"4":[0,0]}}
,"D:\\GitHub\\LuminaMedia\\src\\entities\\content-draft.entity.ts": {"path":"D:\\GitHub\\LuminaMedia\\src\\entities\\content-draft.entity.ts","statementMap":{"0":{"start":{"line":1,"column":0},"end":{"line":1,"column":null}},"1":{"start":{"line":12,"column":0},"end":{"line":12,"column":37}},"2":{"start":{"line":13,"column":0},"end":{"line":13,"column":52}},"3":{"start":{"line":14,"column":0},"end":{"line":14,"column":57}},"4":{"start":{"line":15,"column":0},"end":{"line":15,"column":74}},"5":{"start":{"line":19,"column":7},"end":{"line":89,"column":null}},"6":{"start":{"line":19,"column":13},"end":{"line":19,"column":25}},"7":{"start":{"line":21,"column":2},"end":{"line":21,"column":null}},"8":{"start":{"line":29,"column":2},"end":{"line":29,"column":null}},"9":{"start":{"line":32,"column":2},"end":{"line":32,"column":null}},"10":{"start":{"line":36,"column":2},"end":{"line":36,"column":null}},"11":{"start":{"line":34,"column":19},"end":{"line":34,"column":23}},"12":{"start":{"line":34,"column":35},"end":{"line":34,"column":53}},"13":{"start":{"line":43,"column":2},"end":{"line":43,"column":null}},"14":{"start":{"line":46,"column":2},"end":{"line":46,"column":null}},"15":{"start":{"line":49,"column":2},"end":{"line":49,"column":null}},"16":{"start":{"line":52,"column":2},"end":{"line":52,"column":null}},"17":{"start":{"line":55,"column":2},"end":{"line":55,"column":null}},"18":{"start":{"line":63,"column":2},"end":{"line":63,"column":null}},"19":{"start":{"line":72,"column":2},"end":{"line":72,"column":null}},"20":{"start":{"line":79,"column":2},"end":{"line":79,"column":null}},"21":{"start":{"line":82,"column":2},"end":{"line":82,"column":null}},"22":{"start":{"line":85,"column":2},"end":{"line":85,"column":null}},"23":{"start":{"line":88,"column":2},"end":{"line":88,"column":null}},"24":{"start":{"line":87,"column":19},"end":{"line":87,"column":30}},"25":{"start":{"line":87,"column":42},"end":{"line":87,"column":52}},"26":{"start":{"line":19,"column":13},"end":{"line":89,"column":null}}},"fnMap":{"0":{"name":"(anonymous_2)","decl":{"start":{"line":34,"column":13},"end":{"line":34,"column":16}},"loc":{"start":{"line":34,"column":19},"end":{"line":34,"column":23}}},"1":{"name":"(anonymous_3)","decl":{"start":{"line":34,"column":25},"end":{"line":34,"column":26}},"loc":{"start":{"line":34,"column":35},"end":{"line":34,"column":53}}},"2":{"name":"(anonymous_4)","decl":{"start":{"line":87,"column":13},"end":{"line":87,"column":16}},"loc":{"start":{"line":87,"column":19},"end":{"line":87,"column":30}}},"3":{"name":"(anonymous_5)","decl":{"start":{"line":87,"column":32},"end":{"line":87,"column":33}},"loc":{"start":{"line":87,"column":42},"end":{"line":87,"column":52}}}},"branchMap":{"0":{"loc":{"start":{"line":36,"column":8},"end":{"line":36,"column":13}},"type":"cond-expr","locations":[{"start":{"line":36,"column":12},"end":{"line":36,"column":13}},{"start":{"line":36,"column":12},"end":{"line":36,"column":13}}]},"1":{"loc":{"start":{"line":36,"column":8},"end":{"line":36,"column":12}},"type":"binary-expr","locations":[{"start":{"line":36,"column":8},"end":{"line":36,"column":13}},{"start":{"line":36,"column":8},"end":{"line":36,"column":12}}]},"2":{"loc":{"start":{"line":43,"column":16},"end":{"line":43,"column":25}},"type":"cond-expr","locations":[{"start":{"line":43,"column":24},"end":{"line":43,"column":25}},{"start":{"line":43,"column":24},"end":{"line":43,"column":25}}]},"3":{"loc":{"start":{"line":43,"column":16},"end":{"line":43,"column":24}},"type":"binary-expr","locations":[{"start":{"line":43,"column":16},"end":{"line":43,"column":25}},{"start":{"line":43,"column":16},"end":{"line":43,"column":24}}]},"4":{"loc":{"start":{"line":63,"column":15},"end":{"line":63,"column":32}},"type":"cond-expr","locations":[{"start":{"line":63,"column":31},"end":{"line":63,"column":32}},{"start":{"line":63,"column":31},"end":{"line":63,"column":32}}]},"5":{"loc":{"start":{"line":63,"column":15},"end":{"line":63,"column":31}},"type":"binary-expr","locations":[{"start":{"line":63,"column":15},"end":{"line":63,"column":32}},{"start":{"line":63,"column":15},"end":{"line":63,"column":31}}]},"6":{"loc":{"start":{"line":79,"column":22},"end":{"line":79,"column":42}},"type":"cond-expr","locations":[{"start":{"line":79,"column":28},"end":{"line":79,"column":42}},{"start":{"line":79,"column":28},"end":{"line":79,"column":42}}]},"7":{"loc":{"start":{"line":79,"column":22},"end":{"line":79,"column":28}},"type":"binary-expr","locations":[{"start":{"line":79,"column":22},"end":{"line":79,"column":42}},{"start":{"line":79,"column":22},"end":{"line":79,"column":28}}]},"8":{"loc":{"start":{"line":82,"column":13},"end":{"line":82,"column":18}},"type":"cond-expr","locations":[{"start":{"line":82,"column":17},"end":{"line":82,"column":18}},{"start":{"line":82,"column":17},"end":{"line":82,"column":18}}]},"9":{"loc":{"start":{"line":82,"column":13},"end":{"line":82,"column":17}},"type":"binary-expr","locations":[{"start":{"line":82,"column":13},"end":{"line":82,"column":18}},{"start":{"line":82,"column":13},"end":{"line":82,"column":17}}]},"10":{"loc":{"start":{"line":85,"column":13},"end":{"line":85,"column":18}},"type":"cond-expr","locations":[{"start":{"line":85,"column":17},"end":{"line":85,"column":18}},{"start":{"line":85,"column":17},"end":{"line":85,"column":18}}]},"11":{"loc":{"start":{"line":85,"column":13},"end":{"line":85,"column":17}},"type":"binary-expr","locations":[{"start":{"line":85,"column":13},"end":{"line":85,"column":18}},{"start":{"line":85,"column":13},"end":{"line":85,"column":17}}]}},"s":{"0":2,"1":2,"2":2,"3":2,"4":2,"5":2,"6":2,"7":2,"8":2,"9":2,"10":2,"11":0,"12":0,"13":2,"14":2,"15":2,"16":2,"17":2,"18":2,"19":2,"20":2,"21":2,"22":2,"23":2,"24":0,"25":0,"26":2},"f":{"0":0,"1":0,"2":0,"3":0},"b":{"0":[0,2],"1":[2,0],"2":[0,2],"3":[2,2],"4":[0,2],"5":[2,2],"6":[0,2],"7":[2,0],"8":[2,0],"9":[2,2],"10":[2,0],"11":[2,2]}}
,"D:\\GitHub\\LuminaMedia\\src\\entities\\customer-profile.entity.ts": {"path":"D:\\GitHub\\LuminaMedia\\src\\entities\\customer-profile.entity.ts","statementMap":{"0":{"start":{"line":1,"column":0},"end":{"line":1,"column":null}},"1":{"start":{"line":11,"column":0},"end":{"line":11,"column":37}},"2":{"start":{"line":12,"column":0},"end":{"line":12,"column":66}},"3":{"start":{"line":13,"column":0},"end":{"line":13,"column":57}},"4":{"start":{"line":14,"column":0},"end":{"line":14,"column":57}},"5":{"start":{"line":15,"column":0},"end":{"line":15,"column":60}},"6":{"start":{"line":16,"column":0},"end":{"line":16,"column":97}},"7":{"start":{"line":17,"column":0},"end":{"line":17,"column":97}},"8":{"start":{"line":25,"column":7},"end":{"line":89,"column":null}},"9":{"start":{"line":25,"column":13},"end":{"line":25,"column":28}},"10":{"start":{"line":27,"column":2},"end":{"line":27,"column":null}},"11":{"start":{"line":35,"column":2},"end":{"line":35,"column":null}},"12":{"start":{"line":38,"column":2},"end":{"line":38,"column":null}},"13":{"start":{"line":42,"column":2},"end":{"line":42,"column":null}},"14":{"start":{"line":40,"column":19},"end":{"line":40,"column":23}},"15":{"start":{"line":45,"column":2},"end":{"line":45,"column":null}},"16":{"start":{"line":53,"column":2},"end":{"line":53,"column":null}},"17":{"start":{"line":61,"column":2},"end":{"line":61,"column":null}},"18":{"start":{"line":64,"column":2},"end":{"line":64,"column":null}},"19":{"start":{"line":67,"column":2},"end":{"line":67,"column":null}},"20":{"start":{"line":70,"column":2},"end":{"line":70,"column":null}},"21":{"start":{"line":73,"column":2},"end":{"line":73,"column":null}},"22":{"start":{"line":76,"column":2},"end":{"line":76,"column":null}},"23":{"start":{"line":79,"column":2},"end":{"line":79,"column":null}},"24":{"start":{"line":78,"column":19},"end":{"line":78,"column":32}},"25":{"start":{"line":78,"column":49},"end":{"line":78,"column":74}},"26":{"start":{"line":82,"column":2},"end":{"line":82,"column":null}},"27":{"start":{"line":81,"column":19},"end":{"line":81,"column":34}},"28":{"start":{"line":81,"column":49},"end":{"line":81,"column":72}},"29":{"start":{"line":85,"column":2},"end":{"line":85,"column":null}},"30":{"start":{"line":84,"column":19},"end":{"line":84,"column":36}},"31":{"start":{"line":84,"column":52},"end":{"line":84,"column":76}},"32":{"start":{"line":88,"column":2},"end":{"line":88,"column":null}},"33":{"start":{"line":87,"column":19},"end":{"line":87,"column":36}},"34":{"start":{"line":87,"column":52},"end":{"line":87,"column":76}},"35":{"start":{"line":25,"column":13},"end":{"line":89,"column":null}}},"fnMap":{"0":{"name":"(anonymous_2)","decl":{"start":{"line":40,"column":13},"end":{"line":40,"column":16}},"loc":{"start":{"line":40,"column":19},"end":{"line":40,"column":23}}},"1":{"name":"(anonymous_3)","decl":{"start":{"line":78,"column":13},"end":{"line":78,"column":16}},"loc":{"start":{"line":78,"column":19},"end":{"line":78,"column":32}}},"2":{"name":"(anonymous_4)","decl":{"start":{"line":78,"column":34},"end":{"line":78,"column":35}},"loc":{"start":{"line":78,"column":49},"end":{"line":78,"column":74}}},"3":{"name":"(anonymous_5)","decl":{"start":{"line":81,"column":13},"end":{"line":81,"column":16}},"loc":{"start":{"line":81,"column":19},"end":{"line":81,"column":34}}},"4":{"name":"(anonymous_6)","decl":{"start":{"line":81,"column":36},"end":{"line":81,"column":37}},"loc":{"start":{"line":81,"column":49},"end":{"line":81,"column":72}}},"5":{"name":"(anonymous_7)","decl":{"start":{"line":84,"column":13},"end":{"line":84,"column":16}},"loc":{"start":{"line":84,"column":19},"end":{"line":84,"column":36}}},"6":{"name":"(anonymous_8)","decl":{"start":{"line":84,"column":38},"end":{"line":84,"column":39}},"loc":{"start":{"line":84,"column":52},"end":{"line":84,"column":76}}},"7":{"name":"(anonymous_9)","decl":{"start":{"line":87,"column":13},"end":{"line":87,"column":16}},"loc":{"start":{"line":87,"column":19},"end":{"line":87,"column":36}}},"8":{"name":"(anonymous_10)","decl":{"start":{"line":87,"column":38},"end":{"line":87,"column":39}},"loc":{"start":{"line":87,"column":52},"end":{"line":87,"column":76}}}},"branchMap":{"0":{"loc":{"start":{"line":42,"column":8},"end":{"line":42,"column":13}},"type":"cond-expr","locations":[{"start":{"line":42,"column":12},"end":{"line":42,"column":13}},{"start":{"line":42,"column":12},"end":{"line":42,"column":13}}]},"1":{"loc":{"start":{"line":42,"column":8},"end":{"line":42,"column":12}},"type":"binary-expr","locations":[{"start":{"line":42,"column":8},"end":{"line":42,"column":13}},{"start":{"line":42,"column":8},"end":{"line":42,"column":12}}]},"2":{"loc":{"start":{"line":53,"column":16},"end":{"line":53,"column":29}},"type":"cond-expr","locations":[{"start":{"line":53,"column":28},"end":{"line":53,"column":29}},{"start":{"line":53,"column":28},"end":{"line":53,"column":29}}]},"3":{"loc":{"start":{"line":53,"column":16},"end":{"line":53,"column":28}},"type":"binary-expr","locations":[{"start":{"line":53,"column":16},"end":{"line":53,"column":29}},{"start":{"line":53,"column":16},"end":{"line":53,"column":28}}]},"4":{"loc":{"start":{"line":61,"column":12},"end":{"line":61,"column":21}},"type":"cond-expr","locations":[{"start":{"line":61,"column":20},"end":{"line":61,"column":21}},{"start":{"line":61,"column":20},"end":{"line":61,"column":21}}]},"5":{"loc":{"start":{"line":61,"column":12},"end":{"line":61,"column":20}},"type":"binary-expr","locations":[{"start":{"line":61,"column":12},"end":{"line":61,"column":21}},{"start":{"line":61,"column":12},"end":{"line":61,"column":20}}]},"6":{"loc":{"start":{"line":64,"column":15},"end":{"line":64,"column":35}},"type":"cond-expr","locations":[{"start":{"line":64,"column":21},"end":{"line":64,"column":35}},{"start":{"line":64,"column":21},"end":{"line":64,"column":35}}]},"7":{"loc":{"start":{"line":64,"column":15},"end":{"line":64,"column":21}},"type":"binary-expr","locations":[{"start":{"line":64,"column":15},"end":{"line":64,"column":35}},{"start":{"line":64,"column":15},"end":{"line":64,"column":21}}]},"8":{"loc":{"start":{"line":67,"column":15},"end":{"line":67,"column":35}},"type":"cond-expr","locations":[{"start":{"line":67,"column":21},"end":{"line":67,"column":35}},{"start":{"line":67,"column":21},"end":{"line":67,"column":35}}]},"9":{"loc":{"start":{"line":67,"column":15},"end":{"line":67,"column":21}},"type":"binary-expr","locations":[{"start":{"line":67,"column":15},"end":{"line":67,"column":35}},{"start":{"line":67,"column":15},"end":{"line":67,"column":21}}]},"10":{"loc":{"start":{"line":70,"column":20},"end":{"line":70,"column":40}},"type":"cond-expr","locations":[{"start":{"line":70,"column":26},"end":{"line":70,"column":40}},{"start":{"line":70,"column":26},"end":{"line":70,"column":40}}]},"11":{"loc":{"start":{"line":70,"column":20},"end":{"line":70,"column":26}},"type":"binary-expr","locations":[{"start":{"line":70,"column":20},"end":{"line":70,"column":40}},{"start":{"line":70,"column":20},"end":{"line":70,"column":26}}]},"12":{"loc":{"start":{"line":73,"column":13},"end":{"line":73,"column":18}},"type":"cond-expr","locations":[{"start":{"line":73,"column":17},"end":{"line":73,"column":18}},{"start":{"line":73,"column":17},"end":{"line":73,"column":18}}]},"13":{"loc":{"start":{"line":73,"column":13},"end":{"line":73,"column":17}},"type":"binary-expr","locations":[{"start":{"line":73,"column":13},"end":{"line":73,"column":18}},{"start":{"line":73,"column":13},"end":{"line":73,"column":17}}]},"14":{"loc":{"start":{"line":76,"column":13},"end":{"line":76,"column":18}},"type":"cond-expr","locations":[{"start":{"line":76,"column":17},"end":{"line":76,"column":18}},{"start":{"line":76,"column":17},"end":{"line":76,"column":18}}]},"15":{"loc":{"start":{"line":76,"column":13},"end":{"line":76,"column":17}},"type":"binary-expr","locations":[{"start":{"line":76,"column":13},"end":{"line":76,"column":18}},{"start":{"line":76,"column":13},"end":{"line":76,"column":17}}]}},"s":{"0":1,"1":1,"2":1,"3":1,"4":1,"5":1,"6":1,"7":1,"8":1,"9":1,"10":1,"11":1,"12":1,"13":1,"14":0,"15":1,"16":1,"17":1,"18":1,"19":1,"20":1,"21":1,"22":1,"23":1,"24":0,"25":0,"26":1,"27":0,"28":0,"29":1,"30":0,"31":0,"32":1,"33":0,"34":0,"35":1},"f":{"0":0,"1":0,"2":0,"3":0,"4":0,"5":0,"6":0,"7":0,"8":0},"b":{"0":[1,0],"1":[1,1],"2":[0,1],"3":[1,1],"4":[0,1],"5":[1,1],"6":[0,1],"7":[1,0],"8":[0,1],"9":[1,0],"10":[0,1],"11":[1,0],"12":[1,0],"13":[1,1],"14":[1,0],"15":[1,1]}}
,"D:\\GitHub\\LuminaMedia\\src\\entities\\customer-segment.entity.ts": {"path":"D:\\GitHub\\LuminaMedia\\src\\entities\\customer-segment.entity.ts","statementMap":{"0":{"start":{"line":1,"column":0},"end":{"line":1,"column":null}},"1":{"start":{"line":10,"column":0},"end":{"line":10,"column":60}},"2":{"start":{"line":16,"column":7},"end":{"line":58,"column":null}},"3":{"start":{"line":16,"column":13},"end":{"line":16,"column":28}},"4":{"start":{"line":18,"column":2},"end":{"line":18,"column":null}},"5":{"start":{"line":26,"column":2},"end":{"line":26,"column":null}},"6":{"start":{"line":29,"column":2},"end":{"line":29,"column":null}},"7":{"start":{"line":33,"column":2},"end":{"line":33,"column":null}},"8":{"start":{"line":31,"column":19},"end":{"line":31,"column":34}},"9":{"start":{"line":36,"column":2},"end":{"line":36,"column":null}},"10":{"start":{"line":39,"column":2},"end":{"line":39,"column":null}},"11":{"start":{"line":42,"column":2},"end":{"line":42,"column":null}},"12":{"start":{"line":45,"column":2},"end":{"line":45,"column":null}},"13":{"start":{"line":48,"column":2},"end":{"line":48,"column":null}},"14":{"start":{"line":51,"column":2},"end":{"line":51,"column":null}},"15":{"start":{"line":54,"column":2},"end":{"line":54,"column":null}},"16":{"start":{"line":57,"column":2},"end":{"line":57,"column":null}},"17":{"start":{"line":16,"column":13},"end":{"line":58,"column":null}}},"fnMap":{"0":{"name":"(anonymous_2)","decl":{"start":{"line":31,"column":13},"end":{"line":31,"column":16}},"loc":{"start":{"line":31,"column":19},"end":{"line":31,"column":34}}}},"branchMap":{"0":{"loc":{"start":{"line":33,"column":19},"end":{"line":33,"column":35}},"type":"cond-expr","locations":[{"start":{"line":33,"column":34},"end":{"line":33,"column":35}},{"start":{"line":33,"column":34},"end":{"line":33,"column":35}}]},"1":{"loc":{"start":{"line":33,"column":19},"end":{"line":33,"column":34}},"type":"binary-expr","locations":[{"start":{"line":33,"column":19},"end":{"line":33,"column":35}},{"start":{"line":33,"column":19},"end":{"line":33,"column":34}}]},"2":{"loc":{"start":{"line":42,"column":12},"end":{"line":42,"column":32}},"type":"cond-expr","locations":[{"start":{"line":42,"column":18},"end":{"line":42,"column":32}},{"start":{"line":42,"column":18},"end":{"line":42,"column":32}}]},"3":{"loc":{"start":{"line":42,"column":12},"end":{"line":42,"column":18}},"type":"binary-expr","locations":[{"start":{"line":42,"column":12},"end":{"line":42,"column":32}},{"start":{"line":42,"column":12},"end":{"line":42,"column":18}}]},"4":{"loc":{"start":{"line":51,"column":19},"end":{"line":51,"column":39}},"type":"cond-expr","locations":[{"start":{"line":51,"column":25},"end":{"line":51,"column":39}},{"start":{"line":51,"column":25},"end":{"line":51,"column":39}}]},"5":{"loc":{"start":{"line":51,"column":19},"end":{"line":51,"column":25}},"type":"binary-expr","locations":[{"start":{"line":51,"column":19},"end":{"line":51,"column":39}},{"start":{"line":51,"column":19},"end":{"line":51,"column":25}}]},"6":{"loc":{"start":{"line":54,"column":13},"end":{"line":54,"column":18}},"type":"cond-expr","locations":[{"start":{"line":54,"column":17},"end":{"line":54,"column":18}},{"start":{"line":54,"column":17},"end":{"line":54,"column":18}}]},"7":{"loc":{"start":{"line":54,"column":13},"end":{"line":54,"column":17}},"type":"binary-expr","locations":[{"start":{"line":54,"column":13},"end":{"line":54,"column":18}},{"start":{"line":54,"column":13},"end":{"line":54,"column":17}}]},"8":{"loc":{"start":{"line":57,"column":13},"end":{"line":57,"column":18}},"type":"cond-expr","locations":[{"start":{"line":57,"column":17},"end":{"line":57,"column":18}},{"start":{"line":57,"column":17},"end":{"line":57,"column":18}}]},"9":{"loc":{"start":{"line":57,"column":13},"end":{"line":57,"column":17}},"type":"binary-expr","locations":[{"start":{"line":57,"column":13},"end":{"line":57,"column":18}},{"start":{"line":57,"column":13},"end":{"line":57,"column":17}}]}},"s":{"0":1,"1":1,"2":1,"3":1,"4":1,"5":1,"6":1,"7":1,"8":0,"9":1,"10":1,"11":1,"12":1,"13":1,"14":1,"15":1,"16":1,"17":1},"f":{"0":0},"b":{"0":[0,1],"1":[1,0],"2":[0,1],"3":[1,0],"4":[0,1],"5":[1,0],"6":[1,0],"7":[1,1],"8":[1,0],"9":[1,1]}}
,"D:\\GitHub\\LuminaMedia\\src\\entities\\data-import-job.entity.ts": {"path":"D:\\GitHub\\LuminaMedia\\src\\entities\\data-import-job.entity.ts","statementMap":{"0":{"start":{"line":1,"column":0},"end":{"line":1,"column":null}},"1":{"start":{"line":10,"column":0},"end":{"line":10,"column":60}},"2":{"start":{"line":11,"column":0},"end":{"line":11,"column":62}},"3":{"start":{"line":12,"column":0},"end":{"line":12,"column":75}},"4":{"start":{"line":19,"column":7},"end":{"line":97,"column":null}},"5":{"start":{"line":19,"column":13},"end":{"line":19,"column":26}},"6":{"start":{"line":21,"column":2},"end":{"line":21,"column":null}},"7":{"start":{"line":29,"column":2},"end":{"line":29,"column":null}},"8":{"start":{"line":32,"column":2},"end":{"line":32,"column":null}},"9":{"start":{"line":36,"column":2},"end":{"line":36,"column":null}},"10":{"start":{"line":34,"column":19},"end":{"line":34,"column":34}},"11":{"start":{"line":44,"column":2},"end":{"line":44,"column":null}},"12":{"start":{"line":47,"column":2},"end":{"line":47,"column":null}},"13":{"start":{"line":55,"column":2},"end":{"line":55,"column":null}},"14":{"start":{"line":58,"column":2},"end":{"line":58,"column":null}},"15":{"start":{"line":61,"column":2},"end":{"line":61,"column":null}},"16":{"start":{"line":64,"column":2},"end":{"line":64,"column":null}},"17":{"start":{"line":72,"column":2},"end":{"line":72,"column":null}},"18":{"start":{"line":75,"column":2},"end":{"line":75,"column":null}},"19":{"start":{"line":78,"column":2},"end":{"line":78,"column":null}},"20":{"start":{"line":81,"column":2},"end":{"line":81,"column":null}},"21":{"start":{"line":84,"column":2},"end":{"line":84,"column":null}},"22":{"start":{"line":87,"column":2},"end":{"line":87,"column":null}},"23":{"start":{"line":90,"column":2},"end":{"line":90,"column":null}},"24":{"start":{"line":93,"column":2},"end":{"line":93,"column":null}},"25":{"start":{"line":96,"column":2},"end":{"line":96,"column":null}},"26":{"start":{"line":19,"column":13},"end":{"line":97,"column":null}}},"fnMap":{"0":{"name":"(anonymous_2)","decl":{"start":{"line":34,"column":13},"end":{"line":34,"column":16}},"loc":{"start":{"line":34,"column":19},"end":{"line":34,"column":34}}}},"branchMap":{"0":{"loc":{"start":{"line":36,"column":19},"end":{"line":36,"column":35}},"type":"cond-expr","locations":[{"start":{"line":36,"column":34},"end":{"line":36,"column":35}},{"start":{"line":36,"column":34},"end":{"line":36,"column":35}}]},"1":{"loc":{"start":{"line":36,"column":19},"end":{"line":36,"column":34}},"type":"binary-expr","locations":[{"start":{"line":36,"column":19},"end":{"line":36,"column":35}},{"start":{"line":36,"column":19},"end":{"line":36,"column":34}}]},"2":{"loc":{"start":{"line":44,"column":14},"end":{"line":44,"column":25}},"type":"cond-expr","locations":[{"start":{"line":44,"column":24},"end":{"line":44,"column":25}},{"start":{"line":44,"column":24},"end":{"line":44,"column":25}}]},"3":{"loc":{"start":{"line":44,"column":14},"end":{"line":44,"column":24}},"type":"binary-expr","locations":[{"start":{"line":44,"column":14},"end":{"line":44,"column":25}},{"start":{"line":44,"column":14},"end":{"line":44,"column":24}}]},"4":{"loc":{"start":{"line":72,"column":10},"end":{"line":72,"column":27}},"type":"cond-expr","locations":[{"start":{"line":72,"column":26},"end":{"line":72,"column":27}},{"start":{"line":72,"column":26},"end":{"line":72,"column":27}}]},"5":{"loc":{"start":{"line":72,"column":10},"end":{"line":72,"column":26}},"type":"binary-expr","locations":[{"start":{"line":72,"column":10},"end":{"line":72,"column":27}},{"start":{"line":72,"column":10},"end":{"line":72,"column":26}}]},"6":{"loc":{"start":{"line":81,"column":11},"end":{"line":81,"column":31}},"type":"cond-expr","locations":[{"start":{"line":81,"column":17},"end":{"line":81,"column":31}},{"start":{"line":81,"column":17},"end":{"line":81,"column":31}}]},"7":{"loc":{"start":{"line":81,"column":11},"end":{"line":81,"column":17}},"type":"binary-expr","locations":[{"start":{"line":81,"column":11},"end":{"line":81,"column":31}},{"start":{"line":81,"column":11},"end":{"line":81,"column":17}}]},"8":{"loc":{"start":{"line":87,"column":14},"end":{"line":87,"column":34}},"type":"cond-expr","locations":[{"start":{"line":87,"column":20},"end":{"line":87,"column":34}},{"start":{"line":87,"column":20},"end":{"line":87,"column":34}}]},"9":{"loc":{"start":{"line":87,"column":14},"end":{"line":87,"column":20}},"type":"binary-expr","locations":[{"start":{"line":87,"column":14},"end":{"line":87,"column":34}},{"start":{"line":87,"column":14},"end":{"line":87,"column":20}}]},"10":{"loc":{"start":{"line":90,"column":13},"end":{"line":90,"column":18}},"type":"cond-expr","locations":[{"start":{"line":90,"column":17},"end":{"line":90,"column":18}},{"start":{"line":90,"column":17},"end":{"line":90,"column":18}}]},"11":{"loc":{"start":{"line":90,"column":13},"end":{"line":90,"column":17}},"type":"binary-expr","locations":[{"start":{"line":90,"column":13},"end":{"line":90,"column":18}},{"start":{"line":90,"column":13},"end":{"line":90,"column":17}}]}},"s":{"0":1,"1":1,"2":1,"3":1,"4":1,"5":1,"6":1,"7":1,"8":1,"9":1,"10":0,"11":1,"12":1,"13":1,"14":1,"15":1,"16":1,"17":1,"18":1,"19":1,"20":1,"21":1,"22":1,"23":1,"24":1,"25":1,"26":1},"f":{"0":0},"b":{"0":[0,1],"1":[1,0],"2":[0,1],"3":[1,1],"4":[0,1],"5":[1,1],"6":[0,1],"7":[1,0],"8":[0,1],"9":[1,0],"10":[1,0],"11":[1,1]}}
,"D:\\GitHub\\LuminaMedia\\src\\entities\\permission.entity.ts": {"path":"D:\\GitHub\\LuminaMedia\\src\\entities\\permission.entity.ts","statementMap":{"0":{"start":{"line":1,"column":0},"end":{"line":1,"column":null}},"1":{"start":{"line":8,"column":0},"end":{"line":8,"column":37}},"2":{"start":{"line":11,"column":7},"end":{"line":32,"column":null}},"3":{"start":{"line":11,"column":13},"end":{"line":11,"column":23}},"4":{"start":{"line":13,"column":2},"end":{"line":13,"column":null}},"5":{"start":{"line":16,"column":2},"end":{"line":16,"column":null}},"6":{"start":{"line":19,"column":2},"end":{"line":19,"column":null}},"7":{"start":{"line":22,"column":2},"end":{"line":22,"column":null}},"8":{"start":{"line":25,"column":2},"end":{"line":25,"column":null}},"9":{"start":{"line":28,"column":2},"end":{"line":28,"column":null}},"10":{"start":{"line":31,"column":2},"end":{"line":31,"column":null}},"11":{"start":{"line":30,"column":20},"end":{"line":30,"column":24}},"12":{"start":{"line":30,"column":36},"end":{"line":30,"column":52}},"13":{"start":{"line":11,"column":13},"end":{"line":32,"column":null}}},"fnMap":{"0":{"name":"(anonymous_2)","decl":{"start":{"line":30,"column":14},"end":{"line":30,"column":17}},"loc":{"start":{"line":30,"column":20},"end":{"line":30,"column":24}}},"1":{"name":"(anonymous_3)","decl":{"start":{"line":30,"column":26},"end":{"line":30,"column":27}},"loc":{"start":{"line":30,"column":36},"end":{"line":30,"column":52}}}},"branchMap":{"0":{"loc":{"start":{"line":28,"column":13},"end":{"line":28,"column":18}},"type":"cond-expr","locations":[{"start":{"line":28,"column":17},"end":{"line":28,"column":18}},{"start":{"line":28,"column":17},"end":{"line":28,"column":18}}]},"1":{"loc":{"start":{"line":28,"column":13},"end":{"line":28,"column":17}},"type":"binary-expr","locations":[{"start":{"line":28,"column":13},"end":{"line":28,"column":18}},{"start":{"line":28,"column":13},"end":{"line":28,"column":17}}]}},"s":{"0":2,"1":2,"2":2,"3":2,"4":2,"5":2,"6":2,"7":2,"8":2,"9":2,"10":2,"11":0,"12":0,"13":2},"f":{"0":0,"1":0},"b":{"0":[2,0],"1":[2,2]}}
,"D:\\GitHub\\LuminaMedia\\src\\entities\\publish-task.entity.ts": {"path":"D:\\GitHub\\LuminaMedia\\src\\entities\\publish-task.entity.ts","statementMap":{"0":{"start":{"line":1,"column":0},"end":{"line":1,"column":null}},"1":{"start":{"line":9,"column":0},"end":{"line":9,"column":54}},"2":{"start":{"line":10,"column":0},"end":{"line":10,"column":56}},"3":{"start":{"line":11,"column":0},"end":{"line":11,"column":62}},"4":{"start":{"line":15,"column":7},"end":{"line":63,"column":null}},"5":{"start":{"line":15,"column":13},"end":{"line":15,"column":24}},"6":{"start":{"line":17,"column":2},"end":{"line":17,"column":null}},"7":{"start":{"line":25,"column":2},"end":{"line":25,"column":null}},"8":{"start":{"line":28,"column":2},"end":{"line":28,"column":null}},"9":{"start":{"line":34,"column":2},"end":{"line":34,"column":null}},"10":{"start":{"line":30,"column":19},"end":{"line":30,"column":31}},"11":{"start":{"line":30,"column":44},"end":{"line":30,"column":62}},"12":{"start":{"line":37,"column":2},"end":{"line":37,"column":null}},"13":{"start":{"line":43,"column":2},"end":{"line":43,"column":null}},"14":{"start":{"line":39,"column":19},"end":{"line":39,"column":32}},"15":{"start":{"line":39,"column":47},"end":{"line":39,"column":67}},"16":{"start":{"line":50,"column":2},"end":{"line":50,"column":null}},"17":{"start":{"line":53,"column":2},"end":{"line":53,"column":null}},"18":{"start":{"line":56,"column":2},"end":{"line":56,"column":null}},"19":{"start":{"line":59,"column":2},"end":{"line":59,"column":null}},"20":{"start":{"line":62,"column":2},"end":{"line":62,"column":null}},"21":{"start":{"line":15,"column":13},"end":{"line":63,"column":null}}},"fnMap":{"0":{"name":"(anonymous_2)","decl":{"start":{"line":30,"column":13},"end":{"line":30,"column":16}},"loc":{"start":{"line":30,"column":19},"end":{"line":30,"column":31}}},"1":{"name":"(anonymous_3)","decl":{"start":{"line":30,"column":33},"end":{"line":30,"column":34}},"loc":{"start":{"line":30,"column":44},"end":{"line":30,"column":62}}},"2":{"name":"(anonymous_4)","decl":{"start":{"line":39,"column":13},"end":{"line":39,"column":16}},"loc":{"start":{"line":39,"column":19},"end":{"line":39,"column":32}}},"3":{"name":"(anonymous_5)","decl":{"start":{"line":39,"column":34},"end":{"line":39,"column":35}},"loc":{"start":{"line":39,"column":47},"end":{"line":39,"column":67}}}},"branchMap":{"0":{"loc":{"start":{"line":34,"column":9},"end":{"line":34,"column":22}},"type":"cond-expr","locations":[{"start":{"line":34,"column":21},"end":{"line":34,"column":22}},{"start":{"line":34,"column":21},"end":{"line":34,"column":22}}]},"1":{"loc":{"start":{"line":34,"column":9},"end":{"line":34,"column":21}},"type":"binary-expr","locations":[{"start":{"line":34,"column":9},"end":{"line":34,"column":22}},{"start":{"line":34,"column":9},"end":{"line":34,"column":21}}]},"2":{"loc":{"start":{"line":43,"column":11},"end":{"line":43,"column":25}},"type":"cond-expr","locations":[{"start":{"line":43,"column":24},"end":{"line":43,"column":25}},{"start":{"line":43,"column":24},"end":{"line":43,"column":25}}]},"3":{"loc":{"start":{"line":43,"column":11},"end":{"line":43,"column":24}},"type":"binary-expr","locations":[{"start":{"line":43,"column":11},"end":{"line":43,"column":25}},{"start":{"line":43,"column":11},"end":{"line":43,"column":24}}]},"4":{"loc":{"start":{"line":50,"column":10},"end":{"line":50,"column":21}},"type":"cond-expr","locations":[{"start":{"line":50,"column":20},"end":{"line":50,"column":21}},{"start":{"line":50,"column":20},"end":{"line":50,"column":21}}]},"5":{"loc":{"start":{"line":50,"column":10},"end":{"line":50,"column":20}},"type":"binary-expr","locations":[{"start":{"line":50,"column":10},"end":{"line":50,"column":21}},{"start":{"line":50,"column":10},"end":{"line":50,"column":20}}]},"6":{"loc":{"start":{"line":53,"column":15},"end":{"line":53,"column":20}},"type":"cond-expr","locations":[{"start":{"line":53,"column":19},"end":{"line":53,"column":20}},{"start":{"line":53,"column":19},"end":{"line":53,"column":20}}]},"7":{"loc":{"start":{"line":53,"column":15},"end":{"line":53,"column":19}},"type":"binary-expr","locations":[{"start":{"line":53,"column":15},"end":{"line":53,"column":20}},{"start":{"line":53,"column":15},"end":{"line":53,"column":19}}]},"8":{"loc":{"start":{"line":56,"column":15},"end":{"line":56,"column":20}},"type":"cond-expr","locations":[{"start":{"line":56,"column":19},"end":{"line":56,"column":20}},{"start":{"line":56,"column":19},"end":{"line":56,"column":20}}]},"9":{"loc":{"start":{"line":56,"column":15},"end":{"line":56,"column":19}},"type":"binary-expr","locations":[{"start":{"line":56,"column":15},"end":{"line":56,"column":20}},{"start":{"line":56,"column":15},"end":{"line":56,"column":19}}]}},"s":{"0":2,"1":2,"2":2,"3":2,"4":2,"5":2,"6":2,"7":2,"8":2,"9":2,"10":0,"11":0,"12":2,"13":2,"14":0,"15":0,"16":2,"17":2,"18":2,"19":2,"20":2,"21":2},"f":{"0":0,"1":0,"2":0,"3":0},"b":{"0":[2,0],"1":[2,2],"2":[0,2],"3":[2,0],"4":[0,2],"5":[2,2],"6":[2,0],"7":[2,2],"8":[2,0],"9":[2,2]}}
,"D:\\GitHub\\LuminaMedia\\src\\entities\\role.entity.ts": {"path":"D:\\GitHub\\LuminaMedia\\src\\entities\\role.entity.ts","statementMap":{"0":{"start":{"line":1,"column":0},"end":{"line":1,"column":null}},"1":{"start":{"line":11,"column":0},"end":{"line":11,"column":49}},"2":{"start":{"line":12,"column":0},"end":{"line":12,"column":46}},"3":{"start":{"line":15,"column":7},"end":{"line":43,"column":null}},"4":{"start":{"line":15,"column":13},"end":{"line":15,"column":17}},"5":{"start":{"line":17,"column":2},"end":{"line":17,"column":null}},"6":{"start":{"line":20,"column":2},"end":{"line":20,"column":null}},"7":{"start":{"line":23,"column":2},"end":{"line":23,"column":null}},"8":{"start":{"line":26,"column":2},"end":{"line":26,"column":null}},"9":{"start":{"line":29,"column":2},"end":{"line":29,"column":null}},"10":{"start":{"line":32,"column":2},"end":{"line":32,"column":null}},"11":{"start":{"line":31,"column":19},"end":{"line":31,"column":27}},"12":{"start":{"line":31,"column":43},"end":{"line":31,"column":56}},"13":{"start":{"line":42,"column":2},"end":{"line":42,"column":null}},"14":{"start":{"line":34,"column":20},"end":{"line":34,"column":30}},"15":{"start":{"line":34,"column":48},"end":{"line":34,"column":64}},"16":{"start":{"line":15,"column":13},"end":{"line":43,"column":null}}},"fnMap":{"0":{"name":"(anonymous_2)","decl":{"start":{"line":31,"column":13},"end":{"line":31,"column":16}},"loc":{"start":{"line":31,"column":19},"end":{"line":31,"column":27}}},"1":{"name":"(anonymous_3)","decl":{"start":{"line":31,"column":29},"end":{"line":31,"column":30}},"loc":{"start":{"line":31,"column":43},"end":{"line":31,"column":56}}},"2":{"name":"(anonymous_4)","decl":{"start":{"line":34,"column":14},"end":{"line":34,"column":17}},"loc":{"start":{"line":34,"column":20},"end":{"line":34,"column":30}}},"3":{"name":"(anonymous_5)","decl":{"start":{"line":34,"column":32},"end":{"line":34,"column":33}},"loc":{"start":{"line":34,"column":48},"end":{"line":34,"column":64}}}},"branchMap":{"0":{"loc":{"start":{"line":29,"column":13},"end":{"line":29,"column":18}},"type":"cond-expr","locations":[{"start":{"line":29,"column":17},"end":{"line":29,"column":18}},{"start":{"line":29,"column":17},"end":{"line":29,"column":18}}]},"1":{"loc":{"start":{"line":29,"column":13},"end":{"line":29,"column":17}},"type":"binary-expr","locations":[{"start":{"line":29,"column":13},"end":{"line":29,"column":18}},{"start":{"line":29,"column":13},"end":{"line":29,"column":17}}]}},"s":{"0":2,"1":2,"2":2,"3":2,"4":2,"5":2,"6":2,"7":2,"8":2,"9":2,"10":2,"11":0,"12":0,"13":2,"14":0,"15":0,"16":2},"f":{"0":0,"1":0,"2":0,"3":0},"b":{"0":[2,0],"1":[2,2]}}
,"D:\\GitHub\\LuminaMedia\\src\\entities\\social-account.entity.ts": {"path":"D:\\GitHub\\LuminaMedia\\src\\entities\\social-account.entity.ts","statementMap":{"0":{"start":{"line":1,"column":0},"end":{"line":1,"column":null}},"1":{"start":{"line":10,"column":0},"end":{"line":10,"column":37}},"2":{"start":{"line":11,"column":0},"end":{"line":11,"column":52}},"3":{"start":{"line":12,"column":0},"end":{"line":12,"column":57}},"4":{"start":{"line":13,"column":0},"end":{"line":13,"column":68}},"5":{"start":{"line":17,"column":7},"end":{"line":60,"column":null}},"6":{"start":{"line":17,"column":13},"end":{"line":17,"column":26}},"7":{"start":{"line":19,"column":2},"end":{"line":19,"column":null}},"8":{"start":{"line":27,"column":2},"end":{"line":27,"column":null}},"9":{"start":{"line":30,"column":2},"end":{"line":30,"column":null}},"10":{"start":{"line":34,"column":2},"end":{"line":34,"column":null}},"11":{"start":{"line":32,"column":19},"end":{"line":32,"column":23}},"12":{"start":{"line":32,"column":35},"end":{"line":32,"column":54}},"13":{"start":{"line":40,"column":2},"end":{"line":40,"column":null}},"14":{"start":{"line":43,"column":2},"end":{"line":43,"column":null}},"15":{"start":{"line":46,"column":2},"end":{"line":46,"column":null}},"16":{"start":{"line":53,"column":2},"end":{"line":53,"column":null}},"17":{"start":{"line":56,"column":2},"end":{"line":56,"column":null}},"18":{"start":{"line":59,"column":2},"end":{"line":59,"column":null}},"19":{"start":{"line":58,"column":19},"end":{"line":58,"column":30}},"20":{"start":{"line":58,"column":42},"end":{"line":58,"column":54}},"21":{"start":{"line":17,"column":13},"end":{"line":60,"column":null}}},"fnMap":{"0":{"name":"(anonymous_2)","decl":{"start":{"line":32,"column":13},"end":{"line":32,"column":16}},"loc":{"start":{"line":32,"column":19},"end":{"line":32,"column":23}}},"1":{"name":"(anonymous_3)","decl":{"start":{"line":32,"column":25},"end":{"line":32,"column":26}},"loc":{"start":{"line":32,"column":35},"end":{"line":32,"column":54}}},"2":{"name":"(anonymous_4)","decl":{"start":{"line":58,"column":13},"end":{"line":58,"column":16}},"loc":{"start":{"line":58,"column":19},"end":{"line":58,"column":30}}},"3":{"name":"(anonymous_5)","decl":{"start":{"line":58,"column":32},"end":{"line":58,"column":33}},"loc":{"start":{"line":58,"column":42},"end":{"line":58,"column":54}}}},"branchMap":{"0":{"loc":{"start":{"line":34,"column":8},"end":{"line":34,"column":13}},"type":"cond-expr","locations":[{"start":{"line":34,"column":12},"end":{"line":34,"column":13}},{"start":{"line":34,"column":12},"end":{"line":34,"column":13}}]},"1":{"loc":{"start":{"line":34,"column":8},"end":{"line":34,"column":12}},"type":"binary-expr","locations":[{"start":{"line":34,"column":8},"end":{"line":34,"column":13}},{"start":{"line":34,"column":8},"end":{"line":34,"column":12}}]},"2":{"loc":{"start":{"line":40,"column":12},"end":{"line":40,"column":21}},"type":"cond-expr","locations":[{"start":{"line":40,"column":20},"end":{"line":40,"column":21}},{"start":{"line":40,"column":20},"end":{"line":40,"column":21}}]},"3":{"loc":{"start":{"line":40,"column":12},"end":{"line":40,"column":20}},"type":"binary-expr","locations":[{"start":{"line":40,"column":12},"end":{"line":40,"column":21}},{"start":{"line":40,"column":12},"end":{"line":40,"column":20}}]},"4":{"loc":{"start":{"line":46,"column":15},"end":{"line":46,"column":35}},"type":"cond-expr","locations":[{"start":{"line":46,"column":21},"end":{"line":46,"column":35}},{"start":{"line":46,"column":21},"end":{"line":46,"column":35}}]},"5":{"loc":{"start":{"line":46,"column":15},"end":{"line":46,"column":21}},"type":"binary-expr","locations":[{"start":{"line":46,"column":15},"end":{"line":46,"column":35}},{"start":{"line":46,"column":15},"end":{"line":46,"column":21}}]},"6":{"loc":{"start":{"line":53,"column":10},"end":{"line":53,"column":24}},"type":"cond-expr","locations":[{"start":{"line":53,"column":23},"end":{"line":53,"column":24}},{"start":{"line":53,"column":23},"end":{"line":53,"column":24}}]},"7":{"loc":{"start":{"line":53,"column":10},"end":{"line":53,"column":23}},"type":"binary-expr","locations":[{"start":{"line":53,"column":10},"end":{"line":53,"column":24}},{"start":{"line":53,"column":10},"end":{"line":53,"column":23}}]},"8":{"loc":{"start":{"line":56,"column":14},"end":{"line":56,"column":19}},"type":"cond-expr","locations":[{"start":{"line":56,"column":18},"end":{"line":56,"column":19}},{"start":{"line":56,"column":18},"end":{"line":56,"column":19}}]},"9":{"loc":{"start":{"line":56,"column":14},"end":{"line":56,"column":18}},"type":"binary-expr","locations":[{"start":{"line":56,"column":14},"end":{"line":56,"column":19}},{"start":{"line":56,"column":14},"end":{"line":56,"column":18}}]}},"s":{"0":2,"1":2,"2":2,"3":2,"4":2,"5":2,"6":2,"7":2,"8":2,"9":2,"10":2,"11":0,"12":0,"13":2,"14":2,"15":2,"16":2,"17":2,"18":2,"19":0,"20":0,"21":2},"f":{"0":0,"1":0,"2":0,"3":0},"b":{"0":[0,2],"1":[2,0],"2":[0,2],"3":[2,2],"4":[0,2],"5":[2,0],"6":[0,2],"7":[2,2],"8":[2,0],"9":[2,2]}}
,"D:\\GitHub\\LuminaMedia\\src\\entities\\tenant.entity.ts": {"path":"D:\\GitHub\\LuminaMedia\\src\\entities\\tenant.entity.ts","statementMap":{"0":{"start":{"line":1,"column":0},"end":{"line":1,"column":null}},"1":{"start":{"line":9,"column":0},"end":{"line":9,"column":37}},"2":{"start":{"line":11,"column":0},"end":{"line":11,"column":null}},"3":{"start":{"line":12,"column":2},"end":{"line":12,"column":null}},"4":{"start":{"line":13,"column":2},"end":{"line":13,"column":null}},"5":{"start":{"line":14,"column":2},"end":{"line":14,"column":null}},"6":{"start":{"line":18,"column":7},"end":{"line":40,"column":null}},"7":{"start":{"line":18,"column":13},"end":{"line":18,"column":19}},"8":{"start":{"line":20,"column":2},"end":{"line":20,"column":null}},"9":{"start":{"line":23,"column":2},"end":{"line":23,"column":null}},"10":{"start":{"line":30,"column":2},"end":{"line":30,"column":null}},"11":{"start":{"line":33,"column":2},"end":{"line":33,"column":null}},"12":{"start":{"line":36,"column":2},"end":{"line":36,"column":null}},"13":{"start":{"line":39,"column":2},"end":{"line":39,"column":null}},"14":{"start":{"line":38,"column":19},"end":{"line":38,"column":23}},"15":{"start":{"line":38,"column":35},"end":{"line":38,"column":48}},"16":{"start":{"line":18,"column":13},"end":{"line":40,"column":null}}},"fnMap":{"0":{"name":"(anonymous_2)","decl":{"start":{"line":11,"column":0},"end":{"line":11,"column":12}},"loc":{"start":{"line":11,"column":24},"end":{"line":15,"column":1}}},"1":{"name":"(anonymous_3)","decl":{"start":{"line":38,"column":13},"end":{"line":38,"column":16}},"loc":{"start":{"line":38,"column":19},"end":{"line":38,"column":23}}},"2":{"name":"(anonymous_4)","decl":{"start":{"line":38,"column":25},"end":{"line":38,"column":26}},"loc":{"start":{"line":38,"column":35},"end":{"line":38,"column":48}}}},"branchMap":{"0":{"loc":{"start":{"line":11,"column":12},"end":{"line":11,"column":null}},"type":"binary-expr","locations":[{"start":{"line":11,"column":12},"end":{"line":11,"column":24}},{"start":{"line":11,"column":24},"end":{"line":11,"column":null}}]},"1":{"loc":{"start":{"line":33,"column":13},"end":{"line":33,"column":18}},"type":"cond-expr","locations":[{"start":{"line":33,"column":17},"end":{"line":33,"column":18}},{"start":{"line":33,"column":17},"end":{"line":33,"column":18}}]},"2":{"loc":{"start":{"line":33,"column":13},"end":{"line":33,"column":17}},"type":"binary-expr","locations":[{"start":{"line":33,"column":13},"end":{"line":33,"column":18}},{"start":{"line":33,"column":13},"end":{"line":33,"column":17}}]},"3":{"loc":{"start":{"line":36,"column":13},"end":{"line":36,"column":18}},"type":"cond-expr","locations":[{"start":{"line":36,"column":17},"end":{"line":36,"column":18}},{"start":{"line":36,"column":17},"end":{"line":36,"column":18}}]},"4":{"loc":{"start":{"line":36,"column":13},"end":{"line":36,"column":17}},"type":"binary-expr","locations":[{"start":{"line":36,"column":13},"end":{"line":36,"column":18}},{"start":{"line":36,"column":13},"end":{"line":36,"column":17}}]}},"s":{"0":1,"1":1,"2":1,"3":1,"4":1,"5":1,"6":1,"7":1,"8":1,"9":1,"10":1,"11":1,"12":1,"13":1,"14":0,"15":0,"16":1},"f":{"0":1,"1":0,"2":0},"b":{"0":[1,1],"1":[1,0],"2":[1,1],"3":[1,0],"4":[1,1]}}
,"D:\\GitHub\\LuminaMedia\\src\\entities\\user-role.entity.ts": {"path":"D:\\GitHub\\LuminaMedia\\src\\entities\\user-role.entity.ts","statementMap":{"0":{"start":{"line":1,"column":0},"end":{"line":1,"column":null}},"1":{"start":{"line":9,"column":0},"end":{"line":9,"column":37}},"2":{"start":{"line":10,"column":0},"end":{"line":10,"column":37}},"3":{"start":{"line":13,"column":7},"end":{"line":33,"column":null}},"4":{"start":{"line":13,"column":13},"end":{"line":13,"column":21}},"5":{"start":{"line":15,"column":2},"end":{"line":15,"column":null}},"6":{"start":{"line":18,"column":2},"end":{"line":18,"column":null}},"7":{"start":{"line":21,"column":2},"end":{"line":21,"column":null}},"8":{"start":{"line":24,"column":2},"end":{"line":24,"column":null}},"9":{"start":{"line":28,"column":2},"end":{"line":28,"column":null}},"10":{"start":{"line":26,"column":19},"end":{"line":26,"column":23}},"11":{"start":{"line":26,"column":35},"end":{"line":26,"column":49}},"12":{"start":{"line":32,"column":2},"end":{"line":32,"column":null}},"13":{"start":{"line":30,"column":19},"end":{"line":30,"column":23}},"14":{"start":{"line":30,"column":35},"end":{"line":30,"column":49}},"15":{"start":{"line":13,"column":13},"end":{"line":33,"column":null}}},"fnMap":{"0":{"name":"(anonymous_2)","decl":{"start":{"line":26,"column":13},"end":{"line":26,"column":16}},"loc":{"start":{"line":26,"column":19},"end":{"line":26,"column":23}}},"1":{"name":"(anonymous_3)","decl":{"start":{"line":26,"column":25},"end":{"line":26,"column":26}},"loc":{"start":{"line":26,"column":35},"end":{"line":26,"column":49}}},"2":{"name":"(anonymous_4)","decl":{"start":{"line":30,"column":13},"end":{"line":30,"column":16}},"loc":{"start":{"line":30,"column":19},"end":{"line":30,"column":23}}},"3":{"name":"(anonymous_5)","decl":{"start":{"line":30,"column":25},"end":{"line":30,"column":26}},"loc":{"start":{"line":30,"column":35},"end":{"line":30,"column":49}}}},"branchMap":{"0":{"loc":{"start":{"line":21,"column":14},"end":{"line":21,"column":19}},"type":"cond-expr","locations":[{"start":{"line":21,"column":18},"end":{"line":21,"column":19}},{"start":{"line":21,"column":18},"end":{"line":21,"column":19}}]},"1":{"loc":{"start":{"line":21,"column":14},"end":{"line":21,"column":18}},"type":"binary-expr","locations":[{"start":{"line":21,"column":14},"end":{"line":21,"column":19}},{"start":{"line":21,"column":14},"end":{"line":21,"column":18}}]},"2":{"loc":{"start":{"line":28,"column":8},"end":{"line":28,"column":13}},"type":"cond-expr","locations":[{"start":{"line":28,"column":12},"end":{"line":28,"column":13}},{"start":{"line":28,"column":12},"end":{"line":28,"column":13}}]},"3":{"loc":{"start":{"line":28,"column":8},"end":{"line":28,"column":12}},"type":"binary-expr","locations":[{"start":{"line":28,"column":8},"end":{"line":28,"column":13}},{"start":{"line":28,"column":8},"end":{"line":28,"column":12}}]},"4":{"loc":{"start":{"line":32,"column":8},"end":{"line":32,"column":13}},"type":"cond-expr","locations":[{"start":{"line":32,"column":12},"end":{"line":32,"column":13}},{"start":{"line":32,"column":12},"end":{"line":32,"column":13}}]},"5":{"loc":{"start":{"line":32,"column":8},"end":{"line":32,"column":12}},"type":"binary-expr","locations":[{"start":{"line":32,"column":8},"end":{"line":32,"column":13}},{"start":{"line":32,"column":8},"end":{"line":32,"column":12}}]}},"s":{"0":2,"1":2,"2":2,"3":2,"4":2,"5":2,"6":2,"7":2,"8":2,"9":2,"10":0,"11":0,"12":2,"13":0,"14":0,"15":2},"f":{"0":0,"1":0,"2":0,"3":0},"b":{"0":[2,0],"1":[2,2],"2":[1,1],"3":[2,1],"4":[2,0],"5":[2,2]}}
,"D:\\GitHub\\LuminaMedia\\src\\entities\\user.entity.ts": {"path":"D:\\GitHub\\LuminaMedia\\src\\entities\\user.entity.ts","statementMap":{"0":{"start":{"line":1,"column":0},"end":{"line":1,"column":null}},"1":{"start":{"line":9,"column":0},"end":{"line":9,"column":56}},"2":{"start":{"line":10,"column":0},"end":{"line":10,"column":54}},"3":{"start":{"line":11,"column":0},"end":{"line":11,"column":46}},"4":{"start":{"line":16,"column":7},"end":{"line":43,"column":null}},"5":{"start":{"line":16,"column":13},"end":{"line":16,"column":17}},"6":{"start":{"line":18,"column":2},"end":{"line":18,"column":null}},"7":{"start":{"line":21,"column":2},"end":{"line":21,"column":null}},"8":{"start":{"line":24,"column":2},"end":{"line":24,"column":null}},"9":{"start":{"line":27,"column":2},"end":{"line":27,"column":null}},"10":{"start":{"line":30,"column":2},"end":{"line":30,"column":null}},"11":{"start":{"line":33,"column":2},"end":{"line":33,"column":null}},"12":{"start":{"line":36,"column":2},"end":{"line":36,"column":null}},"13":{"start":{"line":35,"column":19},"end":{"line":35,"column":32}},"14":{"start":{"line":35,"column":47},"end":{"line":35,"column":59}},"15":{"start":{"line":39,"column":2},"end":{"line":39,"column":null}},"16":{"start":{"line":38,"column":19},"end":{"line":38,"column":31}},"17":{"start":{"line":38,"column":44},"end":{"line":38,"column":54}},"18":{"start":{"line":42,"column":2},"end":{"line":42,"column":null}},"19":{"start":{"line":41,"column":19},"end":{"line":41,"column":27}},"20":{"start":{"line":41,"column":43},"end":{"line":41,"column":56}},"21":{"start":{"line":16,"column":13},"end":{"line":43,"column":null}}},"fnMap":{"0":{"name":"(anonymous_2)","decl":{"start":{"line":35,"column":13},"end":{"line":35,"column":16}},"loc":{"start":{"line":35,"column":19},"end":{"line":35,"column":32}}},"1":{"name":"(anonymous_3)","decl":{"start":{"line":35,"column":34},"end":{"line":35,"column":35}},"loc":{"start":{"line":35,"column":47},"end":{"line":35,"column":59}}},"2":{"name":"(anonymous_4)","decl":{"start":{"line":38,"column":13},"end":{"line":38,"column":16}},"loc":{"start":{"line":38,"column":19},"end":{"line":38,"column":31}}},"3":{"name":"(anonymous_5)","decl":{"start":{"line":38,"column":33},"end":{"line":38,"column":34}},"loc":{"start":{"line":38,"column":44},"end":{"line":38,"column":54}}},"4":{"name":"(anonymous_6)","decl":{"start":{"line":41,"column":13},"end":{"line":41,"column":16}},"loc":{"start":{"line":41,"column":19},"end":{"line":41,"column":27}}},"5":{"name":"(anonymous_7)","decl":{"start":{"line":41,"column":29},"end":{"line":41,"column":30}},"loc":{"start":{"line":41,"column":43},"end":{"line":41,"column":56}}}},"branchMap":{"0":{"loc":{"start":{"line":30,"column":13},"end":{"line":30,"column":18}},"type":"cond-expr","locations":[{"start":{"line":30,"column":17},"end":{"line":30,"column":18}},{"start":{"line":30,"column":17},"end":{"line":30,"column":18}}]},"1":{"loc":{"start":{"line":30,"column":13},"end":{"line":30,"column":17}},"type":"binary-expr","locations":[{"start":{"line":30,"column":13},"end":{"line":30,"column":18}},{"start":{"line":30,"column":13},"end":{"line":30,"column":17}}]}},"s":{"0":2,"1":2,"2":2,"3":2,"4":2,"5":2,"6":2,"7":2,"8":2,"9":2,"10":2,"11":2,"12":2,"13":0,"14":0,"15":2,"16":0,"17":0,"18":2,"19":0,"20":0,"21":2},"f":{"0":0,"1":0,"2":0,"3":0,"4":0,"5":0},"b":{"0":[2,0],"1":[2,2]}}
,"D:\\GitHub\\LuminaMedia\\src\\modules\\ai-engine\\ai-engine.module.ts": {"path":"D:\\GitHub\\LuminaMedia\\src\\modules\\ai-engine\\ai-engine.module.ts","statementMap":{"0":{"start":{"line":1,"column":0},"end":{"line":1,"column":40}},"1":{"start":{"line":9,"column":7},"end":{"line":9,"column":null}},"2":{"start":{"line":9,"column":13},"end":{"line":9,"column":27}},"3":{"start":{"line":9,"column":13},"end":{"line":9,"column":null}}},"fnMap":{},"branchMap":{},"s":{"0":0,"1":0,"2":0,"3":0},"f":{},"b":{}}
,"D:\\GitHub\\LuminaMedia\\src\\modules\\auth\\auth.module.ts": {"path":"D:\\GitHub\\LuminaMedia\\src\\modules\\auth\\auth.module.ts","statementMap":{"0":{"start":{"line":1,"column":0},"end":{"line":1,"column":72}},"1":{"start":{"line":2,"column":0},"end":{"line":2,"column":48}},"2":{"start":{"line":3,"column":0},"end":{"line":3,"column":40}},"3":{"start":{"line":4,"column":0},"end":{"line":4,"column":61}},"4":{"start":{"line":5,"column":0},"end":{"line":5,"column":50}},"5":{"start":{"line":6,"column":0},"end":{"line":6,"column":54}},"6":{"start":{"line":7,"column":0},"end":{"line":7,"column":50}},"7":{"start":{"line":8,"column":0},"end":{"line":8,"column":62}},"8":{"start":{"line":9,"column":0},"end":{"line":9,"column":59}},"9":{"start":{"line":10,"column":0},"end":{"line":10,"column":54}},"10":{"start":{"line":11,"column":0},"end":{"line":11,"column":58}},"11":{"start":{"line":12,"column":0},"end":{"line":12,"column":54}},"12":{"start":{"line":13,"column":0},"end":{"line":13,"column":66}},"13":{"start":{"line":14,"column":0},"end":{"line":14,"column":63}},"14":{"start":{"line":15,"column":0},"end":{"line":15,"column":63}},"15":{"start":{"line":16,"column":0},"end":{"line":16,"column":75}},"16":{"start":{"line":17,"column":0},"end":{"line":17,"column":56}},"17":{"start":{"line":18,"column":0},"end":{"line":18,"column":55}},"18":{"start":{"line":19,"column":0},"end":{"line":19,"column":50}},"19":{"start":{"line":20,"column":0},"end":{"line":20,"column":62}},"20":{"start":{"line":21,"column":0},"end":{"line":21,"column":67}},"21":{"start":{"line":50,"column":7},"end":{"line":54,"column":null}},"22":{"start":{"line":52,"column":4},"end":{"line":52,"column":52}},"23":{"start":{"line":50,"column":13},"end":{"line":50,"column":23}},"24":{"start":{"line":50,"column":13},"end":{"line":54,"column":null}},"25":{"start":{"line":29,"column":53},"end":{"line":34,"column":8}}},"fnMap":{"0":{"name":"(anonymous_1)","decl":{"start":{"line":51,"column":2},"end":{"line":51,"column":11}},"loc":{"start":{"line":51,"column":40},"end":{"line":53,"column":3}}},"1":{"name":"(anonymous_2)","decl":{"start":{"line":29,"column":18},"end":{"line":29,"column":19}},"loc":{"start":{"line":29,"column":53},"end":{"line":34,"column":8}}}},"branchMap":{},"s":{"0":1,"1":1,"2":1,"3":1,"4":1,"5":1,"6":1,"7":1,"8":1,"9":1,"10":1,"11":1,"12":1,"13":1,"14":1,"15":1,"16":1,"17":1,"18":1,"19":1,"20":1,"21":1,"22":0,"23":1,"24":1,"25":0},"f":{"0":0,"1":0},"b":{}}
,"D:\\GitHub\\LuminaMedia\\src\\modules\\auth\\controllers\\auth.controller.ts": {"path":"D:\\GitHub\\LuminaMedia\\src\\modules\\auth\\controllers\\auth.controller.ts","statementMap":{"0":{"start":{"line":1,"column":0},"end":{"line":1,"column":null}},"1":{"start":{"line":9,"column":0},"end":{"line":9,"column":55}},"2":{"start":{"line":10,"column":0},"end":{"line":10,"column":44}},"3":{"start":{"line":11,"column":0},"end":{"line":11,"column":50}},"4":{"start":{"line":12,"column":0},"end":{"line":12,"column":59}},"5":{"start":{"line":13,"column":0},"end":{"line":13,"column":56}},"6":{"start":{"line":14,"column":0},"end":{"line":14,"column":null}},"7":{"start":{"line":23,"column":7},"end":{"line":59,"column":null}},"8":{"start":{"line":24,"column":22},"end":{"line":24,"column":35}},"9":{"start":{"line":31,"column":4},"end":{"line":31,"column":44}},"10":{"start":{"line":39,"column":4},"end":{"line":39,"column":50}},"11":{"start":{"line":47,"column":4},"end":{"line":47,"column":58}},"12":{"start":{"line":57,"column":4},"end":{"line":57,"column":52}},"13":{"start":{"line":23,"column":13},"end":{"line":23,"column":27}},"14":{"start":{"line":30,"column":8},"end":{"line":32,"column":null}},"15":{"start":{"line":38,"column":8},"end":{"line":40,"column":null}},"16":{"start":{"line":46,"column":8},"end":{"line":48,"column":null}},"17":{"start":{"line":56,"column":8},"end":{"line":58,"column":null}},"18":{"start":{"line":23,"column":13},"end":{"line":59,"column":null}}},"fnMap":{"0":{"name":"(anonymous_4)","decl":{"start":{"line":24,"column":2},"end":{"line":24,"column":22}},"loc":{"start":{"line":24,"column":46},"end":{"line":24,"column":50}}},"1":{"name":"(anonymous_5)","decl":{"start":{"line":30,"column":8},"end":{"line":30,"column":13}},"loc":{"start":{"line":30,"column":40},"end":{"line":32,"column":3}}},"2":{"name":"(anonymous_6)","decl":{"start":{"line":38,"column":8},"end":{"line":38,"column":16}},"loc":{"start":{"line":38,"column":49},"end":{"line":40,"column":3}}},"3":{"name":"(anonymous_7)","decl":{"start":{"line":46,"column":8},"end":{"line":46,"column":15}},"loc":{"start":{"line":46,"column":56},"end":{"line":48,"column":3}}},"4":{"name":"(anonymous_8)","decl":{"start":{"line":56,"column":8},"end":{"line":56,"column":18}},"loc":{"start":{"line":56,"column":33},"end":{"line":58,"column":3}}}},"branchMap":{"0":{"loc":{"start":{"line":30,"column":32},"end":{"line":30,"column":null}},"type":"cond-expr","locations":[{"start":{"line":30,"column":40},"end":{"line":30,"column":null}},{"start":{"line":30,"column":40},"end":{"line":30,"column":null}}]},"1":{"loc":{"start":{"line":30,"column":32},"end":{"line":30,"column":40}},"type":"binary-expr","locations":[{"start":{"line":30,"column":32},"end":{"line":30,"column":null}},{"start":{"line":30,"column":32},"end":{"line":30,"column":40}}]},"2":{"loc":{"start":{"line":38,"column":38},"end":{"line":38,"column":null}},"type":"cond-expr","locations":[{"start":{"line":38,"column":49},"end":{"line":38,"column":null}},{"start":{"line":38,"column":49},"end":{"line":38,"column":null}}]},"3":{"loc":{"start":{"line":38,"column":38},"end":{"line":38,"column":49}},"type":"binary-expr","locations":[{"start":{"line":38,"column":38},"end":{"line":38,"column":null}},{"start":{"line":38,"column":38},"end":{"line":38,"column":49}}]},"4":{"loc":{"start":{"line":46,"column":41},"end":{"line":46,"column":null}},"type":"cond-expr","locations":[{"start":{"line":46,"column":56},"end":{"line":46,"column":null}},{"start":{"line":46,"column":56},"end":{"line":46,"column":null}}]},"5":{"loc":{"start":{"line":46,"column":41},"end":{"line":46,"column":56}},"type":"binary-expr","locations":[{"start":{"line":46,"column":41},"end":{"line":46,"column":null}},{"start":{"line":46,"column":41},"end":{"line":46,"column":56}}]},"6":{"loc":{"start":{"line":24,"column":35},"end":{"line":24,"column":49}},"type":"cond-expr","locations":[{"start":{"line":24,"column":46},"end":{"line":24,"column":49}},{"start":{"line":24,"column":46},"end":{"line":24,"column":49}}]},"7":{"loc":{"start":{"line":24,"column":35},"end":{"line":24,"column":46}},"type":"binary-expr","locations":[{"start":{"line":24,"column":35},"end":{"line":24,"column":49}},{"start":{"line":24,"column":35},"end":{"line":24,"column":46}}]}},"s":{"0":2,"1":2,"2":2,"3":2,"4":2,"5":2,"6":2,"7":2,"8":10,"9":2,"10":3,"11":2,"12":3,"13":2,"14":2,"15":2,"16":2,"17":2,"18":2},"f":{"0":10,"1":2,"2":3,"3":2,"4":3},"b":{"0":[2,0],"1":[2,2],"2":[2,0],"3":[2,2],"4":[2,0],"5":[2,2],"6":[2,0],"7":[2,2]}}
,"D:\\GitHub\\LuminaMedia\\src\\modules\\auth\\controllers\\permission.controller.ts": {"path":"D:\\GitHub\\LuminaMedia\\src\\modules\\auth\\controllers\\permission.controller.ts","statementMap":{"0":{"start":{"line":1,"column":0},"end":{"line":1,"column":null}},"1":{"start":{"line":12,"column":0},"end":{"line":12,"column":null}},"2":{"start":{"line":18,"column":0},"end":{"line":18,"column":67}},"3":{"start":{"line":19,"column":0},"end":{"line":19,"column":67}},"4":{"start":{"line":20,"column":0},"end":{"line":20,"column":67}},"5":{"start":{"line":21,"column":0},"end":{"line":21,"column":56}},"6":{"start":{"line":22,"column":0},"end":{"line":22,"column":51}},"7":{"start":{"line":23,"column":0},"end":{"line":23,"column":54}},"8":{"start":{"line":24,"column":0},"end":{"line":24,"column":65}},"9":{"start":{"line":30,"column":7},"end":{"line":109,"column":null}},"10":{"start":{"line":31,"column":31},"end":{"line":31,"column":50}},"11":{"start":{"line":42,"column":4},"end":{"line":42,"column":61}},"12":{"start":{"line":57,"column":4},"end":{"line":57,"column":74}},"13":{"start":{"line":66,"column":4},"end":{"line":66,"column":65}},"14":{"start":{"line":78,"column":4},"end":{"line":81,"column":6}},"15":{"start":{"line":94,"column":4},"end":{"line":98,"column":6}},"16":{"start":{"line":107,"column":4},"end":{"line":107,"column":64}},"17":{"start":{"line":30,"column":13},"end":{"line":30,"column":33}},"18":{"start":{"line":41,"column":8},"end":{"line":43,"column":null}},"19":{"start":{"line":53,"column":8},"end":{"line":58,"column":null}},"20":{"start":{"line":65,"column":8},"end":{"line":67,"column":null}},"21":{"start":{"line":74,"column":8},"end":{"line":82,"column":null}},"22":{"start":{"line":89,"column":8},"end":{"line":99,"column":null}},"23":{"start":{"line":106,"column":8},"end":{"line":108,"column":null}},"24":{"start":{"line":30,"column":13},"end":{"line":109,"column":null}}},"fnMap":{"0":{"name":"(anonymous_4)","decl":{"start":{"line":31,"column":2},"end":{"line":31,"column":31}},"loc":{"start":{"line":31,"column":67},"end":{"line":31,"column":71}}},"1":{"name":"(anonymous_5)","decl":{"start":{"line":41,"column":8},"end":{"line":41,"column":15}},"loc":{"start":{"line":41,"column":30},"end":{"line":43,"column":3}}},"2":{"name":"(anonymous_6)","decl":{"start":{"line":53,"column":8},"end":{"line":53,"column":20}},"loc":{"start":{"line":55,"column":18},"end":{"line":58,"column":3}}},"3":{"name":"(anonymous_7)","decl":{"start":{"line":65,"column":8},"end":{"line":65,"column":15}},"loc":{"start":{"line":65,"column":55},"end":{"line":67,"column":3}}},"4":{"name":"(anonymous_8)","decl":{"start":{"line":74,"column":8},"end":{"line":74,"column":14}},"loc":{"start":{"line":76,"column":18},"end":{"line":82,"column":3}}},"5":{"name":"(anonymous_9)","decl":{"start":{"line":89,"column":8},"end":{"line":89,"column":14}},"loc":{"start":{"line":92,"column":18},"end":{"line":99,"column":3}}},"6":{"name":"(anonymous_10)","decl":{"start":{"line":106,"column":8},"end":{"line":106,"column":14}},"loc":{"start":{"line":106,"column":54},"end":{"line":108,"column":3}}}},"branchMap":{"0":{"loc":{"start":{"line":41,"column":33},"end":{"line":41,"column":null}},"type":"cond-expr","locations":[{"start":{"line":41,"column":40},"end":{"line":41,"column":null}},{"start":{"line":41,"column":40},"end":{"line":41,"column":null}}]},"1":{"loc":{"start":{"line":41,"column":33},"end":{"line":41,"column":40}},"type":"binary-expr","locations":[{"start":{"line":41,"column":33},"end":{"line":41,"column":null}},{"start":{"line":41,"column":33},"end":{"line":41,"column":40}}]},"2":{"loc":{"start":{"line":56,"column":5},"end":{"line":56,"column":null}},"type":"cond-expr","locations":[{"start":{"line":56,"column":12},"end":{"line":56,"column":null}},{"start":{"line":56,"column":12},"end":{"line":56,"column":null}}]},"3":{"loc":{"start":{"line":56,"column":5},"end":{"line":56,"column":12}},"type":"binary-expr","locations":[{"start":{"line":56,"column":5},"end":{"line":56,"column":null}},{"start":{"line":56,"column":5},"end":{"line":56,"column":12}}]},"4":{"loc":{"start":{"line":65,"column":58},"end":{"line":65,"column":null}},"type":"cond-expr","locations":[{"start":{"line":65,"column":65},"end":{"line":65,"column":null}},{"start":{"line":65,"column":65},"end":{"line":65,"column":null}}]},"5":{"loc":{"start":{"line":65,"column":58},"end":{"line":65,"column":65}},"type":"binary-expr","locations":[{"start":{"line":65,"column":58},"end":{"line":65,"column":null}},{"start":{"line":65,"column":58},"end":{"line":65,"column":65}}]},"6":{"loc":{"start":{"line":75,"column":33},"end":{"line":75,"column":null}},"type":"cond-expr","locations":[{"start":{"line":75,"column":52},"end":{"line":75,"column":null}},{"start":{"line":75,"column":52},"end":{"line":75,"column":null}}]},"7":{"loc":{"start":{"line":75,"column":33},"end":{"line":75,"column":52}},"type":"binary-expr","locations":[{"start":{"line":75,"column":33},"end":{"line":75,"column":null}},{"start":{"line":75,"column":33},"end":{"line":75,"column":52}}]},"8":{"loc":{"start":{"line":77,"column":5},"end":{"line":77,"column":null}},"type":"cond-expr","locations":[{"start":{"line":77,"column":12},"end":{"line":77,"column":null}},{"start":{"line":77,"column":12},"end":{"line":77,"column":null}}]},"9":{"loc":{"start":{"line":77,"column":5},"end":{"line":77,"column":12}},"type":"binary-expr","locations":[{"start":{"line":77,"column":5},"end":{"line":77,"column":null}},{"start":{"line":77,"column":5},"end":{"line":77,"column":12}}]},"10":{"loc":{"start":{"line":91,"column":33},"end":{"line":91,"column":null}},"type":"cond-expr","locations":[{"start":{"line":91,"column":52},"end":{"line":91,"column":null}},{"start":{"line":91,"column":52},"end":{"line":91,"column":null}}]},"11":{"loc":{"start":{"line":91,"column":33},"end":{"line":91,"column":52}},"type":"binary-expr","locations":[{"start":{"line":91,"column":33},"end":{"line":91,"column":null}},{"start":{"line":91,"column":33},"end":{"line":91,"column":52}}]},"12":{"loc":{"start":{"line":93,"column":5},"end":{"line":93,"column":null}},"type":"cond-expr","locations":[{"start":{"line":93,"column":12},"end":{"line":93,"column":null}},{"start":{"line":93,"column":12},"end":{"line":93,"column":null}}]},"13":{"loc":{"start":{"line":93,"column":5},"end":{"line":93,"column":12}},"type":"binary-expr","locations":[{"start":{"line":93,"column":5},"end":{"line":93,"column":null}},{"start":{"line":93,"column":5},"end":{"line":93,"column":12}}]},"14":{"loc":{"start":{"line":106,"column":57},"end":{"line":106,"column":null}},"type":"cond-expr","locations":[{"start":{"line":106,"column":64},"end":{"line":106,"column":null}},{"start":{"line":106,"column":64},"end":{"line":106,"column":null}}]},"15":{"loc":{"start":{"line":106,"column":57},"end":{"line":106,"column":64}},"type":"binary-expr","locations":[{"start":{"line":106,"column":57},"end":{"line":106,"column":null}},{"start":{"line":106,"column":57},"end":{"line":106,"column":64}}]},"16":{"loc":{"start":{"line":31,"column":50},"end":{"line":31,"column":70}},"type":"cond-expr","locations":[{"start":{"line":31,"column":67},"end":{"line":31,"column":70}},{"start":{"line":31,"column":67},"end":{"line":31,"column":70}}]},"17":{"loc":{"start":{"line":31,"column":50},"end":{"line":31,"column":67}},"type":"binary-expr","locations":[{"start":{"line":31,"column":50},"end":{"line":31,"column":70}},{"start":{"line":31,"column":50},"end":{"line":31,"column":67}}]}},"s":{"0":1,"1":1,"2":1,"3":1,"4":1,"5":1,"6":1,"7":1,"8":1,"9":1,"10":0,"11":0,"12":0,"13":0,"14":0,"15":0,"16":0,"17":1,"18":1,"19":1,"20":1,"21":1,"22":1,"23":1,"24":1},"f":{"0":0,"1":0,"2":0,"3":0,"4":0,"5":0,"6":0},"b":{"0":[1,0],"1":[1,1],"2":[1,0],"3":[1,1],"4":[1,0],"5":[1,1],"6":[1,0],"7":[1,1],"8":[1,0],"9":[1,1],"10":[1,0],"11":[1,1],"12":[1,0],"13":[1,1],"14":[1,0],"15":[1,1],"16":[1,0],"17":[1,1]}}
,"D:\\GitHub\\LuminaMedia\\src\\modules\\auth\\controllers\\role.controller.ts": {"path":"D:\\GitHub\\LuminaMedia\\src\\modules\\auth\\controllers\\role.controller.ts","statementMap":{"0":{"start":{"line":1,"column":0},"end":{"line":1,"column":null}},"1":{"start":{"line":12,"column":0},"end":{"line":12,"column":null}},"2":{"start":{"line":18,"column":0},"end":{"line":18,"column":55}},"3":{"start":{"line":19,"column":0},"end":{"line":19,"column":55}},"4":{"start":{"line":20,"column":0},"end":{"line":20,"column":55}},"5":{"start":{"line":21,"column":0},"end":{"line":21,"column":69}},"6":{"start":{"line":22,"column":0},"end":{"line":22,"column":56}},"7":{"start":{"line":23,"column":0},"end":{"line":23,"column":51}},"8":{"start":{"line":24,"column":0},"end":{"line":24,"column":54}},"9":{"start":{"line":25,"column":0},"end":{"line":25,"column":53}},"10":{"start":{"line":26,"column":0},"end":{"line":26,"column":65}},"11":{"start":{"line":32,"column":7},"end":{"line":118,"column":null}},"12":{"start":{"line":33,"column":31},"end":{"line":33,"column":44}},"13":{"start":{"line":40,"column":4},"end":{"line":40,"column":55}},"14":{"start":{"line":49,"column":4},"end":{"line":49,"column":59}},"15":{"start":{"line":61,"column":4},"end":{"line":61,"column":69}},"16":{"start":{"line":74,"column":4},"end":{"line":74,"column":73}},"17":{"start":{"line":83,"column":4},"end":{"line":83,"column":58}},"18":{"start":{"line":96,"column":4},"end":{"line":100,"column":6}},"19":{"start":{"line":116,"column":4},"end":{"line":116,"column":66}},"20":{"start":{"line":32,"column":13},"end":{"line":32,"column":27}},"21":{"start":{"line":39,"column":8},"end":{"line":41,"column":null}},"22":{"start":{"line":48,"column":8},"end":{"line":50,"column":null}},"23":{"start":{"line":57,"column":8},"end":{"line":62,"column":null}},"24":{"start":{"line":69,"column":8},"end":{"line":75,"column":null}},"25":{"start":{"line":82,"column":8},"end":{"line":84,"column":null}},"26":{"start":{"line":91,"column":8},"end":{"line":101,"column":null}},"27":{"start":{"line":112,"column":8},"end":{"line":117,"column":null}},"28":{"start":{"line":32,"column":13},"end":{"line":118,"column":null}}},"fnMap":{"0":{"name":"(anonymous_4)","decl":{"start":{"line":33,"column":2},"end":{"line":33,"column":31}},"loc":{"start":{"line":33,"column":55},"end":{"line":33,"column":59}}},"1":{"name":"(anonymous_5)","decl":{"start":{"line":39,"column":8},"end":{"line":39,"column":15}},"loc":{"start":{"line":39,"column":30},"end":{"line":41,"column":3}}},"2":{"name":"(anonymous_6)","decl":{"start":{"line":48,"column":8},"end":{"line":48,"column":15}},"loc":{"start":{"line":48,"column":55},"end":{"line":50,"column":3}}},"3":{"name":"(anonymous_7)","decl":{"start":{"line":57,"column":8},"end":{"line":57,"column":14}},"loc":{"start":{"line":59,"column":18},"end":{"line":62,"column":3}}},"4":{"name":"(anonymous_8)","decl":{"start":{"line":69,"column":8},"end":{"line":69,"column":14}},"loc":{"start":{"line":72,"column":18},"end":{"line":75,"column":3}}},"5":{"name":"(anonymous_9)","decl":{"start":{"line":82,"column":8},"end":{"line":82,"column":14}},"loc":{"start":{"line":82,"column":54},"end":{"line":84,"column":3}}},"6":{"name":"(anonymous_10)","decl":{"start":{"line":91,"column":8},"end":{"line":91,"column":25}},"loc":{"start":{"line":94,"column":18},"end":{"line":101,"column":3}}},"7":{"name":"(anonymous_11)","decl":{"start":{"line":112,"column":8},"end":{"line":112,"column":22}},"loc":{"start":{"line":114,"column":18},"end":{"line":117,"column":3}}}},"branchMap":{"0":{"loc":{"start":{"line":39,"column":33},"end":{"line":39,"column":null}},"type":"cond-expr","locations":[{"start":{"line":39,"column":40},"end":{"line":39,"column":null}},{"start":{"line":39,"column":40},"end":{"line":39,"column":null}}]},"1":{"loc":{"start":{"line":39,"column":33},"end":{"line":39,"column":40}},"type":"binary-expr","locations":[{"start":{"line":39,"column":33},"end":{"line":39,"column":null}},{"start":{"line":39,"column":33},"end":{"line":39,"column":40}}]},"2":{"loc":{"start":{"line":48,"column":58},"end":{"line":48,"column":null}},"type":"cond-expr","locations":[{"start":{"line":48,"column":65},"end":{"line":48,"column":null}},{"start":{"line":48,"column":65},"end":{"line":48,"column":null}}]},"3":{"loc":{"start":{"line":48,"column":58},"end":{"line":48,"column":65}},"type":"binary-expr","locations":[{"start":{"line":48,"column":58},"end":{"line":48,"column":null}},{"start":{"line":48,"column":58},"end":{"line":48,"column":65}}]},"4":{"loc":{"start":{"line":58,"column":27},"end":{"line":58,"column":null}},"type":"cond-expr","locations":[{"start":{"line":58,"column":40},"end":{"line":58,"column":null}},{"start":{"line":58,"column":40},"end":{"line":58,"column":null}}]},"5":{"loc":{"start":{"line":58,"column":27},"end":{"line":58,"column":40}},"type":"binary-expr","locations":[{"start":{"line":58,"column":27},"end":{"line":58,"column":null}},{"start":{"line":58,"column":27},"end":{"line":58,"column":40}}]},"6":{"loc":{"start":{"line":60,"column":5},"end":{"line":60,"column":null}},"type":"cond-expr","locations":[{"start":{"line":60,"column":12},"end":{"line":60,"column":null}},{"start":{"line":60,"column":12},"end":{"line":60,"column":null}}]},"7":{"loc":{"start":{"line":60,"column":5},"end":{"line":60,"column":12}},"type":"binary-expr","locations":[{"start":{"line":60,"column":5},"end":{"line":60,"column":null}},{"start":{"line":60,"column":5},"end":{"line":60,"column":12}}]},"8":{"loc":{"start":{"line":71,"column":27},"end":{"line":71,"column":null}},"type":"cond-expr","locations":[{"start":{"line":71,"column":40},"end":{"line":71,"column":null}},{"start":{"line":71,"column":40},"end":{"line":71,"column":null}}]},"9":{"loc":{"start":{"line":71,"column":27},"end":{"line":71,"column":40}},"type":"binary-expr","locations":[{"start":{"line":71,"column":27},"end":{"line":71,"column":null}},{"start":{"line":71,"column":27},"end":{"line":71,"column":40}}]},"10":{"loc":{"start":{"line":73,"column":5},"end":{"line":73,"column":null}},"type":"cond-expr","locations":[{"start":{"line":73,"column":12},"end":{"line":73,"column":null}},{"start":{"line":73,"column":12},"end":{"line":73,"column":null}}]},"11":{"loc":{"start":{"line":73,"column":5},"end":{"line":73,"column":12}},"type":"binary-expr","locations":[{"start":{"line":73,"column":5},"end":{"line":73,"column":null}},{"start":{"line":73,"column":5},"end":{"line":73,"column":12}}]},"12":{"loc":{"start":{"line":82,"column":57},"end":{"line":82,"column":null}},"type":"cond-expr","locations":[{"start":{"line":82,"column":64},"end":{"line":82,"column":null}},{"start":{"line":82,"column":64},"end":{"line":82,"column":null}}]},"13":{"loc":{"start":{"line":82,"column":57},"end":{"line":82,"column":64}},"type":"binary-expr","locations":[{"start":{"line":82,"column":57},"end
[...]
line":297,"column":11},"end":{"line":297,"column":27}},{"start":{"line":297,"column":31},"end":{"line":297,"column":32}}]},"18":{"loc":{"start":{"line":306,"column":4},"end":{"line":312,"column":5}},"type":"if","locations":[{"start":{"line":306,"column":4},"end":{"line":312,"column":5}},{"start":{"line":308,"column":11},"end":{"line":312,"column":5}}]},"19":{"loc":{"start":{"line":308,"column":11},"end":{"line":312,"column":5}},"type":"if","locations":[{"start":{"line":308,"column":11},"end":{"line":312,"column":5}},{"start":{"line":310,"column":11},"end":{"line":312,"column":5}}]},"20":{"loc":{"start":{"line":352,"column":17},"end":{"line":352,"column":35}},"type":"binary-expr","locations":[{"start":{"line":352,"column":17},"end":{"line":352,"column":29}},{"start":{"line":352,"column":33},"end":{"line":352,"column":35}}]},"21":{"loc":{"start":{"line":362,"column":4},"end":{"line":362,"column":43}},"type":"if","locations":[{"start":{"line":362,"column":4},"end":{"line":362,"column":43}},{"start":{},"end":{}}]},"22":{"loc":{"start":{"line":365,"column":25},"end":{"line":365,"column":42}},"type":"binary-expr","locations":[{"start":{"line":365,"column":25},"end":{"line":365,"column":37}},{"start":{"line":365,"column":41},"end":{"line":365,"column":42}}]},"23":{"loc":{"start":{"line":369,"column":54},"end":{"line":369,"column":71}},"type":"binary-expr","locations":[{"start":{"line":369,"column":54},"end":{"line":369,"column":66}},{"start":{"line":369,"column":70},"end":{"line":369,"column":71}}]},"24":{"loc":{"start":{"line":370,"column":54},"end":{"line":370,"column":71}},"type":"binary-expr","locations":[{"start":{"line":370,"column":54},"end":{"line":370,"column":66}},{"start":{"line":370,"column":70},"end":{"line":370,"column":71}}]},"25":{"loc":{"start":{"line":372,"column":27},"end":{"line":372,"column":74}},"type":"cond-expr","locations":[{"start":{"line":372,"column":41},"end":{"line":372,"column":70}},{"start":{"line":372,"column":73},"end":{"line":372,"column":74}}]},"26":{"loc":{"start":{"line":382,"column":8},"end":{"line":384,"column":51}},"type":"cond-expr","locations":[{"start":{"line":383,"column":12},"end":{"line":383,"column":81}},{"start":{"line":384,"column":12},"end":{"line":384,"column":51}}]},"27":{"loc":{"start":{"line":13,"column":43},"end":{"line":13,"column":56}},"type":"cond-expr","locations":[{"start":{"line":13,"column":53},"end":{"line":13,"column":56}},{"start":{"line":13,"column":53},"end":{"line":13,"column":56}}]},"28":{"loc":{"start":{"line":13,"column":43},"end":{"line":13,"column":53}},"type":"binary-expr","locations":[{"start":{"line":13,"column":43},"end":{"line":13,"column":56}},{"start":{"line":13,"column":43},"end":{"line":13,"column":53}}]}},"s":{"0":1,"1":1,"2":1,"3":1,"4":10,"5":10,"6":1,"7":1,"8":1,"9":5,"10":5,"11":5,"12":0,"13":0,"14":1,"15":5,"16":5,"17":4,"18":1,"19":1,"20":0,"21":1,"22":1,"23":0,"24":1,"25":1,"26":1,"27":1,"28":1,"29":0,"30":4,"31":4,"32":5,"33":5,"34":5,"35":7,"36":7,"37":7,"38":4,"39":3,"40":1,"41":1,"42":1,"43":1,"44":1,"45":2,"46":2,"47":0,"48":2,"49":8,"50":2,"51":2,"52":8,"53":8,"54":2,"55":1,"56":1,"57":1,"58":2,"59":2,"60":0,"61":2,"62":2,"63":2,"64":2,"65":2,"66":2,"67":2,"68":2,"69":2,"70":2,"71":0,"72":0,"73":0,"74":0,"75":0,"76":0,"77":0,"78":0,"79":0,"80":0,"81":0,"82":0,"83":0,"84":0,"85":0,"86":0,"87":0,"88":0,"89":0,"90":1,"91":1},"f":{"0":10,"1":1,"2":5,"3":4,"4":5,"5":7,"6":1,"7":1,"8":2,"9":8,"10":8,"11":1,"12":1,"13":2,"14":2,"15":2,"16":0,"17":0,"18":0,"19":0,"20":0},"b":{"0":[1,1],"1":[5],"2":[4,1],"3":[0,1],"4":[0,1],"5":[4,3],"6":[7,3,3],"7":[0,2],"8":[8,0],"9":[8,0],"10":[1,0],"11":[1,0],"12":[1,0],"13":[1,1],"14":[0],"15":[0,2],"16":[1,1],"17":[2,0],"18":[2,0],"19":[0,0],"20":[0,0],"21":[0,0],"22":[0,0],"23":[0,0],"24":[0,0],"25":[0,0],"26":[0,0],"27":[1,0],"28":[1,1]}}
,"D:\\GitHub\\LuminaMedia\\src\\shared\\services\\tenant-context.service.ts": {"path":"D:\\GitHub\\LuminaMedia\\src\\shared\\services\\tenant-context.service.ts","statementMap":{"0":{"start":{"line":1,"column":0},"end":{"line":1,"column":51}},"1":{"start":{"line":2,"column":0},"end":{"line":2,"column":48}},"2":{"start":{"line":11,"column":4},"end":{"line":11,"column":42}},"3":{"start":{"line":17,"column":4},"end":{"line":17,"column":44}},"4":{"start":{"line":24,"column":4},"end":{"line":24,"column":59}},"5":{"start":{"line":31,"column":20},"end":{"line":31,"column":53}},"6":{"start":{"line":32,"column":4},"end":{"line":35,"column":5}},"7":{"start":{"line":34,"column":6},"end":{"line":34,"column":30}},"8":{"start":{"line":36,"column":4},"end":{"line":36,"column":28}},"9":{"start":{"line":43,"column":4},"end":{"line":43,"column":34}},"10":{"start":{"line":9,"column":13},"end":{"line":9,"column":33}},"11":{"start":{"line":9,"column":13},"end":{"line":45,"column":null}},"12":{"start":{"line":47,"column":0},"end":{"line":47,"column":36}}},"fnMap":{"0":{"name":"(anonymous_1)","decl":{"start":{"line":16,"column":2},"end":{"line":16,"column":8}},"loc":{"start":{"line":16,"column":62},"end":{"line":18,"column":3}}},"1":{"name":"(anonymous_2)","decl":{"start":{"line":23,"column":2},"end":{"line":23,"column":20}},"loc":{"start":{"line":23,"column":20},"end":{"line":25,"column":3}}},"2":{"name":"(anonymous_3)","decl":{"start":{"line":30,"column":2},"end":{"line":30,"column":8}},"loc":{"start":{"line":30,"column":33},"end":{"line":37,"column":3}}},"3":{"name":"(anonymous_4)","decl":{"start":{"line":42,"column":2},"end":{"line":42,"column":8}},"loc":{"start":{"line":42,"column":25},"end":{"line":44,"column":3}}}},"branchMap":{"0":{"loc":{"start":{"line":32,"column":4},"end":{"line":35,"column":5}},"type":"if","locations":[{"start":{"line":32,"column":4},"end":{"line":35,"column":5}},{"start":{},"end":{}}]}},"s":{"0":13,"1":13,"2":13,"3":25,"4":1,"5":21,"6":21,"7":1,"8":20,"9":1,"10":13,"11":13,"12":13},"f":{"0":25,"1":1,"2":21,"3":1},"b":{"0":[1,20]}}
,"D:\\GitHub\\LuminaMedia\\src\\shared\\subscribers\\tenant-filter.subscriber.ts": {"path":"D:\\GitHub\\LuminaMedia\\src\\shared\\subscribers\\tenant-filter.subscriber.ts","statementMap":{"0":{"start":{"line":1,"column":0},"end":{"line":1,"column":null}},"1":{"start":{"line":12,"column":0},"end":{"line":12,"column":74}},"2":{"start":{"line":19,"column":7},"end":{"line":147,"column":null}},"3":{"start":{"line":20,"column":22},"end":{"line":20,"column":34}},"4":{"start":{"line":22,"column":4},"end":{"line":22,"column":38}},"5":{"start":{"line":29,"column":4},"end":{"line":29,"column":49}},"6":{"start":{"line":36,"column":4},"end":{"line":36,"column":59}},"7":{"start":{"line":51,"column":4},"end":{"line":56,"column":5}},"8":{"start":{"line":52,"column":23},"end":{"line":52,"column":48}},"9":{"start":{"line":53,"column":6},"end":{"line":55,"column":7}},"10":{"start":{"line":54,"column":8},"end":{"line":54,"column":41}},"11":{"start":{"line":63,"column":4},"end":{"line":66,"column":5}},"12":{"start":{"line":69,"column":4},"end":{"line":69,"column":44}},"13":{"start":{"line":76,"column":4},"end":{"line":79,"column":5}},"14":{"start":{"line":82,"column":4},"end":{"line":82,"column":44}},"15":{"start":{"line":92,"column":21},"end":{"line":92,"column":33}},"16":{"start":{"line":93,"column":21},"end":{"line":93,"column":75}},"17":{"start":{"line":94,"column":4},"end":{"line":97,"column":5}},"18":{"start":{"line":96,"column":6},"end":{"line":96,"column":13}},"19":{"start":{"line":100,"column":25},"end":{"line":100,"column":72}},"20":{"start":{"line":101,"column":4},"end":{"line":103,"column":5}},"21":{"start":{"line":102,"column":6},"end":{"line":102,"column":13}},"22":{"start":{"line":106,"column":23},"end":{"line":106,"column":66}},"23":{"start":{"line":107,"column":21},"end":{"line":107,"column":40}},"24":{"start":{"line":108,"column":27},"end":{"line":109,"column":null}},"25":{"start":{"line":109,"column":15},"end":{"line":109,"column":46}},"26":{"start":{"line":111,"column":4},"end":{"line":114,"column":5}},"27":{"start":{"line":113,"column":6},"end":{"line":113,"column":13}},"28":{"start":{"line":117,"column":28},"end":{"line":117,"column":53}},"29":{"start":{"line":118,"column":4},"end":{"line":121,"column":5}},"30":{"start":{"line":120,"column":6},"end":{"line":120,"column":13}},"31":{"start":{"line":124,"column":19},"end":{"line":127,"column":6}},"32":{"start":{"line":129,"column":4},"end":{"line":132,"column":5}},"33":{"start":{"line":131,"column":6},"end":{"line":131,"column":13}},"34":{"start":{"line":135,"column":4},"end":{"line":137,"column":5}},"35":{"start":{"line":136,"column":6},"end":{"line":136,"column":65}},"36":{"start":{"line":19,"column":13},"end":{"line":19,"column":35}},"37":{"start":{"line":19,"column":13},"end":{"line":147,"column":null}}},"fnMap":{"0":{"name":"(anonymous_2)","decl":{"start":{"line":20,"column":2},"end":{"line":20,"column":22}},"loc":{"start":{"line":20,"column":44},"end":{"line":23,"column":3}}},"1":{"name":"(anonymous_3)","decl":{"start":{"line":28,"column":10},"end":{"line":28,"column":21}},"loc":{"start":{"line":28,"column":33},"end":{"line":30,"column":3}}},"2":{"name":"(anonymous_4)","decl":{"start":{"line":35,"column":10},"end":{"line":35,"column":28}},"loc":{"start":{"line":35,"column":28},"end":{"line":37,"column":3}}},"3":{"name":"(anonymous_5)","decl":{"start":{"line":43,"column":2},"end":{"line":43,"column":11}},"loc":{"start":{"line":43,"column":47},"end":{"line":45,"column":3}}},"4":{"name":"(anonymous_6)","decl":{"start":{"line":50,"column":2},"end":{"line":50,"column":14}},"loc":{"start":{"line":50,"column":38},"end":{"line":57,"column":3}}},"5":{"name":"(anonymous_7)","decl":{"start":{"line":62,"column":2},"end":{"line":62,"column":7}},"loc":{"start":{"line":62,"column":44},"end":{"line":70,"column":3}}},"6":{"name":"(anonymous_8)","decl":{"start":{"line":75,"column":2},"end":{"line":75,"column":7}},"loc":{"start":{"line":75,"column":44},"end":{"line":83,"column":3}}},"7":{"name":"(anonymous_9)","decl":{"start":{"line":88,"column":10},"end":{"line":88,"column":15}},"loc":{"start":{"line":89,"column":46},"end":{"line":138,"column":3}}},"8":{"name":"(anonymous_10)","decl":{"start":{"line":109,"column":6},"end":{"line":109,"column":7}},"loc":{"start":{"line":109,"column":15},"end":{"line":109,"column":46}}}},"branchMap":{"0":{"loc":{"start":{"line":29,"column":11},"end":{"line":29,"column":48}},"type":"cond-expr","locations":[{"start":{"line":29,"column":20},"end":{"line":29,"column":40}},{"start":{"line":29,"column":43},"end":{"line":29,"column":48}}]},"1":{"loc":{"start":{"line":51,"column":4},"end":{"line":56,"column":5}},"type":"if","locations":[{"start":{"line":51,"column":4},"end":{"line":56,"column":5}},{"start":{},"end":{}}]},"2":{"loc":{"start":{"line":53,"column":6},"end":{"line":55,"column":7}},"type":"if","locations":[{"start":{"line":53,"column":6},"end":{"line":55,"column":7}},{"start":{},"end":{}}]},"3":{"loc":{"start":{"line":63,"column":4},"end":{"line":66,"column":5}},"type":"if","locations":[{"start":{"line":63,"column":4},"end":{"line":66,"column":5}},{"start":{},"end":{}}]},"4":{"loc":{"start":{"line":63,"column":8},"end":{"line":63,"column":54}},"type":"binary-expr","locations":[{"start":{"line":63,"column":8},"end":{"line":63,"column":38}},{"start":{"line":63,"column":42},"end":{"line":63,"column":54}}]},"5":{"loc":{"start":{"line":76,"column":4},"end":{"line":79,"column":5}},"type":"if","locations":[{"start":{"line":76,"column":4},"end":{"line":79,"column":5}},{"start":{},"end":{}}]},"6":{"loc":{"start":{"line":76,"column":8},"end":{"line":76,"column":54}},"type":"binary-expr","locations":[{"start":{"line":76,"column":8},"end":{"line":76,"column":38}},{"start":{"line":76,"column":42},"end":{"line":76,"column":54}}]},"7":{"loc":{"start":{"line":93,"column":21},"end":{"line":93,"column":75}},"type":"binary-expr","locations":[{"start":{"line":93,"column":21},"end":{"line":93,"column":38}},{"start":{"line":93,"column":43},"end":{"line":93,"column":55}},{"start":{"line":93,"column":59},"end":{"line":93,"column":74}}]},"8":{"loc":{"start":{"line":94,"column":4},"end":{"line":97,"column":5}},"type":"if","locations":[{"start":{"line":94,"column":4},"end":{"line":97,"column":5}},{"start":{},"end":{}}]},"9":{"loc":{"start":{"line":100,"column":25},"end":{"line":100,"column":72}},"type":"binary-expr","locations":[{"start":{"line":100,"column":25},"end":{"line":100,"column":47}},{"start":{"line":100,"column":51},"end":{"line":100,"column":72}}]},"10":{"loc":{"start":{"line":101,"column":4},"end":{"line":103,"column":5}},"type":"if","locations":[{"start":{"line":101,"column":4},"end":{"line":103,"column":5}},{"start":{},"end":{}}]},"11":{"loc":{"start":{"line":111,"column":4},"end":{"line":114,"column":5}},"type":"if","locations":[{"start":{"line":111,"column":4},"end":{"line":114,"column":5}},{"start":{},"end":{}}]},"12":{"loc":{"start":{"line":118,"column":4},"end":{"line":121,"column":5}},"type":"if","locations":[{"start":{"line":118,"column":4},"end":{"line":121,"column":5}},{"start":{},"end":{}}]},"13":{"loc":{"start":{"line":129,"column":4},"end":{"line":132,"column":5}},"type":"if","locations":[{"start":{"line":129,"column":4},"end":{"line":132,"column":5}},{"start":{},"end":{}}]},"14":{"loc":{"start":{"line":135,"column":4},"end":{"line":137,"column":5}},"type":"if","locations":[{"start":{"line":135,"column":4},"end":{"line":137,"column":5}},{"start":{},"end":{}}]},"15":{"loc":{"start":{"line":20,"column":34},"end":{"line":20,"column":null}},"type":"cond-expr","locations":[{"start":{"line":20,"column":44},"end":{"line":20,"column":null}},{"start":{"line":20,"column":44},"end":{"line":20,"column":null}}]},"16":{"loc":{"start":{"line":20,"column":34},"end":{"line":20,"column":44}},"type":"binary-expr","locations":[{"start":{"line":20,"column":34},"end":{"line":20,"column":null}},{"start":{"line":20,"column":34},"end":{"line":20,"column":44}}]}},"s":{"0":2,"1":2,"2":2,"3":31,"4":31,"5":29,"6":8,"7":11,"8":7,"9":7,"10":5,"11":5,"12":5,"13":5,"14":5,"15":10,"16":10,"17":10,"18":6,"19":4,"20":4,"21":4,"22":0,"23":0,"24":0,"25":0,"26":0,"27":0,"28":0,"29":0,"30":0,"31":0,"32":0,"33":0,"34":0,"35":0,"36":2,"37":2},"f":{"0":31,"1":29,"2":8,"3":2,"4":11,"5":5,"6":5,"7":10,"8":0},"b":{"0":[19,10],"1":[7,4],"2":[5,2],"3":[2,3],"4":[5,2],"5":[2,3],"6":[5,2],"7":[10,10,6],"8":[6,4],"9":[4,4],"10":[4,0],"11":[0,0],"12":[0,0],"13":[0,0],"14":[0,0],"15":[2,0],"16":[2,2]}}
,"D:\\GitHub\\LuminaMedia\\src\\test\\factories\\user.factory.ts": {"path":"D:\\GitHub\\LuminaMedia\\src\\test\\factories\\user.factory.ts","statementMap":{"0":{"start":{"line":1,"column":0},"end":{"line":1,"column":50}},"1":{"start":{"line":8,"column":27},"end":{"line":8,"column":28}},"2":{"start":{"line":14,"column":4},"end":{"line":14,"column":83}},"3":{"start":{"line":23,"column":20},"end":{"line":23,"column":34}},"4":{"start":{"line":24,"column":17},"end":{"line":24,"column":27}},"5":{"start":{"line":25,"column":4},"end":{"line":25,"column":62}},"6":{"start":{"line":26,"column":4},"end":{"line":26,"column":59}},"7":{"start":{"line":27,"column":4},"end":{"line":27,"column":79}},"8":{"start":{"line":28,"column":4},"end":{"line":28,"column":65}},"9":{"start":{"line":29,"column":4},"end":{"line":29,"column":59}},"10":{"start":{"line":30,"column":4},"end":{"line":30,"column":55}},"11":{"start":{"line":33,"column":4},"end":{"line":33,"column":29}},"12":{"start":{"line":34,"column":4},"end":{"line":34,"column":28}},"13":{"start":{"line":35,"column":4},"end":{"line":35,"column":24}},"14":{"start":{"line":37,"column":4},"end":{"line":37,"column":16}},"15":{"start":{"line":47,"column":26},"end":{"line":47,"column":28}},"16":{"start":{"line":48,"column":4},"end":{"line":50,"column":5}},"17":{"start":{"line":48,"column":17},"end":{"line":48,"column":18}},"18":{"start":{"line":49,"column":6},"end":{"line":49,"column":41}},"19":{"start":{"line":51,"column":4},"end":{"line":51,"column":17}},"20":{"start":{"line":64,"column":4},"end":{"line":64,"column":51}},"21":{"start":{"line":73,"column":4},"end":{"line":78,"column":7}},"22":{"start":{"line":87,"column":4},"end":{"line":95,"column":7}},"23":{"start":{"line":7,"column":0},"end":{"line":7,"column":13}}},"fnMap":{"0":{"name":"(anonymous_0)","decl":{"start":{"line":13,"column":10},"end":{"line":13,"column":16}},"loc":{"start":{"line":13,"column":41},"end":{"line":15,"column":3}}},"1":{"name":"(anonymous_1)","decl":{"start":{"line":22,"column":2},"end":{"line":22,"column":8}},"loc":{"start":{"line":22,"column":45},"end":{"line":38,"column":3}}},"2":{"name":"(anonymous_2)","decl":{"start":{"line":46,"column":2},"end":{"line":46,"column":8}},"loc":{"start":{"line":46,"column":64},"end":{"line":52,"column":3}}},"3":{"name":"(anonymous_3)","decl":{"start":{"line":60,"column":2},"end":{"line":60,"column":8}},"loc":{"start":{"line":62,"column":33},"end":{"line":65,"column":3}}},"4":{"name":"(anonymous_4)","decl":{"start":{"line":72,"column":2},"end":{"line":72,"column":8}},"loc":{"start":{"line":72,"column":50},"end":{"line":79,"column":3}}},"5":{"name":"(anonymous_5)","decl":{"start":{"line":86,"column":2},"end":{"line":86,"column":8}},"loc":{"start":{"line":86,"column":53},"end":{"line":96,"column":3}}}},"branchMap":{"0":{"loc":{"start":{"line":13,"column":30},"end":{"line":13,"column":41}},"type":"default-arg","locations":[{"start":{"line":13,"column":39},"end":{"line":13,"column":41}}]},"1":{"loc":{"start":{"line":22,"column":16},"end":{"line":22,"column":45}},"type":"default-arg","locations":[{"start":{"line":22,"column":43},"end":{"line":22,"column":45}}]},"2":{"loc":{"start":{"line":25,"column":14},"end":{"line":25,"column":61}},"type":"binary-expr","locations":[{"start":{"line":25,"column":14},"end":{"line":25,"column":26}},{"start":{"line":25,"column":30},"end":{"line":25,"column":61}}]},"3":{"loc":{"start":{"line":26,"column":20},"end":{"line":26,"column":58}},"type":"binary-expr","locations":[{"start":{"line":26,"column":20},"end":{"line":26,"column":38}},{"start":{"line":26,"column":42},"end":{"line":26,"column":58}}]},"4":{"loc":{"start":{"line":27,"column":24},"end":{"line":27,"column":78}},"type":"binary-expr","locations":[{"start":{"line":27,"column":24},"end":{"line":27,"column":46}},{"start":{"line":27,"column":50},"end":{"line":27,"column":78}}]},"5":{"loc":{"start":{"line":28,"column":17},"end":{"line":28,"column":64}},"type":"binary-expr","locations":[{"start":{"line":28,"column":17},"end":{"line":28,"column":32}},{"start":{"line":28,"column":36},"end":{"line":28,"column":64}}]},"6":{"loc":{"start":{"line":29,"column":20},"end":{"line":29,"column":58}},"type":"binary-expr","locations":[{"start":{"line":29,"column":20},"end":{"line":29,"column":38}},{"start":{"line":29,"column":42},"end":{"line":29,"column":58}}]},"7":{"loc":{"start":{"line":30,"column":21},"end":{"line":30,"column":54}},"type":"binary-expr","locations":[{"start":{"line":30,"column":21},"end":{"line":30,"column":40}},{"start":{"line":30,"column":44},"end":{"line":30,"column":54}}]},"8":{"loc":{"start":{"line":46,"column":35},"end":{"line":46,"column":64}},"type":"default-arg","locations":[{"start":{"line":46,"column":62},"end":{"line":46,"column":64}}]},"9":{"loc":{"start":{"line":62,"column":4},"end":{"line":62,"column":33}},"type":"default-arg","locations":[{"start":{"line":62,"column":31},"end":{"line":62,"column":33}}]},"10":{"loc":{"start":{"line":72,"column":21},"end":{"line":72,"column":50}},"type":"default-arg","locations":[{"start":{"line":72,"column":48},"end":{"line":72,"column":50}}]},"11":{"loc":{"start":{"line":86,"column":24},"end":{"line":86,"column":53}},"type":"default-arg","locations":[{"start":{"line":86,"column":51},"end":{"line":86,"column":53}}]}},"s":{"0":0,"1":0,"2":0,"3":0,"4":0,"5":0,"6":0,"7":0,"8":0,"9":0,"10":0,"11":0,"12":0,"13":0,"14":0,"15":0,"16":0,"17":0,"18":0,"19":0,"20":0,"21":0,"22":0,"23":0},"f":{"0":0,"1":0,"2":0,"3":0,"4":0,"5":0},"b":{"0":[0],"1":[0],"2":[0,0],"3":[0,0],"4":[0,0],"5":[0,0],"6":[0,0],"7":[0,0],"8":[0],"9":[0],"10":[0],"11":[0]}}
}
