TN:
SF:src\app.controller.ts
FN:6,(anonymous_2)
FN:9,(anonymous_3)
FNF:2
FNH:2
FNDA:1,(anonymous_2)
FNDA:1,(anonymous_3)
DA:1,1
DA:2,1
DA:5,1
DA:6,1
DA:9,1
DA:10,1
LF:6
LH:6
BRDA:6,0,0,1
BRDA:6,0,1,0
BRDA:6,1,0,1
BRDA:6,1,1,1
BRF:4
BRH:3
end_of_record
TN:
SF:src\app.module.ts
FN:34,(anonymous_1)
FN:63,(anonymous_2)
FNF:2
FNH:0
FNDA:0,(anonymous_1)
FNDA:0,(anonymous_2)
DA:1,0
DA:2,0
DA:3,0
DA:4,0
DA:5,0
DA:6,0
DA:7,0
DA:8,0
DA:9,0
DA:10,0
DA:11,0
DA:12,0
DA:13,0
DA:14,0
DA:15,0
DA:16,0
DA:17,0
DA:18,0
DA:19,0
DA:20,0
DA:21,0
DA:22,0
DA:23,0
DA:34,0
DA:64,0
DA:77,0
LF:26
LH:0
BRF:0
BRH:0
end_of_record
TN:
SF:src\app.service.ts
FN:5,(anonymous_1)
FNF:1
FNH:1
FNDA:2,(anonymous_1)
DA:1,2
DA:4,2
DA:6,2
LF:3
LH:3
BRF:0
BRH:0
end_of_record
TN:
SF:src\main.ts
FN:19,bootstrap
FNF:1
FNH:0
FNDA:0,bootstrap
DA:3,0
DA:4,0
DA:5,0
DA:6,0
DA:7,0
DA:8,0
DA:9,0
DA:10,0
DA:13,0
DA:16,0
DA:17,0
DA:20,0
DA:23,0
DA:37,0
DA:39,0
LF:15
LH:0
BRDA:7,0,0,0
BRDA:7,0,1,0
BRDA:37,1,0,0
BRDA:37,1,1,0
BRF:4
BRH:0
end_of_record
TN:
SF:src\config\data-source.ts
FN:21,(anonymous_9)
FNF:1
FNH:0
FNDA:0,(anonymous_9)
DA:1,0
DA:2,0
DA:4,0
DA:6,0
DA:22,0
LF:5
LH:0
BRDA:8,0,0,0
BRDA:8,0,1,0
BRDA:9,1,0,0
BRDA:9,1,1,0
BRDA:10,2,0,0
BRDA:10,2,1,0
BRDA:11,3,0,0
BRDA:11,3,1,0
BRDA:12,4,0,0
BRDA:12,4,1,0
BRF:10
BRH:0
end_of_record
TN:
SF:src\entities\content-draft.entity.ts
FN:29,(anonymous_2)
FN:29,(anonymous_3)
FN:82,(anonymous_4)
FN:82,(anonymous_5)
FNF:4
FNH:0
FNDA:0,(anonymous_2)
FNDA:0,(anonymous_3)
FNDA:0,(anonymous_4)
FNDA:0,(anonymous_5)
DA:1,1
DA:12,1
DA:13,1
DA:14,1
DA:15,1
DA:19,1
DA:21,1
DA:24,1
DA:27,1
DA:29,0
DA:31,1
DA:38,1
DA:41,1
DA:44,1
DA:47,1
DA:50,1
DA:58,1
DA:67,1
DA:74,1
DA:77,1
DA:80,1
DA:82,0
DA:83,1
LF:23
LH:21
BRDA:31,0,0,0
BRDA:31,0,1,1
BRDA:31,1,0,1
BRDA:31,1,1,0
BRDA:38,2,0,0
BRDA:38,2,1,1
BRDA:38,3,0,1
BRDA:38,3,1,1
BRDA:58,4,0,0
BRDA:58,4,1,1
BRDA:58,5,0,1
BRDA:58,5,1,1
BRDA:74,6,0,0
BRDA:74,6,1,1
BRDA:74,7,0,1
BRDA:74,7,1,0
BRDA:77,8,0,1
BRDA:77,8,1,0
BRDA:77,9,0,1
BRDA:77,9,1,1
BRDA:80,10,0,1
BRDA:80,10,1,0
BRDA:80,11,0,1
BRDA:80,11,1,1
BRF:24
BRH:16
end_of_record
TN:
SF:src\entities\customer-profile.entity.ts
FN:35,(anonymous_2)
FN:73,(anonymous_3)
FN:73,(anonymous_4)
FN:76,(anonymous_5)
FN:76,(anonymous_6)
FN:79,(anonymous_7)
FN:79,(anonymous_8)
FN:82,(anonymous_9)
FN:82,(anonymous_10)
FNF:9
FNH:0
FNDA:0,(anonymous_2)
FNDA:0,(anonymous_3)
FNDA:0,(anonymous_4)
FNDA:0,(anonymous_5)
FNDA:0,(anonymous_6)
FNDA:0,(anonymous_7)
FNDA:0,(anonymous_8)
FNDA:0,(anonymous_9)
FNDA:0,(anonymous_10)
DA:1,0
DA:11,0
DA:12,0
DA:13,0
DA:14,0
DA:15,0
DA:16,0
DA:17,0
DA:25,0
DA:27,0
DA:30,0
DA:33,0
DA:35,0
DA:37,0
DA:40,0
DA:48,0
DA:56,0
DA:59,0
DA:62,0
DA:65,0
DA:68,0
DA:71,0
DA:73,0
DA:74,0
DA:76,0
DA:77,0
DA:79,0
DA:80,0
DA:82,0
DA:83,0
LF:30
LH:0
BRDA:37,0,0,0
BRDA:37,0,1,0
BRDA:37,1,0,0
BRDA:37,1,1,0
BRDA:48,2,0,0
BRDA:48,2,1,0
BRDA:48,3,0,0
BRDA:48,3,1,0
BRDA:56,4,0,0
BRDA:56,4,1,0
BRDA:56,5,0,0
BRDA:56,5,1,0
BRDA:59,6,0,0
BRDA:59,6,1,0
BRDA:59,7,0,0
BRDA:59,7,1,0
BRDA:62,8,0,0
BRDA:62,8,1,0
BRDA:62,9,0,0
BRDA:62,9,1,0
BRDA:65,10,0,0
BRDA:65,10,1,0
BRDA:65,11,0,0
BRDA:65,11,1,0
BRDA:68,12,0,0
BRDA:68,12,1,0
BRDA:68,13,0,0
BRDA:68,13,1,0
BRDA:71,14,0,0
BRDA:71,14,1,0
BRDA:71,15,0,0
BRDA:71,15,1,0
BRF:32
BRH:0
end_of_record
TN:
SF:src\entities\customer-segment.entity.ts
FN:26,(anonymous_2)
FNF:1
FNH:0
FNDA:0,(anonymous_2)
DA:1,0
DA:10,0
DA:16,0
DA:18,0
DA:21,0
DA:24,0
DA:26,0
DA:28,0
DA:31,0
DA:34,0
DA:37,0
DA:40,0
DA:43,0
DA:46,0
DA:49,0
DA:52,0
LF:16
LH:0
BRDA:28,0,0,0
BRDA:28,0,1,0
BRDA:28,1,0,0
BRDA:28,1,1,0
BRDA:37,2,0,0
BRDA:37,2,1,0
BRDA:37,3,0,0
BRDA:37,3,1,0
BRDA:46,4,0,0
BRDA:46,4,1,0
BRDA:46,5,0,0
BRDA:46,5,1,0
BRDA:49,6,0,0
BRDA:49,6,1,0
BRDA:49,7,0,0
BRDA:49,7,1,0
BRDA:52,8,0,0
BRDA:52,8,1,0
BRDA:52,9,0,0
BRDA:52,9,1,0
BRF:20
BRH:0
end_of_record
TN:
SF:src\entities\data-import-job.entity.ts
FN:29,(anonymous_2)
FNF:1
FNH:0
FNDA:0,(anonymous_2)
DA:1,0
DA:10,0
DA:11,0
DA:12,0
DA:19,0
DA:21,0
DA:24,0
DA:27,0
DA:29,0
DA:31,0
DA:39,0
DA:42,0
DA:50,0
DA:53,0
DA:56,0
DA:59,0
DA:67,0
DA:70,0
DA:73,0
DA:76,0
DA:79,0
DA:82,0
DA:85,0
DA:88,0
DA:91,0
LF:25
LH:0
BRDA:31,0,0,0
BRDA:31,0,1,0
BRDA:31,1,0,0
BRDA:31,1,1,0
BRDA:39,2,0,0
BRDA:39,2,1,0
BRDA:39,3,0,0
BRDA:39,3,1,0
BRDA:67,4,0,0
BRDA:67,4,1,0
BRDA:67,5,0,0
BRDA:67,5,1,0
BRDA:76,6,0,0
BRDA:76,6,1,0
BRDA:76,7,0,0
BRDA:76,7,1,0
BRDA:82,8,0,0
BRDA:82,8,1,0
BRDA:82,9,0,0
BRDA:82,9,1,0
BRDA:85,10,0,0
BRDA:85,10,1,0
BRDA:85,11,0,0
BRDA:85,11,1,0
BRF:24
BRH:0
end_of_record
TN:
SF:src\entities\permission.entity.ts
FN:30,(anonymous_2)
FN:30,(anonymous_3)
FNF:2
FNH:0
FNDA:0,(anonymous_2)
FNDA:0,(anonymous_3)
DA:1,1
DA:8,1
DA:11,1
DA:13,1
DA:16,1
DA:19,1
DA:22,1
DA:25,1
DA:28,1
DA:30,0
DA:31,1
LF:11
LH:10
BRDA:28,0,0,1
BRDA:28,0,1,0
BRDA:28,1,0,1
BRDA:28,1,1,1
BRF:4
BRH:3
end_of_record
TN:
SF:src\entities\publish-task.entity.ts
FN:25,(anonymous_2)
FN:25,(anonymous_3)
FN:34,(anonymous_4)
FN:34,(anonymous_5)
FNF:4
FNH:0
FNDA:0,(anonymous_2)
FNDA:0,(anonymous_3)
FNDA:0,(anonymous_4)
FNDA:0,(anonymous_5)
DA:1,1
DA:9,1
DA:10,1
DA:11,1
DA:15,1
DA:17,1
DA:20,1
DA:23,1
DA:25,0
DA:29,1
DA:32,1
DA:34,0
DA:38,1
DA:45,1
DA:48,1
DA:51,1
DA:54,1
DA:57,1
LF:18
LH:16
BRDA:29,0,0,1
BRDA:29,0,1,0
BRDA:29,1,0,1
BRDA:29,1,1,1
BRDA:38,2,0,0
BRDA:38,2,1,1
BRDA:38,3,0,1
BRDA:38,3,1,0
BRDA:45,4,0,0
BRDA:45,4,1,1
BRDA:45,5,0,1
BRDA:45,5,1,1
BRDA:48,6,0,1
BRDA:48,6,1,0
BRDA:48,7,0,1
BRDA:48,7,1,1
BRDA:51,8,0,1
BRDA:51,8,1,0
BRDA:51,9,0,1
BRDA:51,9,1,1
BRF:20
BRH:14
end_of_record
TN:
SF:src\entities\role.entity.ts
FN:31,(anonymous_2)
FN:31,(anonymous_3)
FN:34,(anonymous_4)
FN:34,(anonymous_5)
FNF:4
FNH:0
FNDA:0,(anonymous_2)
FNDA:0,(anonymous_3)
FNDA:0,(anonymous_4)
FNDA:0,(anonymous_5)
DA:1,1
DA:11,1
DA:12,1
DA:15,1
DA:17,1
DA:20,1
DA:23,1
DA:26,1
DA:29,1
DA:31,0
DA:32,1
DA:34,0
DA:40,1
LF:13
LH:11
BRDA:29,0,0,1
BRDA:29,0,1,0
BRDA:29,1,0,1
BRDA:29,1,1,1
BRF:4
BRH:3
end_of_record
TN:
SF:src\entities\social-account.entity.ts
FN:27,(anonymous_2)
FN:27,(anonymous_3)
FN:53,(anonymous_4)
FN:53,(anonymous_5)
FNF:4
FNH:0
FNDA:0,(anonymous_2)
FNDA:0,(anonymous_3)
FNDA:0,(anonymous_4)
FNDA:0,(anonymous_5)
DA:1,1
DA:10,1
DA:11,1
DA:12,1
DA:13,1
DA:17,1
DA:19,1
DA:22,1
DA:25,1
DA:27,0
DA:29,1
DA:35,1
DA:38,1
DA:41,1
DA:48,1
DA:51,1
DA:53,0
DA:54,1
LF:18
LH:16
BRDA:29,0,0,0
BRDA:29,0,1,1
BRDA:29,1,0,1
BRDA:29,1,1,0
BRDA:35,2,0,0
BRDA:35,2,1,1
BRDA:35,3,0,1
BRDA:35,3,1,1
BRDA:41,4,0,0
BRDA:41,4,1,1
BRDA:41,5,0,1
BRDA:41,5,1,0
BRDA:48,6,0,0
BRDA:48,6,1,1
BRDA:48,7,0,1
BRDA:48,7,1,1
BRDA:51,8,0,1
BRDA:51,8,1,0
BRDA:51,9,0,1
BRDA:51,9,1,1
BRF:20
BRH:13
end_of_record
TN:
SF:src\entities\tenant.entity.ts
FN:11,(anonymous_2)
FN:38,(anonymous_3)
FN:38,(anonymous_4)
FNF:3
FNH:0
FNDA:0,(anonymous_2)
FNDA:0,(anonymous_3)
FNDA:0,(anonymous_4)
DA:1,0
DA:9,0
DA:11,0
DA:12,0
DA:13,0
DA:14,0
DA:18,0
DA:20,0
DA:23,0
DA:30,0
DA:33,0
DA:36,0
DA:38,0
DA:39,0
LF:14
LH:0
BRDA:11,0,0,0
BRDA:11,0,1,0
BRDA:33,1,0,0
BRDA:33,1,1,0
BRDA:33,2,0,0
BRDA:33,2,1,0
BRDA:36,3,0,0
BRDA:36,3,1,0
BRDA:36,4,0,0
BRDA:36,4,1,0
BRF:10
BRH:0
end_of_record
TN:
SF:src\entities\user-role.entity.ts
FN:26,(anonymous_2)
FN:26,(anonymous_3)
FN:30,(anonymous_4)
FN:30,(anonymous_5)
FNF:4
FNH:0
FNDA:0,(anonymous_2)
FNDA:0,(anonymous_3)
FNDA:0,(anonymous_4)
FNDA:0,(anonymous_5)
DA:1,1
DA:9,1
DA:10,1
DA:13,1
DA:15,1
DA:18,1
DA:21,1
DA:24,1
DA:26,0
DA:28,1
DA:30,0
DA:32,1
LF:12
LH:10
BRDA:21,0,0,1
BRDA:21,0,1,0
BRDA:21,1,0,1
BRDA:21,1,1,1
BRDA:28,2,0,1
BRDA:28,2,1,0
BRDA:28,3,0,1
BRDA:28,3,1,1
BRDA:32,4,0,1
BRDA:32,4,1,0
BRDA:32,5,0,1
BRDA:32,5,1,1
BRF:12
BRH:9
end_of_record
TN:
SF:src\entities\user.entity.ts
FN:35,(anonymous_2)
FN:35,(anonymous_3)
FN:38,(anonymous_4)
FN:38,(anonymous_5)
FN:41,(anonymous_6)
FN:41,(anonymous_7)
FNF:6
FNH:0
FNDA:0,(anonymous_2)
FNDA:0,(anonymous_3)
FNDA:0,(anonymous_4)
FNDA:0,(anonymous_5)
FNDA:0,(anonymous_6)
FNDA:0,(anonymous_7)
DA:1,1
DA:9,1
DA:10,1
DA:11,1
DA:16,1
DA:18,1
DA:21,1
DA:24,1
DA:27,1
DA:30,1
DA:33,1
DA:35,0
DA:36,1
DA:38,0
DA:39,1
DA:41,0
DA:42,1
LF:17
LH:14
BRDA:30,0,0,1
BRDA:30,0,1,0
BRDA:30,1,0,1
BRDA:30,1,1,1
BRF:4
BRH:3
end_of_record
TN:
SF:src\modules\ai-engine\ai-engine.module.ts
FNF:0
FNH:0
DA:1,0
DA:9,0
LF:2
LH:0
BRF:0
BRH:0
end_of_record
TN:
SF:src\modules\auth\auth.module.ts
FN:51,(anonymous_1)
FN:29,(anonymous_2)
FNF:2
FNH:0
FNDA:0,(anonymous_1)
FNDA:0,(anonymous_2)
DA:1,0
DA:2,0
DA:3,0
DA:4,0
DA:5,0
DA:6,0
DA:7,0
DA:8,0
DA:9,0
DA:10,0
DA:11,0
DA:12,0
DA:13,0
DA:14,0
DA:15,0
DA:16,0
DA:17,0
DA:18,0
DA:19,0
DA:20,0
DA:21,0
DA:29,0
DA:50,0
DA:52,0
LF:24
LH:0
BRF:0
BRH:0
end_of_record
TN:
SF:src\modules\auth\controllers\auth.controller.ts
FN:12,(anonymous_4)
FN:18,(anonymous_5)
FN:26,(anonymous_6)
FN:34,(anonymous_7)
FN:44,(anonymous_8)
FNF:5
FNH:5
FNDA:10,(anonymous_4)
FNDA:2,(anonymous_5)
FNDA:3,(anonymous_6)
FNDA:2,(anonymous_7)
FNDA:3,(anonymous_8)
DA:1,1
DA:2,1
DA:3,1
DA:4,1
DA:5,1
DA:6,1
DA:7,1
DA:11,1
DA:12,10
DA:18,1
DA:19,2
DA:26,1
DA:27,3
DA:34,1
DA:35,2
DA:44,1
DA:45,3
LF:17
LH:17
BRDA:18,0,0,1
BRDA:18,0,1,0
BRDA:18,1,0,1
BRDA:18,1,1,1
BRDA:26,2,0,1
BRDA:26,2,1,0
BRDA:26,3,0,1
BRDA:26,3,1,1
BRDA:34,4,0,1
BRDA:34,4,1,0
BRDA:34,5,0,1
BRDA:34,5,1,1
BRDA:12,6,0,1
BRDA:12,6,1,0
BRDA:12,7,0,1
BRDA:12,7,1,1
BRF:16
BRH:12
end_of_record
TN:
SF:src\modules\auth\controllers\permission.controller.ts
FN:26,(anonymous_4)
FN:32,(anonymous_5)
FN:40,(anonymous_6)
FN:49,(anonymous_7)
FN:58,(anonymous_8)
FN:70,(anonymous_9)
FN:83,(anonymous_10)
FNF:7
FNH:0
FNDA:0,(anonymous_4)
FNDA:0,(anonymous_5)
FNDA:0,(anonymous_6)
FNDA:0,(anonymous_7)
FNDA:0,(anonymous_8)
FNDA:0,(anonymous_9)
FNDA:0,(anonymous_10)
DA:1,0
DA:12,0
DA:13,0
DA:14,0
DA:15,0
DA:16,0
DA:17,0
DA:18,0
DA:19,0
DA:25,0
DA:26,0
DA:32,0
DA:33,0
DA:40,0
DA:41,0
DA:49,0
DA:50,0
DA:58,0
DA:62,0
DA:70,0
DA:75,0
DA:83,0
DA:84,0
LF:23
LH:0
BRDA:32,0,0,0
BRDA:32,0,1,0
BRDA:32,1,0,0
BRDA:32,1,1,0
BRDA:40,2,0,0
BRDA:40,2,1,0
BRDA:40,3,0,0
BRDA:40,3,1,0
BRDA:49,4,0,0
BRDA:49,4,1,0
BRDA:49,5,0,0
BRDA:49,5,1,0
BRDA:59,6,0,0
BRDA:59,6,1,0
BRDA:59,7,0,0
BRDA:59,7,1,0
BRDA:61,8,0,0
BRDA:61,8,1,0
BRDA:61,9,0,0
BRDA:61,9,1,0
BRDA:72,10,0,0
BRDA:72,10,1,0
BRDA:72,11,0,0
BRDA:72,11,1,0
BRDA:74,12,0,0
BRDA:74,12,1,0
BRDA:74,13,0,0
BRDA:74,13,1,0
BRDA:83,14,0,0
BRDA:83,14,1,0
BRDA:83,15,0,0
BRDA:83,15,1,0
BRDA:26,16,0,0
BRDA:26,16,1,0
BRDA:26,17,0,0
BRDA:26,17,1,0
BRF:36
BRH:0
end_of_record
TN:
SF:src\modules\auth\controllers\role.controller.ts
FN:28,(anonymous_4)
FN:34,(anonymous_5)
FN:43,(anonymous_6)
FN:52,(anonymous_7)
FN:61,(anonymous_8)
FN:74,(anonymous_9)
FN:83,(anonymous_10)
FN:96,(anonymous_11)
FNF:8
FNH:0
FNDA:0,(anonymous_4)
FNDA:0,(anonymous_5)
FNDA:0,(anonymous_6)
FNDA:0,(anonymous_7)
FNDA:0,(anonymous_8)
FNDA:0,(anonymous_9)
FNDA:0,(anonymous_10)
FNDA:0,(anonymous_11)
DA:1,0
DA:12,0
DA:13,0
DA:14,0
DA:15,0
DA:16,0
DA:17,0
DA:18,0
DA:19,0
DA:20,0
DA:21,0
DA:27,0
DA:28,0
DA:34,0
DA:35,0
DA:43,0
DA:44,0
DA:52,0
DA:53,0
DA:61,0
DA:66,0
DA:74,0
DA:75,0
DA:83,0
DA:88,0
DA:96,0
DA:97,0
LF:27
LH:0
BRDA:34,0,0,0
BRDA:34,0,1,0
BRDA:34,1,0,0
BRDA:34,1,1,0
BRDA:43,2,0,0
BRDA:43,2,1,0
BRDA:43,3,0,0
BRDA:43,3,1,0
BRDA:52,4,0,0
BRDA:52,4,1,0
BRDA:52,5,0,0
BRDA:52,5,1,0
BRDA:52,6,0,0
BRDA:52,6,1,0
BRDA:52,7,0,0
BRDA:52,7,1,0
BRDA:63,8,0,0
BRDA:63,8,1,0
BRDA:63,9,0,0
BRDA:63,9,1,0
BRDA:65,10,0,0
BRDA:65,10,1,0
BRDA:65,11,0,0
BRDA:65,11,1,0
BRDA:74,12,0,0
BRDA:74,12,1,0
BRDA:74,13,0,0
BRDA:74,13,1,0
BRDA:85,14,0,0
BRDA:85,14,1,0
BRDA:85,15,0,0
BRDA:85,15,1,0
BRDA:87,16,0,0
BRDA:87,16,1,0
BRDA:87,17,0,0
BRDA:87,17,1,0
BRDA:96,18,0,0
BRDA:96,18,1,0
BRDA:96,19,0,0
BRDA:96,19,1,0
BRDA:28,20,0,0
BRDA:28,20,1,0
BRDA:28,21,0,0
BRDA:28,21,1,0
BRF:44
BRH:0
end_of_record
TN:
SF:src\modules\auth\decorators\permissions.decorator.ts
FN:4,(anonymous_0)
FNF:1
FNH:0
FNDA:0,(anonymous_0)
DA:1,0
DA:2,0
DA:4,0
DA:5,0
LF:4
LH:0
BRF:0
BRH:0
end_of_record
TN:
SF:src\modules\auth\decorators\roles.decorator.ts
FN:4,(anonymous_0)
FNF:1
FNH:1
FNDA:5,(anonymous_0)
DA:1,1
DA:2,1
DA:4,5
LF:3
LH:3
BRF:0
BRH:0
end_of_record
TN:
SF:src\modules\auth\dto\assign-permissions.dto.ts
FNF:0
FNH:0
DA:1,0
DA:2,0
DA:4,0
DA:13,0
LF:4
LH:0
BRF:0
BRH:0
end_of_record
TN:
SF:src\modules\auth\dto\create-permission.dto.ts
FNF:0
FNH:0
DA:1,0
DA:2,0
DA:4,0
DA:9,0
DA:15,0
DA:20,0
LF:6
LH:0
BRF:0
BRH:0
end_of_record
TN:
SF:src\modules\auth\dto\create-role.dto.ts
FNF:0
FNH:0
DA:1,0
DA:2,0
DA:4,0
DA:9,0
DA:14,0
LF:5
LH:0
BRF:0
BRH:0
end_of_record
TN:
SF:src\modules\auth\dto\login.dto.ts
FNF:0
FNH:0
DA:1,1
DA:3,1
DA:6,1
DA:10,1
LF:4
LH:4
BRF:0
BRH:0
end_of_record
TN:
SF:src\modules\auth\dto\refresh-token.dto.ts
FNF:0
FNH:0
DA:1,1
DA:3,1
DA:6,1
LF:3
LH:3
BRF:0
BRH:0
end_of_record
TN:
SF:src\modules\auth\dto\register.dto.ts
FNF:0
FNH:0
DA:1,1
DA:3,1
DA:6,1
DA:10,1
DA:14,1
DA:18,1
LF:6
LH:6
BRF:0
BRH:0
end_of_record
TN:
SF:src\modules\auth\dto\update-permission.dto.ts
FNF:0
FNH:0
DA:1,0
DA:2,0
DA:4,0
LF:3
LH:0
BRF:0
BRH:0
end_of_record
TN:
SF:src\modules\auth\dto\update-role.dto.ts
FNF:0
FNH:0
DA:1,0
DA:2,0
DA:4,0
LF:3
LH:0
BRF:0
BRH:0
end_of_record
TN:
SF:src\modules\auth\guards\jwt-auth.guard.ts
FNF:0
FNH:0
DA:1,2
DA:2,2
DA:5,2
LF:3
LH:3
BRF:0
BRH:0
end_of_record
TN:
SF:src\modules\auth\guards\permissions.guard.ts
FN:14,(anonymous_2)
FN:16,(anonymous_3)
FN:33,(anonymous_4)
FN:38,(anonymous_5)
FN:40,(anonymous_6)
FNF:5
FNH:5
FNDA:11,(anonymous_2)
FNDA:13,(anonymous_3)
FNDA:20,(anonymous_4)
FNDA:17,(anonymous_5)
FNDA:33,(anonymous_6)
DA:1,1
DA:2,1
DA:5,1
DA:13,1
DA:14,11
DA:17,13
DA:22,13
DA:23,3
DA:26,10
DA:27,10
DA:29,10
DA:30,2
DA:33,20
DA:38,8
DA:39,17
DA:41,33
LF:16
LH:16
BRDA:22,0,0,3
BRDA:22,0,1,10
BRDA:22,1,0,13
BRDA:22,1,1,12
BRDA:29,2,0,2
BRDA:29,2,1,8
BRDA:29,3,0,10
BRDA:29,3,1,9
BRDA:41,4,0,33
BRDA:41,4,1,19
BRDA:14,5,0,1
BRDA:14,5,1,0
BRDA:14,6,0,1
BRDA:14,6,1,1
BRF:14
BRH:13
end_of_record
TN:
SF:src\modules\auth\guards\roles.guard.ts
FN:9,(anonymous_2)
FN:11,(anonymous_3)
FN:28,(anonymous_4)
FN:29,(anonymous_5)
FNF:4
FNH:4
FNDA:20,(anonymous_2)
FNDA:10,(anonymous_3)
FNDA:11,(anonymous_4)
FNDA:7,(anonymous_5)
DA:1,2
DA:2,2
DA:5,2
DA:8,2
DA:9,20
DA:12,10
DA:17,10
DA:18,2
DA:21,8
DA:22,8
DA:24,8
DA:25,2
DA:28,11
DA:29,7
LF:14
LH:14
BRDA:17,0,0,2
BRDA:17,0,1,8
BRDA:17,1,0,10
BRDA:17,1,1,9
BRDA:24,2,0,2
BRDA:24,2,1,6
BRDA:24,3,0,8
BRDA:24,3,1,7
BRDA:9,4,0,2
BRDA:9,4,1,0
BRDA:9,5,0,2
BRDA:9,5,1,2
BRF:12
BRH:11
end_of_record
TN:
SF:src\modules\auth\middlewares\tenant.middleware.ts
FN:12,(anonymous_2)
FN:14,(anonymous_3)
FN:42,(anonymous_4)
FNF:3
FNH:3
FNDA:7,(anonymous_2)
FNDA:19,(anonymous_3)
FNDA:19,(anonymous_4)
DA:1,2
DA:3,2
DA:4,2
DA:11,2
DA:12,7
DA:16,19
DA:17,19
DA:18,11
DA:19,11
DA:20,11
DA:21,6
DA:22,4
DA:30,19
DA:31,6
DA:35,19
DA:36,9
DA:40,19
DA:43,19
LF:18
LH:18
BRDA:17,0,0,11
BRDA:17,0,1,8
BRDA:17,1,0,19
BRDA:17,1,1,12
BRDA:21,2,0,4
BRDA:21,2,1,2
BRDA:30,3,0,6
BRDA:30,3,1,13
BRDA:30,4,0,19
BRDA:30,4,1,15
BRDA:35,5,0,9
BRDA:35,5,1,10
BRDA:12,6,0,2
BRDA:12,6,1,0
BRDA:12,7,0,2
BRDA:12,7,1,2
BRF:16
BRH:15
end_of_record
TN:
SF:src\modules\auth\services\auth.service.ts
FN:15,(anonymous_13)
FN:22,(anonymous_14)
FN:36,(anonymous_15)
FN:61,(anonymous_16)
FN:116,(anonymous_17)
FN:146,(anonymous_18)
FNF:6
FNH:6
FNDA:13,(anonymous_13)
FNDA:3,(anonymous_14)
FNDA:2,(anonymous_15)
FNDA:3,(anonymous_16)
FNDA:3,(anonymous_17)
FNDA:2,(anonymous_18)
DA:1,2
DA:2,2
DA:4,2
DA:5,2
DA:10,2
DA:11,2
DA:14,2
DA:17,13
DA:18,13
DA:19,13
DA:23,3
DA:24,3
DA:29,3
DA:30,1
DA:31,1
DA:33,2
DA:37,2
DA:38,2
DA:39,1
DA:42,1
DA:49,1
DA:62,3
DA:65,3
DA:69,3
DA:70,1
DA:74,2
DA:78,2
DA:79,0
DA:83,2
DA:84,2
DA:87,2
DA:94,2
DA:97,2
DA:104,2
DA:117,3
DA:118,3
DA:121,2
DA:126,2
DA:127,1
DA:130,1
DA:137,1
DA:142,2
DA:147,2
DA:148,2
DA:153,2
DA:154,1
DA:157,1
LF:47
LH:46
BRDA:29,0,0,1
BRDA:29,0,1,2
BRDA:29,1,0,3
BRDA:29,1,1,2
BRDA:38,2,0,1
BRDA:38,2,1,1
BRDA:62,3,0,3
BRDA:62,3,1,2
BRDA:69,4,0,1
BRDA:69,4,1,2
BRDA:78,5,0,0
BRDA:78,5,1,2
BRDA:126,6,0,1
BRDA:126,6,1,1
BRDA:153,7,0,1
BRDA:153,7,1,1
BRDA:17,8,0,2
BRDA:17,8,1,0
BRDA:17,9,0,2
BRDA:17,9,1,2
BRDA:17,10,0,2
BRDA:17,10,1,0
BRDA:17,11,0,2
BRDA:17,11,1,2
BRDA:18,12,0,2
BRDA:18,12,1,0
BRDA:18,13,0,2
BRDA:18,13,1,2
BRF:28
BRH:24
end_of_record
TN:
SF:src\modules\auth\services\permission.service.ts
FN:10,(anonymous_4)
FN:15,(anonymous_5)
FN:22,(anonymous_6)
FN:34,(anonymous_7)
FN:43,(anonymous_8)
FN:50,(anonymous_9)
FN:55,(anonymous_10)
FNF:7
FNH:0
FNDA:0,(anonymous_4)
FNDA:0,(anonymous_5)
FNDA:0,(anonymous_6)
FNDA:0,(anonymous_7)
FNDA:0,(anonymous_8)
FNDA:0,(anonymous_9)
FNDA:0,(anonymous_10)
DA:1,0
DA:2,0
DA:3,0
DA:4,0
DA:9,0
DA:12,0
DA:16,0
DA:23,0
DA:27,0
DA:28,0
DA:31,0
DA:35,0
DA:40,0
DA:44,0
DA:46,0
DA:47,0
DA:51,0
DA:52,0
DA:56,0
LF:19
LH:0
BRDA:27,0,0,0
BRDA:27,0,1,0
BRDA:12,1,0,0
BRDA:12,1,1,0
BRDA:12,2,0,0
BRDA:12,2,1,0
BRF:6
BRH:0
end_of_record
TN:
SF:src\modules\auth\services\role.service.ts
FN:12,(anonymous_4)
FN:19,(anonymous_5)
FN:27,(anonymous_6)
FN:40,(anonymous_7)
FN:49,(anonymous_8)
FN:56,(anonymous_9)
FN:61,(anonymous_10)
FN:78,(anonymous_11)
FNF:8
FNH:0
FNDA:0,(anonymous_4)
FNDA:0,(anonymous_5)
FNDA:0,(anonymous_6)
FNDA:0,(anonymous_7)
FNDA:0,(anonymous_8)
FNDA:0,(anonymous_9)
FNDA:0,(anonymous_10)
FNDA:0,(anonymous_11)
DA:1,0
DA:2,0
DA:3,0
DA:4,0
DA:5,0
DA:11,0
DA:14,0
DA:16,0
DA:20,0
DA:28,0
DA:33,0
DA:34,0
DA:37,0
DA:41,0
DA:46,0
DA:50,0
DA:52,0
DA:53,0
DA:57,0
DA:58,0
DA:62,0
DA:63,0
DA:70,0
DA:71,0
DA:74,0
DA:75,0
DA:79,0
DA:84,0
DA:85,0
DA:88,0
LF:30
LH:0
BRDA:33,0,0,0
BRDA:33,0,1,0
BRDA:70,1,0,0
BRDA:70,1,1,0
BRDA:84,2,0,0
BRDA:84,2,1,0
BRDA:14,3,0,0
BRDA:14,3,1,0
BRDA:14,4,0,0
BRDA:14,4,1,0
BRDA:14,5,0,0
BRDA:14,5,1,0
BRDA:14,6,0,0
BRDA:14,6,1,0
BRF:14
BRH:0
end_of_record
TN:
SF:src\modules\auth\services\tenant.service.ts
FN:18,(anonymous_4)
FN:23,(anonymous_5)
FN:37,(anonymous_6)
FN:43,(anonymous_7)
FN:51,(anonymous_8)
FN:68,(anonymous_9)
FN:74,(anonymous_10)
FN:80,(anonymous_11)
FNF:8
FNH:0
FNDA:0,(anonymous_4)
FNDA:0,(anonymous_5)
FNDA:0,(anonymous_6)
FNDA:0,(anonymous_7)
FNDA:0,(anonymous_8)
FNDA:0,(anonymous_9)
FNDA:0,(anonymous_10)
FNDA:0,(anonymous_11)
DA:1,0
DA:2,0
DA:3,0
DA:4,0
DA:17,0
DA:20,0
DA:25,0
DA:29,0
DA:30,0
DA:33,0
DA:34,0
DA:38,0
DA:44,0
DA:45,0
DA:46,0
DA:48,0
DA:52,0
DA:55,0
DA:56,0
DA:59,0
DA:60,0
DA:64,0
DA:65,0
DA:69,0
DA:71,0
DA:75,0
DA:76,0
DA:77,0
DA:81,0
DA:82,0
DA:83,0
LF:31
LH:0
BRDA:29,0,0,0
BRDA:29,0,1,0
BRDA:45,1,0,0
BRDA:45,1,1,0
BRDA:55,2,0,0
BRDA:55,2,1,0
BRDA:55,3,0,0
BRDA:55,3,1,0
BRDA:59,4,0,0
BRDA:59,4,1,0
BRDA:59,5,0,0
BRDA:59,5,1,0
BRDA:20,6,0,0
BRDA:20,6,1,0
BRDA:20,7,0,0
BRDA:20,7,1,0
BRF:16
BRH:0
end_of_record
TN:
SF:src\modules\auth\strategies\jwt.strategy.ts
FN:15,(anonymous_4)
FN:31,(anonymous_5)
FN:47,(anonymous_6)
FN:55,(anonymous_7)
FN:57,(anonymous_8)
FN:69,(anonymous_9)
FN:77,(anonymous_10)
FNF:7
FNH:7
FNDA:5,(anonymous_4)
FNDA:4,(anonymous_5)
FNDA:4,(anonymous_6)
FNDA:4,(anonymous_7)
FNDA:8,(anonymous_8)
FNDA:8,(anonymous_9)
FNDA:4,(anonymous_10)
DA:1,1
DA:2,1
DA:3,1
DA:4,1
DA:5,1
DA:6,1
DA:8,1
DA:9,1
DA:11,1
DA:14,1
DA:16,5
DA:18,5
DA:20,5
DA:22,5
DA:24,5
DA:32,4
DA:37,4
DA:38,1
DA:42,3
DA:47,4
DA:48,3
DA:54,3
DA:55,3
DA:56,4
DA:57,4
DA:58,8
DA:68,3
DA:69,8
DA:72,3
DA:77,4
LF:30
LH:30
BRDA:37,0,0,1
BRDA:37,0,1,3
BRDA:56,1,0,4
BRDA:56,1,1,0
BRDA:16,2,0,1
BRDA:16,2,1,0
BRDA:16,3,0,1
BRDA:16,3,1,1
BRDA:16,4,0,1
BRDA:16,4,1,0
BRDA:16,5,0,1
BRDA:16,5,1,1
BRDA:18,6,0,1
BRDA:18,6,1,0
BRDA:18,7,0,1
BRDA:18,7,1,1
BRDA:20,8,0,1
BRDA:20,8,1,0
BRDA:20,9,0,1
BRDA:20,9,1,1
BRF:20
BRH:15
end_of_record
TN:
SF:src\modules\customer-data\customer-data.module.ts
FNF:0
FNH:0
DA:1,0
DA:2,0
DA:3,0
DA:4,0
DA:5,0
DA:7,0
DA:8,0
DA:9,0
DA:11,0
DA:12,0
DA:13,0
DA:36,0
LF:12
LH:0
BRF:0
BRH:0
end_of_record
TN:
SF:src\modules\customer-data\controllers\customer-analytics.controller.ts
FN:24,(anonymous_4)
FN:81,(anonymous_5)
FN:105,(anonymous_6)
FN:127,(anonymous_7)
FN:184,(anonymous_8)
FN:221,(anonymous_9)
FN:247,(anonymous_10)
FN:284,(anonymous_11)
FN:309,(anonymous_12)
FN:338,(anonymous_13)
FN:393,(anonymous_14)
FN:433,(anonymous_15)
FN:475,(anonymous_16)
FN:524,(anonymous_17)
FN:572,(anonymous_18)
FN:603,(anonymous_19)
FNF:16
FNH:0
FNDA:0,(anonymous_4)
FNDA:0,(anonymous_5)
FNDA:0,(anonymous_6)
FNDA:0,(anonymous_7)
FNDA:0,(anonymous_8)
FNDA:0,(anonymous_9)
FNDA:0,(anonymous_10)
FNDA:0,(anonymous_11)
FNDA:0,(anonymous_12)
FNDA:0,(anonymous_13)
FNDA:0,(anonymous_14)
FNDA:0,(anonymous_15)
FNDA:0,(anonymous_16)
FNDA:0,(anonymous_17)
FNDA:0,(anonymous_18)
FNDA:0,(anonymous_19)
DA:1,0
DA:10,0
DA:17,0
DA:18,0
DA:19,0
DA:23,0
DA:25,0
DA:81,0
DA:84,0
DA:105,0
DA:108,0
DA:127,0
DA:131,0
DA:184,0
DA:187,0
DA:221,0
DA:226,0
DA:247,0
DA:251,0
DA:284,0
DA:289,0
DA:309,0
DA:313,0
DA:338,0
DA:342,0
DA:346,0
DA:393,0
DA:396,0
DA:433,0
DA:436,0
DA:475,0
DA:478,0
DA:524,0
DA:527,0
DA:572,0
DA:575,0
DA:603,0
DA:606,0
LF:38
LH:0
BRDA:83,0,0,0
BRDA:83,0,1,0
BRDA:83,1,0,0
BRDA:83,1,1,0
BRDA:107,2,0,0
BRDA:107,2,1,0
BRDA:107,3,0,0
BRDA:107,3,1,0
BRDA:129,4,0,0
BRDA:129,4,1,0
BRDA:129,5,0,0
BRDA:129,5,1,0
BRDA:130,6,0,0
BRDA:130,6,1,0
BRDA:130,7,0,0
BRDA:130,7,1,0
BRDA:186,8,0,0
BRDA:186,8,1,0
BRDA:186,9,0,0
BRDA:186,9,1,0
BRDA:223,10,0,0
BRDA:223,10,1,0
BRDA:223,11,0,0
BRDA:223,11,1,0
BRDA:250,12,0,0
BRDA:250,12,1,0
BRDA:250,13,0,0
BRDA:250,13,1,0
BRDA:287,14,0,0
BRDA:287,14,1,0
BRDA:287,15,0,0
BRDA:287,15,1,0
BRDA:288,16,0,0
BRDA:288,16,1,0
BRDA:288,17,0,0
BRDA:288,17,1,0
BRDA:312,18,0,0
BRDA:312,18,1,0
BRDA:312,19,0,0
BRDA:312,19,1,0
BRDA:340,20,0,0
BRDA:340,20,1,0
BRDA:340,21,0,0
BRDA:340,21,1,0
BRDA:395,22,0,0
BRDA:395,22,1,0
BRDA:395,23,0,0
BRDA:395,23,1,0
BRDA:435,24,0,0
BRDA:435,24,1,0
BRDA:435,25,0,0
BRDA:435,25,1,0
BRDA:477,26,0,0
BRDA:477,26,1,0
BRDA:477,27,0,0
BRDA:477,27,1,0
BRDA:526,28,0,0
BRDA:526,28,1,0
BRDA:526,29,0,0
BRDA:526,29,1,0
BRDA:574,30,0,0
BRDA:574,30,1,0
BRDA:574,31,0,0
BRDA:574,31,1,0
BRDA:605,32,0,0
BRDA:605,32,1,0
BRDA:605,33,0,0
BRDA:605,33,1,0
BRDA:25,34,0,0
BRDA:25,34,1,0
BRDA:25,35,0,0
BRDA:25,35,1,0
BRF:72
BRH:0
end_of_record
TN:
SF:src\modules\customer-data\controllers\customer-profile.controller.ts
FN:31,(anonymous_4)
FN:50,(anonymous_5)
FN:80,(anonymous_6)
FN:98,(anonymous_7)
FN:120,(anonymous_8)
FN:139,(anonymous_9)
FN:172,(anonymous_10)
FN:214,(anonymous_11)
FN:245,(anonymous_12)
FN:246,(anonymous_13)
FN:279,(anonymous_14)
FN:280,(anonymous_15)
FN:289,(anonymous_16)
FN:313,(anonymous_17)
FNF:14
FNH:0
FNDA:0,(anonymous_4)
FNDA:0,(anonymous_5)
FNDA:0,(anonymous_6)
FNDA:0,(anonymous_7)
FNDA:0,(anonymous_8)
FNDA:0,(anonymous_9)
FNDA:0,(anonymous_10)
FNDA:0,(anonymous_11)
FNDA:0,(anonymous_12)
FNDA:0,(anonymous_13)
FNDA:0,(anonymous_14)
FNDA:0,(anonymous_15)
FNDA:0,(anonymous_16)
FNDA:0,(anonymous_17)
DA:1,0
DA:13,0
DA:21,0
DA:22,0
DA:23,0
DA:24,0
DA:25,0
DA:26,0
DA:30,0
DA:32,0
DA:50,0
DA:54,0
DA:56,0
DA:80,0
DA:81,0
DA:98,0
DA:101,0
DA:120,0
DA:124,0
DA:139,0
DA:140,0
DA:172,0
DA:178,0
DA:180,0
DA:214,0
DA:215,0
DA:245,0
DA:246,0
DA:279,0
DA:280,0
DA:290,0
DA:307,0
DA:314,0
DA:322,0
LF:34
LH:0
BRDA:307,0,0,0
BRDA:307,0,1,0
BRDA:322,1,0,0
BRDA:322,1,1,0
BRDA:51,2,0,0
BRDA:51,2,1,0
BRDA:51,3,0,0
BRDA:51,3,1,0
BRDA:52,4,0,0
BRDA:52,4,1,0
BRDA:52,5,0,0
BRDA:52,5,1,0
BRDA:80,6,0,0
BRDA:80,6,1,0
BRDA:80,7,0,0
BRDA:80,7,1,0
BRDA:100,8,0,0
BRDA:100,8,1,0
BRDA:100,9,0,0
BRDA:100,9,1,0
BRDA:122,10,0,0
BRDA:122,10,1,0
BRDA:122,11,0,0
BRDA:122,11,1,0
BRDA:123,12,0,0
BRDA:123,12,1,0
BRDA:123,13,0,0
BRDA:123,13,1,0
BRDA:139,14,0,0
BRDA:139,14,1,0
BRDA:139,15,0,0
BRDA:139,15,1,0
BRDA:172,16,0,0
BRDA:172,16,1,0
BRDA:172,17,0,0
BRDA:172,17,1,0
BRDA:214,18,0,0
BRDA:214,18,1,0
BRDA:214,19,0,0
BRDA:214,19,1,0
BRDA:32,20,0,0
BRDA:32,20,1,0
BRDA:32,21,0,0
BRDA:32,21,1,0
BRF:44
BRH:0
end_of_record
TN:
SF:src\modules\customer-data\controllers\data-import.controller.ts
FN:30,(anonymous_4)
FN:51,(anonymous_5)
FN:81,(anonymous_6)
FN:109,(anonymous_7)
FN:127,(anonymous_8)
FN:150,(anonymous_9)
FN:176,(anonymous_10)
FN:196,(anonymous_11)
FN:228,(anonymous_12)
FN:277,(anonymous_13)
FN:320,(anonymous_14)
FN:321,(anonymous_15)
FN:354,(anonymous_16)
FN:355,(anonymous_17)
FN:364,(anonymous_18)
FN:380,(anonymous_19)
FNF:16
FNH:0
FNDA:0,(anonymous_4)
FNDA:0,(anonymous_5)
FNDA:0,(anonymous_6)
FNDA:0,(anonymous_7)
FNDA:0,(anonymous_8)
FNDA:0,(anonymous_9)
FNDA:0,(anonymous_10)
FNDA:0,(anonymous_11)
FNDA:0,(anonymous_12)
FNDA:0,(anonymous_13)
FNDA:0,(anonymous_14)
FNDA:0,(anonymous_15)
FNDA:0,(anonymous_16)
FNDA:0,(anonymous_17)
FNDA:0,(anonymous_18)
FNDA:0,(anonymous_19)
DA:1,0
DA:12,0
DA:20,0
DA:21,0
DA:22,0
DA:23,0
DA:24,0
DA:25,0
DA:29,0
DA:30,0
DA:51,0
DA:56,0
DA:81,0
DA:84,0
DA:109,0
DA:110,0
DA:127,0
DA:130,0
DA:150,0
DA:154,0
DA:176,0
DA:177,0
DA:196,0
DA:197,0
DA:228,0
DA:231,0
DA:277,0
DA:290,0
DA:320,0
DA:321,0
DA:354,0
DA:355,0
DA:365,0
DA:374,0
DA:381,0
DA:389,0
LF:36
LH:0
BRDA:374,0,0,0
BRDA:374,0,1,0
BRDA:389,1,0,0
BRDA:389,1,1,0
BRDA:53,2,0,0
BRDA:53,2,1,0
BRDA:53,3,0,0
BRDA:53,3,1,0
BRDA:54,4,0,0
BRDA:54,4,1,0
BRDA:54,5,0,0
BRDA:54,5,1,0
BRDA:82,6,0,0
BRDA:82,6,1,0
BRDA:82,7,0,0
BRDA:82,7,1,0
BRDA:83,8,0,0
BRDA:83,8,1,0
BRDA:83,9,0,0
BRDA:83,9,1,0
BRDA:109,10,0,0
BRDA:109,10,1,0
BRDA:109,11,0,0
BRDA:109,11,1,0
BRDA:129,12,0,0
BRDA:129,12,1,0
BRDA:129,13,0,0
BRDA:129,13,1,0
BRDA:152,14,0,0
BRDA:152,14,1,0
BRDA:152,15,0,0
BRDA:152,15,1,0
BRDA:153,16,0,0
BRDA:153,16,1,0
BRDA:153,17,0,0
BRDA:153,17,1,0
BRDA:176,18,0,0
BRDA:176,18,1,0
BRDA:176,19,0,0
BRDA:176,19,1,0
BRDA:196,20,0,0
BRDA:196,20,1,0
BRDA:196,21,0,0
BRDA:196,21,1,0
BRDA:230,22,0,0
BRDA:230,22,1,0
BRDA:230,23,0,0
BRDA:230,23,1,0
BRDA:279,24,0,0
BRDA:279,24,1,0
BRDA:279,25,0,0
BRDA:279,25,1,0
BRDA:280,26,0,0
BRDA:280,26,1,0
BRDA:280,27,0,0
BRDA:280,27,1,0
BRDA:30,28,0,0
BRDA:30,28,1,0
BRDA:30,29,0,0
BRDA:30,29,1,0
BRF:60
BRH:0
end_of_record
TN:
SF:src\modules\customer-data\dto\create-customer-profile.dto.ts
FNF:0
FNH:0
DA:1,0
DA:2,0
DA:3,0
DA:5,0
DA:7,0
DA:10,0
DA:13,0
DA:16,0
DA:20,0
DA:24,0
DA:28,0
LF:11
LH:0
BRDA:13,0,0,0
BRDA:13,0,1,0
BRDA:13,1,0,0
BRDA:13,1,1,0
BRDA:16,2,0,0
BRDA:16,2,1,0
BRDA:16,3,0,0
BRDA:16,3,1,0
BRDA:20,4,0,0
BRDA:20,4,1,0
BRDA:20,5,0,0
BRDA:20,5,1,0
BRDA:24,6,0,0
BRDA:24,6,1,0
BRDA:24,7,0,0
BRDA:24,7,1,0
BRDA:28,8,0,0
BRDA:28,8,1,0
BRDA:28,9,0,0
BRDA:28,9,1,0
BRF:20
BRH:0
end_of_record
TN:
SF:src\modules\customer-data\dto\create-import-job.dto.ts
FNF:0
FNH:0
DA:1,0
DA:2,0
DA:4,0
DA:6,0
DA:9,0
DA:13,0
DA:17,0
DA:22,0
DA:26,0
LF:9
LH:0
BRDA:9,0,0,0
BRDA:9,0,1,0
BRDA:9,1,0,0
BRDA:9,1,1,0
BRF:4
BRH:0
end_of_record
TN:
SF:src\modules\customer-data\dto\process-import.dto.ts
FNF:0
FNH:0
DA:1,0
DA:3,0
DA:5,0
DA:9,0
DA:13,0
LF:5
LH:0
BRDA:13,0,0,0
BRDA:13,0,1,0
BRDA:13,1,0,0
BRDA:13,1,1,0
BRF:4
BRH:0
end_of_record
TN:
SF:src\modules\customer-data\dto\segmentation-request.dto.ts
FNF:0
FNH:0
DA:1,0
DA:3,0
DA:5,0
DA:9,0
LF:4
LH:0
BRDA:9,0,0,0
BRDA:9,0,1,0
BRDA:9,1,0,0
BRDA:9,1,1,0
BRF:4
BRH:0
end_of_record
TN:
SF:src\modules\customer-data\dto\update-customer-profile.dto.ts
FNF:0
FNH:0
DA:1,0
DA:2,0
DA:3,0
DA:5,0
DA:8,0
DA:12,0
DA:16,0
DA:20,0
DA:24,0
DA:28,0
LF:10
LH:0
BRDA:12,0,0,0
BRDA:12,0,1,0
BRDA:12,1,0,0
BRDA:12,1,1,0
BRDA:16,2,0,0
BRDA:16,2,1,0
BRDA:16,3,0,0
BRDA:16,3,1,0
BRDA:20,4,0,0
BRDA:20,4,1,0
BRDA:20,5,0,0
BRDA:20,5,1,0
BRDA:24,6,0,0
BRDA:24,6,1,0
BRDA:24,7,0,0
BRDA:24,7,1,0
BRDA:28,8,0,0
BRDA:28,8,1,0
BRDA:28,9,0,0
BRDA:28,9,1,0
BRF:20
BRH:0
end_of_record
TN:
SF:src\modules\customer-data\services\customer-analytics.service.ts
FN:11,(anonymous_4)
FN:23,(anonymous_5)
FN:41,(anonymous_6)
FN:45,(anonymous_7)
FN:73,(anonymous_8)
FN:77,(anonymous_9)
FN:82,(anonymous_10)
FN:105,(anonymous_11)
FN:109,(anonymous_12)
FN:113,(anonymous_13)
FN:124,(anonymous_14)
FN:160,(anonymous_15)
FN:203,(anonymous_16)
FN:249,(anonymous_17)
FN:264,(anonymous_18)
FN:271,(anonymous_19)
FN:282,(anonymous_20)
FN:283,(anonymous_21)
FN:284,(anonymous_22)
FN:292,(anonymous_23)
FN:331,(anonymous_24)
FN:393,(anonymous_25)
FN:435,(anonymous_26)
FN:477,(anonymous_27)
FN:539,(anonymous_28)
FN:557,(anonymous_29)
FN:562,(anonymous_30)
FN:605,(anonymous_31)
FN:615,(anonymous_32)
FN:635,(anonymous_33)
FN:651,(anonymous_34)
FN:667,(anonymous_35)
FN:709,(anonymous_36)
FN:758,(anonymous_37)
FN:759,(anonymous_38)
FN:789,(anonymous_39)
FN:804,(anonymous_40)
FN:852,(anonymous_41)
FN:859,(anonymous_42)
FN:879,(anonymous_43)
FN:882,(anonymous_44)
FN:883,(anonymous_45)
FN:885,(anonymous_46)
FN:886,(anonymous_47)
FN:899,(anonymous_48)
FN:922,(anonymous_49)
FN:931,(anonymous_50)
FN:939,(anonymous_51)
FN:947,(anonymous_52)
FN:953,(anonymous_53)
FN:959,(anonymous_54)
FN:965,(anonymous_55)
FN:1004,(anonymous_56)
FN:1016,(anonymous_57)
FN:1019,(anonymous_58)
FN:1020,(anonymous_59)
FN:1022,(anonymous_60)
FN:1026,(anonymous_61)
FN:1030,(anonymous_62)
FN:1044,(anonymous_63)
FN:1050,(anonymous_64)
FN:1056,(anonymous_65)
FN:1059,(anonymous_66)
FN:1063,(anonymous_67)
FN:1074,(anonymous_68)
FN:1078,(anonymous_69)
FN:1079,(anonymous_70)
FN:1081,(anonymous_71)
FN:1082,(anonymous_72)
FNF:69
FNH:0
FNDA:0,(anonymous_4)
FNDA:0,(anonymous_5)
FNDA:0,(anonymous_6)
FNDA:0,(anonymous_7)
FNDA:0,(anonymous_8)
FNDA:0,(anonymous_9)
FNDA:0,(anonymous_10)
FNDA:0,(anonymous_11)
FNDA:0,(anonymous_12)
FNDA:0,(anonymous_13)
FNDA:0,(anonymous_14)
FNDA:0,(anonymous_15)
FNDA:0,(anonymous_16)
FNDA:0,(anonymous_17)
FNDA:0,(anonymous_18)
FNDA:0,(anonymous_19)
FNDA:0,(anonymous_20)
FNDA:0,(anonymous_21)
FNDA:0,(anonymous_22)
FNDA:0,(anonymous_23)
FNDA:0,(anonymous_24)
FNDA:0,(anonymous_25)
FNDA:0,(anonymous_26)
FNDA:0,(anonymous_27)
FNDA:0,(anonymous_28)
FNDA:0,(anonymous_29)
FNDA:0,(anonymous_30)
FNDA:0,(anonymous_31)
FNDA:0,(anonymous_32)
FNDA:0,(anonymous_33)
FNDA:0,(anonymous_34)
FNDA:0,(anonymous_35)
FNDA:0,(anonymous_36)
FNDA:0,(anonymous_37)
FNDA:0,(anonymous_38)
FNDA:0,(anonymous_39)
FNDA:0,(anonymous_40)
FNDA:0,(anonymous_41)
FNDA:0,(anonymous_42)
FNDA:0,(anonymous_43)
FNDA:0,(anonymous_44)
FNDA:0,(anonymous_45)
FNDA:0,(anonymous_46)
FNDA:0,(anonymous_47)
FNDA:0,(anonymous_48)
FNDA:0,(anonymous_49)
FNDA:0,(anonymous_50)
FNDA:0,(anonymous_51)
FNDA:0,(anonymous_52)
FNDA:0,(anonymous_53)
FNDA:0,(anonymous_54)
FNDA:0,(anonymous_55)
FNDA:0,(anonymous_56)
FNDA:0,(anonymous_57)
FNDA:0,(anonymous_58)
FNDA:0,(anonymous_59)
FNDA:0,(anonymous_60)
FNDA:0,(anonymous_61)
FNDA:0,(anonymous_62)
FNDA:0,(anonymous_63)
FNDA:0,(anonymous_64)
FNDA:0,(anonymous_65)
FNDA:0,(anonymous_66)
FNDA:0,(anonymous_67)
FNDA:0,(anonymous_68)
FNDA:0,(anonymous_69)
FNDA:0,(anonymous_70)
FNDA:0,(anonymous_71)
FNDA:0,(anonymous_72)
DA:1,0
DA:2,0
DA:3,0
DA:4,0
DA:5,0
DA:6,0
DA:7,0
DA:10,0
DA:13,0
DA:15,0
DA:17,0
DA:26,0
DA:31,0
DA:32,0
DA:36,0
DA:40,0
DA:41,0
DA:44,0
DA:45,0
DA:49,0
DA:74,0
DA:76,0
DA:77,0
DA:79,0
DA:81,0
DA:83,0
DA:89,0
DA:91,0
DA:95,0
DA:96,0
DA:97,0
DA:98,0
DA:99,0
DA:106,0
DA:108,0
DA:109,0
DA:112,0
DA:113,0
DA:117,0
DA:118,0
DA:128,0
DA:130,0
DA:163,0
DA:165,0
DA:206,0
DA:208,0
DA:252,0
DA:256,0
DA:257,0
DA:263,0
DA:264,0
DA:268,0
DA:271,0
DA:282,0
DA:283,0
DA:284,0
DA:296,0
DA:299,0
DA:300,0
DA:301,0
DA:305,0
DA:309,0
DA:310,0
DA:311,0
DA:315,0
DA:316,0
DA:317,0
DA:321,0
DA:322,0
DA:323,0
DA:325,0
DA:338,0
DA:377,0
DA:378,0
DA:387,0
DA:397,0
DA:401,0
DA:402,0
DA:406,0
DA:410,0
DA:413,0
DA:417,0
DA:418,0
DA:419,0
DA:423,0
DA:426,0
DA:429,0
DA:436,0
DA:483,0
DA:540,0
DA:544,0
DA:545,0
DA:548,0
DA:552,0
DA:556,0
DA:557,0
DA:560,0
DA:561,0
DA:562,0
DA:566,0
DA:606,0
DA:619,0
DA:623,0
DA:624,0
DA:629,0
DA:640,0
DA:642,0
DA:643,0
DA:645,0
DA:652,0
DA:657,0
DA:658,0
DA:669,0
DA:673,0
DA:674,0
DA:677,0
DA:680,0
DA:717,0
DA:718,0
DA:720,0
DA:722,0
DA:723,0
DA:724,0
DA:726,0
DA:738,0
DA:759,0
DA:760,0
DA:763,0
DA:764,0
DA:765,0
DA:767,0
DA:770,0
DA:771,0
DA:775,0
DA:776,0
DA:780,0
DA:781,0
DA:784,0
DA:788,0
DA:789,0
DA:806,0
DA:821,0
DA:822,0
DA:823,0
DA:824,0
DA:831,0
DA:854,0
DA:859,0
DA:860,0
DA:863,0
DA:878,0
DA:879,0
DA:882,0
DA:883,0
DA:885,0
DA:886,0
DA:901,0
DA:909,0
DA:925,0
DA:927,0
DA:928,0
DA:935,0
DA:936,0
DA:943,0
DA:944,0
DA:948,0
DA:950,0
DA:954,0
DA:956,0
DA:960,0
DA:961,0
DA:962,0
DA:966,0
DA:1001,0
DA:1008,0
DA:1010,0
DA:1011,0
DA:1012,0
DA:1013,0
DA:1018,0
DA:1019,0
DA:1020,0
DA:1021,0
DA:1022,0
DA:1025,0
DA:1026,0
DA:1029,0
DA:1030,0
DA:1034,0
DA:1035,0
DA:1039,0
DA:1050,0
DA:1056,0
DA:1062,0
DA:1063,0
DA:1065,0
DA:1066,0
DA:1067,0
DA:1071,0
DA:1077,0
DA:1078,0
DA:1079,0
DA:1080,0
DA:1081,0
DA:1082,0
DA:1084,0
LF:206
LH:0
BRDA:31,0,0,0
BRDA:31,0,1,0
BRDA:74,1,0,0
BRDA:74,1,1,0
BRDA:79,2,0,0
BRDA:79,2,1,0
BRDA:83,3,0,0
BRDA:83,3,1,0
BRDA:83,4,0,0
BRDA:83,4,1,0
BRDA:83,4,2,0
BRDA:89,5,0,0
BRDA:89,5,1,0
BRDA:95,6,0,0
BRDA:95,6,1,0
BRDA:96,7,0,0
BRDA:96,7,1,0
BRDA:97,8,0,0
BRDA:97,8,1,0
BRDA:98,9,0,0
BRDA:98,9,1,0
BRDA:106,10,0,0
BRDA:106,10,1,0
BRDA:117,11,0,0
BRDA:117,11,1,0
BRDA:128,12,0,0
BRDA:128,12,1,0
BRDA:131,13,0,0
BRDA:131,13,1,0
BRDA:132,14,0,0
BRDA:132,14,1,0
BRDA:136,15,0,0
BRDA:136,15,1,0
BRDA:143,16,0,0
BRDA:143,16,1,0
BRDA:163,17,0,0
BRDA:163,17,1,0
BRDA:167,18,0,0
BRDA:167,18,1,0
BRDA:168,19,0,0
BRDA:168,19,1,0
BRDA:169,20,0,0
BRDA:169,20,1,0
BRDA:173,21,0,0
BRDA:173,21,1,0
BRDA:176,22,0,0
BRDA:176,22,1,0
BRDA:177,23,0,0
BRDA:177,23,1,0
BRDA:178,24,0,0
BRDA:178,24,1,0
BRDA:206,25,0,0
BRDA:206,25,1,0
BRDA:211,26,0,0
BRDA:211,26,1,0
BRDA:213,27,0,0
BRDA:213,27,1,0
BRDA:221,28,0,0
BRDA:221,28,1,0
BRDA:256,29,0,0
BRDA:256,29,1,0
BRDA:275,30,0,0
BRDA:275,30,1,0
BRDA:282,31,0,0
BRDA:282,31,1,0
BRDA:283,32,0,0
BRDA:283,32,1,0
BRDA:284,33,0,0
BRDA:284,33,1,0
BRDA:300,34,0,0
BRDA:300,34,1,0
BRDA:309,35,0,0
BRDA:309,35,1,0
BRDA:315,36,0,0
BRDA:315,36,1,0
BRDA:377,37,0,0
BRDA:377,37,1,0
BRDA:401,38,0,0
BRDA:401,38,1,0
BRDA:406,39,0,0
BRDA:406,39,1,0
BRDA:544,40,0,0
BRDA:544,40,1,0
BRDA:571,41,0,0
BRDA:571,41,1,0
BRDA:579,42,0,0
BRDA:579,42,1,0
BRDA:584,43,0,0
BRDA:584,43,1,0
BRDA:586,44,0,0
BRDA:586,44,1,0
BRDA:589,45,0,0
BRDA:589,45,1,0
BRDA:592,46,0,0
BRDA:592,46,1,0
BRDA:595,47,0,0
BRDA:595,47,1,0
BRDA:623,48,0,0
BRDA:623,48,1,0
BRDA:657,49,0,0
BRDA:657,49,1,0
BRDA:673,50,0,0
BRDA:673,50,1,0
BRDA:677,51,0,0
BRDA:677,51,1,0
BRDA:770,52,0,0
BRDA:770,52,1,0
BRDA:770,53,0,0
BRDA:770,53,1,0
BRDA:770,53,2,0
BRDA:775,54,0,0
BRDA:775,54,1,0
BRDA:775,55,0,0
BRDA:775,55,1,0
BRDA:775,55,2,0
BRDA:780,56,0,0
BRDA:780,56,1,0
BRDA:780,57,0,0
BRDA:780,57,1,0
BRDA:925,58,0,0
BRDA:925,58,1,0
BRDA:927,59,0,0
BRDA:927,59,1,0
BRDA:927,60,0,0
BRDA:927,60,1,0
BRDA:935,61,0,0
BRDA:935,61,1,0
BRDA:936,62,0,0
BRDA:936,62,1,0
BRDA:943,63,0,0
BRDA:943,63,1,0
BRDA:944,64,0,0
BRDA:944,64,1,0
BRDA:948,65,0,0
BRDA:948,65,1,0
BRDA:954,66,0,0
BRDA:954,66,1,0
BRDA:960,67,0,0
BRDA:960,67,1,0
BRDA:961,68,0,0
BRDA:961,68,1,0
BRDA:1001,69,0,0
BRDA:1001,69,1,0
BRDA:1010,70,0,0
BRDA:1010,70,1,0
BRDA:1010,71,0,0
BRDA:1010,71,1,0
BRDA:1011,72,0,0
BRDA:1011,72,1,0
BRDA:1011,73,0,0
BRDA:1011,73,1,0
BRDA:1012,74,0,0
BRDA:1012,74,1,0
BRDA:1012,75,0,0
BRDA:1012,75,1,0
BRDA:1039,76,0,0
BRDA:1039,76,1,0
BRDA:1066,77,0,0
BRDA:1066,77,1,0
BRDA:13,78,0,0
BRDA:13,78,1,0
BRDA:13,79,0,0
BRDA:13,79,1,0
BRDA:13,80,0,0
BRDA:13,80,1,0
BRDA:13,81,0,0
BRDA:13,81,1,0
BRDA:15,82,0,0
BRDA:15,82,1,0
BRDA:15,83,0,0
BRDA:15,83,1,0
BRF:171
BRH:0
end_of_record
TN:
SF:src\modules\customer-data\services\customer-profile.service.ts
FN:20,(anonymous_4)
FN:32,(anonymous_5)
FN:55,(anonymous_6)
FN:71,(anonymous_7)
FN:81,(anonymous_8)
FN:103,(anonymous_9)
FN:114,(anonymous_10)
FN:158,(anonymous_11)
FN:208,(anonymous_12)
FN:279,(anonymous_13)
FN:338,(anonymous_14)
FN:382,(anonymous_15)
FN:394,(anonymous_16)
FN:398,(anonymous_17)
FN:402,(anonymous_18)
FNF:15
FNH:0
FNDA:0,(anonymous_4)
FNDA:0,(anonymous_5)
FNDA:0,(anonymous_6)
FNDA:0,(anonymous_7)
FNDA:0,(anonymous_8)
FNDA:0,(anonymous_9)
FNDA:0,(anonymous_10)
FNDA:0,(anonymous_11)
FNDA:0,(anonymous_12)
FNDA:0,(anonymous_13)
FNDA:0,(anonymous_14)
FNDA:0,(anonymous_15)
FNDA:0,(anonymous_16)
FNDA:0,(anonymous_17)
FNDA:0,(anonymous_18)
DA:1,0
DA:6,0
DA:10,0
DA:11,0
DA:12,0
DA:13,0
DA:14,0
DA:15,0
DA:16,0
DA:19,0
DA:22,0
DA:24,0
DA:26,0
DA:39,0
DA:49,0
DA:56,0
DA:61,0
DA:62,0
DA:65,0
DA:72,0
DA:92,0
DA:94,0
DA:95,0
DA:97,0
DA:104,0
DA:105,0
DA:106,0
DA:120,0
DA:133,0
DA:136,0
DA:139,0
DA:140,0
DA:143,0
DA:144,0
DA:146,0
DA:148,0
DA:161,0
DA:192,0
DA:193,0
DA:194,0
DA:198,0
DA:199,0
DA:202,0
DA:211,0
DA:263,0
DA:264,0
DA:265,0
DA:269,0
DA:270,0
DA:273,0
DA:280,0
DA:339,0
DA:383,0
DA:385,0
DA:389,0
DA:393,0
DA:394,0
DA:397,0
DA:398,0
DA:400,0
DA:401,0
DA:402,0
DA:406,0
LF:63
LH:0
BRDA:44,0,0,0
BRDA:44,0,1,0
BRDA:61,1,0,0
BRDA:61,1,1,0
BRDA:105,2,0,0
BRDA:105,2,1,0
BRDA:414,3,0,0
BRDA:414,3,1,0
BRDA:415,4,0,0
BRDA:415,4,1,0
BRDA:22,5,0,0
BRDA:22,5,1,0
BRDA:22,6,0,0
BRDA:22,6,1,0
BRDA:22,7,0,0
BRDA:22,7,1,0
BRDA:22,8,0,0
BRDA:22,8,1,0
BRDA:24,9,0,0
BRDA:24,9,1,0
BRDA:24,10,0,0
BRDA:24,10,1,0
BRF:22
BRH:0
end_of_record
TN:
SF:src\modules\customer-data\services\data-import.service.ts
FN:16,(anonymous_4)
FN:26,(anonymous_5)
FN:61,(anonymous_6)
FN:77,(anonymous_7)
FN:90,(anonymous_8)
FN:129,(anonymous_9)
FN:140,(anonymous_10)
FN:294,(anonymous_11)
FN:319,(anonymous_12)
FN:343,(anonymous_13)
FN:350,(anonymous_14)
FN:353,(anonymous_15)
FN:356,(anonymous_16)
FN:359,(anonymous_17)
FN:363,(anonymous_18)
FN:367,(anonymous_19)
FN:371,(anonymous_20)
FN:397,(anonymous_21)
FN:442,(anonymous_22)
FNF:19
FNH:0
FNDA:0,(anonymous_4)
FNDA:0,(anonymous_5)
FNDA:0,(anonymous_6)
FNDA:0,(anonymous_7)
FNDA:0,(anonymous_8)
FNDA:0,(anonymous_9)
FNDA:0,(anonymous_10)
FNDA:0,(anonymous_11)
FNDA:0,(anonymous_12)
FNDA:0,(anonymous_13)
FNDA:0,(anonymous_14)
FNDA:0,(anonymous_15)
FNDA:0,(anonymous_16)
FNDA:0,(anonymous_17)
FNDA:0,(anonymous_18)
FNDA:0,(anonymous_19)
FNDA:0,(anonymous_20)
FNDA:0,(anonymous_21)
FNDA:0,(anonymous_22)
DA:1,0
DA:6,0
DA:9,0
DA:10,0
DA:11,0
DA:12,0
DA:15,0
DA:18,0
DA:20,0
DA:35,0
DA:39,0
DA:40,0
DA:45,0
DA:55,0
DA:62,0
DA:67,0
DA:68,0
DA:71,0
DA:80,0
DA:94,0
DA:96,0
DA:97,0
DA:103,0
DA:104,0
DA:105,0
DA:109,0
DA:115,0
DA:116,0
DA:117,0
DA:118,0
DA:119,0
DA:120,0
DA:121,0
DA:123,0
DA:140,0
DA:143,0
DA:144,0
DA:145,0
DA:146,0
DA:147,0
DA:149,0
DA:151,0
DA:152,0
DA:153,0
DA:154,0
DA:174,0
DA:191,0
DA:194,0
DA:195,0
DA:196,0
DA:197,0
DA:211,0
DA:228,0
DA:231,0
DA:232,0
DA:233,0
DA:234,0
DA:247,0
DA:250,0
DA:251,0
DA:252,0
DA:253,0
DA:263,0
DA:266,0
DA:267,0
DA:268,0
DA:269,0
DA:277,0
DA:278,0
DA:279,0
DA:282,0
DA:295,0
DA:297,0
DA:298,0
DA:303,0
DA:304,0
DA:309,0
DA:310,0
DA:311,0
DA:313,0
DA:320,0
DA:322,0
DA:323,0
DA:329,0
DA:330,0
DA:331,0
DA:332,0
DA:333,0
DA:334,0
DA:335,0
DA:337,0
DA:346,0
DA:348,0
DA:349,0
DA:350,0
DA:352,0
DA:353,0
DA:355,0
DA:356,0
DA:358,0
DA:359,0
DA:362,0
DA:363,0
DA:366,0
DA:367,0
DA:370,0
DA:371,0
DA:376,0
DA:380,0
DA:410,0
DA:413,0
DA:433,0
DA:442,0
DA:444,0
LF:114
LH:0
BRDA:39,0,0,0
BRDA:39,0,1,0
BRDA:48,1,0,0
BRDA:48,1,1,0
BRDA:49,2,0,0
BRDA:49,2,1,0
BRDA:50,3,0,0
BRDA:50,3,1,0
BRDA:52,4,0,0
BRDA:52,4,1,0
BRDA:67,5,0,0
BRDA:67,5,1,0
BRDA:96,6,0,0
BRDA:96,6,1,0
BRDA:149,7,0,0
BRDA:149,7,1,0
BRDA:149,7,2,0
BRDA:149,7,3,0
BRDA:149,7,4,0
BRDA:277,8,0,0
BRDA:277,8,1,0
BRDA:297,9,0,0
BRDA:297,9,1,0
BRDA:303,10,0,0
BRDA:303,10,1,0
BRDA:322,11,0,0
BRDA:322,11,1,0
BRDA:367,12,0,0
BRDA:367,12,1,0
BRDA:371,13,0,0
BRDA:371,13,1,0
BRDA:376,14,0,0
BRDA:376,14,1,0
BRDA:390,15,0,0
BRDA:390,15,1,0
BRDA:434,16,0,0
BRDA:434,16,1,0
BRDA:435,17,0,0
BRDA:435,17,1,0
BRDA:18,18,0,0
BRDA:18,18,1,0
BRDA:18,19,0,0
BRDA:18,19,1,0
BRDA:18,20,0,0
BRDA:18,20,1,0
BRDA:18,21,0,0
BRDA:18,21,1,0
BRF:47
BRH:0
end_of_record
TN:
SF:src\modules\dashboard\dashboard.module.ts
FNF:0
FNH:0
DA:1,0
DA:2,0
DA:3,0
DA:4,0
DA:5,0
DA:6,0
DA:7,0
DA:8,0
DA:9,0
DA:10,0
DA:11,0
DA:29,0
LF:12
LH:0
BRF:0
BRH:0
end_of_record
TN:
SF:src\modules\dashboard\controllers\dashboard.controller.ts
FN:34,(anonymous_4)
FN:39,(anonymous_5)
FN:48,(anonymous_6)
FN:57,(anonymous_7)
FN:70,(anonymous_8)
FN:79,(anonymous_9)
FN:91,(anonymous_10)
FN:102,(anonymous_11)
FN:113,(anonymous_12)
FN:122,(anonymous_13)
FN:131,(anonymous_14)
FN:140,(anonymous_15)
FN:148,(anonymous_16)
FN:157,(anonymous_17)
FN:166,(anonymous_18)
FN:175,(anonymous_19)
FNF:16
FNH:0
FNDA:0,(anonymous_4)
FNDA:0,(anonymous_5)
FNDA:0,(anonymous_6)
FNDA:0,(anonymous_7)
FNDA:0,(anonymous_8)
FNDA:0,(anonymous_9)
FNDA:0,(anonymous_10)
FNDA:0,(anonymous_11)
FNDA:0,(anonymous_12)
FNDA:0,(anonymous_13)
FNDA:0,(anonymous_14)
FNDA:0,(anonymous_15)
FNDA:0,(anonymous_16)
FNDA:0,(anonymous_17)
FNDA:0,(anonymous_18)
FNDA:0,(anonymous_19)
DA:1,0
DA:11,0
DA:12,0
DA:13,0
DA:33,0
DA:34,0
DA:39,0
DA:42,0
DA:48,0
DA:51,0
DA:57,0
DA:61,0
DA:70,0
DA:73,0
DA:79,0
DA:82,0
DA:91,0
DA:94,0
DA:102,0
DA:105,0
DA:113,0
DA:116,0
DA:122,0
DA:125,0
DA:131,0
DA:134,0
DA:140,0
DA:141,0
DA:148,0
DA:151,0
DA:157,0
DA:160,0
DA:166,0
DA:169,0
DA:175,0
DA:179,0
LF:36
LH:0
BRDA:40,0,0,0
BRDA:40,0,1,0
BRDA:40,1,0,0
BRDA:40,1,1,0
BRDA:41,2,0,0
BRDA:41,2,1,0
BRDA:41,3,0,0
BRDA:41,3,1,0
BRDA:49,4,0,0
BRDA:49,4,1,0
BRDA:49,5,0,0
BRDA:49,5,1,0
BRDA:50,6,0,0
BRDA:50,6,1,0
BRDA:50,7,0,0
BRDA:50,7,1,0
BRDA:58,8,0,0
BRDA:58,8,1,0
BRDA:58,9,0,0
BRDA:58,9,1,0
BRDA:60,10,0,0
BRDA:60,10,1,0
BRDA:60,11,0,0
BRDA:60,11,1,0
BRDA:71,12,0,0
BRDA:71,12,1,0
BRDA:71,13,0,0
BRDA:71,13,1,0
BRDA:72,14,0,0
BRDA:72,14,1,0
BRDA:72,15,0,0
BRDA:72,15,1,0
BRDA:80,16,0,0
BRDA:80,16,1,0
BRDA:80,17,0,0
BRDA:80,17,1,0
BRDA:81,18,0,0
BRDA:81,18,1,0
BRDA:81,19,0,0
BRDA:81,19,1,0
BRDA:92,20,0,0
BRDA:92,20,1,0
BRDA:92,21,0,0
BRDA:92,21,1,0
BRDA:93,22,0,0
BRDA:93,22,1,0
BRDA:93,23,0,0
BRDA:93,23,1,0
BRDA:103,24,0,0
BRDA:103,24,1,0
BRDA:103,25,0,0
BRDA:103,25,1,0
BRDA:104,26,0,0
BRDA:104,26,1,0
BRDA:104,27,0,0
BRDA:104,27,1,0
BRDA:114,28,0,0
BRDA:114,28,1,0
BRDA:114,29,0,0
BRDA:114,29,1,0
BRDA:115,30,0,0
BRDA:115,30,1,0
BRDA:115,31,0,0
BRDA:115,31,1,0
BRDA:123,32,0,0
BRDA:123,32,1,0
BRDA:123,33,0,0
BRDA:123,33,1,0
BRDA:124,34,0,0
BRDA:124,34,1,0
BRDA:124,35,0,0
BRDA:124,35,1,0
BRDA:132,36,0,0
BRDA:132,36,1,0
BRDA:132,37,0,0
BRDA:132,37,1,0
BRDA:133,38,0,0
BRDA:133,38,1,0
BRDA:133,39,0,0
BRDA:133,39,1,0
BRDA:140,40,0,0
BRDA:140,40,1,0
BRDA:140,41,0,0
BRDA:140,41,1,0
BRDA:140,42,0,0
BRDA:140,42,1,0
BRDA:140,43,0,0
BRDA:140,43,1,0
BRDA:149,44,0,0
BRDA:149,44,1,0
BRDA:149,45,0,0
BRDA:149,45,1,0
BRDA:150,46,0,0
BRDA:150,46,1,0
BRDA:150,47,0,0
BRDA:150,47,1,0
BRDA:158,48,0,0
BRDA:158,48,1,0
BRDA:158,49,0,0
BRDA:158,49,1,0
BRDA:159,50,0,0
BRDA:159,50,1,0
BRDA:159,51,0,0
BRDA:159,51,1,0
BRDA:168,52,0,0
BRDA:168,52,1,0
BRDA:168,53,0,0
BRDA:168,53,1,0
BRDA:178,54,0,0
BRDA:178,54,1,0
BRDA:178,55,0,0
BRDA:178,55,1,0
BRDA:34,56,0,0
BRDA:34,56,1,0
BRDA:34,57,0,0
BRDA:34,57,1,0
BRF:116
BRH:0
end_of_record
TN:
SF:src\modules\dashboard\dto\dashboard.dto.ts
FNF:0
FNH:0
DA:1,0
DA:10,0
DA:12,0
DA:16,0
DA:21,0
DA:24,0
DA:27,0
DA:30,0
DA:33,0
DA:41,0
DA:44,0
DA:50,0
DA:53,0
DA:59,0
DA:64,0
DA:69,0
DA:72,0
DA:76,0
DA:81,0
DA:86,0
DA:91,0
DA:94,0
DA:97,0
LF:23
LH:0
BRF:0
BRH:0
end_of_record
TN:
SF:src\modules\dashboard\services\dashboard.service.ts
FN:25,(anonymous_4)
FN:42,(anonymous_5)
FN:61,(anonymous_6)
FN:86,(anonymous_7)
FN:131,(anonymous_8)
FN:177,(anonymous_9)
FN:230,(anonymous_10)
FN:277,(anonymous_11)
FN:287,(anonymous_12)
FN:292,(anonymous_13)
FN:297,(anonymous_14)
FN:300,(anonymous_15)
FN:316,(anonymous_16)
FN:346,(anonymous_17)
FN:363,(anonymous_18)
FN:439,(anonymous_19)
FN:493,(anonymous_20)
FN:518,(anonymous_21)
FN:540,(anonymous_22)
FN:548,(anonymous_23)
FN:587,(anonymous_24)
FN:592,(anonymous_25)
FN:634,(anonymous_26)
FN:644,(anonymous_27)
FN:654,(anonymous_28)
FN:657,(anonymous_29)
FN:665,(anonymous_30)
FNF:27
FNH:0
FNDA:0,(anonymous_4)
FNDA:0,(anonymous_5)
FNDA:0,(anonymous_6)
FNDA:0,(anonymous_7)
FNDA:0,(anonymous_8)
FNDA:0,(anonymous_9)
FNDA:0,(anonymous_10)
FNDA:0,(anonymous_11)
FNDA:0,(anonymous_12)
FNDA:0,(anonymous_13)
FNDA:0,(anonymous_14)
FNDA:0,(anonymous_15)
FNDA:0,(anonymous_16)
FNDA:0,(anonymous_17)
FNDA:0,(anonymous_18)
FNDA:0,(anonymous_19)
FNDA:0,(anonymous_20)
FNDA:0,(anonymous_21)
FNDA:0,(anonymous_22)
FNDA:0,(anonymous_23)
FNDA:0,(anonymous_24)
FNDA:0,(anonymous_25)
FNDA:0,(anonymous_26)
FNDA:0,(anonymous_27)
FNDA:0,(anonymous_28)
FNDA:0,(anonymous_29)
FNDA:0,(anonymous_30)
DA:1,0
DA:2,0
DA:3,0
DA:4,0
DA:5,0
DA:6,0
DA:7,0
DA:8,0
DA:9,0
DA:10,0
DA:11,0
DA:12,0
DA:24,0
DA:27,0
DA:29,0
DA:31,0
DA:33,0
DA:35,0
DA:37,0
DA:39,0
DA:51,0
DA:61,0
DA:71,0
DA:72,0
DA:74,0
DA:88,0
DA:93,0
DA:94,0
DA:122,0
DA:123,0
DA:126,0
DA:131,0
DA:140,0
DA:141,0
DA:149,0
DA:182,0
DA:187,0
DA:188,0
DA:189,0
DA:191,0
DA:192,0
DA:193,0
DA:194,0
DA:206,0
DA:222,0
DA:227,0
DA:229,0
DA:230,0
DA:235,0
DA:236,0
DA:238,0
DA:239,0
DA:240,0
DA:241,0
DA:254,0
DA:255,0
DA:256,0
DA:257,0
DA:258,0
DA:259,0
DA:260,0
DA:262,0
DA:279,0
DA:282,0
DA:287,0
DA:288,0
DA:291,0
DA:293,0
DA:296,0
DA:297,0
DA:299,0
DA:301,0
DA:304,0
DA:306,0
DA:321,0
DA:324,0
DA:334,0
DA:335,0
DA:338,0
DA:339,0
DA:340,0
DA:341,0
DA:342,0
DA:343,0
DA:346,0
DA:347,0
DA:350,0
DA:367,0
DA:368,0
DA:372,0
DA:374,0
DA:375,0
DA:376,0
DA:378,0
DA:405,0
DA:412,0
DA:414,0
DA:441,0
DA:442,0
DA:446,0
DA:447,0
DA:448,0
DA:449,0
DA:451,0
DA:466,0
DA:478,0
DA:480,0
DA:495,0
DA:496,0
DA:498,0
DA:499,0
DA:500,0
DA:501,0
DA:502,0
DA:505,0
DA:520,0
DA:521,0
DA:524,0
DA:525,0
DA:526,0
DA:535,0
DA:540,0
DA:550,0
DA:558,0
DA:559,0
DA:560,0
DA:562,0
DA:592,0
DA:593,0
DA:595,0
DA:596,0
DA:597,0
DA:598,0
DA:602,0
DA:603,0
DA:604,0
DA:605,0
DA:608,0
DA:609,0
DA:610,0
DA:611,0
DA:613,0
DA:615,0
DA:617,0
DA:621,0
DA:639,0
DA:649,0
DA:656,0
DA:657,0
DA:662,0
DA:666,0
DA:667,0
DA:668,0
DA:670,0
DA:671,0
DA:672,0
DA:673,0
DA:676,0
DA:677,0
DA:678,0
DA:679,0
DA:682,0
DA:683,0
DA:686,0
LF:164
LH:0
BRDA:61,0,0,0
BRDA:61,0,1,0
BRDA:93,1,0,0
BRDA:93,1,1,0
BRDA:122,2,0,0
BRDA:122,2,1,0
BRDA:123,3,0,0
BRDA:123,3,1,0
BRDA:133,4,0,0
BRDA:133,4,1,0
BRDA:134,5,0,0
BRDA:134,5,1,0
BRDA:140,6,0,0
BRDA:140,6,1,0
BRDA:151,7,0,0
BRDA:151,7,1,0
BRDA:158,8,0,0
BRDA:158,8,1,0
BRDA:159,9,0,0
BRDA:159,9,1,0
BRDA:168,10,0,0
BRDA:168,10,1,0
BRDA:169,11,0,0
BRDA:169,11,1,0
BRDA:170,12,0,0
BRDA:170,12,1,0
BRDA:171,13,0,0
BRDA:171,13,1,0
BRDA:187,14,0,0
BRDA:187,14,1,0
BRDA:229,15,0,0
BRDA:229,15,1,0
BRDA:230,16,0,0
BRDA:230,16,1,0
BRDA:254,17,0,0
BRDA:254,17,1,0
BRDA:277,18,0,0
BRDA:293,19,0,0
BRDA:293,19,1,0
BRDA:301,20,0,0
BRDA:301,20,1,0
BRDA:317,21,0,0
BRDA:347,22,0,0
BRDA:347,22,1,0
BRDA:367,23,0,0
BRDA:367,23,1,0
BRDA:372,24,0,0
BRDA:372,24,1,0
BRDA:441,25,0,0
BRDA:441,25,1,0
BRDA:446,26,0,0
BRDA:446,26,1,0
BRDA:588,27,0,0
BRDA:608,28,0,0
BRDA:608,28,1,0
BRDA:608,29,0,0
BRDA:608,29,1,0
BRDA:610,30,0,0
BRDA:610,30,1,0
BRDA:610,31,0,0
BRDA:610,31,1,0
BRDA:645,32,0,0
BRDA:666,33,0,0
BRDA:666,33,1,0
BRDA:678,34,0,0
BRDA:678,34,1,0
BRDA:678,35,0,0
BRDA:678,35,1,0
BRDA:27,36,0,0
BRDA:27,36,1,0
BRDA:27,37,0,0
BRDA:27,37,1,0
BRDA:27,38,0,0
BRDA:27,38,1,0
BRDA:27,39,0,0
BRDA:27,39,1,0
BRDA:29,40,0,0
BRDA:29,40,1,0
BRDA:29,41,0,0
BRDA:29,41,1,0
BRDA:31,42,0,0
BRDA:31,42,1,0
BRDA:31,43,0,0
BRDA:31,43,1,0
BRDA:33,44,0,0
BRDA:33,44,1,0
BRDA:33,45,0,0
BRDA:33,45,1,0
BRDA:35,46,0,0
BRDA:35,46,1,0
BRDA:35,47,0,0
BRDA:35,47,1,0
BRDA:37,48,0,0
BRDA:37,48,1,0
BRDA:37,49,0,0
BRDA:37,49,1,0
BRF:96
BRH:0
end_of_record
TN:
SF:src\modules\data-analytics\data-analytics.module.ts
FNF:0
FNH:0
DA:1,0
DA:2,0
DA:3,0
DA:4,0
DA:5,0
DA:6,0
DA:7,0
DA:9,0
DA:10,0
DA:11,0
DA:12,0
DA:13,0
DA:14,0
DA:15,0
DA:16,0
DA:17,0
DA:18,0
DA:19,0
DA:20,0
DA:21,0
DA:22,0
DA:23,0
DA:24,0
DA:66,0
LF:24
LH:0
BRF:0
BRH:0
end_of_record
TN:
SF:src\modules\data-analytics\controllers\content-generation.controller.ts
FN:20,(anonymous_4)
FN:31,(anonymous_5)
FN:69,(anonymous_6)
FN:126,(anonymous_7)
FN:156,(anonymous_8)
FN:172,(anonymous_9)
FNF:6
FNH:0
FNDA:0,(anonymous_4)
FNDA:0,(anonymous_5)
FNDA:0,(anonymous_6)
FNDA:0,(anonymous_7)
FNDA:0,(anonymous_8)
FNDA:0,(anonymous_9)
DA:1,0
DA:12,0
DA:13,0
DA:14,0
DA:15,0
DA:16,0
DA:19,0
DA:21,0
DA:22,0
DA:31,0
DA:32,0
DA:33,0
DA:44,0
DA:53,0
DA:69,0
DA:72,0
DA:73,0
DA:76,0
DA:92,0
DA:93,0
DA:96,0
DA:104,0
DA:112,0
DA:126,0
DA:127,0
DA:129,0
DA:130,0
DA:133,0
DA:136,0
DA:142,0
DA:156,0
DA:157,0
DA:158,0
DA:172,0
DA:173,0
DA:174,0
LF:36
LH:0
BRDA:57,0,0,0
BRDA:57,0,1,0
BRDA:83,1,0,0
BRDA:83,1,1,0
BRDA:86,2,0,0
BRDA:86,2,1,0
BRDA:116,3,0,0
BRDA:116,3,1,0
BRDA:129,4,0,0
BRDA:129,4,1,0
BRDA:146,5,0,0
BRDA:146,5,1,0
BRDA:31,6,0,0
BRDA:31,6,1,0
BRDA:31,7,0,0
BRDA:31,7,1,0
BRDA:70,8,0,0
BRDA:70,8,1,0
BRDA:70,9,0,0
BRDA:70,9,1,0
BRDA:126,10,0,0
BRDA:126,10,1,0
BRDA:126,11,0,0
BRDA:126,11,1,0
BRDA:21,12,0,0
BRDA:21,12,1,0
BRDA:21,13,0,0
BRDA:21,13,1,0
BRDA:21,14,0,0
BRDA:21,14,1,0
BRDA:21,15,0,0
BRDA:21,15,1,0
BRF:32
BRH:0
end_of_record
TN:
SF:src\modules\data-analytics\controllers\demo.controller.ts
FN:15,(anonymous_4)
FN:22,(anonymous_5)
FN:40,(anonymous_6)
FN:52,(anonymous_7)
FN:61,(anonymous_8)
FN:82,(anonymous_9)
FN:158,(anonymous_10)
FN:184,(anonymous_11)
FN:207,(anonymous_12)
FN:249,(anonymous_13)
FN:274,(anonymous_14)
FN:299,(anonymous_15)
FN:324,(anonymous_16)
FNF:13
FNH:0
FNDA:0,(anonymous_4)
FNDA:0,(anonymous_5)
FNDA:0,(anonymous_6)
FNDA:0,(anonymous_7)
FNDA:0,(anonymous_8)
FNDA:0,(anonymous_9)
FNDA:0,(anonymous_10)
FNDA:0,(anonymous_11)
FNDA:0,(anonymous_12)
FNDA:0,(anonymous_13)
FNDA:0,(anonymous_14)
FNDA:0,(anonymous_15)
FNDA:0,(anonymous_16)
DA:1,0
DA:11,0
DA:14,0
DA:15,0
DA:22,0
DA:23,0
DA:24,0
DA:28,0
DA:40,0
DA:52,0
DA:61,0
DA:67,0
DA:82,0
DA:83,0
DA:85,0
DA:139,0
DA:144,0
DA:158,0
DA:159,0
DA:160,0
DA:164,0
DA:170,0
DA:184,0
DA:185,0
DA:186,0
DA:188,0
DA:193,0
DA:207,0
DA:211,0
DA:213,0
DA:214,0
DA:224,0
DA:233,0
DA:249,0
DA:250,0
DA:251,0
DA:255,0
DA:260,0
DA:274,0
DA:275,0
DA:276,0
DA:280,0
DA:285,0
DA:299,0
DA:300,0
DA:301,0
DA:305,0
DA:310,0
DA:324,0
DA:325,0
DA:326,0
DA:330,0
DA:335,0
LF:53
LH:0
BRDA:25,0,0,0
BRDA:25,0,1,0
BRDA:37,1,0,0
BRDA:37,1,1,0
BRDA:60,2,0,0
BRDA:60,2,1,0
BRDA:71,3,0,0
BRDA:71,3,1,0
BRDA:148,4,0,0
BRDA:148,4,1,0
BRDA:161,5,0,0
BRDA:161,5,1,0
BRDA:174,6,0,0
BRDA:174,6,1,0
BRDA:197,7,0,0
BRDA:197,7,1,0
BRDA:213,8,0,0
BRDA:213,8,1,0
BRDA:213,9,0,0
BRDA:213,9,1,0
BRDA:252,10,0,0
BRDA:252,10,1,0
BRDA:264,11,0,0
BRDA:264,11,1,0
BRDA:277,12,0,0
BRDA:277,12,1,0
BRDA:289,13,0,0
BRDA:289,13,1,0
BRDA:302,14,0,0
BRDA:302,14,1,0
BRDA:314,15,0,0
BRDA:314,15,1,0
BRDA:327,16,0,0
BRDA:327,16,1,0
BRDA:339,17,0,0
BRDA:339,17,1,0
BRDA:15,18,0,0
BRDA:15,18,1,0
BRDA:15,19,0,0
BRDA:15,19,1,0
BRF:40
BRH:0
end_of_record
TN:
SF:src\modules\data-analytics\controllers\marketing-campaign.controller.ts
FN:22,(anonymous_4)
FN:31,(anonymous_5)
FN:48,(anonymous_6)
FN:87,(anonymous_7)
FN:108,(anonymous_8)
FN:137,(anonymous_9)
FN:155,(anonymous_10)
FNF:7
FNH:0
FNDA:0,(anonymous_4)
FNDA:0,(anonymous_5)
FNDA:0,(anonymous_6)
FNDA:0,(anonymous_7)
FNDA:0,(anonymous_8)
FNDA:0,(anonymous_9)
FNDA:0,(anonymous_10)
DA:1,0
DA:13,0
DA:14,0
DA:15,0
DA:16,0
DA:17,0
DA:18,0
DA:21,0
DA:24,0
DA:25,0
DA:31,0
DA:32,0
DA:38,0
DA:40,0
DA:48,0
DA:54,0
DA:55,0
DA:57,0
DA:58,0
DA:61,0
DA:62,0
DA:65,0
DA:72,0
DA:87,0
DA:88,0
DA:93,0
DA:94,0
DA:100,0
DA:108,0
DA:112,0
DA:116,0
DA:117,0
DA:124,0
DA:126,0
DA:127,0
DA:129,0
DA:137,0
DA:138,0
DA:139,0
DA:141,0
DA:148,0
DA:156,0
DA:158,0
DA:159,0
DA:162,0
DA:163,0
DA:166,0
DA:167,0
DA:170,0
DA:171,0
DA:174,0
DA:175,0
DA:178,0
LF:53
LH:0
BRDA:51,0,0,0
BRDA:52,1,0,0
BRDA:57,2,0,0
BRDA:57,2,1,0
BRDA:61,3,0,0
BRDA:61,3,1,0
BRDA:93,4,0,0
BRDA:93,4,1,0
BRDA:116,5,0,0
BRDA:116,5,1,0
BRDA:150,6,0,0
BRDA:150,6,1,0
BRDA:158,7,0,0
BRDA:158,7,1,0
BRDA:162,8,0,0
BRDA:162,8,1,0
BRDA:166,9,0,0
BRDA:166,9,1,0
BRDA:170,10,0,0
BRDA:170,10,1,0
BRDA:174,11,0,0
BRDA:174,11,1,0
BRDA:31,12,0,0
BRDA:31,12,1,0
BRDA:31,13,0,0
BRDA:31,13,1,0
BRDA:50,14,0,0
BRDA:50,14,1,0
BRDA:50,15,0,0
BRDA:50,15,1,0
BRDA:110,16,0,0
BRDA:110,16,1,0
BRDA:110,17,0,0
BRDA:110,17,1,0
BRDA:24,18,0,0
BRDA:24,18,1,0
BRDA:24,19,0,0
BRDA:24,19,1,0
BRDA:24,20,0,0
BRDA:24,20,1,0
BRDA:24,21,0,0
BRDA:24,21,1,0
BRF:42
BRH:0
end_of_record
TN:
SF:src\modules\data-analytics\controllers\marketing-strategy.controller.ts
FN:20,(anonymous_4)
FN:28,(anonymous_5)
FN:47,(anonymous_6)
FN:53,(anonymous_7)
FN:68,(anonymous_8)
FN:87,(anonymous_9)
FN:101,(anonymous_10)
FN:131,(anonymous_11)
FN:137,(anonymous_12)
FN:142,(anonymous_13)
FN:147,(anonymous_14)
FN:154,(anonymous_15)
FN:169,(anonymous_16)
FNF:13
FNH:0
FNDA:0,(anonymous_4)
FNDA:0,(anonymous_5)
FNDA:0,(anonymous_6)
FNDA:0,(anonymous_7)
FNDA:0,(anonymous_8)
FNDA:0,(anonymous_9)
FNDA:0,(anonymous_10)
FNDA:0,(anonymous_11)
FNDA:0,(anonymous_12)
FNDA:0,(anonymous_13)
FNDA:0,(anonymous_14)
FNDA:0,(anonymous_15)
FNDA:0,(anonymous_16)
DA:1,0
DA:12,0
DA:13,0
DA:14,0
DA:15,0
DA:16,0
DA:19,0
DA:21,0
DA:22,0
DA:28,0
DA:29,0
DA:36,0
DA:47,0
DA:48,0
DA:49,0
DA:53,0
DA:55,0
DA:57,0
DA:68,0
DA:69,0
DA:71,0
DA:73,0
DA:79,0
DA:87,0
DA:89,0
DA:91,0
DA:102,0
DA:108,0
DA:109,0
DA:110,0
DA:111,0
DA:112,0
DA:113,0
DA:115,0
DA:116,0
DA:120,0
DA:121,0
DA:122,0
DA:123,0
DA:125,0
DA:128,0
DA:132,0
DA:133,0
DA:136,0
DA:137,0
DA:141,0
DA:142,0
DA:143,0
DA:146,0
DA:147,0
DA:151,0
DA:155,0
DA:156,0
DA:159,0
DA:160,0
DA:169,0
DA:173,0
DA:175,0
DA:176,0
DA:177,0
DA:187,0
DA:188,0
DA:189,0
DA:199,0
DA:216,0
DA:221,0
DA:229,0
DA:230,0
DA:243,0
DA:255,0
LF:70
LH:0
BRDA:33,0,0,0
BRDA:33,0,1,0
BRDA:81,1,0,0
BRDA:81,1,1,0
BRDA:108,2,0,0
BRDA:108,2,1,0
BRDA:111,3,0,0
BRDA:111,3,1,0
BRDA:120,4,0,0
BRDA:120,4,1,0
BRDA:122,5,0,0
BRDA:122,5,1,0
BRDA:132,6,0,0
BRDA:132,6,1,0
BRDA:143,7,0,0
BRDA:143,7,1,0
BRDA:147,8,0,0
BRDA:147,8,1,0
BRDA:155,9,0,0
BRDA:155,9,1,0
BRDA:176,10,0,0
BRDA:176,10,1,0
BRDA:188,11,0,0
BRDA:188,11,1,0
BRDA:203,12,0,0
BRDA:203,12,1,0
BRDA:216,13,0,0
BRDA:216,13,1,0
BRDA:216,13,2,0
BRDA:229,14,0,0
BRDA:229,14,1,0
BRDA:232,15,0,0
BRDA:232,15,1,0
BRDA:259,16,0,0
BRDA:259,16,1,0
BRDA:28,17,0,0
BRDA:28,17,1,0
BRDA:28,18,0,0
BRDA:28,18,1,0
BRDA:171,19,0,0
BRDA:171,19,1,0
BRDA:171,20,0,0
BRDA:171,20,1,0
BRDA:21,21,0,0
BRDA:21,21,1,0
BRDA:21,22,0,0
BRDA:21,22,1,0
BRDA:21,23,0,0
BRDA:21,23,1,0
BRDA:21,24,0,0
BRDA:21,24,1,0
BRF:51
BRH:0
end_of_record
TN:
SF:src\modules\data-analytics\controllers\mock-data.controller.ts
FN:14,(anonymous_4)
FN:18,(anonymous_5)
FN:43,(anonymous_6)
FN:63,(anonymous_7)
FN:80,(anonymous_8)
FNF:5
FNH:0
FNDA:0,(anonymous_4)
FNDA:0,(anonymous_5)
FNDA:0,(anonymous_6)
FNDA:0,(anonymous_7)
FNDA:0,(anonymous_8)
DA:1,0
DA:10,0
DA:13,0
DA:14,0
DA:18,0
DA:19,0
DA:20,0
DA:26,0
DA:27,0
DA:29,0
DA:35,0
DA:43,0
DA:44,0
DA:45,0
DA:47,0
DA:55,0
DA:63,0
DA:64,0
DA:65,0
DA:67,0
DA:73,0
DA:81,0
LF:22
LH:0
BRDA:19,0,0,0
BRDA:19,0,1,0
BRDA:37,1,0,0
BRDA:37,1,1,0
BRDA:49,2,0,0
BRDA:49,2,1,0
BRDA:57,3,0,0
BRDA:57,3,1,0
BRDA:75,4,0,0
BRDA:75,4,1,0
BRDA:14,5,0,0
BRDA:14,5,1,0
BRDA:14,6,0,0
BRDA:14,6,1,0
BRF:14
BRH:0
end_of_record
TN:
SF:src\modules\data-analytics\controllers\report.controller.ts
FN:6,(anonymous_4)
FN:9,(anonymous_5)
FN:31,(anonymous_6)
FN:55,(anonymous_7)
FN:82,(anonymous_8)
FN:107,(anonymous_9)
FN:111,(anonymous_10)
FN:116,(anonymous_11)
FN:125,(anonymous_12)
FN:140,(anonymous_13)
FN:143,(anonymous_14)
FN:144,(anonymous_15)
FNF:12
FNH:0
FNDA:0,(anonymous_4)
FNDA:0,(anonymous_5)
FNDA:0,(anonymous_6)
FNDA:0,(anonymous_7)
FNDA:0,(anonymous_8)
FNDA:0,(anonymous_9)
FNDA:0,(anonymous_10)
FNDA:0,(anonymous_11)
FNDA:0,(anonymous_12)
FNDA:0,(anonymous_13)
FNDA:0,(anonymous_14)
FNDA:0,(anonymous_15)
DA:1,0
DA:2,0
DA:5,0
DA:6,0
DA:9,0
DA:10,0
DA:11,0
DA:13,0
DA:23,0
DA:31,0
DA:32,0
DA:34,0
DA:36,0
DA:46,0
DA:55,0
DA:60,0
DA:62,0
DA:63,0
DA:68,0
DA:74,0
DA:82,0
DA:87,0
DA:88,0
DA:90,0
DA:91,0
DA:92,0
DA:93,0
DA:95,0
DA:102,0
DA:107,0
DA:111,0
DA:116,0
DA:125,0
DA:126,0
DA:135,0
DA:140,0
DA:143,0
DA:144,0
LF:38
LH:0
BRDA:25,0,0,0
BRDA:25,0,1,0
BRDA:48,1,0,0
BRDA:48,1,1,0
BRDA:58,2,0,0
BRDA:76,3,0,0
BRDA:76,3,1,0
BRDA:84,4,0,0
BRDA:6,5,0,0
BRDA:6,5,1,0
BRDA:6,6,0,0
BRDA:6,6,1,0
BRF:12
BRH:0
end_of_record
TN:
SF:src\modules\data-analytics\controllers\user-behavior.controller.ts
FN:18,(anonymous_4)
FN:23,(anonymous_5)
FN:39,(anonymous_6)
FN:63,(anonymous_7)
FN:77,(anonymous_8)
FNF:5
FNH:0
FNDA:0,(anonymous_4)
FNDA:0,(anonymous_5)
FNDA:0,(anonymous_6)
FNDA:0,(anonymous_7)
FNDA:0,(anonymous_8)
DA:1,0
DA:12,0
DA:13,0
DA:17,0
DA:18,0
DA:23,0
DA:26,0
DA:39,0
DA:44,0
DA:51,0
DA:56,0
DA:63,0
DA:65,0
DA:67,0
DA:78,0
DA:79,0
DA:81,0
DA:82,0
DA:83,0
DA:84,0
DA:85,0
DA:86,0
DA:88,0
DA:91,0
LF:24
LH:0
BRDA:45,0,0,0
BRDA:45,0,1,0
BRDA:48,1,0,0
BRDA:48,1,1,0
BRDA:81,2,0,0
BRDA:81,2,1,0
BRDA:83,3,0,0
BRDA:83,3,1,0
BRDA:85,4,0,0
BRDA:85,4,1,0
BRDA:23,5,0,0
BRDA:23,5,1,0
BRDA:23,6,0,0
BRDA:23,6,1,0
BRDA:18,7,0,0
BRDA:18,7,1,0
BRDA:18,8,0,0
BRDA:18,8,1,0
BRF:18
BRH:0
end_of_record
TN:
SF:src\modules\data-analytics\dto\create-campaign.dto.ts
FNF:0
FNH:0
DA:1,0
DA:9,0
DA:11,0
DA:13,0
DA:16,0
DA:19,0
DA:23,0
DA:26,0
DA:30,0
DA:34,0
LF:10
LH:0
BRDA:19,0,0,0
BRDA:19,0,1,0
BRDA:19,1,0,0
BRDA:19,1,1,0
BRDA:23,2,0,0
BRDA:23,2,1,0
BRDA:23,3,0,0
BRDA:23,3,1,0
BRDA:30,4,0,0
BRDA:30,4,1,0
BRDA:30,5,0,0
BRDA:30,5,1,0
BRDA:34,6,0,0
BRDA:34,6,1,0
BRDA:34,7,0,0
BRDA:34,7,1,0
BRF:16
BRH:0
end_of_record
TN:
SF:src\modules\data-analytics\dto\generate-marketing-content.dto.ts
FNF:0
FNH:0
DA:1,0
DA:15,0
DA:16,0
DA:18,0
DA:20,0
DA:23,0
DA:26,0
DA:30,0
DA:34,0
DA:38,0
DA:42,0
DA:45,0
DA:49,0
DA:54,0
DA:58,0
DA:64,0
LF:16
LH:0
BRDA:26,0,0,0
BRDA:26,0,1,0
BRDA:26,1,0,0
BRDA:26,1,1,0
BRDA:30,2,0,0
BRDA:30,2,1,0
BRDA:30,3,0,0
BRDA:30,3,1,0
BRF:8
BRH:0
end_of_record
TN:
SF:src\modules\data-analytics\dto\generate-simple-strategy.dto.ts
FNF:0
FNH:0
DA:1,0
DA:8,0
DA:9,0
DA:11,0
DA:13,0
DA:18,0
DA:22,0
DA:26,0
DA:31,0
DA:35,0
DA:39,0
LF:11
LH:0
BRDA:26,0,0,0
BRDA:26,0,1,0
BRDA:26,1,0,0
BRDA:26,1,1,0
BRF:4
BRH:0
end_of_record
TN:
SF:src\modules\data-analytics\dto\generate-strategy-content.dto.ts
FNF:0
FNH:0
DA:1,0
DA:2,0
DA:4,0
DA:8,0
DA:13,0
DA:17,0
DA:22,0
LF:7
LH:0
BRF:0
BRH:0
end_of_record
TN:
SF:src\modules\data-analytics\dto\generate-strategy.dto.ts
FNF:0
FNH:0
DA:1,0
DA:2,0
DA:3,0
DA:5,0
DA:7,0
DA:11,0
DA:15,0
DA:19,0
LF:8
LH:0
BRDA:11,0,0,0
BRDA:11,0,1,0
BRDA:11,1,0,0
BRDA:11,1,1,0
BRDA:15,2,0,0
BRDA:15,2,1,0
BRDA:15,3,0,0
BRDA:15,3,1,0
BRF:8
BRH:0
end_of_record
TN:
SF:src\modules\data-analytics\dto\generate-text.dto.ts
FNF:0
FNH:0
DA:1,0
DA:10,0
DA:12,0
DA:14,0
DA:17,0
DA:21,0
DA:27,0
DA:31,0
DA:35,0
DA:41,0
DA:47,0
LF:11
LH:0
BRDA:17,0,0,0
BRDA:17,0,1,0
BRDA:17,1,0,0
BRDA:17,1,1,0
BRF:4
BRH:0
end_of_record
TN:
SF:src\modules\data-analytics\dto\track-behavior.dto.ts
FNF:0
FNH:0
DA:1,0
DA:2,0
DA:4,0
DA:6,0
DA:9,0
DA:12,0
DA:16,0
LF:7
LH:0
BRDA:12,0,0,0
BRDA:12,0,1,0
BRDA:12,1,0,0
BRDA:12,1,1,0
BRDA:16,2,0,0
BRDA:16,2,1,0
BRDA:16,3,0,0
BRDA:16,3,1,0
BRF:8
BRH:0
end_of_record
TN:
SF:src\modules\data-analytics\entities\marketing-campaign.entity.ts
FN:30,(anonymous_2)
FN:42,(anonymous_3)
FN:88,(anonymous_4)
FN:88,(anonymous_5)
FNF:4
FNH:0
FNDA:0,(anonymous_2)
FNDA:0,(anonymous_3)
FNDA:0,(anonymous_4)
FNDA:0,(anonymous_5)
DA:1,0
DA:11,0
DA:12,0
DA:13,0
DA:14,0
DA:15,0
DA:23,0
DA:25,0
DA:28,0
DA:30,0
DA:32,0
DA:40,0
DA:42,0
DA:44,0
DA:47,0
DA:50,0
DA:57,0
DA:60,0
DA:69,0
DA:77,0
DA:80,0
DA:83,0
DA:86,0
DA:88,0
DA:89,0
LF:25
LH:0
BRDA:32,0,0,0
BRDA:32,0,1,0
BRDA:32,1,0,0
BRDA:32,1,1,0
BRDA:44,2,0,0
BRDA:44,2,1,0
BRDA:44,3,0,0
BRDA:44,3,1,0
BRDA:57,4,0,0
BRDA:57,4,1,0
BRDA:57,5,0,0
BRDA:57,5,1,0
BRDA:60,6,0,0
BRDA:60,6,1,0
BRDA:60,7,0,0
BRDA:60,7,1,0
BRDA:77,8,0,0
BRDA:77,8,1,0
BRDA:77,9,0,0
BRDA:77,9,1,0
BRDA:80,10,0,0
BRDA:80,10,1,0
BRDA:80,11,0,0
BRDA:80,11,1,0
BRDA:83,12,0,0
BRDA:83,12,1,0
BRDA:83,13,0,0
BRDA:83,13,1,0
BRDA:86,14,0,0
BRDA:86,14,1,0
BRDA:86,15,0,0
BRDA:86,15,1,0
BRF:32
BRH:0
end_of_record
TN:
SF:src\modules\data-analytics\entities\marketing-strategy.entity.ts
FN:34,(anonymous_2)
FN:46,(anonymous_3)
FNF:2
FNH:0
FNDA:0,(anonymous_2)
FNDA:0,(anonymous_3)
DA:1,0
DA:10,0
DA:11,0
DA:12,0
DA:13,0
DA:15,0
DA:24,0
DA:26,0
DA:29,0
DA:32,0
DA:34,0
DA:36,0
DA:44,0
DA:46,0
DA:48,0
DA:55,0
DA:58,0
DA:61,0
DA:69,0
DA:72,0
DA:80,0
DA:83,0
DA:91,0
DA:94,0
DA:97,0
DA:100,0
DA:103,0
DA:106,0
DA:113,0
DA:116,0
DA:119,0
DA:122,0
DA:125,0
DA:134,0
DA:141,0
DA:148,0
LF:36
LH:0
BRDA:36,0,0,0
BRDA:36,0,1,0
BRDA:36,1,0,0
BRDA:36,1,1,0
BRDA:48,2,0,0
BRDA:48,2,1,0
BRDA:48,3,0,0
BRDA:48,3,1,0
BRDA:55,4,0,0
BRDA:55,4,1,0
BRDA:55,5,0,0
BRDA:55,5,1,0
BRDA:61,6,0,0
BRDA:61,6,1,0
BRDA:61,7,0,0
BRDA:61,7,1,0
BRDA:80,8,0,0
BRDA:80,8,1,0
BRDA:80,9,0,0
BRDA:80,9,1,0
BRDA:83,10,0,0
BRDA:83,10,1,0
BRDA:83,11,0,0
BRDA:83,11,1,0
BRDA:94,12,0,0
BRDA:94,12,1,0
BRDA:94,13,0,0
BRDA:94,13,1,0
BRDA:103,14,0,0
BRDA:103,14,1,0
BRDA:103,15,0,0
BRDA:103,15,1,0
BRDA:106,16,0,0
BRDA:106,16,1,0
BRDA:106,17,0,0
BRDA:106,17,1,0
BRDA:113,18,0,0
BRDA:113,18,1,0
BRDA:113,19,0,0
BRDA:113,19,1,0
BRDA:116,20,0,0
BRDA:116,20,1,0
BRDA:116,21,0,0
BRDA:116,21,1,0
BRDA:119,22,0,0
BRDA:119,22,1,0
BRDA:119,23,0,0
BRDA:119,23,1,0
BRDA:122,24,0,0
BRDA:122,24,1,0
BRDA:122,25,0,0
BRDA:122,25,1,0
BRDA:134,26,0,0
BRDA:134,26,1,0
BRDA:134,27,0,0
BRDA:134,27,1,0
BRF:56
BRH:0
end_of_record
TN:
SF:src\modules\data-analytics\entities\user-behavior.entity.ts
FN:25,(anonymous_2)
FN:45,(anonymous_3)
FNF:2
FNH:0
FNDA:0,(anonymous_2)
FNDA:0,(anonymous_3)
DA:1,0
DA:9,0
DA:10,0
DA:18,0
DA:20,0
DA:23,0
DA:25,0
DA:27,0
DA:30,0
DA:37,0
DA:40,0
DA:43,0
DA:45,0
DA:46,0
LF:14
LH:0
BRDA:27,0,0,0
BRDA:27,0,1,0
BRDA:27,1,0,0
BRDA:27,1,1,0
BRDA:37,2,0,0
BRDA:37,2,1,0
BRDA:37,3,0,0
BRDA:37,3,1,0
BRDA:40,4,0,0
BRDA:40,4,1,0
BRDA:40,5,0,0
BRDA:40,5,1,0
BRDA:46,6,0,0
BRDA:46,6,1,0
BRDA:46,7,0,0
BRDA:46,7,1,0
BRF:16
BRH:0
end_of_record
TN:
SF:src\modules\data-analytics\interfaces\gemini.interface.ts
FN:10,(anonymous_0)
FNF:1
FNH:0
FNDA:0,(anonymous_0)
DA:10,0
DA:11,0
DA:12,0
DA:13,0
LF:4
LH:0
BRDA:10,0,0,0
BRDA:10,0,1,0
BRF:2
BRH:0
end_of_record
TN:
SF:src\modules\data-analytics\services\analytics.service.ts
FN:21,(anonymous_4)
FN:30,(anonymous_5)
FN:50,(anonymous_6)
FN:60,(anonymous_7)
FN:71,(anonymous_8)
FN:79,(anonymous_9)
FN:91,(anonymous_10)
FN:108,(anonymous_11)
FN:123,(anonymous_12)
FN:131,(anonymous_13)
FN:136,(anonymous_14)
FN:154,(anonymous_15)
FN:167,(anonymous_16)
FN:170,(anonymous_17)
FN:173,(anonymous_18)
FN:176,(anonymous_19)
FN:184,(anonymous_20)
FN:209,(anonymous_21)
FN:223,(anonymous_22)
FN:231,(anonymous_23)
FN:239,(anonymous_24)
FNF:21
FNH:0
FNDA:0,(anonymous_4)
FNDA:0,(anonymous_5)
FNDA:0,(anonymous_6)
FNDA:0,(anonymous_7)
FNDA:0,(anonymous_8)
FNDA:0,(anonymous_9)
FNDA:0,(anonymous_10)
FNDA:0,(anonymous_11)
FNDA:0,(anonymous_12)
FNDA:0,(anonymous_13)
FNDA:0,(anonymous_14)
FNDA:0,(anonymous_15)
FNDA:0,(anonymous_16)
FNDA:0,(anonymous_17)
FNDA:0,(anonymous_18)
FNDA:0,(anonymous_19)
FNDA:0,(anonymous_20)
FNDA:0,(anonymous_21)
FNDA:0,(anonymous_22)
FNDA:0,(anonymous_23)
FNDA:0,(anonymous_24)
DA:1,0
DA:2,0
DA:3,0
DA:7,0
DA:8,0
DA:9,0
DA:16,0
DA:17,0
DA:20,0
DA:23,0
DA:25,0
DA:27,0
DA:34,0
DA:42,0
DA:43,0
DA:47,0
DA:51,0
DA:52,0
DA:57,0
DA:58,0
DA:60,0
DA:61,0
DA:63,0
DA:65,0
DA:66,0
DA:70,0
DA:71,0
DA:75,0
DA:78,0
DA:79,0
DA:82,0
DA:85,0
DA:90,0
DA:91,0
DA:95,0
DA:111,0
DA:116,0
DA:117,0
DA:120,0
DA:121,0
DA:123,0
DA:124,0
DA:125,0
DA:130,0
DA:131,0
DA:135,0
DA:136,0
DA:142,0
DA:144,0
DA:155,0
DA:156,0
DA:158,0
DA:166,0
DA:167,0
DA:169,0
DA:170,0
DA:172,0
DA:173,0
DA:176,0
DA:177,0
DA:183,0
DA:184,0
DA:189,0
DA:199,0
DA:214,0
DA:222,0
DA:223,0
DA:224,0
DA:225,0
DA:227,0
DA:230,0
DA:232,0
DA:234,0
DA:237,0
DA:239,0
LF:75
LH:0
BRDA:42,0,0,0
BRDA:42,0,1,0
BRDA:62,1,0,0
BRDA:62,1,1,0
BRDA:79,2,0,0
BRDA:79,2,1,0
BRDA:90,3,0,0
BRDA:90,3,1,0
BRDA:116,4,0,0
BRDA:116,4,1,0
BRDA:120,5,0,0
BRDA:120,5,1,0
BRDA:126,6,0,0
BRDA:126,6,1,0
BRDA:130,7,0,0
BRDA:130,7,1,0
BRDA:131,8,0,0
BRDA:131,8,1,0
BRDA:136,9,0,0
BRDA:136,9,1,0
BRDA:142,10,0,0
BRDA:142,10,1,0
BRDA:183,11,0,0
BRDA:183,11,1,0
BRDA:203,12,0,0
BRDA:203,12,1,0
BRDA:224,13,0,0
BRDA:224,13,1,0
BRDA:232,14,0,0
BRDA:232,14,1,0
BRDA:23,15,0,0
BRDA:23,15,1,0
BRDA:23,16,0,0
BRDA:23,16,1,0
BRDA:23,17,0,0
BRDA:23,17,1,0
BRDA:23,18,0,0
BRDA:23,18,1,0
BRDA:25,19,0,0
BRDA:25,19,1,0
BRDA:25,20,0,0
BRDA:25,20,1,0
BRF:42
BRH:0
end_of_record
TN:
SF:src\modules\data-analytics\services\content-generation.service.ts
FN:73,(anonymous_4)
FN:81,(anonymous_5)
FN:123,(anonymous_6)
FN:179,(anonymous_7)
FN:187,(anonymous_8)
FN:257,(anonymous_9)
FN:287,(anonymous_10)
FN:328,(anonymous_11)
FN:335,(anonymous_12)
FN:337,(anonymous_13)
FN:344,(anonymous_14)
FN:346,(anonymous_15)
FN:353,(anonymous_16)
FN:372,(anonymous_17)
FN:377,(anonymous_18)
FN:399,(anonymous_19)
FN:402,(anonymous_20)
FN:416,(anonymous_21)
FN:464,(anonymous_22)
FN:510,(anonymous_23)
FN:535,(anonymous_24)
FN:575,(anonymous_25)
FN:581,(anonymous_26)
FN:601,(anonymous_27)
FN:609,(anonymous_28)
FN:623,(anonymous_29)
FN:639,(anonymous_30)
FN:661,(anonymous_31)
FN:689,(anonymous_32)
FN:708,(anonymous_33)
FN:731,(anonymous_34)
FN:769,(anonymous_35)
FN:802,(anonymous_36)
FN:817,(anonymous_37)
FN:832,(anonymous_38)
FN:851,(anonymous_39)
FN:881,(anonymous_40)
FN:901,(anonymous_41)
FN:934,(anonymous_42)
FN:968,(anonymous_43)
FN:980,(anonymous_44)
FN:985,(anonymous_45)
FN:994,(anonymous_46)
FN:1027,(anonymous_47)
FN:1060,(anonymous_48)
FN:74,(anonymous_49)
FNF:46
FNH:0
FNDA:0,(anonymous_4)
FNDA:0,(anonymous_5)
FNDA:0,(anonymous_6)
FNDA:0,(anonymous_7)
FNDA:0,(anonymous_8)
FNDA:0,(anonymous_9)
FNDA:0,(anonymous_10)
FNDA:0,(anonymous_11)
FNDA:0,(anonymous_12)
FNDA:0,(anonymous_13)
FNDA:0,(anonymous_14)
FNDA:0,(anonymous_15)
FNDA:0,(anonymous_16)
FNDA:0,(anonymous_17)
FNDA:0,(anonymous_18)
FNDA:0,(anonymous_19)
FNDA:0,(anonymous_20)
FNDA:0,(anonymous_21)
FNDA:0,(anonymous_22)
FNDA:0,(anonymous_23)
FNDA:0,(anonymous_24)
FNDA:0,(anonymous_25)
FNDA:0,(anonymous_26)
FNDA:0,(anonymous_27)
FNDA:0,(anonymous_28)
FNDA:0,(anonymous_29)
FNDA:0,(anonymous_30)
FNDA:0,(anonymous_31)
FNDA:0,(anonymous_32)
FNDA:0,(anonymous_33)
FNDA:0,(anonymous_34)
FNDA:0,(anonymous_35)
FNDA:0,(anonymous_36)
FNDA:0,(anonymous_37)
FNDA:0,(anonymous_38)
FNDA:0,(anonymous_39)
FNDA:0,(anonymous_40)
FNDA:0,(anonymous_41)
FNDA:0,(anonymous_42)
FNDA:0,(anonymous_43)
FNDA:0,(anonymous_44)
FNDA:0,(anonymous_45)
FNDA:0,(anonymous_46)
FNDA:0,(anonymous_47)
FNDA:0,(anonymous_48)
FNDA:0,(anonymous_49)
DA:1,0
DA:2,0
DA:12,0
DA:24,0
DA:25,0
DA:28,0
DA:74,0
DA:75,0
DA:84,0
DA:86,0
DA:88,0
DA:91,0
DA:93,0
DA:99,0
DA:105,0
DA:107,0
DA:109,0
DA:126,0
DA:130,0
DA:132,0
DA:135,0
DA:137,0
DA:142,0
DA:147,0
DA:153,0
DA:159,0
DA:161,0
DA:165,0
DA:184,0
DA:187,0
DA:188,0
DA:189,0
DA:198,0
DA:200,0
DA:201,0
DA:202,0
DA:206,0
DA:216,0
DA:219,0
DA:221,0
DA:225,0
DA:226,0
DA:229,0
DA:233,0
DA:234,0
DA:237,0
DA:239,0
DA:243,0
DA:260,0
DA:262,0
DA:264,0
DA:265,0
DA:266,0
DA:267,0
DA:269,0
DA:270,0
DA:281,0
DA:291,0
DA:294,0
DA:297,0
DA:303,0
DA:308,0
DA:314,0
DA:329,0
DA:336,0
DA:337,0
DA:345,0
DA:346,0
DA:356,0
DA:363,0
DA:364,0
DA:366,0
DA:376,0
DA:377,0
DA:380,0
DA:381,0
DA:384,0
DA:390,0
DA:391,0
DA:393,0
DA:400,0
DA:401,0
DA:402,0
DA:405,0
DA:406,0
DA:407,0
DA:410,0
DA:421,0
DA:422,0
DA:426,0
DA:427,0
DA:433,0
DA:440,0
DA:447,0
DA:453,0
DA:469,0
DA:470,0
DA:471,0
DA:474,0
DA:477,0
DA:478,0
DA:479,0
DA:480,0
DA:483,0
DA:484,0
DA:487,0
DA:489,0
DA:515,0
DA:518,0
DA:519,0
DA:520,0
DA:524,0
DA:525,0
DA:526,0
DA:528,0
DA:540,0
DA:543,0
DA:546,0
DA:547,0
DA:551,0
DA:560,0
DA:561,0
DA:562,0
DA:563,0
DA:568,0
DA:578,0
DA:581,0
DA:582,0
DA:584,0
DA:585,0
DA:586,0
DA:590,0
DA:594,0
DA:595,0
DA:606,0
DA:607,0
DA:609,0
DA:610,0
DA:611,0
DA:614,0
DA:615,0
DA:616,0
DA:617,0
DA:621,0
DA:623,0
DA:624,0
DA:628,0
DA:641,0
DA:644,0
DA:645,0
DA:648,0
DA:649,0
DA:652,0
DA:653,0
DA:655,0
DA:666,0
DA:669,0
DA:670,0
DA:673,0
DA:674,0
DA:677,0
DA:679,0
DA:680,0
DA:683,0
DA:694,0
DA:695,0
DA:696,0
DA:697,0
DA:698,0
DA:699,0
DA:701,0
DA:713,0
DA:715,0
DA:716,0
DA:719,0
DA:720,0
DA:721,0
DA:722,0
DA:725,0
DA:736,0
DA:738,0
DA:739,0
DA:740,0
DA:743,0
DA:744,0
DA:747,0
DA:749,0
DA:753,0
DA:755,0
DA:757,0
DA:758,0
DA:760,0
DA:763,0
DA:774,0
DA:781,0
DA:782,0
DA:783,0
DA:786,0
DA:787,0
DA:788,0
DA:791,0
DA:792,0
DA:793,0
DA:796,0
DA:804,0
DA:805,0
DA:806,0
DA:807,0
DA:808,0
DA:811,0
DA:819,0
DA:820,0
DA:821,0
DA:822,0
DA:823,0
DA:826,0
DA:833,0
DA:839,0
DA:840,0
DA:841,0
DA:842,0
DA:845,0
DA:853,0
DA:866,0
DA:867,0
DA:869,0
DA:870,0
DA:871,0
DA:875,0
DA:883,0
DA:884,0
DA:885,0
DA:887,0
DA:888,0
DA:889,0
DA:890,0
DA:891,0
DA:892,0
DA:895,0
DA:903,0
DA:921,0
DA:922,0
DA:923,0
DA:924,0
DA:928,0
DA:936,0
DA:952,0
DA:953,0
DA:954,0
DA:955,0
DA:959,0
DA:960,0
DA:961,0
DA:962,0
DA:970,0
DA:971,0
DA:974,0
DA:982,0
DA:983,0
DA:985,0
DA:986,0
DA:988,0
DA:996,0
DA:1014,0
DA:1015,0
DA:1016,0
DA:1017,0
DA:1021,0
DA:1029,0
DA:1047,0
DA:1048,0
DA:1049,0
DA:1050,0
DA:1054,0
DA:1062,0
DA:1080,0
DA:1081,0
DA:1082,0
DA:1083,0
DA:1087,0
LF:280
LH:0
BRDA:91,0,0,0
BRDA:91,0,1,0
BRDA:91,1,0,0
BRDA:91,1,1,0
BRDA:135,2,0,0
BRDA:135,2,1,0
BRDA:135,3,0,0
BRDA:135,3,1,0
BRDA:188,4,0,0
BRDA:188,4,1,0
BRDA:209,5,0,0
BRDA:209,5,1,0
BRDA:209,5,2,0
BRDA:219,6,0,0
BRDA:219,6,1,0
BRDA:219,7,0,0
BRDA:219,7,1,0
BRDA:221,8,0,0
BRDA:221,8,1,0
BRDA:222,9,0,0
BRDA:222,9,1,0
BRDA:225,10,0,0
BRDA:225,10,1,0
BRDA:380,11,0,0
BRDA:380,11,1,0
BRDA:406,12,0,0
BRDA:406,12,1,0
BRDA:421,13,0,0
BRDA:421,13,1,0
BRDA:469,14,0,0
BRDA:469,14,1,0
BRDA:470,15,0,0
BRDA:470,15,1,0
BRDA:471,16,0,0
BRDA:471,16,1,0
BRDA:477,17,0,0
BRDA:477,17,1,0
BRDA:477,18,0,0
BRDA:477,18,1,0
BRDA:478,19,0,0
BRDA:478,19,1,0
BRDA:478,20,0,0
BRDA:478,20,1,0
BRDA:479,21,0,0
BRDA:479,21,1,0
BRDA:479,22,0,0
BRDA:479,22,1,0
BRDA:480,23,0,0
BRDA:480,23,1,0
BRDA:480,24,0,0
BRDA:480,24,1,0
BRDA:515,25,0,0
BRDA:515,25,1,0
BRDA:515,25,2,0
BRDA:519,26,0,0
BRDA:519,26,1,0
BRDA:520,27,0,0
BRDA:520,27,1,0
BRDA:520,28,0,0
BRDA:520,28,1,0
BRDA:524,29,0,0
BRDA:524,29,1,0
BRDA:525,30,0,0
BRDA:525,30,1,0
BRDA:526,31,0,0
BRDA:526,31,1,0
BRDA:526,32,0,0
BRDA:526,32,1,0
BRDA:540,33,0,0
BRDA:540,33,1,0
BRDA:540,33,2,0
BRDA:546,34,0,0
BRDA:546,34,1,0
BRDA:549,35,0,0
BRDA:549,35,1,0
BRDA:578,36,0,0
BRDA:578,36,1,0
BRDA:586,37,0,0
BRDA:586,37,1,0
BRDA:587,38,0,0
BRDA:587,38,1,0
BRDA:606,39,0,0
BRDA:606,39,1,0
BRDA:614,40,0,0
BRDA:614,40,1,0
BRDA:616,41,0,0
BRDA:616,41,1,0
BRDA:621,42,0,0
BRDA:621,42,1,0
BRDA:623,43,0,0
BRDA:623,43,1,0
BRDA:645,44,0,0
BRDA:645,44,1,0
BRDA:649,45,0,0
BRDA:649,45,1,0
BRDA:674,46,0,0
BRDA:674,46,1,0
BRDA:677,47,0,0
BRDA:677,47,1,0
BRDA:694,48,0,0
BRDA:694,48,1,0
BRDA:696,49,0,0
BRDA:696,49,1,0
BRDA:698,50,0,0
BRDA:698,50,1,0
BRDA:715,51,0,0
BRDA:715,51,1,0
BRDA:719,52,0,0
BRDA:719,52,1,0
BRDA:721,53,0,0
BRDA:721,53,1,0
BRDA:738,54,0,0
BRDA:738,54,1,0
BRDA:743,55,0,0
BRDA:743,55,1,0
BRDA:743,56,0,0
BRDA:743,56,1,0
BRDA:747,57,0,0
BRDA:747,57,1,0
BRDA:749,58,0,0
BRDA:749,58,1,0
BRDA:750,59,0,0
BRDA:750,59,1,0
BRDA:757,60,0,0
BRDA:757,60,1,0
BRDA:781,61,0,0
BRDA:781,61,1,0
BRDA:786,62,0,0
BRDA:786,62,1,0
BRDA:786,63,0,0
BRDA:786,63,1,0
BRDA:791,64,0,0
BRDA:791,64,1,0
BRDA:791,65,0,0
BRDA:791,65,1,0
BRDA:804,66,0,0
BRDA:804,66,1,0
BRDA:806,67,0,0
BRDA:806,67,1,0
BRDA:819,68,0,0
BRDA:819,68,1,0
BRDA:821,69,0,0
BRDA:821,69,1,0
BRDA:842,70,0,0
BRDA:842,70,1,0
BRDA:870,71,0,0
BRDA:870,71,1,0
BRDA:883,72,0,0
BRDA:883,72,1,0
BRDA:884,73,0,0
BRDA:884,73,1,0
BRDA:887,74,0,0
BRDA:887,74,1,0
BRDA:887,75,0,0
BRDA:887,75,1,0
BRDA:887,75,2,0
BRDA:889,76,0,0
BRDA:889,76,1,0
BRDA:889,77,0,0
BRDA:889,77,1,0
BRDA:889,77,2,0
BRDA:891,78,0,0
BRDA:891,78,1,0
BRDA:891,79,0,0
BRDA:891,79,1,0
BRDA:891,79,2,0
BRDA:923,80,0,0
BRDA:923,80,1,0
BRDA:954,81,0,0
BRDA:954,81,1,0
BRDA:959,82,0,0
BRDA:959,82,1,0
BRDA:960,83,0,0
BRDA:960,83,1,0
BRDA:961,84,0,0
BRDA:961,84,1,0
BRDA:971,85,0,0
BRDA:971,85,1,0
BRDA:988,86,0,0
BRDA:988,86,1,0
BRDA:1016,87,0,0
BRDA:1016,87,1,0
BRDA:1049,88,0,0
BRDA:1049,88,1,0
BRDA:1082,89,0,0
BRDA:1082,89,1,0
BRDA:75,90,0,0
BRDA:75,90,1,0
BRDA:75,91,0,0
BRDA:75,91,1,0
BRF:190
BRH:0
end_of_record
TN:
SF:src\modules\data-analytics\services\demo.service.ts
FN:41,(anonymous_4)
FN:62,(anonymous_5)
FN:114,(anonymous_6)
FN:249,(anonymous_7)
FN:444,(anonymous_8)
FN:462,(anonymous_9)
FN:517,(anonymous_10)
FN:557,(anonymous_11)
FN:583,(anonymous_12)
FN:621,(anonymous_13)
FN:625,(anonymous_14)
FN:646,(anonymous_15)
FN:671,(anonymous_16)
FN:684,(anonymous_17)
FN:748,(anonymous_18)
FN:829,(anonymous_19)
FN:901,(anonymous_20)
FN:957,(anonymous_21)
FN:976,(anonymous_22)
FN:1005,(anonymous_23)
FN:1067,(anonymous_24)
FN:1088,(anonymous_25)
FN:1123,(anonymous_26)
FN:1169,(anonymous_27)
FN:1235,(anonymous_28)
FN:1249,(anonymous_29)
FN:1265,(anonymous_30)
FN:1280,(anonymous_31)
FN:1284,(anonymous_32)
FN:1303,(anonymous_33)
FNF:30
FNH:0
FNDA:0,(anonymous_4)
FNDA:0,(anonymous_5)
FNDA:0,(anonymous_6)
FNDA:0,(anonymous_7)
FNDA:0,(anonymous_8)
FNDA:0,(anonymous_9)
FNDA:0,(anonymous_10)
FNDA:0,(anonymous_11)
FNDA:0,(anonymous_12)
FNDA:0,(anonymous_13)
FNDA:0,(anonymous_14)
FNDA:0,(anonymous_15)
FNDA:0,(anonymous_16)
FNDA:0,(anonymous_17)
FNDA:0,(anonymous_18)
FNDA:0,(anonymous_19)
FNDA:0,(anonymous_20)
FNDA:0,(anonymous_21)
FNDA:0,(anonymous_22)
FNDA:0,(anonymous_23)
FNDA:0,(anonymous_24)
FNDA:0,(anonymous_25)
FNDA:0,(anonymous_26)
FNDA:0,(anonymous_27)
FNDA:0,(anonymous_28)
FNDA:0,(anonymous_29)
FNDA:0,(anonymous_30)
FNDA:0,(anonymous_31)
FNDA:0,(anonymous_32)
FNDA:0,(anonymous_33)
DA:1,0
DA:2,0
DA:9,0
DA:10,0
DA:11,0
DA:12,0
DA:13,0
DA:14,0
DA:15,0
DA:16,0
DA:17,0
DA:18,0
DA:19,0
DA:20,0
DA:21,0
DA:22,0
DA:23,0
DA:24,0
DA:25,0
DA:38,0
DA:39,0
DA:43,0
DA:45,0
DA:47,0
DA:49,0
DA:51,0
DA:53,0
DA:54,0
DA:55,0
DA:56,0
DA:71,0
DA:73,0
DA:75,0
DA:78,0
DA:81,0
DA:87,0
DA:90,0
DA:91,0
DA:92,0
DA:98,0
DA:106,0
DA:107,0
DA:117,0
DA:119,0
DA:242,0
DA:243,0
DA:252,0
DA:253,0
DA:444,0
DA:445,0
DA:456,0
DA:466,0
DA:467,0
DA:510,0
DA:511,0
DA:520,0
DA:527,0
DA:529,0
DA:530,0
DA:531,0
DA:537,0
DA:539,0
DA:543,0
DA:547,0
DA:551,0
DA:561,0
DA:562,0
DA:576,0
DA:577,0
DA:587,0
DA:588,0
DA:610,0
DA:619,0
DA:620,0
DA:621,0
DA:623,0
DA:625,0
DA:627,0
DA:630,0
DA:632,0
DA:633,0
DA:651,0
DA:674,0
DA:676,0
DA:678,0
DA:681,0
DA:684,0
DA:687,0
DA:690,0
DA:691,0
DA:692,0
DA:696,0
DA:699,0
DA:700,0
DA:703,0
DA:708,0
DA:709,0
DA:712,0
DA:713,0
DA:720,0
DA:721,0
DA:722,0
DA:727,0
DA:728,0
DA:732,0
DA:733,0
DA:734,0
DA:739,0
DA:740,0
DA:742,0
DA:769,0
DA:770,0
DA:773,0
DA:776,0
DA:779,0
DA:782,0
DA:789,0
DA:790,0
DA:793,0
DA:794,0
DA:795,0
DA:829,0
DA:836,0
DA:837,0
DA:838,0
DA:844,0
DA:845,0
DA:851,0
DA:852,0
DA:858,0
DA:859,0
DA:866,0
DA:877,0
DA:879,0
DA:917,0
DA:918,0
DA:921,0
DA:926,0
DA:927,0
DA:928,0
DA:930,0
DA:931,0
DA:936,0
DA:941,0
DA:942,0
DA:951,0
DA:954,0
DA:955,0
DA:956,0
DA:957,0
DA:961,0
DA:962,0
DA:963,0
DA:964,0
DA:965,0
DA:966,0
DA:968,0
DA:976,0
DA:989,0
DA:990,0
DA:1018,0
DA:1019,0
DA:1024,0
DA:1027,0
DA:1036,0
DA:1043,0
DA:1050,0
DA:1057,0
DA:1066,0
DA:1067,0
DA:1069,0
DA:1070,0
DA:1073,0
DA:1074,0
DA:1076,0
DA:1077,0
DA:1078,0
DA:1079,0
DA:1080,0
DA:1081,0
DA:1083,0
DA:1084,0
DA:1088,0
DA:1089,0
DA:1090,0
DA:1095,0
DA:1096,0
DA:1097,0
DA:1098,0
DA:1101,0
DA:1109,0
DA:1110,0
DA:1132,0
DA:1133,0
DA:1134,0
DA:1137,0
DA:1140,0
DA:1143,0
DA:1144,0
DA:1146,0
DA:1154,0
DA:1157,0
DA:1170,0
DA:1171,0
DA:1172,0
DA:1173,0
DA:1175,0
DA:1235,0
DA:1249,0
DA:1265,0
DA:1280,0
DA:1284,0
DA:1297,0
DA:1316,0
DA:1317,0
DA:1320,0
DA:1321,0
DA:1331,0
DA:1340,0
DA:1341,0
DA:1342,0
DA:1343,0
DA:1346,0
DA:1347,0
DA:1353,0
DA:1355,0
DA:1356,0
DA:1357,0
DA:1358,0
DA:1360,0
DA:1361,0
DA:1363,0
DA:1366,0
DA:1367,0
DA:1376,0
DA:1377,0
DA:1378,0
DA:1381,0
DA:1382,0
DA:1390,0
DA:1391,0
DA:1392,0
DA:1393,0
DA:1396,0
DA:1397,0
DA:1405,0
DA:1409,0
DA:1410,0
DA:1411,0
DA:1414,0
DA:1415,0
DA:1425,0
DA:1429,0
DA:1430,0
DA:1438,0
DA:1441,0
DA:1442,0
DA:1443,0
DA:1446,0
DA:1447,0
DA:1457,0
DA:1461,0
DA:1462,0
DA:1471,0
DA:1475,0
DA:1476,0
DA:1484,0
DA:1488,0
DA:1489,0
DA:1492,0
DA:1495,0
DA:1505,0
DA:1506,0
DA:1519,0
DA:1521,0
DA:1524,0
DA:1534,0
DA:1538,0
LF:278
LH:0
BRDA:63,0,0,0
BRDA:91,1,0,0
BRDA:91,1,1,0
BRDA:619,2,0,0
BRDA:619,2,1,0
BRDA:619,3,0,0
BRDA:619,3,1,0
BRDA:672,4,0,0
BRDA:684,5,0,0
BRDA:684,5,1,0
BRDA:691,6,0,0
BRDA:691,6,1,0
BRDA:712,7,0,0
BRDA:712,7,1,0
BRDA:721,8,0,0
BRDA:721,8,1,0
BRDA:727,9,0,0
BRDA:727,9,1,0
BRDA:733,10,0,0
BRDA:733,10,1,0
BRDA:749,11,0,0
BRDA:790,12,0,0
BRDA:790,12,1,0
BRDA:790,13,0,0
BRDA:790,13,1,0
BRDA:837,14,0,0
BRDA:837,14,1,0
BRDA:844,15,0,0
BRDA:844,15,1,0
BRDA:851,16,0,0
BRDA:851,16,1,0
BRDA:858,17,0,0
BRDA:858,17,1,0
BRDA:869,18,0,0
BRDA:869,18,1,0
BRDA:902,19,0,0
BRDA:930,20,0,0
BRDA:930,20,1,0
BRDA:941,21,0,0
BRDA:941,21,1,0
BRDA:951,22,0,0
BRDA:951,22,1,0
BRDA:957,23,0,0
BRDA:957,23,1,0
BRDA:962,24,0,0
BRDA:962,24,1,0
BRDA:963,25,0,0
BRDA:963,25,1,0
BRDA:964,26,0,0
BRDA:964,26,1,0
BRDA:965,27,0,0
BRDA:965,27,1,0
BRDA:966,28,0,0
BRDA:966,28,1,0
BRDA:973,29,0,0
BRDA:973,29,1,0
BRDA:1006,30,0,0
BRDA:1030,31,0,0
BRDA:1030,31,1,0
BRDA:1038,32,0,0
BRDA:1038,32,1,0
BRDA:1039,33,0,0
BRDA:1039,33,1,0
BRDA:1039,34,0,0
BRDA:1039,34,1,0
BRDA:1039,35,0,0
BRDA:1039,35,1,0
BRDA:1046,36,0,0
BRDA:1046,36,1,0
BRDA:1052,37,0,0
BRDA:1052,37,1,0
BRDA:1053,38,0,0
BRDA:1053,38,1,0
BRDA:1053,39,0,0
BRDA:1053,39,1,0
BRDA:1053,40,0,0
BRDA:1053,40,1,0
BRDA:1060,41,0,0
BRDA:1060,41,1,0
BRDA:1076,42,0,0
BRDA:1076,42,1,0
BRDA:1079,43,0,0
BRDA:1079,43,1,0
BRDA:1089,44,0,0
BRDA:1089,44,1,0
BRDA:1095,45,0,0
BRDA:1095,45,1,0
BRDA:1124,46,0,0
BRDA:1171,47,0,0
BRDA:1171,47,1,0
BRDA:1173,48,0,0
BRDA:1173,48,1,0
BRDA:1224,49,0,0
BRDA:1224,49,1,0
BRDA:1232,50,0,0
BRDA:1232,50,1,0
BRDA:1236,51,0,0
BRDA:1236,51,1,0
BRDA:1237,52,0,0
BRDA:1237,52,1,0
BRDA:1252,53,0,0
BRDA:1252,53,1,0
BRDA:1268,54,0,0
BRDA:1268,54,1,0
BRDA:1268,55,0,0
BRDA:1268,55,1,0
BRDA:1305,56,0,0
BRDA:1320,57,0,0
BRDA:1320,57,1,0
BRDA:1320,58,0,0
BRDA:1320,58,1,0
BRDA:1343,59,0,0
BRDA:1343,59,1,0
BRDA:1353,60,0,0
BRDA:1353,60,1,0
BRDA:1353,60,2,0
BRDA:1353,60,3,0
BRDA:1353,60,4,0
BRDA:1353,60,5,0
BRDA:1353,60,6,0
BRDA:1355,61,0,0
BRDA:1355,61,1,0
BRDA:1366,62,0,0
BRDA:1366,62,1,0
BRDA:1381,63,0,0
BRDA:1381,63,1,0
BRDA:1396,64,0,0
BRDA:1396,64,1,0
BRDA:1414,65,0,0
BRDA:1414,65,1,0
BRDA:1429,66,0,0
BRDA:1429,66,1,0
BRDA:1446,67,0,0
BRDA:1446,67,1,0
BRDA:1461,68,0,0
BRDA:1461,68,1,0
BRDA:1475,69,0,0
BRDA:1475,69,1,0
BRDA:1489,70,0,0
BRDA:1489,70,1,0
BRDA:1513,71,0,0
BRDA:1513,71,1,0
BRDA:1513,72,0,0
BRDA:1513,72,1,0
BRDA:43,73,0,0
BRDA:43,73,1,0
BRDA:43,74,0,0
BRDA:43,74,1,0
BRDA:43,75,0,0
BRDA:43,75,1,0
BRDA:43,76,0,0
BRDA:43,76,1,0
BRDA:45,77,0,0
BRDA:45,77,1,0
BRDA:45,78,0,0
BRDA:45,78,1,0
BRDA:47,79,0,0
BRDA:47,79,1,0
BRDA:47,80,0,0
BRDA:47,80,1,0
BRDA:49,81,0,0
BRDA:49,81,1,0
BRDA:49,82,0,0
BRDA:49,82,1,0
BRDA:51,83,0,0
BRDA:51,83,1,0
BRDA:51,84,0,0
BRDA:51,84,1,0
BRDA:53,85,0,0
BRDA:53,85,1,0
BRDA:53,86,0,0
BRDA:53,86,1,0
BRDA:54,87,0,0
BRDA:54,87,1,0
BRDA:54,88,0,0
BRDA:54,88,1,0
BRDA:55,89,0,0
BRDA:55,89,1,0
BRDA:55,90,0,0
BRDA:55,90,1,0
BRF:180
BRH:0
end_of_record
TN:
SF:src\modules\data-analytics\services\gemini.service.ts
FN:37,(anonymous_2)
FN:39,(anonymous_3)
FN:47,(anonymous_4)
FN:55,(anonymous_5)
FN:61,(anonymous_6)
FN:62,(anonymous_7)
FN:69,(anonymous_8)
FN:100,(anonymous_9)
FN:115,(anonymous_10)
FN:125,(anonymous_11)
FN:134,(anonymous_12)
FN:142,(anonymous_13)
FN:196,(anonymous_14)
FN:284,(anonymous_15)
FN:291,(anonymous_16)
FN:316,(anonymous_17)
FN:400,(anonymous_18)
FN:428,(anonymous_19)
FN:445,(anonymous_20)
FN:452,(anonymous_21)
FN:487,(anonymous_22)
FN:510,(anonymous_23)
FN:593,(anonymous_24)
FN:787,(anonymous_25)
FN:795,(anonymous_26)
FN:818,(anonymous_27)
FN:896,(anonymous_28)
FN:972,(anonymous_29)
FN:1058,(anonymous_30)
FN:1116,(anonymous_31)
FN:1136,(anonymous_32)
FN:1344,(anonymous_33)
FN:1433,(anonymous_34)
FN:1493,(anonymous_35)
FN:1506,(anonymous_36)
FN:1548,(anonymous_37)
FN:1585,(anonymous_38)
FN:1624,(anonymous_39)
FN:1679,(anonymous_40)
FN:1730,(anonymous_41)
FN:1767,(anonymous_42)
FN:1785,(anonymous_43)
FN:1826,(anonymous_44)
FN:1842,(anonymous_45)
FN:1860,(anonymous_46)
FN:1876,(anonymous_47)
FN:1892,(anonymous_48)
FN:1896,(anonymous_49)
FN:1912,(anonymous_50)
FN:1916,(anonymous_51)
FN:1925,(anonymous_52)
FN:1929,(anonymous_53)
FN:1932,(anonymous_54)
FN:1941,(anonymous_55)
FN:1975,(anonymous_56)
FN:2028,(anonymous_57)
FN:2072,(anonymous_58)
FN:2079,(anonymous_59)
FN:2095,(anonymous_60)
FNF:59
FNH:0
FNDA:0,(anonymous_2)
FNDA:0,(anonymous_3)
FNDA:0,(anonymous_4)
FNDA:0,(anonymous_5)
FNDA:0,(anonymous_6)
FNDA:0,(anonymous_7)
FNDA:0,(anonymous_8)
FNDA:0,(anonymous_9)
FNDA:0,(anonymous_10)
FNDA:0,(anonymous_11)
FNDA:0,(anonymous_12)
FNDA:0,(anonymous_13)
FNDA:0,(anonymous_14)
FNDA:0,(anonymous_15)
FNDA:0,(anonymous_16)
FNDA:0,(anonymous_17)
FNDA:0,(anonymous_18)
FNDA:0,(anonymous_19)
FNDA:0,(anonymous_20)
FNDA:0,(anonymous_21)
FNDA:0,(anonymous_22)
FNDA:0,(anonymous_23)
FNDA:0,(anonymous_24)
FNDA:0,(anonymous_25)
FNDA:0,(anonymous_26)
FNDA:0,(anonymous_27)
FNDA:0,(anonymous_28)
FNDA:0,(anonymous_29)
FNDA:0,(anonymous_30)
FNDA:0,(anonymous_31)
FNDA:0,(anonymous_32)
FNDA:0,(anonymous_33)
FNDA:0,(anonymous_34)
FNDA:0,(anonymous_35)
[...]
FNDA:4,(anonymous_17)
FNDA:4,(anonymous_18)
FNDA:4,(anonymous_19)
FNDA:1,(anonymous_20)
FNDA:1,(anonymous_21)
FNDA:1,(anonymous_22)
FNDA:1,(anonymous_23)
FNDA:2,(anonymous_24)
FNDA:6,(anonymous_25)
FNDA:2,(anonymous_26)
FNDA:2,(anonymous_27)
FNDA:2,(anonymous_28)
FNDA:6,(anonymous_29)
FNDA:8,(anonymous_30)
FNDA:1,(anonymous_31)
FNDA:6,(anonymous_32)
FNDA:3,(anonymous_33)
FNDA:5,(anonymous_34)
FNDA:3,(anonymous_35)
FNDA:8,(anonymous_36)
FNDA:1,(anonymous_37)
DA:31,2
DA:32,80
DA:33,80
DA:34,80
DA:35,80
DA:38,6
DA:42,10
DA:46,6
DA:57,19
DA:65,80
DA:68,18
DA:69,18
DA:76,18
DA:78,18
DA:88,6
DA:89,6
DA:91,6
DA:92,3
DA:95,3
DA:96,3
DA:100,3
DA:101,3
DA:102,3
DA:106,4
DA:110,5
DA:112,5
DA:113,12
DA:114,5
DA:123,5
DA:124,5
DA:132,80
DA:141,4
DA:144,4
DA:146,4
DA:148,4
DA:160,4
DA:163,4
DA:165,4
DA:167,4
DA:179,4
DA:205,2
DA:217,80
DA:220,3
DA:223,3
DA:226,3
DA:230,4
DA:233,4
DA:236,4
DA:240,4
DA:242,4
DA:244,1
DA:245,1
DA:248,1
DA:249,1
DA:255,2
DA:270,6
DA:271,6
DA:272,6
DA:276,2
DA:279,2
DA:281,2
DA:289,2
DA:291,2
DA:292,32
DA:300,2
DA:312,6
DA:313,6
DA:314,54
DA:315,54
DA:317,6
DA:325,80
DA:326,80
DA:329,8
DA:331,8
DA:332,8
DA:335,8
DA:342,8
DA:343,8
DA:346,8
DA:347,1
DA:350,8
DA:354,6
DA:356,6
DA:357,2
DA:358,2
DA:361,4
DA:362,4
DA:364,4
DA:368,3
DA:373,5
DA:375,5
DA:378,5
DA:379,3
DA:380,3
DA:381,3
DA:382,1
DA:389,8
DA:390,6
DA:393,8
DA:394,8
DA:396,8
DA:398,1
DA:399,1
DA:400,1
DA:401,1
DA:402,1
LF:106
LH:106
BRDA:73,0,0,18
BRDA:73,0,1,17
BRDA:91,1,0,3
BRDA:91,1,1,3
BRDA:106,2,0,4
BRDA:106,2,1,3
BRDA:113,3,0,5
BRDA:113,3,1,7
BRDA:113,4,0,12
BRDA:113,4,1,6
BRDA:113,4,2,2
BRDA:160,5,0,4
BRDA:160,5,1,2
BRDA:220,6,0,3
BRDA:220,6,1,1
BRDA:230,7,0,4
BRDA:230,7,1,1
BRDA:236,8,0,1
BRDA:236,8,1,3
BRDA:331,9,0,8
BRDA:331,9,1,0
BRDA:346,10,0,1
BRDA:346,10,1,7
BRDA:347,11,0,1
BRDA:347,11,1,0
BRDA:354,12,0,6
BRDA:354,12,1,1
BRDA:356,13,0,2
BRDA:356,13,1,4
BRDA:375,14,0,5
BRDA:375,14,1,2
BRDA:381,15,0,1
BRDA:381,15,1,2
BRDA:381,16,0,3
BRDA:381,16,1,1
BRDA:389,17,0,6
BRDA:389,17,1,2
BRDA:398,18,0,1
BRDA:398,18,1,0
BRDA:400,19,0,1
BRDA:400,19,1,0
BRF:41
BRH:37
end_of_record
TN:
SF:src\shared\cloud\adapters\private-deploy.adapter.ts
FN:37,(anonymous_0)
FN:44,(anonymous_1)
FN:48,(anonymous_2)
FN:56,(anonymous_3)
FN:81,(anonymous_4)
FN:93,(anonymous_5)
FN:110,(anonymous_6)
FN:118,(anonymous_7)
FN:123,(anonymous_8)
FN:129,(anonymous_9)
FN:155,(anonymous_10)
FN:160,(anonymous_11)
FN:173,(anonymous_12)
FN:178,(anonymous_13)
FN:191,(anonymous_14)
FN:218,(anonymous_15)
FN:221,(anonymous_16)
FN:237,(anonymous_17)
FN:242,(anonymous_18)
FN:248,(anonymous_19)
FN:252,(anonymous_20)
FN:257,(anonymous_21)
FN:261,(anonymous_22)
FN:263,(anonymous_23)
FN:265,(anonymous_24)
FN:267,(anonymous_25)
FN:272,(anonymous_26)
FN:287,(anonymous_27)
FN:294,(anonymous_28)
FN:298,(anonymous_29)
FN:307,(anonymous_30)
FN:331,(anonymous_31)
FN:345,(anonymous_32)
FN:352,(anonymous_33)
FN:358,(anonymous_34)
FN:366,(anonymous_35)
FN:371,(anonymous_36)
FN:376,(anonymous_37)
FN:381,(anonymous_38)
FNF:39
FNH:29
FNDA:20,(anonymous_0)
FNDA:3,(anonymous_1)
FNDA:6,(anonymous_2)
FNDA:4,(anonymous_3)
FNDA:15,(anonymous_4)
FNDA:1,(anonymous_5)
FNDA:2,(anonymous_6)
FNDA:1,(anonymous_7)
FNDA:1,(anonymous_8)
FNDA:1,(anonymous_9)
FNDA:1,(anonymous_10)
FNDA:1,(anonymous_11)
FNDA:1,(anonymous_12)
FNDA:1,(anonymous_13)
FNDA:2,(anonymous_14)
FNDA:1,(anonymous_15)
FNDA:3,(anonymous_16)
FNDA:1,(anonymous_17)
FNDA:1,(anonymous_18)
FNDA:1,(anonymous_19)
FNDA:1,(anonymous_20)
FNDA:1,(anonymous_21)
FNDA:0,(anonymous_22)
FNDA:0,(anonymous_23)
FNDA:0,(anonymous_24)
FNDA:0,(anonymous_25)
FNDA:1,(anonymous_26)
FNDA:1,(anonymous_27)
FNDA:0,(anonymous_28)
FNDA:0,(anonymous_29)
FNDA:0,(anonymous_30)
FNDA:1,(anonymous_31)
FNDA:1,(anonymous_32)
FNDA:0,(anonymous_33)
FNDA:1,(anonymous_34)
FNDA:0,(anonymous_35)
FNDA:1,(anonymous_36)
FNDA:1,(anonymous_37)
FNDA:0,(anonymous_38)
DA:31,1
DA:38,20
DA:39,20
DA:40,20
DA:41,20
DA:45,3
DA:49,6
DA:52,6
DA:53,6
DA:58,4
DA:60,4
DA:70,0
DA:82,15
DA:91,20
DA:95,1
DA:98,1
DA:101,1
DA:112,2
DA:115,2
DA:120,1
DA:125,1
DA:126,1
DA:131,1
DA:134,1
DA:157,1
DA:160,1
DA:162,1
DA:175,1
DA:178,1
DA:180,1
DA:193,2
DA:220,1
DA:221,3
DA:223,1
DA:235,20
DA:239,1
DA:242,1
DA:245,1
DA:250,1
DA:252,1
DA:254,1
DA:258,1
DA:260,1
DA:262,0
DA:263,0
DA:266,0
DA:267,0
DA:274,1
DA:289,1
DA:290,1
DA:291,1
DA:296,0
DA:298,0
DA:300,0
DA:309,0
DA:311,0
DA:312,0
DA:320,0
DA:332,1
DA:333,1
DA:334,8
DA:335,8
DA:337,1
DA:347,1
DA:349,1
DA:351,1
DA:352,0
DA:355,1
DA:360,1
DA:363,1
DA:368,0
DA:373,1
DA:378,1
DA:380,1
DA:382,0
LF:75
LH:60
BRDA:52,0,0,6
BRDA:52,0,1,6
BRDA:65,1,0,4
BRDA:65,1,1,4
BRDA:74,2,0,0
BRDA:74,2,1,0
BRDA:91,3,0,20
BRDA:91,3,1,20
BRDA:125,4,0,1
BRDA:125,4,1,1
BRDA:136,5,0,0
BRDA:136,5,1,1
BRDA:142,6,0,0
BRDA:142,6,1,1
BRDA:175,7,0,1
BRDA:175,7,1,1
BRDA:239,8,0,1
BRDA:239,8,1,1
BRDA:250,9,0,1
BRDA:250,9,1,1
BRDA:254,10,0,0
BRDA:254,10,1,1
BRDA:351,11,0,0
BRDA:351,11,1,1
BRDA:352,12,0,0
BRDA:352,12,1,0
BRF:26
BRH:18
end_of_record
TN:
SF:src\shared\cloud\utils\retry.ts
FN:16,(anonymous_0)
FN:23,(anonymous_1)
FN:32,withRetry
FN:86,isErrorRetryable
FN:116,sleep
FN:117,(anonymous_5)
FN:123,createRetryWrapper
FN:124,retryWrapper
FN:149,(anonymous_8)
FNF:9
FNH:7
FNDA:1,(anonymous_0)
FNDA:2,(anonymous_1)
FNDA:10,withRetry
FNDA:5,isErrorRetryable
FNDA:5,sleep
FNDA:5,(anonymous_5)
FNDA:1,createRetryWrapper
FNDA:0,retryWrapper
FNDA:0,(anonymous_8)
DA:15,2
DA:16,1
DA:17,1
DA:18,1
DA:22,2
DA:23,2
DA:24,2
DA:25,2
DA:32,2
DA:43,10
DA:46,10
DA:48,10
DA:49,10
DA:50,10
DA:52,5
DA:55,5
DA:57,5
DA:58,1
DA:65,4
DA:66,1
DA:69,4
DA:72,4
DA:75,0
DA:80,0
DA:87,5
DA:90,5
DA:91,0
DA:95,5
DA:96,0
DA:100,5
DA:101,8
DA:102,1
DA:103,1
DA:105,7
DA:106,3
DA:110,1
DA:116,2
DA:117,5
DA:123,2
DA:124,1
DA:125,0
DA:132,2
DA:150,0
LF:43
LH:37
BRDA:34,0,0,1
BRDA:37,1,0,1
BRDA:38,2,0,1
BRDA:39,3,0,6
BRDA:40,4,0,6
BRDA:41,5,0,5
BRDA:52,6,0,5
BRDA:52,6,1,0
BRDA:57,7,0,1
BRDA:57,7,1,4
BRDA:57,8,0,5
BRDA:57,8,1,4
BRDA:65,9,0,1
BRDA:65,9,1,3
BRDA:90,10,0,0
BRDA:90,10,1,5
BRDA:95,11,0,0
BRDA:95,11,1,5
BRDA:101,12,0,1
BRDA:101,12,1,7
BRDA:102,13,0,1
BRDA:102,13,1,0
BRDA:105,14,0,3
BRDA:105,14,1,4
BRF:24
BRH:20
end_of_record
TN:
SF:src\shared\enums\account-status.enum.ts
FN:1,(anonymous_0)
FNF:1
FNH:1
FNDA:1,(anonymous_0)
DA:1,1
DA:2,1
DA:3,1
DA:4,1
LF:4
LH:4
BRDA:1,0,0,1
BRDA:1,0,1,1
BRF:2
BRH:2
end_of_record
TN:
SF:src\shared\enums\campaign-status.enum.ts
FN:1,(anonymous_0)
FNF:1
FNH:0
FNDA:0,(anonymous_0)
DA:1,0
DA:2,0
DA:3,0
DA:4,0
DA:5,0
LF:5
LH:0
BRDA:1,0,0,0
BRDA:1,0,1,0
BRF:2
BRH:0
end_of_record
TN:
SF:src\shared\enums\campaign-type.enum.ts
FN:1,(anonymous_0)
FNF:1
FNH:0
FNDA:0,(anonymous_0)
DA:1,0
DA:2,0
DA:3,0
DA:4,0
LF:4
LH:0
BRDA:1,0,0,0
BRDA:1,0,1,0
BRF:2
BRH:0
end_of_record
TN:
SF:src\shared\enums\customer-type.enum.ts
FN:1,(anonymous_0)
FNF:1
FNH:0
FNDA:0,(anonymous_0)
DA:1,0
DA:3,0
DA:6,0
DA:9,0
DA:12,0
DA:15,0
DA:18,0
LF:7
LH:0
BRDA:1,0,0,0
BRDA:1,0,1,0
BRF:2
BRH:0
end_of_record
TN:
SF:src\shared\enums\data-import-status.enum.ts
FN:1,(anonymous_0)
FNF:1
FNH:0
FNDA:0,(anonymous_0)
DA:1,0
DA:3,0
DA:6,0
DA:9,0
DA:12,0
DA:15,0
DA:18,0
LF:7
LH:0
BRDA:1,0,0,0
BRDA:1,0,1,0
BRF:2
BRH:0
end_of_record
TN:
SF:src\shared\enums\generation-method.enum.ts
FN:1,(anonymous_0)
FNF:1
FNH:1
FNDA:1,(anonymous_0)
DA:1,1
DA:2,1
DA:3,1
DA:4,1
LF:4
LH:4
BRDA:1,0,0,1
BRDA:1,0,1,1
BRF:2
BRH:2
end_of_record
TN:
SF:src\shared\enums\industry.enum.ts
FN:1,(anonymous_0)
FNF:1
FNH:0
FNDA:0,(anonymous_0)
DA:1,0
DA:3,0
DA:6,0
DA:9,0
DA:12,0
DA:15,0
DA:18,0
DA:21,0
DA:24,0
DA:27,0
DA:30,0
DA:33,0
DA:36,0
DA:39,0
DA:42,0
DA:45,0
LF:16
LH:0
BRDA:1,0,0,0
BRDA:1,0,1,0
BRF:2
BRH:0
end_of_record
TN:
SF:src\shared\enums\platform.enum.ts
FN:1,(anonymous_0)
FNF:1
FNH:1
FNDA:1,(anonymous_0)
DA:1,1
DA:2,1
DA:3,1
DA:4,1
LF:4
LH:4
BRDA:1,0,0,1
BRDA:1,0,1,1
BRF:2
BRH:2
end_of_record
TN:
SF:src\shared\enums\source-type.enum.ts
FN:1,(anonymous_0)
FNF:1
FNH:0
FNDA:0,(anonymous_0)
DA:1,0
DA:3,0
DA:6,0
DA:9,0
DA:12,0
DA:15,0
DA:18,0
DA:21,0
LF:8
LH:0
BRDA:1,0,0,0
BRDA:1,0,1,0
BRF:2
BRH:0
end_of_record
TN:
SF:src\shared\enums\strategy-type.enum.ts
FN:1,(anonymous_0)
FNF:1
FNH:0
FNDA:0,(anonymous_0)
DA:1,0
DA:2,0
DA:3,0
DA:4,0
DA:5,0
LF:5
LH:0
BRDA:1,0,0,0
BRDA:1,0,1,0
BRF:2
BRH:0
end_of_record
TN:
SF:src\shared\enums\task-status.enum.ts
FN:1,(anonymous_0)
FNF:1
FNH:1
FNDA:1,(anonymous_0)
DA:1,1
DA:2,1
DA:3,1
DA:4,1
DA:5,1
LF:5
LH:5
BRDA:1,0,0,1
BRDA:1,0,1,1
BRF:2
BRH:2
end_of_record
TN:
SF:src\shared\enums\user-behavior-event.enum.ts
FN:1,(anonymous_0)
FNF:1
FNH:0
FNDA:0,(anonymous_0)
DA:1,0
DA:2,0
DA:3,0
DA:4,0
DA:5,0
DA:6,0
DA:7,0
DA:8,0
DA:9,0
LF:9
LH:0
BRDA:1,0,0,0
BRDA:1,0,1,0
BRF:2
BRH:0
end_of_record
TN:
SF:src\shared\repositories\base.repository.ts
FN:15,(anonymous_0)
FN:30,(anonymous_1)
FN:45,(anonymous_2)
FN:64,(anonymous_3)
FN:84,(anonymous_4)
FN:98,(anonymous_5)
FN:112,(anonymous_6)
FN:127,(anonymous_7)
FN:143,(anonymous_8)
FN:156,(anonymous_9)
FN:180,(anonymous_10)
FNF:11
FNH:11
FNDA:2,(anonymous_0)
FNDA:1,(anonymous_1)
FNDA:2,(anonymous_2)
FNDA:1,(anonymous_3)
FNDA:1,(anonymous_4)
FNDA:1,(anonymous_5)
FNDA:1,(anonymous_6)
FNDA:2,(anonymous_7)
FNDA:9,(anonymous_8)
FNDA:6,(anonymous_9)
FNDA:2,(anonymous_10)
DA:1,8
DA:2,8
DA:8,8
DA:9,37
DA:16,2
DA:17,2
DA:18,2
DA:19,1
DA:20,1
DA:22,1
DA:23,1
DA:31,1
DA:32,1
DA:33,1
DA:34,1
DA:35,1
DA:37,0
DA:38,0
DA:46,2
DA:47,2
DA:48,2
DA:49,2
DA:50,1
DA:52,1
DA:54,2
DA:56,0
DA:57,0
DA:65,1
DA:66,1
DA:67,1
DA:68,1
DA:69,1
DA:71,0
DA:73,1
DA:75,0
DA:76,0
DA:85,1
DA:86,1
DA:87,1
DA:88,1
DA:90,0
DA:91,0
DA:99,1
DA:100,1
DA:101,1
DA:102,1
DA:104,0
DA:105,0
DA:113,1
DA:114,1
DA:115,1
DA:116,1
DA:117,1
DA:119,0
DA:120,0
DA:128,2
DA:129,2
DA:130,2
DA:131,2
DA:132,2
DA:133,2
DA:135,0
DA:136,0
DA:144,9
DA:145,9
DA:146,9
DA:148,0
DA:149,0
DA:158,6
DA:161,6
DA:162,1
DA:163,5
DA:164,1
DA:165,4
DA:166,0
DA:167,4
DA:168,0
DA:169,4
DA:170,0
DA:174,4
DA:181,2
DA:182,2
DA:183,2
DA:185,2
DA:187,2
DA:188,2
DA:189,1
DA:190,1
DA:192,1
DA:193,1
DA:194,1
DA:196,2
LF:92
LH:72
BRDA:34,0,0,1
BRDA:34,0,1,0
BRDA:49,1,0,1
BRDA:49,1,1,1
BRDA:68,2,0,1
BRDA:68,2,1,0
BRDA:161,3,0,1
BRDA:161,3,1,5
BRDA:163,4,0,1
BRDA:163,4,1,4
BRDA:165,5,0,0
BRDA:165,5,1,4
BRDA:167,6,0,0
BRDA:167,6,1,4
BRDA:169,7,0,0
BRDA:169,7,1,4
BRDA:174,8,0,3
BRDA:174,8,1,1
BRF:18
BRH:13
end_of_record
TN:
SF:src\shared\repositories\customer-profile.repository.ts
FN:9,(anonymous_0)
FNF:1
FNH:0
FNDA:0,(anonymous_0)
DA:1,0
DA:7,0
DA:10,0
LF:3
LH:0
BRF:0
BRH:0
end_of_record
TN:
SF:src\shared\repositories\customer-segment.repository.ts
FN:9,(anonymous_0)
FN:16,(anonymous_1)
FN:23,(anonymous_2)
FN:38,(anonymous_3)
FN:55,(anonymous_4)
FN:57,(anonymous_5)
FNF:6
FNH:0
FNDA:0,(anonymous_0)
FNDA:0,(anonymous_1)
FNDA:0,(anonymous_2)
FNDA:0,(anonymous_3)
FNDA:0,(anonymous_4)
FNDA:0,(anonymous_5)
DA:1,0
DA:7,0
DA:10,0
DA:17,0
DA:24,0
DA:27,0
DA:28,0
DA:31,0
DA:32,0
DA:35,0
DA:44,0
DA:46,0
DA:47,0
DA:55,0
DA:56,0
DA:57,0
DA:58,0
DA:60,0
LF:18
LH:0
BRDA:16,0,0,0
BRDA:27,1,0,0
BRDA:27,1,1,0
BRDA:31,2,0,0
BRDA:31,2,1,0
BRDA:46,3,0,0
BRDA:46,3,1,0
BRDA:58,4,0,0
BRDA:58,4,1,0
BRF:9
BRH:0
end_of_record
TN:
SF:src\shared\repositories\data-import-job.repository.ts
FN:10,(anonymous_0)
FN:17,(anonymous_1)
FN:24,(anonymous_2)
FN:36,(anonymous_3)
FN:46,(anonymous_4)
FN:47,(anonymous_5)
FN:48,(anonymous_6)
FNF:7
FNH:0
FNDA:0,(anonymous_0)
FNDA:0,(anonymous_1)
FNDA:0,(anonymous_2)
FNDA:0,(anonymous_3)
FNDA:0,(anonymous_4)
FNDA:0,(anonymous_5)
FNDA:0,(anonymous_6)
DA:1,0
DA:3,0
DA:8,0
DA:11,0
DA:18,0
DA:25,0
DA:29,0
DA:30,0
DA:33,0
DA:43,0
DA:45,0
DA:46,0
DA:47,0
DA:48,0
DA:49,0
DA:51,0
LF:16
LH:0
BRDA:29,0,0,0
BRDA:29,0,1,0
BRDA:49,1,0,0
BRDA:49,1,1,0
BRF:4
BRH:0
end_of_record
TN:
SF:src\shared\repositories\marketing-campaign.repository.ts
FN:10,(anonymous_0)
FN:17,(anonymous_1)
FN:28,(anonymous_2)
FNF:3
FNH:0
FNDA:0,(anonymous_0)
FNDA:0,(anonymous_1)
FNDA:0,(anonymous_2)
DA:1,0
DA:3,0
DA:8,0
DA:11,0
DA:18,0
DA:19,0
DA:29,0
DA:32,0
DA:33,0
DA:36,0
LF:10
LH:0
BRDA:32,0,0,0
BRDA:32,0,1,0
BRF:2
BRH:0
end_of_record
TN:
SF:src\shared\repositories\marketing-strategy.repository.ts
FN:10,(anonymous_0)
FN:17,(anonymous_1)
FN:24,(anonymous_2)
FN:31,(anonymous_3)
FNF:4
FNH:0
FNDA:0,(anonymous_0)
FNDA:0,(anonymous_1)
FNDA:0,(anonymous_2)
FNDA:0,(anonymous_3)
DA:1,0
DA:8,0
DA:11,0
DA:18,0
DA:25,0
DA:32,0
LF:6
LH:0
BRDA:24,0,0,0
BRF:1
BRH:0
end_of_record
TN:
SF:src\shared\repositories\sharding.repository.ts
FN:21,(anonymous_0)
FN:31,(anonymous_1)
FN:43,(anonymous_2)
FN:58,(anonymous_3)
FN:79,(anonymous_4)
FN:94,(anonymous_5)
FN:112,(anonymous_6)
FN:128,(anonymous_7)
FN:136,(anonymous_8)
FN:157,(anonymous_9)
FN:164,(anonymous_10)
FN:176,(anonymous_11)
FN:181,(anonymous_12)
FN:208,(anonymous_13)
FN:236,(anonymous_14)
FN:248,(anonymous_15)
FNF:16
FNH:3
FNDA:0,(anonymous_0)
FNDA:0,(anonymous_1)
FNDA:0,(anonymous_2)
FNDA:0,(anonymous_3)
FNDA:0,(anonymous_4)
FNDA:0,(anonymous_5)
FNDA:0,(anonymous_6)
FNDA:0,(anonymous_7)
FNDA:0,(anonymous_8)
FNDA:0,(anonymous_9)
FNDA:0,(anonymous_10)
FNDA:0,(anonymous_11)
FNDA:0,(anonymous_12)
FNDA:2,(anonymous_13)
FNDA:2,(anonymous_14)
FNDA:1,(anonymous_15)
DA:3,1
DA:10,1
DA:14,0
DA:23,0
DA:24,0
DA:32,0
DA:33,0
DA:34,0
DA:35,0
DA:37,0
DA:43,0
DA:44,0
DA:45,0
DA:46,0
DA:47,0
DA:48,0
DA:50,0
DA:52,0
DA:59,0
DA:73,0
DA:80,0
DA:87,0
DA:88,0
DA:95,0
DA:105,0
DA:117,0
DA:118,0
DA:122,0
DA:129,0
DA:130,0
DA:137,0
DA:151,0
DA:158,0
DA:159,0
DA:160,0
DA:161,0
DA:162,0
DA:164,0
DA:165,0
DA:166,0
DA:167,0
DA:168,0
DA:169,0
DA:170,0
DA:171,0
DA:175,0
DA:176,0
DA:181,0
DA:183,0
DA:204,1
DA:212,2
DA:215,2
DA:216,0
DA:220,2
DA:221,0
DA:226,2
DA:240,2
DA:252,1
DA:275,1
LF:59
LH:10
BRDA:48,0,0,0
BRDA:48,0,1,0
BRDA:117,1,0,0
BRDA:117,1,1,0
BRDA:167,2,0,0
BRDA:167,2,1,0
BRDA:169,3,0,0
BRDA:169,3,1,0
BRDA:180,4,0,0
BRDA:180,4,1,0
BRDA:189,5,0,0
BRDA:189,5,1,0
BRDA:210,6,0,0
BRDA:215,7,0,0
BRDA:215,7,1,2
BRDA:220,8,0,0
BRDA:220,8,1,2
BRDA:238,9,0,0
BRDA:250,10,0,1
BRF:19
BRH:3
end_of_record
TN:
SF:src\shared\repositories\tenant.repository.ts
FN:14,(anonymous_0)
FN:21,(anonymous_1)
FN:31,(anonymous_2)
FN:54,(anonymous_3)
FN:68,(anonymous_4)
FN:79,(anonymous_5)
FN:87,(anonymous_6)
FN:101,(anonymous_7)
FN:110,(anonymous_8)
FN:123,(anonymous_9)
FNF:10
FNH:10
FNDA:18,(anonymous_0)
FNDA:17,(anonymous_1)
FNDA:3,(anonymous_2)
FNDA:2,(anonymous_3)
FNDA:1,(anonymous_4)
FNDA:8,(anonymous_5)
FNDA:1,(anonymous_6)
FNDA:1,(anonymous_7)
FNDA:5,(anonymous_8)
FNDA:2,(anonymous_9)
DA:3,7
DA:4,7
DA:10,7
DA:15,18
DA:22,17
DA:23,17
DA:24,17
DA:25,17
DA:32,3
DA:33,3
DA:35,3
DA:36,1
DA:38,3
DA:39,0
DA:41,3
DA:42,0
DA:44,3
DA:45,0
DA:48,3
DA:55,2
DA:56,2
DA:58,2
DA:59,0
DA:62,2
DA:69,1
DA:70,1
DA:71,1
DA:73,1
DA:80,8
DA:81,8
DA:88,1
DA:89,1
DA:91,1
DA:92,0
DA:95,1
DA:104,1
DA:111,5
DA:112,5
DA:113,4
DA:115,1
DA:116,1
DA:128,2
DA:129,2
DA:133,2
LF:44
LH:39
BRDA:35,0,0,1
BRDA:35,0,1,2
BRDA:38,1,0,0
BRDA:38,1,1,3
BRDA:41,2,0,0
BRDA:41,2,1,3
BRDA:44,3,0,0
BRDA:44,3,1,3
BRDA:58,4,0,0
BRDA:58,4,1,2
BRDA:91,5,0,0
BRDA:91,5,1,1
BRDA:135,6,0,2
BRDA:135,6,1,1
BRF:14
BRH:9
end_of_record
TN:
SF:src\shared\repositories\user-behavior.repository.ts
FN:9,(anonymous_0)
FN:17,(anonymous_1)
FN:27,(anonymous_2)
FNF:3
FNH:0
FNDA:0,(anonymous_0)
FNDA:0,(anonymous_1)
FNDA:0,(anonymous_2)
DA:1,0
DA:7,0
DA:10,0
DA:18,0
DA:19,0
DA:21,0
DA:27,0
LF:7
LH:0
BRDA:17,0,0,0
BRF:1
BRH:0
end_of_record
TN:
SF:src\shared\repositories\user.repository.ts
FN:9,(anonymous_0)
FN:15,(anonymous_1)
FNF:2
FNH:0
FNDA:0,(anonymous_0)
FNDA:0,(anonymous_1)
DA:1,4
DA:7,4
DA:10,0
DA:16,0
LF:4
LH:2
BRF:0
BRH:0
end_of_record
TN:
SF:src\shared\services\sharding.service.ts
FN:13,(anonymous_2)
FN:19,(anonymous_3)
FN:49,(anonymous_4)
FN:102,(anonymous_5)
FN:124,(anonymous_6)
FN:139,(anonymous_7)
FN:154,(anonymous_8)
FN:169,(anonymous_9)
FN:193,(anonymous_10)
FN:199,(anonymous_11)
FN:201,(anonymous_12)
FN:212,(anonymous_13)
FN:228,(anonymous_14)
FN:246,(anonymous_15)
FN:274,(anonymous_16)
FN:283,(anonymous_17)
FN:298,(anonymous_18)
FN:341,(anonymous_19)
FN:344,(anonymous_20)
FN:346,(anonymous_21)
FN:347,(anonymous_22)
FNF:21
FNH:16
FNDA:10,(anonymous_2)
FNDA:1,(anonymous_3)
FNDA:5,(anonymous_4)
FNDA:4,(anonymous_5)
FNDA:5,(anonymous_6)
FNDA:7,(anonymous_7)
FNDA:1,(anonymous_8)
FNDA:1,(anonymous_9)
FNDA:2,(anonymous_10)
FNDA:8,(anonymous_11)
FNDA:8,(anonymous_12)
FNDA:1,(anonymous_13)
FNDA:1,(anonymous_14)
FNDA:2,(anonymous_15)
FNDA:2,(anonymous_16)
FNDA:2,(anonymous_17)
FNDA:0,(anonymous_18)
FNDA:0,(anonymous_19)
FNDA:0,(anonymous_20)
FNDA:0,(anonymous_21)
FNDA:0,(anonymous_22)
DA:1,1
DA:2,1
DA:3,1
DA:10,1
DA:11,10
DA:13,10
DA:20,1
DA:28,1
DA:29,1
DA:30,5
DA:31,5
DA:32,5
DA:34,0
DA:35,0
DA:43,1
DA:51,5
DA:52,5
DA:53,4
DA:61,1
DA:62,1
DA:63,0
DA:72,1
DA:73,1
DA:74,0
DA:82,1
DA:83,1
DA:84,1
DA:86,1
DA:87,1
DA:95,0
DA:103,4
DA:118,4
DA:125,5
DA:132,5
DA:133,5
DA:140,7
DA:146,7
DA:147,7
DA:148,3
DA:155,1
DA:162,1
DA:163,1
DA:170,1
DA:187,1
DA:194,2
DA:195,2
DA:196,0
DA:199,8
DA:200,2
DA:201,2
DA:202,8
DA:203,8
DA:206,2
DA:212,1
DA:229,1
DA:240,1
DA:247,2
DA:248,2
DA:249,0
DA:256,2
DA:257,2
DA:258,2
DA:260,2
DA:275,2
DA:276,2
DA:277,2
DA:285,2
DA:286,2
DA:287,2
DA:288,0
DA:289,0
DA:291,0
DA:299,0
DA:313,0
DA:315,0
DA:329,0
DA:331,0
DA:342,0
DA:344,0
DA:345,0
DA:346,0
DA:347,0
DA:349,0
DA:351,0
LF:84
LH:62
BRDA:20,0,0,1
BRDA:20,0,1,1
BRDA:49,1,0,5
BRDA:52,2,0,4
BRDA:52,2,1,1
BRDA:62,3,0,0
BRDA:62,3,1,1
BRDA:73,4,0,0
BRDA:73,4,1,1
BRDA:147,5,0,4
BRDA:147,5,1,3
BRDA:147,6,0,7
BRDA:147,6,1,3
BRDA:147,6,2,3
BRDA:195,7,0,0
BRDA:195,7,1,2
BRDA:199,8,0,8
BRDA:199,8,1,0
BRDA:202,9,0,8
BRDA:202,9,1,0
BRDA:215,10,0,1
BRDA:215,10,1,0
BRDA:216,11,0,1
BRDA:216,11,1,0
BRDA:216,12,0,1
BRDA:216,12,1,0
BRDA:219,13,0,1
BRDA:219,13,1,1
BRDA:228,14,0,0
BRDA:248,15,0,0
BRDA:248,15,1,2
BRDA:266,16,0,1
BRDA:266,16,1,1
BRDA:277,17,0,2
BRDA:277,17,1,0
BRDA:286,18,0,2
BRDA:286,18,1,0
BRDA:288,19,0,0
BRDA:288,19,1,0
BRDA:332,20,0,0
BRDA:332,20,1,0
BRDA:342,21,0,0
BRDA:342,21,1,0
BRDA:344,22,0,0
BRDA:344,22,1,0
BRDA:346,23,0,0
BRDA:346,23,1,0
BRDA:347,24,0,0
BRDA:347,24,1,0
BRDA:349,25,0,0
BRDA:349,25,1,0
BRDA:358,26,0,0
BRDA:358,26,1,0
BRDA:13,27,0,1
BRDA:13,27,1,0
BRDA:13,28,0,1
BRDA:13,28,1,1
BRF:57
BRH:28
end_of_record
TN:
SF:src\shared\services\tenant-context.service.ts
FN:15,(anonymous_1)
FN:22,(anonymous_2)
FN:29,(anonymous_3)
FN:41,(anonymous_4)
FNF:4
FNH:4
FNDA:25,(anonymous_1)
FNDA:1,(anonymous_2)
FNDA:21,(anonymous_3)
FNDA:1,(anonymous_4)
DA:1,12
DA:2,12
DA:9,12
DA:10,12
DA:16,25
DA:23,1
DA:30,21
DA:31,21
DA:33,1
DA:35,20
DA:42,1
DA:46,12
LF:12
LH:12
BRDA:31,0,0,1
BRDA:31,0,1,20
BRF:2
BRH:2
end_of_record
TN:
SF:src\shared\subscribers\tenant-filter.subscriber.ts
FN:20,(anonymous_2)
FN:28,(anonymous_3)
FN:35,(anonymous_4)
FN:43,(anonymous_5)
FN:50,(anonymous_6)
FN:62,(anonymous_7)
FN:72,(anonymous_8)
FNF:7
FNH:7
FNDA:31,(anonymous_2)
FNDA:29,(anonymous_3)
FNDA:8,(anonymous_4)
FNDA:2,(anonymous_5)
FNDA:11,(anonymous_6)
FNDA:5,(anonymous_7)
FNDA:5,(anonymous_8)
DA:1,2
DA:12,2
DA:19,2
DA:20,31
DA:22,31
DA:29,29
DA:36,8
DA:51,11
DA:52,7
DA:53,7
DA:54,5
DA:63,5
DA:73,5
LF:13
LH:13
BRDA:29,0,0,19
BRDA:29,0,1,10
BRDA:51,1,0,7
BRDA:51,1,1,4
BRDA:53,2,0,5
BRDA:53,2,1,2
BRDA:63,3,0,2
BRDA:63,3,1,3
BRDA:63,4,0,5
BRDA:63,4,1,2
BRDA:73,5,0,2
BRDA:73,5,1,3
BRDA:73,6,0,5
BRDA:73,6,1,2
BRDA:20,7,0,2
BRDA:20,7,1,0
BRDA:20,8,0,2
BRDA:20,8,1,2
BRF:18
BRH:17
end_of_record
TN:
SF:src\test\factories\user.factory.ts
FN:13,(anonymous_0)
FN:22,(anonymous_1)
FN:46,(anonymous_2)
FN:60,(anonymous_3)
FN:69,(anonymous_4)
FN:83,(anonymous_5)
FNF:6
FNH:0
FNDA:0,(anonymous_0)
FNDA:0,(anonymous_1)
FNDA:0,(anonymous_2)
FNDA:0,(anonymous_3)
FNDA:0,(anonymous_4)
FNDA:0,(anonymous_5)
DA:1,0
DA:7,0
DA:8,0
DA:14,0
DA:23,0
DA:24,0
DA:25,0
DA:26,0
DA:27,0
DA:28,0
DA:29,0
DA:30,0
DA:33,0
DA:34,0
DA:35,0
DA:37,0
DA:47,0
DA:48,0
DA:49,0
DA:51,0
DA:61,0
DA:70,0
DA:84,0
LF:23
LH:0
BRDA:13,0,0,0
BRDA:22,1,0,0
BRDA:25,2,0,0
BRDA:25,2,1,0
BRDA:26,3,0,0
BRDA:26,3,1,0
BRDA:27,4,0,0
BRDA:27,4,1,0
BRDA:28,5,0,0
BRDA:28,5,1,0
BRDA:29,6,0,0
BRDA:29,6,1,0
BRDA:30,7,0,0
BRDA:30,7,1,0
BRDA:46,8,0,0
BRDA:60,9,0,0
BRDA:69,10,0,0
BRDA:83,11,0,0
BRF:18
BRH:0
end_of_record
